-------------------------------------------------------------
STREAM version $Revision: 5.10 $
-------------------------------------------------------------
This system uses 8 bytes per array element.
-------------------------------------------------------------
Array size = 10000000 (elements), Offset = 0 (elements)
Memory per array = 76.3 MiB (= 0.1 GiB).
Total memory required = 228.9 MiB (= 0.2 GiB).
Each kernel will be executed 10 times.
 The *best* time for each kernel (excluding the first iteration)
 will be used to compute the reported bandwidth.
-------------------------------------------------------------
Your clock granularity/precision appears to be 1 microseconds.
Each test below will take on the order of 12099 microseconds.
   (= 12099 clock ticks)
Increase the size of the arrays if this shows that
you are not getting at least 20 clock ticks per test.
-------------------------------------------------------------
WARNING -- The above is only a rough guideline.
For best results, please be sure you know the
precision of your system timer.
-------------------------------------------------------------
Function    Best Rate MB/s  Avg time     Min time     Max time
Copy:           14985.3     0.015917     0.010677     0.022959
Scale:           8070.6     0.027153     0.019825     0.038976
Add:            10963.5     0.029852     0.021891     0.049016
Triad:          11116.8     0.037514     0.021589     0.062435
-------------------------------------------------------------
Solution Validates: avg error less than 1.000000e-13 on all three arrays
-------------------------------------------------------------
-------------------------------------------------------------
STREAM version $Revision: 5.10 $
-------------------------------------------------------------
This system uses 8 bytes per array element.
-------------------------------------------------------------
Array size = 10000000 (elements), Offset = 0 (elements)
Memory per array = 76.3 MiB (= 0.1 GiB).
Total memory required = 228.9 MiB (= 0.2 GiB).
Each kernel will be executed 10 times.
 The *best* time for each kernel (excluding the first iteration)
 will be used to compute the reported bandwidth.
-------------------------------------------------------------
Your clock granularity/precision appears to be 1 microseconds.
Each test below will take on the order of 15047 microseconds.
   (= 15047 clock ticks)
Increase the size of the arrays if this shows that
you are not getting at least 20 clock ticks per test.
-------------------------------------------------------------
WARNING -- The above is only a rough guideline.
For best results, please be sure you know the
precision of your system timer.
-------------------------------------------------------------
Function    Best Rate MB/s  Avg time     Min time     Max time
Copy:           14649.4     0.014630     0.010922     0.024262
Scale:           9263.0     0.026090     0.017273     0.037156
Add:            10982.0     0.033588     0.021854     0.051602
Triad:          11140.0     0.032851     0.021544     0.056662
-------------------------------------------------------------
Solution Validates: avg error less than 1.000000e-13 on all three arrays
-------------------------------------------------------------
-------------------------------------------------------------
STREAM version $Revision: 5.10 $
-------------------------------------------------------------
This system uses 8 bytes per array element.
-------------------------------------------------------------
Array size = 10000000 (elements), Offset = 0 (elements)
Memory per array = 76.3 MiB (= 0.1 GiB).
Total memory required = 228.9 MiB (= 0.2 GiB).
Each kernel will be executed 10 times.
 The *best* time for each kernel (excluding the first iteration)
 will be used to compute the reported bandwidth.
-------------------------------------------------------------
Your clock granularity/precision appears to be 1 microseconds.
Each test below will take on the order of 13468 microseconds.
   (= 13468 clock ticks)
Increase the size of the arrays if this shows that
you are not getting at least 20 clock ticks per test.
-------------------------------------------------------------
WARNING -- The above is only a rough guideline.
For best results, please be sure you know the
precision of your system timer.
-------------------------------------------------------------
Function    Best Rate MB/s  Avg time     Min time     Max time
Copy:           14378.2     0.018020     0.011128     0.022592
Scale:           9486.0     0.031533     0.016867     0.038516
Add:            10497.4     0.041330     0.022863     0.052335
Triad:          11116.3     0.045293     0.021590     0.058102
-------------------------------------------------------------
Solution Validates: avg error less than 1.000000e-13 on all three arrays
-------------------------------------------------------------
-------------------------------------------------------------
STREAM version $Revision: 5.10 $
-------------------------------------------------------------
This system uses 8 bytes per array element.
-------------------------------------------------------------
Array size = 10000000 (elements), Offset = 0 (elements)
Memory per array = 76.3 MiB (= 0.1 GiB).
Total memory required = 228.9 MiB (= 0.2 GiB).
Each kernel will be executed 10 times.
 The *best* time for each kernel (excluding the first iteration)
 will be used to compute the reported bandwidth.
-------------------------------------------------------------
Your clock granularity/precision appears to be 1 microseconds.
Each test below will take on the order of 16407 microseconds.
   (= 16407 clock ticks)
Increase the size of the arrays if this shows that
you are not getting at least 20 clock ticks per test.
-------------------------------------------------------------
WARNING -- The above is only a rough guideline.
For best results, please be sure you know the
precision of your system timer.
-------------------------------------------------------------
Function    Best Rate MB/s  Avg time     Min time     Max time
Copy:           14900.2     0.017288     0.010738     0.020635
Scale:           7047.0     0.031830     0.022705     0.037671
Add:            10828.8     0.043088     0.022163     0.051864
Triad:          11018.3     0.043737     0.021782     0.054034
-------------------------------------------------------------
Solution Validates: avg error less than 1.000000e-13 on all three arrays
-------------------------------------------------------------
-------------------------------------------------------------
STREAM version $Revision: 5.10 $
-------------------------------------------------------------
This system uses 8 bytes per array element.
-------------------------------------------------------------
Array size = 10000000 (elements), Offset = 0 (elements)
Memory per array = 76.3 MiB (= 0.1 GiB).
Total memory required = 228.9 MiB (= 0.2 GiB).
Each kernel will be executed 10 times.
 The *best* time for each kernel (excluding the first iteration)
 will be used to compute the reported bandwidth.
-------------------------------------------------------------
Your clock granularity/precision appears to be 1 microseconds.
Each test below will take on the order of 11016 microseconds.
   (= 11016 clock ticks)
Increase the size of the arrays if this shows that
you are not getting at least 20 clock ticks per test.
-------------------------------------------------------------
WARNING -- The above is only a rough guideline.
For best results, please be sure you know the
precision of your system timer.
-------------------------------------------------------------
Function    Best Rate MB/s  Avg time     Min time     Max time
Copy:           14618.4     0.018871     0.010945     0.036456
Scale:           6937.5     0.031621     0.023063     0.041190
Add:            10656.1     0.038327     0.022522     0.059768
Triad:          10758.5     0.037934     0.022308     0.054595
-------------------------------------------------------------
Solution Validates: avg error less than 1.000000e-13 on all three arrays
-------------------------------------------------------------
-------------------------------------------------------------
STREAM version $Revision: 5.10 $
-------------------------------------------------------------
This system uses 8 bytes per array element.
-------------------------------------------------------------
Array size = 10000000 (elements), Offset = 0 (elements)
Memory per array = 76.3 MiB (= 0.1 GiB).
Total memory required = 228.9 MiB (= 0.2 GiB).
Each kernel will be executed 10 times.
 The *best* time for each kernel (excluding the first iteration)
 will be used to compute the reported bandwidth.
-------------------------------------------------------------
Your clock granularity/precision appears to be 1 microseconds.
Each test below will take on the order of 11708 microseconds.
   (= 11708 clock ticks)
Increase the size of the arrays if this shows that
you are not getting at least 20 clock ticks per test.
-------------------------------------------------------------
WARNING -- The above is only a rough guideline.
For best results, please be sure you know the
precision of your system timer.
-------------------------------------------------------------
Function    Best Rate MB/s  Avg time     Min time     Max time
Copy:           14135.6     0.018124     0.011319     0.021545
Scale:           5426.8     0.035197     0.029483     0.040111
Add:             7574.4     0.046807     0.031686     0.053076
Triad:          10659.5     0.042497     0.022515     0.051052
-------------------------------------------------------------
Solution Validates: avg error less than 1.000000e-13 on all three arrays
-------------------------------------------------------------
-------------------------------------------------------------
STREAM version $Revision: 5.10 $
-------------------------------------------------------------
This system uses 8 bytes per array element.
-------------------------------------------------------------
Array size = 10000000 (elements), Offset = 0 (elements)
Memory per array = 76.3 MiB (= 0.1 GiB).
Total memory required = 228.9 MiB (= 0.2 GiB).
Each kernel will be executed 10 times.
 The *best* time for each kernel (excluding the first iteration)
 will be used to compute the reported bandwidth.
-------------------------------------------------------------
Your clock granularity/precision appears to be 1 microseconds.
Each test below will take on the order of 17823 microseconds.
   (= 17823 clock ticks)
Increase the size of the arrays if this shows that
you are not getting at least 20 clock ticks per test.
-------------------------------------------------------------
WARNING -- The above is only a rough guideline.
For best results, please be sure you know the
precision of your system timer.
-------------------------------------------------------------
Function    Best Rate MB/s  Avg time     Min time     Max time
Copy:           10558.2     0.018131     0.015154     0.020521
Scale:           7097.6     0.031648     0.022543     0.038063
Add:             8211.6     0.044230     0.029227     0.052516
Triad:           9159.6     0.041888     0.026202     0.051226
-------------------------------------------------------------
Solution Validates: avg error less than 1.000000e-13 on all three arrays
-------------------------------------------------------------
-------------------------------------------------------------
STREAM version $Revision: 5.10 $
-------------------------------------------------------------
This system uses 8 bytes per array element.
-------------------------------------------------------------
Array size = 10000000 (elements), Offset = 0 (elements)
Memory per array = 76.3 MiB (= 0.1 GiB).
Total memory required = 228.9 MiB (= 0.2 GiB).
Each kernel will be executed 10 times.
 The *best* time for each kernel (excluding the first iteration)
 will be used to compute the reported bandwidth.
-------------------------------------------------------------
Your clock granularity/precision appears to be 1 microseconds.
Each test below will take on the order of 23486 microseconds.
   (= 23486 clock ticks)
Increase the size of the arrays if this shows that
you are not getting at least 20 clock ticks per test.
-------------------------------------------------------------
WARNING -- The above is only a rough guideline.
For best results, please be sure you know the
precision of your system timer.
-------------------------------------------------------------
Function    Best Rate MB/s  Avg time     Min time     Max time
Copy:           13080.6     0.016239     0.012232     0.020272
Scale:           7243.1     0.030647     0.022090     0.038079
Add:            11301.6     0.044187     0.021236     0.056132
Triad:          13248.0     0.040630     0.018116     0.053230
-------------------------------------------------------------
Solution Validates: avg error less than 1.000000e-13 on all three arrays
-------------------------------------------------------------
-------------------------------------------------------------
STREAM version $Revision: 5.10 $
-------------------------------------------------------------
This system uses 8 bytes per array element.
-------------------------------------------------------------
Array size = 10000000 (elements), Offset = 0 (elements)
Memory per array = 76.3 MiB (= 0.1 GiB).
Total memory required = 228.9 MiB (= 0.2 GiB).
Each kernel will be executed 10 times.
 The *best* time for each kernel (excluding the first iteration)
 will be used to compute the reported bandwidth.
-------------------------------------------------------------
Your clock granularity/precision appears to be 1 microseconds.
Each test below will take on the order of 7632 microseconds.
   (= 7632 clock ticks)
Increase the size of the arrays if this shows that
you are not getting at least 20 clock ticks per test.
-------------------------------------------------------------
WARNING -- The above is only a rough guideline.
For best results, please be sure you know the
precision of your system timer.
-------------------------------------------------------------
Function    Best Rate MB/s  Avg time     Min time     Max time
Copy:            7324.3     0.024533     0.021845     0.026216
Scale:           3904.6     0.045526     0.040977     0.047832
Add:             4018.4     0.066740     0.059725     0.071157
Triad:           4366.0     0.061286     0.054970     0.065836
-------------------------------------------------------------
Solution Validates: avg error less than 1.000000e-13 on all three arrays
-------------------------------------------------------------
-------------------------------------------------------------
STREAM version $Revision: 5.10 $
-------------------------------------------------------------
This system uses 8 bytes per array element.
-------------------------------------------------------------
Array size = 10000000 (elements), Offset = 0 (elements)
Memory per array = 76.3 MiB (= 0.1 GiB).
Total memory required = 228.9 MiB (= 0.2 GiB).
Each kernel will be executed 10 times.
 The *best* time for each kernel (excluding the first iteration)
 will be used to compute the reported bandwidth.
-------------------------------------------------------------
Your clock granularity/precision appears to be 1 microseconds.
Each test below will take on the order of 7373 microseconds.
   (= 7373 clock ticks)
Increase the size of the arrays if this shows that
you are not getting at least 20 clock ticks per test.
-------------------------------------------------------------
WARNING -- The above is only a rough guideline.
For best results, please be sure you know the
precision of your system timer.
-------------------------------------------------------------
Function    Best Rate MB/s  Avg time     Min time     Max time
Copy:            7251.6     0.025099     0.022064     0.027315
Scale:           3914.9     0.045682     0.040869     0.048349
Add:             4103.1     0.065617     0.058493     0.069775
Triad:           4416.9     0.062030     0.054337     0.066784
-------------------------------------------------------------
Solution Validates: avg error less than 1.000000e-13 on all three arrays
-------------------------------------------------------------
-------------------------------------------------------------
STREAM version $Revision: 5.10 $
-------------------------------------------------------------
This system uses 8 bytes per array element.
-------------------------------------------------------------
Array size = 10000000 (elements), Offset = 0 (elements)
Memory per array = 76.3 MiB (= 0.1 GiB).
Total memory required = 228.9 MiB (= 0.2 GiB).
Each kernel will be executed 10 times.
 The *best* time for each kernel (excluding the first iteration)
 will be used to compute the reported bandwidth.
-------------------------------------------------------------
Your clock granularity/precision appears to be 1 microseconds.
Each test below will take on the order of 14744 microseconds.
   (= 14744 clock ticks)
Increase the size of the arrays if this shows that
you are not getting at least 20 clock ticks per test.
-------------------------------------------------------------
WARNING -- The above is only a rough guideline.
For best results, please be sure you know the
precision of your system timer.
-------------------------------------------------------------
Function    Best Rate MB/s  Avg time     Min time     Max time
Copy:            7292.6     0.024800     0.021940     0.026431
Scale:           3983.9     0.045072     0.040162     0.047829
Add:             4327.5     0.061790     0.055459     0.066754
Triad:           4536.9     0.065265     0.052900     0.071583
-------------------------------------------------------------
Solution Validates: avg error less than 1.000000e-13 on all three arrays
-------------------------------------------------------------
-------------------------------------------------------------
STREAM version $Revision: 5.10 $
-------------------------------------------------------------
This system uses 8 bytes per array element.
-------------------------------------------------------------
Array size = 10000000 (elements), Offset = 0 (elements)
Memory per array = 76.3 MiB (= 0.1 GiB).
Total memory required = 228.9 MiB (= 0.2 GiB).
Each kernel will be executed 10 times.
 The *best* time for each kernel (excluding the first iteration)
 will be used to compute the reported bandwidth.
-------------------------------------------------------------
Your clock granularity/precision appears to be 1 microseconds.
Each test below will take on the order of 10447 microseconds.
   (= 10447 clock ticks)
Increase the size of the arrays if this shows that
you are not getting at least 20 clock ticks per test.
-------------------------------------------------------------
WARNING -- The above is only a rough guideline.
For best results, please be sure you know the
precision of your system timer.
-------------------------------------------------------------
Function    Best Rate MB/s  Avg time     Min time     Max time
Copy:            7108.6     0.025153     0.022508     0.026643
Scale:           3799.4     0.048789     0.042112     0.052433
Add:             4226.4     0.063463     0.056786     0.068044
Triad:           4400.8     0.060934     0.054536     0.065638
-------------------------------------------------------------
Solution Validates: avg error less than 1.000000e-13 on all three arrays
-------------------------------------------------------------
-------------------------------------------------------------
STREAM version $Revision: 5.10 $
-------------------------------------------------------------
This system uses 8 bytes per array element.
-------------------------------------------------------------
Array size = 10000000 (elements), Offset = 0 (elements)
Memory per array = 76.3 MiB (= 0.1 GiB).
Total memory required = 228.9 MiB (= 0.2 GiB).
Each kernel will be executed 10 times.
 The *best* time for each kernel (excluding the first iteration)
 will be used to compute the reported bandwidth.
-------------------------------------------------------------
Your clock granularity/precision appears to be 1 microseconds.
Each test below will take on the order of 6525 microseconds.
   (= 6525 clock ticks)
Increase the size of the arrays if this shows that
you are not getting at least 20 clock ticks per test.
-------------------------------------------------------------
WARNING -- The above is only a rough guideline.
For best results, please be sure you know the
precision of your system timer.
-------------------------------------------------------------
Function    Best Rate MB/s  Avg time     Min time     Max time
Copy:            9037.5     0.024539     0.017704     0.026872
Scale:           4153.9     0.043251     0.038518     0.046431
Add:             4141.6     0.065116     0.057949     0.068785
Triad:           4205.1     0.065877     0.057073     0.070391
-------------------------------------------------------------
Solution Validates: avg error less than 1.000000e-13 on all three arrays
-------------------------------------------------------------
-------------------------------------------------------------
STREAM version $Revision: 5.10 $
-------------------------------------------------------------
This system uses 8 bytes per array element.
-------------------------------------------------------------
Array size = 10000000 (elements), Offset = 0 (elements)
Memory per array = 76.3 MiB (= 0.1 GiB).
Total memory required = 228.9 MiB (= 0.2 GiB).
Each kernel will be executed 10 times.
 The *best* time for each kernel (excluding the first iteration)
 will be used to compute the reported bandwidth.
-------------------------------------------------------------
Your clock granularity/precision appears to be 1 microseconds.
Each test below will take on the order of 18575 microseconds.
   (= 18575 clock ticks)
Increase the size of the arrays if this shows that
you are not getting at least 20 clock ticks per test.
-------------------------------------------------------------
WARNING -- The above is only a rough guideline.
For best results, please be sure you know the
precision of your system timer.
-------------------------------------------------------------
Function    Best Rate MB/s  Avg time     Min time     Max time
Copy:            7329.0     0.024598     0.021831     0.026622
Scale:           4241.1     0.042177     0.037726     0.044833
Add:             4512.3     0.064921     0.053188     0.071032
Triad:           5935.3     0.063425     0.040436     0.069912
-------------------------------------------------------------
Solution Validates: avg error less than 1.000000e-13 on all three arrays
-------------------------------------------------------------
-------------------------------------------------------------
STREAM version $Revision: 5.10 $
-------------------------------------------------------------
This system uses 8 bytes per array element.
-------------------------------------------------------------
Array size = 10000000 (elements), Offset = 0 (elements)
Memory per array = 76.3 MiB (= 0.1 GiB).
Total memory required = 228.9 MiB (= 0.2 GiB).
Each kernel will be executed 10 times.
 The *best* time for each kernel (excluding the first iteration)
 will be used to compute the reported bandwidth.
-------------------------------------------------------------
Your clock granularity/precision appears to be 1 microseconds.
Each test below will take on the order of 9668 microseconds.
   (= 9668 clock ticks)
Increase the size of the arrays if this shows that
you are not getting at least 20 clock ticks per test.
-------------------------------------------------------------
WARNING -- The above is only a rough guideline.
For best results, please be sure you know the
precision of your system timer.
-------------------------------------------------------------
Function    Best Rate MB/s  Avg time     Min time     Max time
Copy:            7227.4     0.024960     0.022138     0.026682
Scale:           3718.1     0.048575     0.043033     0.051804
Add:             4325.7     0.061989     0.055482     0.066680
Triad:           4386.6     0.062264     0.054712     0.067057
-------------------------------------------------------------
Solution Validates: avg error less than 1.000000e-13 on all three arrays
-------------------------------------------------------------
-------------------------------------------------------------
STREAM version $Revision: 5.10 $
-------------------------------------------------------------
This system uses 8 bytes per array element.
-------------------------------------------------------------
Array size = 10000000 (elements), Offset = 0 (elements)
Memory per array = 76.3 MiB (= 0.1 GiB).
Total memory required = 228.9 MiB (= 0.2 GiB).
Each kernel will be executed 10 times.
 The *best* time for each kernel (excluding the first iteration)
 will be used to compute the reported bandwidth.
-------------------------------------------------------------
Your clock granularity/precision appears to be 1 microseconds.
Each test below will take on the order of 17601 microseconds.
   (= 17601 clock ticks)
Increase the size of the arrays if this shows that
you are not getting at least 20 clock ticks per test.
-------------------------------------------------------------
WARNING -- The above is only a rough guideline.
For best results, please be sure you know the
precision of your system timer.
-------------------------------------------------------------
Function    Best Rate MB/s  Avg time     Min time     Max time
Copy:            7090.4     0.025777     0.022566     0.027467
Scale:           3965.3     0.044602     0.040350     0.047096
Add:             4389.0     0.061291     0.054682     0.065854
Triad:           4486.7     0.065757     0.053492     0.071476
-------------------------------------------------------------
Solution Validates: avg error less than 1.000000e-13 on all three arrays
-------------------------------------------------------------
-------------------------------------------------------------
STREAM version $Revision: 5.10 $
-------------------------------------------------------------
This system uses 8 bytes per array element.
-------------------------------------------------------------
Array size = 10000000 (elements), Offset = 0 (elements)
Memory per array = 76.3 MiB (= 0.1 GiB).
Total memory required = 228.9 MiB (= 0.2 GiB).
Each kernel will be executed 10 times.
 The *best* time for each kernel (excluding the first iteration)
 will be used to compute the reported bandwidth.
-------------------------------------------------------------
Your clock granularity/precision appears to be 1 microseconds.
Each test below will take on the order of 17231 microseconds.
   (= 17231 clock ticks)
Increase the size of the arrays if this shows that
you are not getting at least 20 clock ticks per test.
-------------------------------------------------------------
WARNING -- The above is only a rough guideline.
For best results, please be sure you know the
precision of your system timer.
-------------------------------------------------------------
Function    Best Rate MB/s  Avg time     Min time     Max time
Copy:            7102.6     0.025836     0.022527     0.027521
Scale:           4158.1     0.043053     0.038479     0.045891
Add:             4393.8     0.061161     0.054623     0.065594
Triad:           4676.5     0.067722     0.051321     0.076733
-------------------------------------------------------------
Solution Validates: avg error less than 1.000000e-13 on all three arrays
-------------------------------------------------------------
-------------------------------------------------------------
STREAM version $Revision: 5.10 $
-------------------------------------------------------------
This system uses 8 bytes per array element.
-------------------------------------------------------------
Array size = 10000000 (elements), Offset = 0 (elements)
Memory per array = 76.3 MiB (= 0.1 GiB).
Total memory required = 228.9 MiB (= 0.2 GiB).
Each kernel will be executed 10 times.
 The *best* time for each kernel (excluding the first iteration)
 will be used to compute the reported bandwidth.
-------------------------------------------------------------
Your clock granularity/precision appears to be 1 microseconds.
Each test below will take on the order of 7515 microseconds.
   (= 7515 clock ticks)
Increase the size of the arrays if this shows that
you are not getting at least 20 clock ticks per test.
-------------------------------------------------------------
WARNING -- The above is only a rough guideline.
For best results, please be sure you know the
precision of your system timer.
-------------------------------------------------------------
Function    Best Rate MB/s  Avg time     Min time     Max time
Copy:            7505.0     0.024176     0.021319     0.025843
Scale:           4165.9     0.043235     0.038407     0.046025
Add:             4178.7     0.066535     0.057434     0.071476
Triad:           4458.6     0.064632     0.053829     0.069608
-------------------------------------------------------------
Solution Validates: avg error less than 1.000000e-13 on all three arrays
-------------------------------------------------------------
-------------------------------------------------------------
STREAM version $Revision: 5.10 $
-------------------------------------------------------------
This system uses 8 bytes per array element.
-------------------------------------------------------------
Array size = 10000000 (elements), Offset = 0 (elements)
Memory per array = 76.3 MiB (= 0.1 GiB).
Total memory required = 228.9 MiB (= 0.2 GiB).
Each kernel will be executed 10 times.
 The *best* time for each kernel (excluding the first iteration)
 will be used to compute the reported bandwidth.
-------------------------------------------------------------
Your clock granularity/precision appears to be 1 microseconds.
Each test below will take on the order of 8967 microseconds.
   (= 8967 clock ticks)
Increase the size of the arrays if this shows that
you are not getting at least 20 clock ticks per test.
-------------------------------------------------------------
WARNING -- The above is only a rough guideline.
For best results, please be sure you know the
precision of your system timer.
-------------------------------------------------------------
Function    Best Rate MB/s  Avg time     Min time     Max time
Copy:            6658.6     0.027296     0.024029     0.029137
Scale:           3897.3     0.045548     0.041054     0.048049
Add:             4300.1     0.062194     0.055813     0.065711
Triad:           4296.1     0.064444     0.055865     0.069402
-------------------------------------------------------------
Solution Validates: avg error less than 1.000000e-13 on all three arrays
-------------------------------------------------------------
-------------------------------------------------------------
STREAM version $Revision: 5.10 $
-------------------------------------------------------------
This system uses 8 bytes per array element.
-------------------------------------------------------------
Array size = 10000000 (elements), Offset = 0 (elements)
Memory per array = 76.3 MiB (= 0.1 GiB).
Total memory required = 228.9 MiB (= 0.2 GiB).
Each kernel will be executed 10 times.
 The *best* time for each kernel (excluding the first iteration)
 will be used to compute the reported bandwidth.
-------------------------------------------------------------
Your clock granularity/precision appears to be 1 microseconds.
Each test below will take on the order of 9891 microseconds.
   (= 9891 clock ticks)
Increase the size of the arrays if this shows that
you are not getting at least 20 clock ticks per test.
-------------------------------------------------------------
WARNING -- The above is only a rough guideline.
For best results, please be sure you know the
precision of your system timer.
-------------------------------------------------------------
Function    Best Rate MB/s  Avg time     Min time     Max time
Copy:            6815.2     0.026430     0.023477     0.028122
Scale:           4038.5     0.044774     0.039619     0.048863
Add:             4342.2     0.061958     0.055271     0.065611
Triad:           4221.3     0.066938     0.056854     0.072926
-------------------------------------------------------------
Solution Validates: avg error less than 1.000000e-13 on all three arrays
-------------------------------------------------------------
-------------------------------------------------------------
STREAM version $Revision: 5.10 $
-------------------------------------------------------------
This system uses 8 bytes per array element.
-------------------------------------------------------------
Array size = 10000000 (elements), Offset = 0 (elements)
Memory per array = 76.3 MiB (= 0.1 GiB).
Total memory required = 228.9 MiB (= 0.2 GiB).
Each kernel will be executed 10 times.
 The *best* time for each kernel (excluding the first iteration)
 will be used to compute the reported bandwidth.
-------------------------------------------------------------
Your clock granularity/precision appears to be 1 microseconds.
Each test below will take on the order of 20336 microseconds.
   (= 20336 clock ticks)
Increase the size of the arrays if this shows that
you are not getting at least 20 clock ticks per test.
-------------------------------------------------------------
WARNING -- The above is only a rough guideline.
For best results, please be sure you know the
precision of your system timer.
-------------------------------------------------------------
Function    Best Rate MB/s  Avg time     Min time     Max time
Copy:            7514.2     0.024192     0.021293     0.027616
Scale:           4599.2     0.044541     0.034789     0.052932
Add:             5456.4     0.055780     0.043985     0.066231
Triad:           6190.5     0.054020     0.038769     0.063945
-------------------------------------------------------------
Solution Validates: avg error less than 1.000000e-13 on all three arrays
-------------------------------------------------------------
-------------------------------------------------------------
STREAM version $Revision: 5.10 $
-------------------------------------------------------------
This system uses 8 bytes per array element.
-------------------------------------------------------------
Array size = 10000000 (elements), Offset = 0 (elements)
Memory per array = 76.3 MiB (= 0.1 GiB).
Total memory required = 228.9 MiB (= 0.2 GiB).
Each kernel will be executed 10 times.
 The *best* time for each kernel (excluding the first iteration)
-------------------------------------------------------------
 will be used to compute the reported bandwidth.
STREAM version $Revision: 5.10 $
-------------------------------------------------------------
-------------------------------------------------------------
Your clock granularity/precision appears to be 1 microseconds.
This system uses 8 bytes per array element.
Each test below will take on the order of 26800 microseconds.
-------------------------------------------------------------
   (= 26800 clock ticks)
Array size = 10000000 (elements), Offset = 0 (elements)
Increase the size of the arrays if this shows that
Memory per array = 76.3 MiB (= 0.1 GiB).
you are not getting at least 20 clock ticks per test.
Total memory required = 228.9 MiB (= 0.2 GiB).
-------------------------------------------------------------
Each kernel will be executed 10 times.
WARNING -- The above is only a rough guideline.
 The *best* time for each kernel (excluding the first iteration)
For best results, please be sure you know the
 will be used to compute the reported bandwidth.
precision of your system timer.
-------------------------------------------------------------
-------------------------------------------------------------
Your clock granularity/precision appears to be 1 microseconds.
Function    Best Rate MB/s  Avg time     Min time     Max time
Each test below will take on the order of 28362 microseconds.
Copy:            8064.1     0.024799     0.019841     0.029416
   (= 28362 clock ticks)
Scale:           4421.1     0.044497     0.036190     0.050109
Increase the size of the arrays if this shows that
Add:             6132.5     0.054971     0.039136     0.065515
you are not getting at least 20 clock ticks per test.
Triad:           6511.3     0.054244     0.036859     0.065478
-------------------------------------------------------------
-------------------------------------------------------------
WARNING -- The above is only a rough guideline.
Solution Validates: avg error less than 1.000000e-13 on all three arrays
For best results, please be sure you know the
-------------------------------------------------------------
precision of your system timer.
-------------------------------------------------------------
Function    Best Rate MB/s  Avg time     Min time     Max time
Copy:            8298.8     0.024526     0.019280     0.030032
Scale:           4703.9     0.042302     0.034014     0.049272
Add:             6112.5     0.054433     0.039264     0.065173
Triad:           6506.7     0.056117     0.036885     0.067790
-------------------------------------------------------------
Solution Validates: avg error less than 1.000000e-13 on all three arrays
-------------------------------------------------------------
-------------------------------------------------------------
STREAM version $Revision: 5.10 $
-------------------------------------------------------------
This system uses 8 bytes per array element.
-------------------------------------------------------------
Array size = 10000000 (elements), Offset = 0 (elements)
Memory per array = 76.3 MiB (= 0.1 GiB).
Total memory required = 228.9 MiB (= 0.2 GiB).
Each kernel will be executed 10 times.
 The *best* time for each kernel (excluding the first iteration)
 will be used to compute the reported bandwidth.
-------------------------------------------------------------
Your clock granularity/precision appears to be 1 microseconds.
Each test below will take on the order of 14272 microseconds.
   (= 14272 clock ticks)
Increase the size of the arrays if this shows that
you are not getting at least 20 clock ticks per test.
-------------------------------------------------------------
WARNING -- The above is only a rough guideline.
For best results, please be sure you know the
precision of your system timer.
-------------------------------------------------------------
Function    Best Rate MB/s  Avg time     Min time     Max time
Copy:            7520.9     0.024183     0.021274     0.026161
Scale:           3986.5     0.046775     0.040136     0.049957
Add:             4894.4     0.064394     0.049036     0.070179
Triad:           6579.1     0.061084     0.036479     0.068367
-------------------------------------------------------------
Solution Validates: avg error less than 1.000000e-13 on all three arrays
-------------------------------------------------------------
-------------------------------------------------------------
STREAM version $Revision: 5.10 $
-------------------------------------------------------------
This system uses 8 bytes per array element.
-------------------------------------------------------------
Array size = 10000000 (elements), Offset = 0 (elements)
Memory per array = 76.3 MiB (= 0.1 GiB).
Total memory required = 228.9 MiB (= 0.2 GiB).
Each kernel will be executed 10 times.
 The *best* time for each kernel (excluding the first iteration)
 will be used to compute the reported bandwidth.
-------------------------------------------------------------
Your clock granularity/precision appears to be 1 microseconds.
Each test below will take on the order of 31196 microseconds.
   (= 31196 clock ticks)
Increase the size of the arrays if this shows that
you are not getting at least 20 clock ticks per test.
-------------------------------------------------------------
WARNING -- The above is only a rough guideline.
For best results, please be sure you know the
precision of your system timer.
-------------------------------------------------------------
Function    Best Rate MB/s  Avg time     Min time     Max time
Copy:            7631.0     0.026694     0.020967     0.032304
Scale:           5880.0     0.040126     0.027211     0.048207
Add:             6316.3     0.055495     0.037997     0.065576
Triad:           6626.7     0.055027     0.036217     0.065884
-------------------------------------------------------------
Solution Validates: avg error less than 1.000000e-13 on all three arrays
-------------------------------------------------------------
-------------------------------------------------------------
STREAM version $Revision: 5.10 $
-------------------------------------------------------------
This system uses 8 bytes per array element.
-------------------------------------------------------------
Array size = 10000000 (elements), Offset = 0 (elements)
Memory per array = 76.3 MiB (= 0.1 GiB).
Total memory required = 228.9 MiB (= 0.2 GiB).
Each kernel will be executed 10 times.
 The *best* time for each kernel (excluding the first iteration)
 will be used to compute the reported bandwidth.
-------------------------------------------------------------
Your clock granularity/precision appears to be 1 microseconds.
Each test below will take on the order of 25269 microseconds.
   (= 25269 clock ticks)
Increase the size of the arrays if this shows that
you are not getting at least 20 clock ticks per test.
-------------------------------------------------------------
-------------------------------------------------------------
WARNING -- The above is only a rough guideline.
-------------------------------------------------------------
STREAM version $Revision: 5.10 $
For best results, please be sure you know the
STREAM version $Revision: 5.10 $
-------------------------------------------------------------
precision of your system timer.
-------------------------------------------------------------
This system uses 8 bytes per array element.
-------------------------------------------------------------
This system uses 8 bytes per array element.
-------------------------------------------------------------
Function    Best Rate MB/s  Avg time     Min time     Max time
-------------------------------------------------------------
Array size = 10000000 (elements), Offset = 0 (elements)
Copy:            9146.5     0.025015     0.017493     0.033258
Array size = 10000000 (elements), Offset = 0 (elements)
Memory per array = 76.3 MiB (= 0.1 GiB).
Scale:           4235.7     0.043357     0.037774     0.048715
Memory per array = 76.3 MiB (= 0.1 GiB).
Total memory required = 228.9 MiB (= 0.2 GiB).
Add:             5683.9     0.056280     0.042225     0.067373
Total memory required = 228.9 MiB (= 0.2 GiB).
Each kernel will be executed 10 times.
Triad:           8101.0     0.056500     0.029626     0.073856
Each kernel will be executed 10 times.
 The *best* time for each kernel (excluding the first iteration)
-------------------------------------------------------------
 The *best* time for each kernel (excluding the first iteration)
 will be used to compute the reported bandwidth.
Solution Validates: avg error less than 1.000000e-13 on all three arrays
 will be used to compute the reported bandwidth.
-------------------------------------------------------------
-------------------------------------------------------------
-------------------------------------------------------------
Your clock granularity/precision appears to be 1 microseconds.
Your clock granularity/precision appears to be 1 microseconds.
Each test below will take on the order of 26816 microseconds.
Each test below will take on the order of 20174 microseconds.
   (= 26816 clock ticks)
   (= 20174 clock ticks)
Increase the size of the arrays if this shows that
Increase the size of the arrays if this shows that
you are not getting at least 20 clock ticks per test.
you are not getting at least 20 clock ticks per test.
-------------------------------------------------------------
-------------------------------------------------------------
WARNING -- The above is only a rough guideline.
WARNING -- The above is only a rough guideline.
For best results, please be sure you know the
For best results, please be sure you know the
precision of your system timer.
precision of your system timer.
-------------------------------------------------------------
-------------------------------------------------------------
Function    Best Rate MB/s  Avg time     Min time     Max time
Function    Best Rate MB/s  Avg time     Min time     Max time
Copy:            7477.4     0.027886     0.021398     0.033192
Copy:            7585.8     0.024902     0.021092     0.026782
Scale:           5485.3     0.040528     0.029169     0.046811
Scale:           4111.3     0.045081     0.038917     0.048898
Add:             6167.3     0.054659     0.038915     0.065154
Add:             5556.8     0.062820     0.043190     0.068992
Triad:           6747.8     0.055008     0.035567     0.066264
Triad:           8000.6     0.060629     0.029998     0.068819
-------------------------------------------------------------
-------------------------------------------------------------
-------------------------------------------------------------
Solution Validates: avg error less than 1.000000e-13 on all three arrays
-------------------------------------------------------------
Solution Validates: avg error less than 1.000000e-13 on all three arrays
STREAM version $Revision: 5.10 $
-------------------------------------------------------------
STREAM version $Revision: 5.10 $
-------------------------------------------------------------
-------------------------------------------------------------
-------------------------------------------------------------
This system uses 8 bytes per array element.
This system uses 8 bytes per array element.
-------------------------------------------------------------
-------------------------------------------------------------
Array size = 10000000 (elements), Offset = 0 (elements)
Array size = 10000000 (elements), Offset = 0 (elements)
Memory per array = 76.3 MiB (= 0.1 GiB).
Memory per array = 76.3 MiB (= 0.1 GiB).
Total memory required = 228.9 MiB (= 0.2 GiB).
Total memory required = 228.9 MiB (= 0.2 GiB).
Each kernel will be executed 10 times.
Each kernel will be executed 10 times.
 The *best* time for each kernel (excluding the first iteration)
 The *best* time for each kernel (excluding the first iteration)
 will be used to compute the reported bandwidth.
 will be used to compute the reported bandwidth.
-------------------------------------------------------------
-------------------------------------------------------------
Your clock granularity/precision appears to be 1 microseconds.
Your clock granularity/precision appears to be 1 microseconds.
Each test below will take on the order of 27287 microseconds.
Each test below will take on the order of 15872 microseconds.
   (= 27287 clock ticks)
   (= 15872 clock ticks)
Increase the size of the arrays if this shows that
Increase the size of the arrays if this shows that
you are not getting at least 20 clock ticks per test.
you are not getting at least 20 clock ticks per test.
-------------------------------------------------------------
-------------------------------------------------------------
WARNING -- The above is only a rough guideline.
WARNING -- The above is only a rough guideline.
For best results, please be sure you know the
For best results, please be sure you know the
-------------------------------------------------------------
precision of your system timer.
precision of your system timer.
STREAM version $Revision: 5.10 $
-------------------------------------------------------------
-------------------------------------------------------------
-------------------------------------------------------------
Function    Best Rate MB/s  Avg time     Min time     Max time
Function    Best Rate MB/s  Avg time     Min time     Max time
This system uses 8 bytes per array element.
Copy:            7025.3     0.027940     0.022775     0.032533
Copy:            7636.9     0.024049     0.020951     0.026553
-------------------------------------------------------------
Scale:           5175.3     0.041162     0.030916     0.049158
Scale:           4042.5     0.048673     0.039580     0.052784
Array size = 10000000 (elements), Offset = 0 (elements)
Add:             5643.0     0.056061     0.042531     0.065792
Add:             5233.4     0.061080     0.045859     0.067641
Memory per array = 76.3 MiB (= 0.1 GiB).
Triad:           6867.1     0.054390     0.034949     0.065245
Triad:           7328.7     0.057603     0.032748     0.065594
Total memory required = 228.9 MiB (= 0.2 GiB).
-------------------------------------------------------------
-------------------------------------------------------------
Each kernel will be executed 10 times.
Solution Validates: avg error less than 1.000000e-13 on all three arrays
Solution Validates: avg error less than 1.000000e-13 on all three arrays
 The *best* time for each kernel (excluding the first iteration)
-------------------------------------------------------------
-------------------------------------------------------------
 will be used to compute the reported bandwidth.
-------------------------------------------------------------
Your clock granularity/precision appears to be 1 microseconds.
Each test below will take on the order of 29814 microseconds.
   (= 29814 clock ticks)
Increase the size of the arrays if this shows that
you are not getting at least 20 clock ticks per test.
-------------------------------------------------------------
WARNING -- The above is only a rough guideline.
For best results, please be sure you know the
precision of your system timer.
-------------------------------------------------------------
Function    Best Rate MB/s  Avg time     Min time     Max time
Copy:            8225.7     0.026426     0.019451     0.032170
Scale:           4490.6     0.042294     0.035630     0.047864
Add:             5597.5     0.055655     0.042876     0.065850
Triad:           7085.3     0.054753     0.033873     0.066458
-------------------------------------------------------------
Solution Validates: avg error less than 1.000000e-13 on all three arrays
-------------------------------------------------------------
-------------------------------------------------------------
STREAM version $Revision: 5.10 $
-------------------------------------------------------------
This system uses 8 bytes per array element.
-------------------------------------------------------------
Array size = 10000000 (elements), Offset = 0 (elements)
Memory per array = 76.3 MiB (= 0.1 GiB).
Total memory required = 228.9 MiB (= 0.2 GiB).
Each kernel will be executed 10 times.
 The *best* time for each kernel (excluding the first iteration)
 will be used to compute the reported bandwidth.
-------------------------------------------------------------
Your clock granularity/precision appears to be 1 microseconds.
Each test below will take on the order of 30437 microseconds.
   (= 30437 clock ticks)
Increase the size of the arrays if this shows that
you are not getting at least 20 clock ticks per test.
-------------------------------------------------------------
WARNING -- The above is only a rough guideline.
For best results, please be sure you know the
precision of your system timer.
-------------------------------------------------------------
Function    Best Rate MB/s  Avg time     Min time     Max time
Copy:            7055.0     0.027433     0.022679     0.029798
Scale:           4549.4     0.043954     0.035170     0.047655
Add:             5886.8     0.058889     0.040769     0.064967
Triad:           7831.3     0.059777     0.030646     0.069233
-------------------------------------------------------------
Solution Validates: avg error less than 1.000000e-13 on all three arrays
-------------------------------------------------------------
-------------------------------------------------------------
STREAM version $Revision: 5.10 $
-------------------------------------------------------------
This system uses 8 bytes per array element.
-------------------------------------------------------------
Array size = 10000000 (elements), Offset = 0 (elements)
Memory per array = 76.3 MiB (= 0.1 GiB).
Total memory required = 228.9 MiB (= 0.2 GiB).
Each kernel will be executed 10 times.
 The *best* time for each kernel (excluding the first iteration)
 will be used to compute the reported bandwidth.
-------------------------------------------------------------
Your clock granularity/precision appears to be 1 microseconds.
Each test below will take on the order of 32764 microseconds.
   (= 32764 clock ticks)
Increase the size of the arrays if this shows that
you are not getting at least 20 clock ticks per test.
-------------------------------------------------------------
WARNING -- The above is only a rough guideline.
For best results, please be sure you know the
precision of your system timer.
-------------------------------------------------------------
Function    Best Rate MB/s  Avg time     Min time     Max time
Copy:            6747.3     0.027966     0.023713     0.030242
Scale:           4444.4     0.043642     0.036000     0.047075
Add:             6779.3     0.058167     0.035402     0.065331
Triad:           7988.8     0.060111     0.030042     0.069662
-------------------------------------------------------------
Solution Validates: avg error less than 1.000000e-13 on all three arrays
-------------------------------------------------------------
-------------------------------------------------------------
STREAM version $Revision: 5.10 $
-------------------------------------------------------------
This system uses 8 bytes per array element.
-------------------------------------------------------------
Array size = 10000000 (elements), Offset = 0 (elements)
-------------------------------------------------------------
-------------------------------------------------------------
-------------------------------------------------------------
-------------------------------------------------------------
Memory per array = 76.3 MiB (= 0.1 GiB).
STREAM version $Revision: 5.10 $
STREAM version $Revision: 5.10 $
STREAM version $Revision: 5.10 $
STREAM version $Revision: 5.10 $
Total memory required = 228.9 MiB (= 0.2 GiB).
-------------------------------------------------------------
-------------------------------------------------------------
-------------------------------------------------------------
-------------------------------------------------------------
Each kernel will be executed 10 times.
This system uses 8 bytes per array element.
This system uses 8 bytes per array element.
This system uses 8 bytes per array element.
This system uses 8 bytes per array element.
 The *best* time for each kernel (excluding the first iteration)
-------------------------------------------------------------
-------------------------------------------------------------
-------------------------------------------------------------
-------------------------------------------------------------
-------------------------------------------------------------
 will be used to compute the reported bandwidth.
Array size = 10000000 (elements), Offset = 0 (elements)
STREAM version $Revision: 5.10 $
Array size = 10000000 (elements), Offset = 0 (elements)
Array size = 10000000 (elements), Offset = 0 (elements)
Array size = 10000000 (elements), Offset = 0 (elements)
-------------------------------------------------------------
Memory per array = 76.3 MiB (= 0.1 GiB).
-------------------------------------------------------------
Memory per array = 76.3 MiB (= 0.1 GiB).
Memory per array = 76.3 MiB (= 0.1 GiB).
Memory per array = 76.3 MiB (= 0.1 GiB).
Your clock granularity/precision appears to be 1 microseconds.
Total memory required = 228.9 MiB (= 0.2 GiB).
This system uses 8 bytes per array element.
Total memory required = 228.9 MiB (= 0.2 GiB).
Total memory required = 228.9 MiB (= 0.2 GiB).
Total memory required = 228.9 MiB (= 0.2 GiB).
Each test below will take on the order of 15947 microseconds.
Each kernel will be executed 10 times.
-------------------------------------------------------------
Each kernel will be executed 10 times.
Each kernel will be executed 10 times.
Each kernel will be executed 10 times.
   (= 15947 clock ticks)
 The *best* time for each kernel (excluding the first iteration)
Array size = 10000000 (elements), Offset = 0 (elements)
 The *best* time for each kernel (excluding the first iteration)
 The *best* time for each kernel (excluding the first iteration)
 The *best* time for each kernel (excluding the first iteration)
Increase the size of the arrays if this shows that
 will be used to compute the reported bandwidth.
Memory per array = 76.3 MiB (= 0.1 GiB).
 will be used to compute the reported bandwidth.
 will be used to compute the reported bandwidth.
 will be used to compute the reported bandwidth.
you are not getting at least 20 clock ticks per test.
-------------------------------------------------------------
Total memory required = 228.9 MiB (= 0.2 GiB).
-------------------------------------------------------------
-------------------------------------------------------------
-------------------------------------------------------------
-------------------------------------------------------------
Your clock granularity/precision appears to be 1 microseconds.
Each kernel will be executed 10 times.
Your clock granularity/precision appears to be 1 microseconds.
Your clock granularity/precision appears to be 1 microseconds.
Your clock granularity/precision appears to be 1 microseconds.
WARNING -- The above is only a rough guideline.
Each test below will take on the order of 18870 microseconds.
 The *best* time for each kernel (excluding the first iteration)
Each test below will take on the order of 34826 microseconds.
Each test below will take on the order of 27042 microseconds.
Each test below will take on the order of 25206 microseconds.
For best results, please be sure you know the
   (= 18870 clock ticks)
 will be used to compute the reported bandwidth.
   (= 34826 clock ticks)
   (= 27042 clock ticks)
   (= 25206 clock ticks)
precision of your system timer.
Increase the size of the arrays if this shows that
-------------------------------------------------------------
Increase the size of the arrays if this shows that
Increase the size of the arrays if this shows that
Increase the size of the arrays if this shows that
-------------------------------------------------------------
you are not getting at least 20 clock ticks per test.
Your clock granularity/precision appears to be 1 microseconds.
you are not getting at least 20 clock ticks per test.
you are not getting at least 20 clock ticks per test.
you are not getting at least 20 clock ticks per test.
Function    Best Rate MB/s  Avg time     Min time     Max time
-------------------------------------------------------------
Each test below will take on the order of 35731 microseconds.
-------------------------------------------------------------
-------------------------------------------------------------
-------------------------------------------------------------
Copy:            6493.8     0.028954     0.024639     0.031298
WARNING -- The above is only a rough guideline.
   (= 35731 clock ticks)
WARNING -- The above is only a rough guideline.
WARNING -- The above is only a rough guideline.
WARNING -- The above is only a rough guideline.
Scale:           4630.8     0.044996     0.034551     0.051843
For best results, please be sure you know the
Increase the size of the arrays if this shows that
For best results, please be sure you know the
For best results, please be sure you know the
For best results, please be sure you know the
Add:             4962.4     0.060582     0.048364     0.066513
precision of your system timer.
you are not getting at least 20 clock ticks per test.
precision of your system timer.
precision of your system timer.
precision of your system timer.
Triad:           8744.4     0.060290     0.027446     0.068019
-------------------------------------------------------------
-------------------------------------------------------------
-------------------------------------------------------------
-------------------------------------------------------------
-------------------------------------------------------------
-------------------------------------------------------------
Function    Best Rate MB/s  Avg time     Min time     Max time
WARNING -- The above is only a rough guideline.
Function    Best Rate MB/s  Avg time     Min time     Max time
Function    Best Rate MB/s  Avg time     Min time     Max time
Function    Best Rate MB/s  Avg time     Min time     Max time
Solution Validates: avg error less than 1.000000e-13 on all three arrays
Copy:            7490.0     0.024955     0.021362     0.027083
For best results, please be sure you know the
Copy:            6293.0     0.028589     0.025425     0.030543
Copy:            6057.4     0.030271     0.026414     0.032326
Copy:            6070.0     0.028847     0.026359     0.030627
-------------------------------------------------------------
Scale:           4162.8     0.049107     0.038436     0.054084
precision of your system timer.
Scale:           4602.6     0.044017     0.034763     0.047874
Scale:           6312.1     0.043568     0.025348     0.049467
Scale:           4555.0     0.046001     0.035126     0.050807
Add:             6901.3     0.060429     0.034776     0.067253
-------------------------------------------------------------
Add:             6808.1     0.058299     0.035252     0.065872
Add:             6386.5     0.058634     0.037579     0.065891
Add:             6826.1     0.058636     0.035159     0.066299
Triad:          10323.5     0.057372     0.023248     0.066112
Function    Best Rate MB/s  Avg time     Min time     Max time
Triad:           7691.3     0.058922     0.031204     0.067690
Triad:           7585.8     0.058447     0.031638     0.066115
Triad:           7627.6     0.057784     0.031465     0.065659
-------------------------------------------------------------
Copy:            6815.4     0.027816     0.023476     0.030405
-------------------------------------------------------------
-------------------------------------------------------------
-------------------------------------------------------------
Solution Validates: avg error less than 1.000000e-13 on all three arrays
Scale:           4699.1     0.043379     0.034049     0.047328
Solution Validates: avg error less than 1.000000e-13 on all three arrays
Solution Validates: avg error less than 1.000000e-13 on all three arrays
Solution Validates: avg error less than 1.000000e-13 on all three arrays
-------------------------------------------------------------
Add:             6743.7     0.058227     0.035589     0.065611
-------------------------------------------------------------
-------------------------------------------------------------
-------------------------------------------------------------
Triad:           8128.4     0.060158     0.029526     0.069558
-------------------------------------------------------------
Solution Validates: avg error less than 1.000000e-13 on all three arrays
-------------------------------------------------------------
-------------------------------------------------------------
STREAM version $Revision: 5.10 $
-------------------------------------------------------------
This system uses 8 bytes per array element.
-------------------------------------------------------------
Array size = 10000000 (elements), Offset = 0 (elements)
Memory per array = 76.3 MiB (= 0.1 GiB).
Total memory required = 228.9 MiB (= 0.2 GiB).
Each kernel will be executed 10 times.
 The *best* time for each kernel (excluding the first iteration)
 will be used to compute the reported bandwidth.
-------------------------------------------------------------
Your clock granularity/precision appears to be 1 microseconds.
Each test below will take on the order of 23385 microseconds.
   (= 23385 clock ticks)
Increase the size of the arrays if this shows that
you are not getting at least 20 clock ticks per test.
-------------------------------------------------------------
WARNING -- The above is only a rough guideline.
For best results, please be sure you know the
precision of your system timer.
-------------------------------------------------------------
Function    Best Rate MB/s  Avg time     Min time     Max time
Copy:            7341.1     0.027235     0.021795     0.030413
Scale:           4380.3     0.045640     0.036527     0.050092
Add:             6517.8     0.059707     0.036822     0.066561
Triad:          10065.0     0.059576     0.023845     0.069189
-------------------------------------------------------------
Solution Validates: avg error less than 1.000000e-13 on all three arrays
-------------------------------------------------------------
-------------------------------------------------------------
STREAM version $Revision: 5.10 $
-------------------------------------------------------------
This system uses 8 bytes per array element.
-------------------------------------------------------------
Array size = 10000000 (elements), Offset = 0 (elements)
Memory per array = 76.3 MiB (= 0.1 GiB).
Total memory required = 228.9 MiB (= 0.2 GiB).
Each kernel will be executed 10 times.
 The *best* time for each kernel (excluding the first iteration)
 will be used to compute the reported bandwidth.
-------------------------------------------------------------
Your clock granularity/precision appears to be 1 microseconds.
Each test below will take on the order of 19185 microseconds.
   (= 19185 clock ticks)
Increase the size of the arrays if this shows that
you are not getting at least 20 clock ticks per test.
-------------------------------------------------------------
WARNING -- The above is only a rough guideline.
For best results, please be sure you know the
precision of your system timer.
-------------------------------------------------------------
Function    Best Rate MB/s  Avg time     Min time     Max time
Copy:            7324.0     0.025718     0.021846     0.028845
Scale:           4840.1     0.044339     0.033057     0.052018
Add:             5671.5     0.057287     0.042317     0.067211
Triad:           5857.9     0.055943     0.040970     0.065954
-------------------------------------------------------------
-------------------------------------------------------------
Solution Validates: avg error less than 1.000000e-13 on all three arrays
STREAM version $Revision: 5.10 $
-------------------------------------------------------------
-------------------------------------------------------------
This system uses 8 bytes per array element.
-------------------------------------------------------------
Array size = 10000000 (elements), Offset = 0 (elements)
Memory per array = 76.3 MiB (= 0.1 GiB).
Total memory required = 228.9 MiB (= 0.2 GiB).
Each kernel will be executed 10 times.
 The *best* time for each kernel (excluding the first iteration)
 will be used to compute the reported bandwidth.
-------------------------------------------------------------
Your clock granularity/precision appears to be 1 microseconds.
Each test below will take on the order of 21653 microseconds.
   (= 21653 clock ticks)
Increase the size of the arrays if this shows that
you are not getting at least 20 clock ticks per test.
-------------------------------------------------------------
WARNING -- The above is only a rough guideline.
-------------------------------------------------------------
For best results, please be sure you know the
STREAM version $Revision: 5.10 $
precision of your system timer.
-------------------------------------------------------------
-------------------------------------------------------------
This system uses 8 bytes per array element.
Function    Best Rate MB/s  Avg time     Min time     Max time
-------------------------------------------------------------
Copy:            7918.0     0.026032     0.020207     0.029961
Array size = 10000000 (elements), Offset = 0 (elements)
Scale:           5201.6     0.043628     0.030760     0.049987
Memory per array = 76.3 MiB (= 0.1 GiB).
Add:             5917.5     0.057318     0.040558     0.066942
Total memory required = 228.9 MiB (= 0.2 GiB).
Triad:           5852.3     0.055904     0.041009     0.066931
Each kernel will be executed 10 times.
-------------------------------------------------------------
 The *best* time for each kernel (excluding the first iteration)
Solution Validates: avg error less than 1.000000e-13 on all three arrays
 will be used to compute the reported bandwidth.
-------------------------------------------------------------
-------------------------------------------------------------
Your clock granularity/precision appears to be 1 microseconds.
Each test below will take on the order of 25160 microseconds.
   (= 25160 clock ticks)
Increase the size of the arrays if this shows that
you are not getting at least 20 clock ticks per test.
-------------------------------------------------------------
WARNING -- The above is only a rough guideline.
For best results, please be sure you know the
precision of your system timer.
-------------------------------------------------------------
Function    Best Rate MB/s  Avg time     Min time     Max time
Copy:            7993.6     0.025738     0.020016     0.030560
Scale:           4877.3     0.041890     0.032805     0.048222
Add:             5890.0     0.056696     0.040747     0.066404
Triad:           5863.7     0.057738     0.040930     0.070587
-------------------------------------------------------------
Solution Validates: avg error less than 1.000000e-13 on all three arrays
-------------------------------------------------------------
-------------------------------------------------------------
STREAM version $Revision: 5.10 $
-------------------------------------------------------------
This system uses 8 bytes per array element.
-------------------------------------------------------------
Array size = 10000000 (elements), Offset = 0 (elements)
Memory per array = 76.3 MiB (= 0.1 GiB).
Total memory required = 228.9 MiB (= 0.2 GiB).
Each kernel will be executed 10 times.
 The *best* time for each kernel (excluding the first iteration)
 will be used to compute the reported bandwidth.
-------------------------------------------------------------
Your clock granularity/precision appears to be 1 microseconds.
Each test below will take on the order of 29668 microseconds.
   (= 29668 clock ticks)
Increase the size of the arrays if this shows that
you are not getting at least 20 clock ticks per test.
-------------------------------------------------------------
WARNING -- The above is only a rough guideline.
For best results, please be sure you know the
precision of your system timer.
-------------------------------------------------------------
Function    Best Rate MB/s  Avg time     Min time     Max time
Copy:            8173.6     0.024213     0.019575     0.028586
Scale:           4787.3     0.041581     0.033422     0.047080
Add:             5172.8     0.058147     0.046397     0.066210
Triad:           6585.6     0.058367     0.036443     0.072041
-------------------------------------------------------------
Solution Validates: avg error less than 1.000000e-13 on all three arrays
-------------------------------------------------------------
-------------------------------------------------------------
STREAM version $Revision: 5.10 $
-------------------------------------------------------------
This system uses 8 bytes per array element.
-------------------------------------------------------------
Array size = 10000000 (elements), Offset = 0 (elements)
Memory per array = 76.3 MiB (= 0.1 GiB).
Total memory required = 228.9 MiB (= 0.2 GiB).
Each kernel will be executed 10 times.
 The *best* time for each kernel (excluding the first iteration)
 will be used to compute the reported bandwidth.
-------------------------------------------------------------
Your clock granularity/precision appears to be 1 microseconds.
Each test below will take on the order of 29972 microseconds.
   (= 29972 clock ticks)
Increase the size of the arrays if this shows that
you are not getting at least 20 clock ticks per test.
-------------------------------------------------------------
WARNING -- The above is only a rough guideline.
For best results, please be sure you know the
precision of your system timer.
-------------------------------------------------------------
Function    Best Rate MB/s  Avg time     Min time     Max time
Copy:            7477.6     0.026124     0.021397     0.030490
Scale:           5805.3     0.042088     0.027561     0.049316
Add:             6421.6     0.054975     0.037374     0.066415
Triad:           6012.2     0.056554     0.039919     0.067226
-------------------------------------------------------------
Solution Validates: avg error less than 1.000000e-13 on all three arrays
-------------------------------------------------------------
-------------------------------------------------------------
STREAM version $Revision: 5.10 $
-------------------------------------------------------------
This system uses 8 bytes per array element.
-------------------------------------------------------------
Array size = 10000000 (elements), Offset = 0 (elements)
Memory per array = 76.3 MiB (= 0.1 GiB).
Total memory required = 228.9 MiB (= 0.2 GiB).
Each kernel will be executed 10 times.
 The *best* time for each kernel (excluding the first iteration)
 will be used to compute the reported bandwidth.
-------------------------------------------------------------
Your clock granularity/precision appears to be 1 microseconds.
Each test below will take on the order of 27149 microseconds.
   (= 27149 clock ticks)
Increase the size of the arrays if this shows that
you are not getting at least 20 clock ticks per test.
-------------------------------------------------------------
WARNING -- The above is only a rough guideline.
For best results, please be sure you know the
precision of your system timer.
-------------------------------------------------------------
Function    Best Rate MB/s  Avg time     Min time     Max time
Copy:            6699.6     0.027509     0.023882     0.029930
Scale:           3916.4     0.045711     0.040854     0.048696
Add:             5144.5     0.060223     0.046652     0.065545
Triad:           6373.0     0.060208     0.037659     0.068532
-------------------------------------------------------------
Solution Validates: avg error less than 1.000000e-13 on all three arrays
-------------------------------------------------------------
-------------------------------------------------------------
STREAM version $Revision: 5.10 $
-------------------------------------------------------------
This system uses 8 bytes per array element.
-------------------------------------------------------------
Array size = 10000000 (elements), Offset = 0 (elements)
Memory per array = 76.3 MiB (= 0.1 GiB).
-------------------------------------------------------------
-------------------------------------------------------------
Total memory required = 228.9 MiB (= 0.2 GiB).
-------------------------------------------------------------
STREAM version $Revision: 5.10 $
STREAM version $Revision: 5.10 $
Each kernel will be executed 10 times.
STREAM version $Revision: 5.10 $
-------------------------------------------------------------
-------------------------------------------------------------
 The *best* time for each kernel (excluding the first iteration)
-------------------------------------------------------------
This system uses 8 bytes per array element.
This system uses 8 bytes per array element.
 will be used to compute the reported bandwidth.
This system uses 8 bytes per array element.
-------------------------------------------------------------
-------------------------------------------------------------
-------------------------------------------------------------
-------------------------------------------------------------
Array size = 10000000 (elements), Offset = 0 (elements)
-------------------------------------------------------------
Array size = 10000000 (elements), Offset = 0 (elements)
Your clock granularity/precision appears to be 1 microseconds.
Array size = 10000000 (elements), Offset = 0 (elements)
Memory per array = 76.3 MiB (= 0.1 GiB).
STREAM version $Revision: 5.10 $
Memory per array = 76.3 MiB (= 0.1 GiB).
Each test below will take on the order of 23104 microseconds.
Memory per array = 76.3 MiB (= 0.1 GiB).
Total memory required = 228.9 MiB (= 0.2 GiB).
-------------------------------------------------------------
Total memory required = 228.9 MiB (= 0.2 GiB).
   (= 23104 clock ticks)
Total memory required = 228.9 MiB (= 0.2 GiB).
Each kernel will be executed 10 times.
This system uses 8 bytes per array element.
Each kernel will be executed 10 times.
Increase the size of the arrays if this shows that
Each kernel will be executed 10 times.
 The *best* time for each kernel (excluding the first iteration)
-------------------------------------------------------------
 The *best* time for each kernel (excluding the first iteration)
you are not getting at least 20 clock ticks per test.
 The *best* time for each kernel (excluding the first iteration)
 will be used to compute the reported bandwidth.
Array size = 10000000 (elements), Offset = 0 (elements)
 will be used to compute the reported bandwidth.
-------------------------------------------------------------
 will be used to compute the reported bandwidth.
-------------------------------------------------------------
Memory per array = 76.3 MiB (= 0.1 GiB).
-------------------------------------------------------------
WARNING -- The above is only a rough guideline.
-------------------------------------------------------------
Your clock granularity/precision appears to be 1 microseconds.
Total memory required = 228.9 MiB (= 0.2 GiB).
Your clock granularity/precision appears to be 1 microseconds.
For best results, please be sure you know the
Your clock granularity/precision appears to be 1 microseconds.
Each test below will take on the order of 15220 microseconds.
Each kernel will be executed 10 times.
Each test below will take on the order of 30689 microseconds.
precision of your system timer.
Each test below will take on the order of 31135 microseconds.
   (= 15220 clock ticks)
 The *best* time for each kernel (excluding the first iteration)
   (= 30689 clock ticks)
-------------------------------------------------------------
   (= 31135 clock ticks)
Increase the size of the arrays if this shows that
 will be used to compute the reported bandwidth.
Increase the size of the arrays if this shows that
Function    Best Rate MB/s  Avg time     Min time     Max time
Increase the size of the arrays if this shows that
you are not getting at least 20 clock ticks per test.
-------------------------------------------------------------
you are not getting at least 20 clock ticks per test.
Copy:            7407.1     0.027131     0.021601     0.031530
you are not getting at least 20 clock ticks per test.
-------------------------------------------------------------
Your clock granularity/precision appears to be 1 microseconds.
-------------------------------------------------------------
Scale:           5623.7     0.042899     0.028451     0.050296
-------------------------------------------------------------
WARNING -- The above is only a rough guideline.
Each test below will take on the order of 28457 microseconds.
WARNING -- The above is only a rough guideline.
Add:             5701.1     0.056484     0.042097     0.066534
WARNING -- The above is only a rough guideline.
For best results, please be sure you know the
   (= 28457 clock ticks)
For best results, please be sure you know the
Triad:           6608.5     0.056358     0.036317     0.066998
For best results, please be sure you know the
precision of your system timer.
Increase the size of the arrays if this shows that
precision of your system timer.
-------------------------------------------------------------
precision of your system timer.
-------------------------------------------------------------
you are not getting at least 20 clock ticks per test.
-------------------------------------------------------------
Solution Validates: avg error less than 1.000000e-13 on all three arrays
-------------------------------------------------------------
Function    Best Rate MB/s  Avg time     Min time     Max time
-------------------------------------------------------------
Function    Best Rate MB/s  Avg time     Min time     Max time
-------------------------------------------------------------
Function    Best Rate MB/s  Avg time     Min time     Max time
WARNING -- The above is only a rough guideline.
Copy:            8172.8     0.026025     0.019577     0.031600
Copy:            6631.6     0.026913     0.024127     0.028445
Copy:            6869.3     0.026193     0.023292     0.027962
For best results, please be sure you know the
Scale:           4266.2     0.043415     0.037504     0.048199
Scale:           3916.3     0.048712     0.040855     0.052745
Scale:           4134.2     0.044130     0.038702     0.049066
precision of your system timer.
Add:             5785.8     0.055818     0.041481     0.066533
Add:             5218.5     0.061377     0.045990     0.067363
Add:             5495.9     0.059715     0.043669     0.065570
-------------------------------------------------------------
Triad:           6834.5     0.056754     0.035116     0.068703
Triad:           6342.0     0.059665     0.037843     0.066799
Triad:           6652.6     0.063343     0.036076     0.073742
Function    Best Rate MB/s  Avg time     Min time     Max time
-------------------------------------------------------------
-------------------------------------------------------------
-------------------------------------------------------------
Copy:            8507.9     0.026717     0.018806     0.032374
Solution Validates: avg error less than 1.000000e-13 on all three arrays
Solution Validates: avg error less than 1.000000e-13 on all three arrays
Solution Validates: avg error less than 1.000000e-13 on all three arrays
Scale:           4755.4     0.042717     0.033646     0.047823
-------------------------------------------------------------
-------------------------------------------------------------
-------------------------------------------------------------
-------------------------------------------------------------
Add:             5799.1     0.055940     0.041386     0.066483
STREAM version $Revision: 5.10 $
Triad:           6971.2     0.057329     0.034427     0.069715
-------------------------------------------------------------
-------------------------------------------------------------
This system uses 8 bytes per array element.
Solution Validates: avg error less than 1.000000e-13 on all three arrays
-------------------------------------------------------------
-------------------------------------------------------------
Array size = 10000000 (elements), Offset = 0 (elements)
Memory per array = 76.3 MiB (= 0.1 GiB).
Total memory required = 228.9 MiB (= 0.2 GiB).
Each kernel will be executed 10 times.
 The *best* time for each kernel (excluding the first iteration)
 will be used to compute the reported bandwidth.
-------------------------------------------------------------
Your clock granularity/precision appears to be 1 microseconds.
Each test below will take on the order of 16197 microseconds.
   (= 16197 clock ticks)
Increase the size of the arrays if this shows that
you are not getting at least 20 clock ticks per test.
-------------------------------------------------------------
WARNING -- The above is only a rough guideline.
For best results, please be sure you know the
precision of your system timer.
-------------------------------------------------------------
Function    Best Rate MB/s  Avg time     Min time     Max time
Copy:            6614.3     0.028209     0.024190     0.032191
Scale:           3972.4     0.046318     0.040278     0.050373
Add:             4310.7     0.062703     0.055675     0.066160
Triad:           7636.3     0.060964     0.031429     0.072411
-------------------------------------------------------------
Solution Validates: avg error less than 1.000000e-13 on all three arrays
-------------------------------------------------------------
-------------------------------------------------------------
STREAM version $Revision: 5.10 $
-------------------------------------------------------------
This system uses 8 bytes per array element.
-------------------------------------------------------------
Array size = 10000000 (elements), Offset = 0 (elements)
Memory per array = 76.3 MiB (= 0.1 GiB).
Total memory required = 228.9 MiB (= 0.2 GiB).
Each kernel will be executed 10 times.
 The *best* time for each kernel (excluding the first iteration)
 will be used to compute the reported bandwidth.
-------------------------------------------------------------
Your clock granularity/precision appears to be 1 microseconds.
Each test below will take on the order of 19591 microseconds.
   (= 19591 clock ticks)
Increase the size of the arrays if this shows that
you are not getting at least 20 clock ticks per test.
-------------------------------------------------------------
-------------------------------------------------------------
STREAM version $Revision: 5.10 $
WARNING -- The above is only a rough guideline.
-------------------------------------------------------------
For best results, please be sure you know the
This system uses 8 bytes per array element.
precision of your system timer.
-------------------------------------------------------------
-------------------------------------------------------------
Array size = 10000000 (elements), Offset = 0 (elements)
Function    Best Rate MB/s  Avg time     Min time     Max time
Memory per array = 76.3 MiB (= 0.1 GiB).
Copy:            6810.0     0.026263     0.023495     0.027948
Total memory required = 228.9 MiB (= 0.2 GiB).
Scale:           3723.1     0.049023     0.042975     0.052672
Each kernel will be executed 10 times.
Add:             5575.3     0.060616     0.043047     0.066428
 The *best* time for each kernel (excluding the first iteration)
Triad:           6835.1     0.059105     0.035113     0.066844
-------------------------------------------------------------
 will be used to compute the reported bandwidth.
-------------------------------------------------------------
STREAM version $Revision: 5.10 $
-------------------------------------------------------------
Solution Validates: avg error less than 1.000000e-13 on all three arrays
-------------------------------------------------------------
Your clock granularity/precision appears to be 1 microseconds.
-------------------------------------------------------------
This system uses 8 bytes per array element.
Each test below will take on the order of 21789 microseconds.
-------------------------------------------------------------
   (= 21789 clock ticks)
Array size = 10000000 (elements), Offset = 0 (elements)
Increase the size of the arrays if this shows that
Memory per array = 76.3 MiB (= 0.1 GiB).
you are not getting at least 20 clock ticks per test.
-------------------------------------------------------------
Total memory required = 228.9 MiB (= 0.2 GiB).
-------------------------------------------------------------
STREAM version $Revision: 5.10 $
Each kernel will be executed 10 times.
WARNING -- The above is only a rough guideline.
-------------------------------------------------------------
 The *best* time for each kernel (excluding the first iteration)
For best results, please be sure you know the
This system uses 8 bytes per array element.
 will be used to compute the reported bandwidth.
precision of your system timer.
-------------------------------------------------------------
-------------------------------------------------------------
-------------------------------------------------------------
Array size = 10000000 (elements), Offset = 0 (elements)
Your clock granularity/precision appears to be 1 microseconds.
Function    Best Rate MB/s  Avg time     Min time     Max time
Memory per array = 76.3 MiB (= 0.1 GiB).
Each test below will take on the order of 34135 microseconds.
Copy:            6097.1     0.028725     0.026242     0.030497
Total memory required = 228.9 MiB (= 0.2 GiB).
   (= 34135 clock ticks)
Scale:           4061.5     0.046606     0.039394     0.051268
Each kernel will be executed 10 times.
Increase the size of the arrays if this shows that
Add:             5599.4     0.060085     0.042862     0.066331
 The *best* time for each kernel (excluding the first iteration)
you are not getting at least 20 clock ticks per test.
Triad:           7153.7     0.059697     0.033549     0.067706
 will be used to compute the reported bandwidth.
-------------------------------------------------------------
-------------------------------------------------------------
-------------------------------------------------------------
WARNING -- The above is only a rough guideline.
Solution Validates: avg error less than 1.000000e-13 on all three arrays
Your clock granularity/precision appears to be 1 microseconds.
For best results, please be sure you know the
-------------------------------------------------------------
Each test below will take on the order of 33529 microseconds.
precision of your system timer.
   (= 33529 clock ticks)
-------------------------------------------------------------
Increase the size of the arrays if this shows that
Function    Best Rate MB/s  Avg time     Min time     Max time
you are not getting at least 20 clock ticks per test.
Copy:            6626.9     0.027538     0.024144     0.029510
-------------------------------------------------------------
Scale:           4095.5     0.043792     0.039067     0.046849
WARNING -- The above is only a rough guideline.
Add:             5769.2     0.059741     0.041600     0.066128
For best results, please be sure you know the
Triad:           7495.1     0.061987     0.032021     0.071388
precision of your system timer.
-------------------------------------------------------------
-------------------------------------------------------------
Solution Validates: avg error less than 1.000000e-13 on all three arrays
Function    Best Rate MB/s  Avg time     Min time     Max time
-------------------------------------------------------------
Copy:            6531.1     0.028026     0.024498     0.030046
Scale:           4090.1     0.043972     0.039119     0.047076
Add:             5585.3     0.059939     0.042970     0.066294
Triad:           7577.2     0.061543     0.031674     0.070494
-------------------------------------------------------------
Solution Validates: avg error less than 1.000000e-13 on all three arrays
-------------------------------------------------------------
START OF JOBSPEC
{"resources": [{"type": "node", "count": 1, "with": [{"type": "slot", "count": 56, "with": [{"type": "core", "count": 1}], "label": "task"}]}], "tasks": [{"command": ["stream_c.exe"], "slot": "task", "count": {"per_slot": 1}}], "attributes": {"system": {"duration": 0, "cwd": "/opt/stream", "shell": {"options": {"rlimit": {"cpu": -1, "fsize": -1, "data": -1, "stack": 8388608, "core": -1, "nofile": 1048576, "as": -1, "rss": -1, "nproc": -1}, "cpu-affinity": "per-task"}}, "constraints": {"hostlist": ["flux-sample-73"]}}, "user": {"study_id": "stream-1-iter-1-node-73"}}, "version": 1}
START OF EVENTLOG
{"timestamp":1724448186.7795048,"name":"init"}
{"timestamp":1724448186.7805488,"name":"starting"}
{"timestamp":1724448186.8034594,"name":"shell.init","context":{"service":"0-shell-fNhNhQNs","leader-rank":73,"size":1}}
{"timestamp":1724448186.9859982,"name":"shell.start","context":{"taskmap":{"version":1,"map":[[0,1,56,1]]}}}
{"timestamp":1724448188.2203474,"name":"shell.task-exit","context":{"localid":25,"rank":25,"state":"Exited","pid":93,"wait_status":0,"signaled":0,"exitcode":0}}
{"timestamp":1724448189.3514657,"name":"complete","context":{"status":0}}
{"timestamp":1724448189.3514836,"name":"done"}

