-------------------------------------------------------------
STREAM version $Revision: 5.10 $
-------------------------------------------------------------
This system uses 8 bytes per array element.
-------------------------------------------------------------
Array size = 10000000 (elements), Offset = 0 (elements)
Memory per array = 76.3 MiB (= 0.1 GiB).
Total memory required = 228.9 MiB (= 0.2 GiB).
Each kernel will be executed 10 times.
 The *best* time for each kernel (excluding the first iteration)
 will be used to compute the reported bandwidth.
-------------------------------------------------------------
Your clock granularity/precision appears to be 1 microseconds.
Each test below will take on the order of 14510 microseconds.
   (= 14510 clock ticks)
Increase the size of the arrays if this shows that
you are not getting at least 20 clock ticks per test.
-------------------------------------------------------------
WARNING -- The above is only a rough guideline.
For best results, please be sure you know the
precision of your system timer.
-------------------------------------------------------------
Function    Best Rate MB/s  Avg time     Min time     Max time
Copy:           15170.3     0.013849     0.010547     0.020229
Scale:           9628.7     0.022779     0.016617     0.034709
Add:            11257.6     0.032374     0.021319     0.052544
Triad:          11311.8     0.036266     0.021217     0.056784
-------------------------------------------------------------
Solution Validates: avg error less than 1.000000e-13 on all three arrays
-------------------------------------------------------------
-------------------------------------------------------------
STREAM version $Revision: 5.10 $
-------------------------------------------------------------
This system uses 8 bytes per array element.
-------------------------------------------------------------
Array size = 10000000 (elements), Offset = 0 (elements)
Memory per array = 76.3 MiB (= 0.1 GiB).
Total memory required = 228.9 MiB (= 0.2 GiB).
Each kernel will be executed 10 times.
 The *best* time for each kernel (excluding the first iteration)
 will be used to compute the reported bandwidth.
-------------------------------------------------------------
Your clock granularity/precision appears to be 1 microseconds.
Each test below will take on the order of 21476 microseconds.
   (= 21476 clock ticks)
Increase the size of the arrays if this shows that
you are not getting at least 20 clock ticks per test.
-------------------------------------------------------------
WARNING -- The above is only a rough guideline.
For best results, please be sure you know the
precision of your system timer.
-------------------------------------------------------------
Function    Best Rate MB/s  Avg time     Min time     Max time
Copy:           14590.5     0.016745     0.010966     0.024377
Scale:           9532.4     0.026608     0.016785     0.036765
Add:            11109.0     0.036779     0.021604     0.052615
Triad:          11200.2     0.035025     0.021428     0.052488
-------------------------------------------------------------
Solution Validates: avg error less than 1.000000e-13 on all three arrays
-------------------------------------------------------------
-------------------------------------------------------------
STREAM version $Revision: 5.10 $
-------------------------------------------------------------
This system uses 8 bytes per array element.
-------------------------------------------------------------
Array size = 10000000 (elements), Offset = 0 (elements)
Memory per array = 76.3 MiB (= 0.1 GiB).
Total memory required = 228.9 MiB (= 0.2 GiB).
Each kernel will be executed 10 times.
 The *best* time for each kernel (excluding the first iteration)
 will be used to compute the reported bandwidth.
-------------------------------------------------------------
Your clock granularity/precision appears to be 1 microseconds.
Each test below will take on the order of 25480 microseconds.
   (= 25480 clock ticks)
Increase the size of the arrays if this shows that
you are not getting at least 20 clock ticks per test.
-------------------------------------------------------------
WARNING -- The above is only a rough guideline.
For best results, please be sure you know the
precision of your system timer.
-------------------------------------------------------------
Function    Best Rate MB/s  Avg time     Min time     Max time
Copy:           14864.2     0.014017     0.010764     0.022666
Scale:           9468.5     0.022854     0.016898     0.037699
Add:            10905.6     0.029657     0.022007     0.052435
Triad:          11148.3     0.029806     0.021528     0.052514
-------------------------------------------------------------
Solution Validates: avg error less than 1.000000e-13 on all three arrays
-------------------------------------------------------------
-------------------------------------------------------------
STREAM version $Revision: 5.10 $
-------------------------------------------------------------
This system uses 8 bytes per array element.
-------------------------------------------------------------
Array size = 10000000 (elements), Offset = 0 (elements)
Memory per array = 76.3 MiB (= 0.1 GiB).
Total memory required = 228.9 MiB (= 0.2 GiB).
Each kernel will be executed 10 times.
 The *best* time for each kernel (excluding the first iteration)
 will be used to compute the reported bandwidth.
-------------------------------------------------------------
Your clock granularity/precision appears to be 1 microseconds.
Each test below will take on the order of 23299 microseconds.
   (= 23299 clock ticks)
Increase the size of the arrays if this shows that
you are not getting at least 20 clock ticks per test.
-------------------------------------------------------------
WARNING -- The above is only a rough guideline.
For best results, please be sure you know the
precision of your system timer.
-------------------------------------------------------------
Function    Best Rate MB/s  Avg time     Min time     Max time
Copy:           14398.9     0.017835     0.011112     0.024242
Scale:           9205.5     0.028887     0.017381     0.038430
Add:            11412.3     0.039493     0.021030     0.053988
Triad:          11780.8     0.040287     0.020372     0.056692
-------------------------------------------------------------
Solution Validates: avg error less than 1.000000e-13 on all three arrays
-------------------------------------------------------------
-------------------------------------------------------------
STREAM version $Revision: 5.10 $
-------------------------------------------------------------
This system uses 8 bytes per array element.
-------------------------------------------------------------
Array size = 10000000 (elements), Offset = 0 (elements)
Memory per array = 76.3 MiB (= 0.1 GiB).
Total memory required = 228.9 MiB (= 0.2 GiB).
Each kernel will be executed 10 times.
 The *best* time for each kernel (excluding the first iteration)
 will be used to compute the reported bandwidth.
-------------------------------------------------------------
Your clock granularity/precision appears to be 1 microseconds.
Each test below will take on the order of 22428 microseconds.
   (= 22428 clock ticks)
Increase the size of the arrays if this shows that
you are not getting at least 20 clock ticks per test.
-------------------------------------------------------------
WARNING -- The above is only a rough guideline.
For best results, please be sure you know the
precision of your system timer.
-------------------------------------------------------------
Function    Best Rate MB/s  Avg time     Min time     Max time
Copy:           16257.0     0.019091     0.009842     0.024790
Scale:          10272.1     0.030496     0.015576     0.035812
Add:            13241.3     0.041643     0.018125     0.054237
Triad:          13593.2     0.042266     0.017656     0.056782
-------------------------------------------------------------
Solution Validates: avg error less than 1.000000e-13 on all three arrays
-------------------------------------------------------------
-------------------------------------------------------------
STREAM version $Revision: 5.10 $
-------------------------------------------------------------
This system uses 8 bytes per array element.
-------------------------------------------------------------
Array size = 10000000 (elements), Offset = 0 (elements)
Memory per array = 76.3 MiB (= 0.1 GiB).
Total memory required = 228.9 MiB (= 0.2 GiB).
Each kernel will be executed 10 times.
 The *best* time for each kernel (excluding the first iteration)
 will be used to compute the reported bandwidth.
-------------------------------------------------------------
Your clock granularity/precision appears to be 1 microseconds.
Each test below will take on the order of 25407 microseconds.
   (= 25407 clock ticks)
Increase the size of the arrays if this shows that
you are not getting at least 20 clock ticks per test.
-------------------------------------------------------------
WARNING -- The above is only a rough guideline.
For best results, please be sure you know the
precision of your system timer.
-------------------------------------------------------------
Function    Best Rate MB/s  Avg time     Min time     Max time
Copy:           14715.6     0.015425     0.010873     0.020831
Scale:           9555.0     0.028638     0.016745     0.040267
Add:            11047.2     0.039913     0.021725     0.056232
Triad:          11403.0     0.040617     0.021047     0.052800
-------------------------------------------------------------
Solution Validates: avg error less than 1.000000e-13 on all three arrays
-------------------------------------------------------------
-------------------------------------------------------------
STREAM version $Revision: 5.10 $
-------------------------------------------------------------
This system uses 8 bytes per array element.
-------------------------------------------------------------
Array size = 10000000 (elements), Offset = 0 (elements)
Memory per array = 76.3 MiB (= 0.1 GiB).
Total memory required = 228.9 MiB (= 0.2 GiB).
Each kernel will be executed 10 times.
 The *best* time for each kernel (excluding the first iteration)
 will be used to compute the reported bandwidth.
-------------------------------------------------------------
Your clock granularity/precision appears to be 1 microseconds.
Each test below will take on the order of 22957 microseconds.
   (= 22957 clock ticks)
Increase the size of the arrays if this shows that
you are not getting at least 20 clock ticks per test.
-------------------------------------------------------------
WARNING -- The above is only a rough guideline.
For best results, please be sure you know the
precision of your system timer.
-------------------------------------------------------------
Function    Best Rate MB/s  Avg time     Min time     Max time
Copy:           12133.0     0.019840     0.013187     0.024878
Scale:           7959.9     0.031777     0.020101     0.037126
Add:             9430.6     0.042949     0.025449     0.052207
Triad:           9675.4     0.042432     0.024805     0.051916
-------------------------------------------------------------
Solution Validates: avg error less than 1.000000e-13 on all three arrays
-------------------------------------------------------------
-------------------------------------------------------------
STREAM version $Revision: 5.10 $
-------------------------------------------------------------
This system uses 8 bytes per array element.
-------------------------------------------------------------
Array size = 10000000 (elements), Offset = 0 (elements)
Memory per array = 76.3 MiB (= 0.1 GiB).
Total memory required = 228.9 MiB (= 0.2 GiB).
Each kernel will be executed 10 times.
 The *best* time for each kernel (excluding the first iteration)
 will be used to compute the reported bandwidth.
-------------------------------------------------------------
Your clock granularity/precision appears to be 1 microseconds.
Each test below will take on the order of 20949 microseconds.
   (= 20949 clock ticks)
Increase the size of the arrays if this shows that
you are not getting at least 20 clock ticks per test.
-------------------------------------------------------------
WARNING -- The above is only a rough guideline.
For best results, please be sure you know the
precision of your system timer.
-------------------------------------------------------------
Function    Best Rate MB/s  Avg time     Min time     Max time
Copy:           12327.6     0.019403     0.012979     0.022857
Scale:           7931.0     0.032300     0.020174     0.037740
Add:             8550.6     0.043341     0.028068     0.052316
Triad:           8702.9     0.042947     0.027577     0.052230
-------------------------------------------------------------
Solution Validates: avg error less than 1.000000e-13 on all three arrays
-------------------------------------------------------------
-------------------------------------------------------------
STREAM version $Revision: 5.10 $
-------------------------------------------------------------
This system uses 8 bytes per array element.
-------------------------------------------------------------
Array size = 10000000 (elements), Offset = 0 (elements)
Memory per array = 76.3 MiB (= 0.1 GiB).
Total memory required = 228.9 MiB (= 0.2 GiB).
Each kernel will be executed 10 times.
 The *best* time for each kernel (excluding the first iteration)
 will be used to compute the reported bandwidth.
-------------------------------------------------------------
Your clock granularity/precision appears to be 1 microseconds.
Each test below will take on the order of 10977 microseconds.
   (= 10977 clock ticks)
Increase the size of the arrays if this shows that
you are not getting at least 20 clock ticks per test.
-------------------------------------------------------------
WARNING -- The above is only a rough guideline.
For best results, please be sure you know the
precision of your system timer.
-------------------------------------------------------------
Function    Best Rate MB/s  Avg time     Min time     Max time
Copy:           11090.4     0.023960     0.014427     0.027644
Scale:           5790.4     0.041296     0.027632     0.046218
Add:             6412.8     0.062717     0.037425     0.071545
Triad:           5684.8     0.058153     0.042218     0.064910
-------------------------------------------------------------
Solution Validates: avg error less than 1.000000e-13 on all three arrays
-------------------------------------------------------------
-------------------------------------------------------------
STREAM version $Revision: 5.10 $
-------------------------------------------------------------
This system uses 8 bytes per array element.
-------------------------------------------------------------
Array size = 10000000 (elements), Offset = 0 (elements)
Memory per array = 76.3 MiB (= 0.1 GiB).
Total memory required = 228.9 MiB (= 0.2 GiB).
Each kernel will be executed 10 times.
 The *best* time for each kernel (excluding the first iteration)
 will be used to compute the reported bandwidth.
-------------------------------------------------------------
Your clock granularity/precision appears to be 1 microseconds.
Each test below will take on the order of 7220 microseconds.
   (= 7220 clock ticks)
Increase the size of the arrays if this shows that
you are not getting at least 20 clock ticks per test.
-------------------------------------------------------------
WARNING -- The above is only a rough guideline.
For best results, please be sure you know the
precision of your system timer.
-------------------------------------------------------------
Function    Best Rate MB/s  Avg time     Min time     Max time
Copy:            7425.6     0.026341     0.021547     0.028820
Scale:           4312.4     0.043613     0.037102     0.045726
Add:             4125.6     0.065839     0.058173     0.070103
Triad:           4164.1     0.064902     0.057636     0.068297
-------------------------------------------------------------
Solution Validates: avg error less than 1.000000e-13 on all three arrays
-------------------------------------------------------------
-------------------------------------------------------------
STREAM version $Revision: 5.10 $
-------------------------------------------------------------
This system uses 8 bytes per array element.
-------------------------------------------------------------
Array size = 10000000 (elements), Offset = 0 (elements)
Memory per array = 76.3 MiB (= 0.1 GiB).
Total memory required = 228.9 MiB (= 0.2 GiB).
Each kernel will be executed 10 times.
 The *best* time for each kernel (excluding the first iteration)
 will be used to compute the reported bandwidth.
-------------------------------------------------------------
Your clock granularity/precision appears to be 1 microseconds.
Each test below will take on the order of 7467 microseconds.
   (= 7467 clock ticks)
Increase the size of the arrays if this shows that
you are not getting at least 20 clock ticks per test.
-------------------------------------------------------------
WARNING -- The above is only a rough guideline.
For best results, please be sure you know the
precision of your system timer.
-------------------------------------------------------------
Function    Best Rate MB/s  Avg time     Min time     Max time
Copy:            7165.9     0.026865     0.022328     0.029546
Scale:           4286.5     0.043208     0.037326     0.045700
Add:             4195.4     0.066163     0.057205     0.070806
Triad:           4099.3     0.066168     0.058547     0.069400
-------------------------------------------------------------
Solution Validates: avg error less than 1.000000e-13 on all three arrays
-------------------------------------------------------------
-------------------------------------------------------------
STREAM version $Revision: 5.10 $
-------------------------------------------------------------
This system uses 8 bytes per array element.
-------------------------------------------------------------
Array size = 10000000 (elements), Offset = 0 (elements)
Memory per array = 76.3 MiB (= 0.1 GiB).
Total memory required = 228.9 MiB (= 0.2 GiB).
Each kernel will be executed 10 times.
 The *best* time for each kernel (excluding the first iteration)
 will be used to compute the reported bandwidth.
-------------------------------------------------------------
Your clock granularity/precision appears to be 1 microseconds.
Each test below will take on the order of 11501 microseconds.
   (= 11501 clock ticks)
Increase the size of the arrays if this shows that
you are not getting at least 20 clock ticks per test.
-------------------------------------------------------------
WARNING -- The above is only a rough guideline.
For best results, please be sure you know the
precision of your system timer.
-------------------------------------------------------------
Function    Best Rate MB/s  Avg time     Min time     Max time
Copy:            9584.9     0.024324     0.016693     0.027511
Scale:           5689.1     0.040959     0.028124     0.047344
Add:             4631.9     0.065550     0.051815     0.071675
Triad:           5517.4     0.059925     0.043499     0.065765
-------------------------------------------------------------
Solution Validates: avg error less than 1.000000e-13 on all three arrays
-------------------------------------------------------------
-------------------------------------------------------------
STREAM version $Revision: 5.10 $
-------------------------------------------------------------
This system uses 8 bytes per array element.
-------------------------------------------------------------
Array size = 10000000 (elements), Offset = 0 (elements)
Memory per array = 76.3 MiB (= 0.1 GiB).
Total memory required = 228.9 MiB (= 0.2 GiB).
Each kernel will be executed 10 times.
 The *best* time for each kernel (excluding the first iteration)
 will be used to compute the reported bandwidth.
-------------------------------------------------------------
Your clock granularity/precision appears to be 1 microseconds.
Each test below will take on the order of 15155 microseconds.
   (= 15155 clock ticks)
Increase the size of the arrays if this shows that
you are not getting at least 20 clock ticks per test.
-------------------------------------------------------------
WARNING -- The above is only a rough guideline.
For best results, please be sure you know the
precision of your system timer.
-------------------------------------------------------------
Function    Best Rate MB/s  Avg time     Min time     Max time
Copy:            7516.7     0.024440     0.021286     0.026182
Scale:           4230.5     0.042544     0.037821     0.045108
Add:             4183.2     0.066291     0.057372     0.070344
Triad:           4650.9     0.066505     0.051603     0.070979
-------------------------------------------------------------
Solution Validates: avg error less than 1.000000e-13 on all three arrays
-------------------------------------------------------------
-------------------------------------------------------------
STREAM version $Revision: 5.10 $
-------------------------------------------------------------
This system uses 8 bytes per array element.
-------------------------------------------------------------
Array size = 10000000 (elements), Offset = 0 (elements)
Memory per array = 76.3 MiB (= 0.1 GiB).
Total memory required = 228.9 MiB (= 0.2 GiB).
Each kernel will be executed 10 times.
 The *best* time for each kernel (excluding the first iteration)
 will be used to compute the reported bandwidth.
-------------------------------------------------------------
Your clock granularity/precision appears to be 1 microseconds.
Each test below will take on the order of 9636 microseconds.
   (= 9636 clock ticks)
Increase the size of the arrays if this shows that
you are not getting at least 20 clock ticks per test.
-------------------------------------------------------------
WARNING -- The above is only a rough guideline.
-------------------------------------------------------------
For best results, please be sure you know the
STREAM version $Revision: 5.10 $
precision of your system timer.
-------------------------------------------------------------
-------------------------------------------------------------
This system uses 8 bytes per array element.
Function    Best Rate MB/s  Avg time     Min time     Max time
-------------------------------------------------------------
Copy:            6841.7     0.026192     0.023386     0.027594
Array size = 10000000 (elements), Offset = 0 (elements)
Scale:           3948.5     0.046192     0.040522     0.049276
Memory per array = 76.3 MiB (= 0.1 GiB).
Add:             4138.1     0.065450     0.057998     0.068854
Total memory required = 228.9 MiB (= 0.2 GiB).
Triad:           4298.5     0.063717     0.055833     0.067534
Each kernel will be executed 10 times.
-------------------------------------------------------------
 The *best* time for each kernel (excluding the first iteration)
Solution Validates: avg error less than 1.000000e-13 on all three arrays
 will be used to compute the reported bandwidth.
-------------------------------------------------------------
-------------------------------------------------------------
Your clock granularity/precision appears to be 1 microseconds.
Each test below will take on the order of 9263 microseconds.
   (= 9263 clock ticks)
Increase the size of the arrays if this shows that
you are not getting at least 20 clock ticks per test.
-------------------------------------------------------------
WARNING -- The above is only a rough guideline.
For best results, please be sure you know the
precision of your system timer.
-------------------------------------------------------------
Function    Best Rate MB/s  Avg time     Min time     Max time
Copy:            6756.5     0.026470     0.023681     0.028127
Scale:           3951.5     0.046565     0.040491     0.049822
Add:             4131.9     0.065484     0.058084     0.069093
Triad:           4341.7     0.063598     0.055278     0.067229
-------------------------------------------------------------
Solution Validates: avg error less than 1.000000e-13 on all three arrays
-------------------------------------------------------------
-------------------------------------------------------------
STREAM version $Revision: 5.10 $
-------------------------------------------------------------
This system uses 8 bytes per array element.
-------------------------------------------------------------
Array size = 10000000 (elements), Offset = 0 (elements)
Memory per array = 76.3 MiB (= 0.1 GiB).
Total memory required = 228.9 MiB (= 0.2 GiB).
Each kernel will be executed 10 times.
 The *best* time for each kernel (excluding the first iteration)
 will be used to compute the reported bandwidth.
-------------------------------------------------------------
Your clock granularity/precision appears to be 1 microseconds.
Each test below will take on the order of 20338 microseconds.
   (= 20338 clock ticks)
Increase the size of the arrays if this shows that
you are not getting at least 20 clock ticks per test.
-------------------------------------------------------------
WARNING -- The above is only a rough guideline.
For best results, please be sure you know the
precision of your system timer.
-------------------------------------------------------------
Function    Best Rate MB/s  Avg time     Min time     Max time
Copy:            9146.5     0.024738     0.017493     0.030480
Scale:           4880.6     0.043268     0.032783     0.049627
Add:             5751.1     0.060574     0.041731     0.067734
Triad:           7796.0     0.060960     0.030785     0.072422
-------------------------------------------------------------
Solution Validates: avg error less than 1.000000e-13 on all three arrays
-------------------------------------------------------------
-------------------------------------------------------------
-------------------------------------------------------------
STREAM version $Revision: 5.10 $
STREAM version $Revision: 5.10 $
-------------------------------------------------------------
-------------------------------------------------------------
This system uses 8 bytes per array element.
This system uses 8 bytes per array element.
-------------------------------------------------------------
-------------------------------------------------------------
Array size = 10000000 (elements), Offset = 0 (elements)
Array size = 10000000 (elements), Offset = 0 (elements)
Memory per array = 76.3 MiB (= 0.1 GiB).
Memory per array = 76.3 MiB (= 0.1 GiB).
Total memory required = 228.9 MiB (= 0.2 GiB).
Total memory required = 228.9 MiB (= 0.2 GiB).
Each kernel will be executed 10 times.
Each kernel will be executed 10 times.
 The *best* time for each kernel (excluding the first iteration)
 The *best* time for each kernel (excluding the first iteration)
 will be used to compute the reported bandwidth.
 will be used to compute the reported bandwidth.
-------------------------------------------------------------
-------------------------------------------------------------
Your clock granularity/precision appears to be 1 microseconds.
-------------------------------------------------------------
Your clock granularity/precision appears to be 1 microseconds.
Each test below will take on the order of 14829 microseconds.
STREAM version $Revision: 5.10 $
Each test below will take on the order of 19134 microseconds.
   (= 14829 clock ticks)
-------------------------------------------------------------
   (= 19134 clock ticks)
Increase the size of the arrays if this shows that
This system uses 8 bytes per array element.
Increase the size of the arrays if this shows that
you are not getting at least 20 clock ticks per test.
-------------------------------------------------------------
you are not getting at least 20 clock ticks per test.
-------------------------------------------------------------
Array size = 10000000 (elements), Offset = 0 (elements)
-------------------------------------------------------------
WARNING -- The above is only a rough guideline.
Memory per array = 76.3 MiB (= 0.1 GiB).
WARNING -- The above is only a rough guideline.
For best results, please be sure you know the
Total memory required = 228.9 MiB (= 0.2 GiB).
For best results, please be sure you know the
precision of your system timer.
Each kernel will be executed 10 times.
precision of your system timer.
-------------------------------------------------------------
 The *best* time for each kernel (excluding the first iteration)
-------------------------------------------------------------
Function    Best Rate MB/s  Avg time     Min time     Max time
 will be used to compute the reported bandwidth.
Function    Best Rate MB/s  Avg time     Min time     Max time
Copy:            7157.9     0.025554     0.022353     0.027320
-------------------------------------------------------------
-------------------------------------------------------------
-------------------------------------------------------------
Copy:            8824.8     0.027915     0.018131     0.031831
-------------------------------------------------------------
-------------------------------------------------------------
-------------------------------------------------------------
Scale:           4118.8     0.043398     0.038846     0.045967
Your clock granularity/precision appears to be 1 microseconds.
STREAM version $Revision: 5.10 $
STREAM version $Revision: 5.10 $
Scale:           4869.1     0.044429     0.032860     0.050625
STREAM version $Revision: 5.10 $
STREAM version $Revision: 5.10 $
STREAM version $Revision: 5.10 $
Add:             4139.3     0.065860     0.057981     0.069353
Each test below will take on the order of 20333 microseconds.
-------------------------------------------------------------
-------------------------------------------------------------
Add:             5541.1     0.058726     0.043313     0.065986
-------------------------------------------------------------
-------------------------------------------------------------
-------------------------------------------------------------
Triad:           4438.8     0.066963     0.054069     0.071543
   (= 20333 clock ticks)
This system uses 8 bytes per array element.
This system uses 8 bytes per array element.
Triad:           6140.3     0.056892     0.039086     0.065910
This system uses 8 bytes per array element.
This system uses 8 bytes per array element.
This system uses 8 bytes per array element.
-------------------------------------------------------------
Increase the size of the arrays if this shows that
-------------------------------------------------------------
-------------------------------------------------------------
-------------------------------------------------------------
-------------------------------------------------------------
-------------------------------------------------------------
-------------------------------------------------------------
Solution Validates: avg error less than 1.000000e-13 on all three arrays
you are not getting at least 20 clock ticks per test.
Array size = 10000000 (elements), Offset = 0 (elements)
Array size = 10000000 (elements), Offset = 0 (elements)
Solution Validates: avg error less than 1.000000e-13 on all three arrays
Array size = 10000000 (elements), Offset = 0 (elements)
Array size = 10000000 (elements), Offset = 0 (elements)
Array size = 10000000 (elements), Offset = 0 (elements)
-------------------------------------------------------------
-------------------------------------------------------------
Memory per array = 76.3 MiB (= 0.1 GiB).
Memory per array = 76.3 MiB (= 0.1 GiB).
-------------------------------------------------------------
Memory per array = 76.3 MiB (= 0.1 GiB).
Memory per array = 76.3 MiB (= 0.1 GiB).
Memory per array = 76.3 MiB (= 0.1 GiB).
WARNING -- The above is only a rough guideline.
Total memory required = 228.9 MiB (= 0.2 GiB).
Total memory required = 228.9 MiB (= 0.2 GiB).
Total memory required = 228.9 MiB (= 0.2 GiB).
Total memory required = 228.9 MiB (= 0.2 GiB).
Total memory required = 228.9 MiB (= 0.2 GiB).
For best results, please be sure you know the
Each kernel will be executed 10 times.
Each kernel will be executed 10 times.
Each kernel will be executed 10 times.
Each kernel will be executed 10 times.
Each kernel will be executed 10 times.
precision of your system timer.
 The *best* time for each kernel (excluding the first iteration)
 The *best* time for each kernel (excluding the first iteration)
 The *best* time for each kernel (excluding the first iteration)
 The *best* time for each kernel (excluding the first iteration)
 The *best* time for each kernel (excluding the first iteration)
-------------------------------------------------------------
 will be used to compute the reported bandwidth.
 will be used to compute the reported bandwidth.
 will be used to compute the reported bandwidth.
 will be used to compute the reported bandwidth.
 will be used to compute the reported bandwidth.
Function    Best Rate MB/s  Avg time     Min time     Max time
-------------------------------------------------------------
-------------------------------------------------------------
-------------------------------------------------------------
-------------------------------------------------------------
-------------------------------------------------------------
Copy:            7618.3     0.024196     0.021002     0.025622
Your clock granularity/precision appears to be 1 microseconds.
Your clock granularity/precision appears to be 1 microseconds.
Your clock granularity/precision appears to be 1 microseconds.
Your clock granularity/precision appears to be 1 microseconds.
Your clock granularity/precision appears to be 1 microseconds.
Scale:           4310.2     0.047687     0.037121     0.051322
Each test below will take on the order of 24487 microseconds.
Each test below will take on the order of 24875 microseconds.
Each test below will take on the order of 17863 microseconds.
Each test below will take on the order of 23524 microseconds.
Each test below will take on the order of 21304 microseconds.
Add:             5101.3     0.064647     0.047047     0.069720
   (= 24487 clock ticks)
   (= 24875 clock ticks)
   (= 17863 clock ticks)
   (= 23524 clock ticks)
   (= 21304 clock ticks)
Triad:           8992.1     0.059012     0.026690     0.066128
Increase the size of the arrays if this shows that
Increase the size of the arrays if this shows that
Increase the size of the arrays if this shows that
Increase the size of the arrays if this shows that
Increase the size of the arrays if this shows that
-------------------------------------------------------------
you are not getting at least 20 clock ticks per test.
you are not getting at least 20 clock ticks per test.
you are not getting at least 20 clock ticks per test.
you are not getting at least 20 clock ticks per test.
you are not getting at least 20 clock ticks per test.
Solution Validates: avg error less than 1.000000e-13 on all three arrays
-------------------------------------------------------------
-------------------------------------------------------------
-------------------------------------------------------------
-------------------------------------------------------------
-------------------------------------------------------------
-------------------------------------------------------------
WARNING -- The above is only a rough guideline.
WARNING -- The above is only a rough guideline.
WARNING -- The above is only a rough guideline.
WARNING -- The above is only a rough guideline.
WARNING -- The above is only a rough guideline.
For best results, please be sure you know the
For best results, please be sure you know the
For best results, please be sure you know the
For best results, please be sure you know the
For best results, please be sure you know the
precision of your system timer.
precision of your system timer.
precision of your system timer.
precision of your system timer.
precision of your system timer.
-------------------------------------------------------------
-------------------------------------------------------------
-------------------------------------------------------------
-------------------------------------------------------------
-------------------------------------------------------------
Function    Best Rate MB/s  Avg time     Min time     Max time
Function    Best Rate MB/s  Avg time     Min time     Max time
Function    Best Rate MB/s  Avg time     Min time     Max time
Function    Best Rate MB/s  Avg time     Min time     Max time
Function    Best Rate MB/s  Avg time     Min time     Max time
Copy:            8506.6     0.026960     0.018809     0.030843
Copy:            8293.5     0.026979     0.019292     0.030826
Copy:            7679.4     0.027160     0.020835     0.030227
Copy:            8099.7     0.024738     0.019754     0.029230
Copy:            7595.2     0.023852     0.021066     0.025437
Scale:           4772.0     0.042280     0.033529     0.046610
Scale:           4795.2     0.042129     0.033367     0.046516
Scale:           4658.8     0.045230     0.034344     0.050900
Scale:           5209.3     0.041249     0.030714     0.048652
Scale:           4179.2     0.043626     0.038285     0.046082
Add:             5518.6     0.058657     0.043489     0.066013
Add:             5509.9     0.058897     0.043558     0.066134
Add:             4595.2     0.062351     0.052229     0.066312
Add:             6523.5     0.062751     0.036790     0.073254
Add:             4647.0     0.066704     0.051646     0.071579
Triad:           6662.3     0.059550     0.036024     0.069235
Triad:           5646.1     0.059626     0.042507     0.069233
Triad:           7077.2     0.058705     0.033912     0.065713
Triad:           8421.9     0.061080     0.028497     0.072133
Triad:           7244.2     0.063493     0.033130     0.070844
-------------------------------------------------------------
-------------------------------------------------------------
-------------------------------------------------------------
-------------------------------------------------------------
-------------------------------------------------------------
Solution Validates: avg error less than 1.000000e-13 on all three arrays
Solution Validates: avg error less than 1.000000e-13 on all three arrays
Solution Validates: avg error less than 1.000000e-13 on all three arrays
Solution Validates: avg error less than 1.000000e-13 on all three arrays
Solution Validates: avg error less than 1.000000e-13 on all three arrays
-------------------------------------------------------------
-------------------------------------------------------------
-------------------------------------------------------------
-------------------------------------------------------------
-------------------------------------------------------------
-------------------------------------------------------------
STREAM version $Revision: 5.10 $
-------------------------------------------------------------
This system uses 8 bytes per array element.
-------------------------------------------------------------
Array size = 10000000 (elements), Offset = 0 (elements)
Memory per array = 76.3 MiB (= 0.1 GiB).
Total memory required = 228.9 MiB (= 0.2 GiB).
Each kernel will be executed 10 times.
 The *best* time for each kernel (excluding the first iteration)
-------------------------------------------------------------
 will be used to compute the reported bandwidth.
STREAM version $Revision: 5.10 $
-------------------------------------------------------------
-------------------------------------------------------------
Your clock granularity/precision appears to be 1 microseconds.
This system uses 8 bytes per array element.
Each test below will take on the order of 31635 microseconds.
-------------------------------------------------------------
   (= 31635 clock ticks)
Array size = 10000000 (elements), Offset = 0 (elements)
Increase the size of the arrays if this shows that
Memory per array = 76.3 MiB (= 0.1 GiB).
you are not getting at least 20 clock ticks per test.
Total memory required = 228.9 MiB (= 0.2 GiB).
-------------------------------------------------------------
Each kernel will be executed 10 times.
WARNING -- The above is only a rough guideline.
 The *best* time for each kernel (excluding the first iteration)
For best results, please be sure you know the
 will be used to compute the reported bandwidth.
precision of your system timer.
-------------------------------------------------------------
-------------------------------------------------------------
Your clock granularity/precision appears to be 1 microseconds.
Function    Best Rate MB/s  Avg time     Min time     Max time
Each test below will take on the order of 31029 microseconds.
Copy:           12210.9     0.026770     0.013103     0.031899
   (= 31029 clock ticks)
Scale:           8300.9     0.043474     0.019275     0.049358
Increase the size of the arrays if this shows that
Add:             9035.1     0.057718     0.026563     0.066065
you are not getting at least 20 clock ticks per test.
Triad:          10134.7     0.056176     0.023681     0.065254
-------------------------------------------------------------
-------------------------------------------------------------
WARNING -- The above is only a rough guideline.
Solution Validates: avg error less than 1.000000e-13 on all three arrays
For best results, please be sure you know the
-------------------------------------------------------------
precision of your system timer.
-------------------------------------------------------------
Function    Best Rate MB/s  Avg time     Min time     Max time
Copy:           12524.5     0.028335     0.012775     0.033121
Scale:           8248.3     0.042771     0.019398     0.048414
Add:             9004.6     0.057347     0.026653     0.065949
Triad:          10110.8     0.055835     0.023737     0.066197
-------------------------------------------------------------
Solution Validates: avg error less than 1.000000e-13 on all three arrays
-------------------------------------------------------------
-------------------------------------------------------------
STREAM version $Revision: 5.10 $
-------------------------------------------------------------
This system uses 8 bytes per array element.
-------------------------------------------------------------
Array size = 10000000 (elements), Offset = 0 (elements)
Memory per array = 76.3 MiB (= 0.1 GiB).
Total memory required = 228.9 MiB (= 0.2 GiB).
Each kernel will be executed 10 times.
 The *best* time for each kernel (excluding the first iteration)
 will be used to compute the reported bandwidth.
-------------------------------------------------------------
Your clock granularity/precision appears to be 1 microseconds.
Each test below will take on the order of 29809 microseconds.
   (= 29809 clock ticks)
Increase the size of the arrays if this shows that
you are not getting at least 20 clock ticks per test.
-------------------------------------------------------------
WARNING -- The above is only a rough guideline.
For best results, please be sure you know the
precision of your system timer.
-------------------------------------------------------------
Function    Best Rate MB/s  Avg time     Min time     Max time
Copy:           12074.5     0.030011     0.013251     0.034714
Scale:           8229.2     0.042012     0.019443     0.047406
Add:             9261.8     0.057372     0.025913     0.065671
Triad:           9213.4     0.055853     0.026049     0.066164
-------------------------------------------------------------
Solution Validates: avg error less than 1.000000e-13 on all three arrays
-------------------------------------------------------------
-------------------------------------------------------------
STREAM version $Revision: 5.10 $
-------------------------------------------------------------
This system uses 8 bytes per array element.
-------------------------------------------------------------
Array size = 10000000 (elements), Offset = 0 (elements)
Memory per array = 76.3 MiB (= 0.1 GiB).
Total memory required = 228.9 MiB (= 0.2 GiB).
Each kernel will be executed 10 times.
 The *best* time for each kernel (excluding the first iteration)
 will be used to compute the reported bandwidth.
-------------------------------------------------------------
Your clock granularity/precision appears to be 1 microseconds.
Each test below will take on the order of 31317 microseconds.
   (= 31317 clock ticks)
Increase the size of the arrays if this shows that
you are not getting at least 20 clock ticks per test.
-------------------------------------------------------------
WARNING -- The above is only a rough guideline.
For best results, please be sure you know the
precision of your system timer.
-------------------------------------------------------------
Function    Best Rate MB/s  Avg time     Min time     Max time
Copy:           12453.2     0.028758     0.012848     0.033187
Scale:           8400.3     0.042676     0.019047     0.047881
Add:             9291.5     0.057271     0.025830     0.065685
Triad:           9677.4     0.055536     0.024800     0.066234
-------------------------------------------------------------
Solution Validates: avg error less than 1.000000e-13 on all three arrays
-------------------------------------------------------------
-------------------------------------------------------------
STREAM version $Revision: 5.10 $
-------------------------------------------------------------
This system uses 8 bytes per array element.
-------------------------------------------------------------
Array size = 10000000 (elements), Offset = 0 (elements)
Memory per array = 76.3 MiB (= 0.1 GiB).
Total memory required = 228.9 MiB (= 0.2 GiB).
Each kernel will be executed 10 times.
 The *best* time for each kernel (excluding the first iteration)
 will be used to compute the reported bandwidth.
-------------------------------------------------------------
Your clock granularity/precision appears to be 1 microseconds.
Each test below will take on the order of 29356 microseconds.
   (= 29356 clock ticks)
Increase the size of the arrays if this shows that
you are not getting at least 20 clock ticks per test.
-------------------------------------------------------------
-------------------------------------------------------------
STREAM version $Revision: 5.10 $
WARNING -- The above is only a rough guideline.
-------------------------------------------------------------
For best results, please be sure you know the
This system uses 8 bytes per array element.
precision of your system timer.
-------------------------------------------------------------
-------------------------------------------------------------
Array size = 10000000 (elements), Offset = 0 (elements)
Function    Best Rate MB/s  Avg time     Min time     Max time
Memory per array = 76.3 MiB (= 0.1 GiB).
Copy:           11776.0     0.030474     0.013587     0.034764
Total memory required = 228.9 MiB (= 0.2 GiB).
Scale:           8278.1     0.042215     0.019328     0.047831
Each kernel will be executed 10 times.
Add:            10017.1     0.056917     0.023959     0.065594
 The *best* time for each kernel (excluding the first iteration)
Triad:           8646.4     0.055701     0.027757     0.065614
 will be used to compute the reported bandwidth.
-------------------------------------------------------------
-------------------------------------------------------------
Solution Validates: avg error less than 1.000000e-13 on all three arrays
Your clock granularity/precision appears to be 1 microseconds.
-------------------------------------------------------------
Each test below will take on the order of 29000 microseconds.
   (= 29000 clock ticks)
Increase the size of the arrays if this shows that
you are not getting at least 20 clock ticks per test.
-------------------------------------------------------------
WARNING -- The above is only a rough guideline.
For best results, please be sure you know the
precision of your system timer.
-------------------------------------------------------------
Function    Best Rate MB/s  Avg time     Min time     Max time
Copy:           12059.1     0.030801     0.013268     0.035654
Scale:           8504.7     0.041850     0.018813     0.047597
Add:            10090.9     0.056784     0.023784     0.065735
Triad:           9680.6     0.056018     0.024792     0.065620
-------------------------------------------------------------
Solution Validates: avg error less than 1.000000e-13 on all three arrays
-------------------------------------------------------------
-------------------------------------------------------------
STREAM version $Revision: 5.10 $
-------------------------------------------------------------
This system uses 8 bytes per array element.
-------------------------------------------------------------
Array size = 10000000 (elements), Offset = 0 (elements)
Memory per array = 76.3 MiB (= 0.1 GiB).
Total memory required = 228.9 MiB (= 0.2 GiB).
Each kernel will be executed 10 times.
 The *best* time for each kernel (excluding the first iteration)
 will be used to compute the reported bandwidth.
-------------------------------------------------------------
Your clock granularity/precision appears to be 1 microseconds.
Each test below will take on the order of 31642 microseconds.
   (= 31642 clock ticks)
Increase the size of the arrays if this shows that
you are not getting at least 20 clock ticks per test.
-------------------------------------------------------------
WARNING -- The above is only a rough guideline.
For best results, please be sure you know the
precision of your system timer.
-------------------------------------------------------------
Function    Best Rate MB/s  Avg time     Min time     Max time
Copy:           12806.1     0.028310     0.012494     0.032837
Scale:           8320.0     0.042779     0.019231     0.048005
Add:             6235.5     0.059200     0.038489     0.065737
Triad:           9977.9     0.055656     0.024053     0.066111
-------------------------------------------------------------
Solution Validates: avg error less than 1.000000e-13 on all three arrays
-------------------------------------------------------------
-------------------------------------------------------------
STREAM version $Revision: 5.10 $
-------------------------------------------------------------
This system uses 8 bytes per array element.
-------------------------------------------------------------
Array size = 10000000 (elements), Offset = 0 (elements)
Memory per array = 76.3 MiB (= 0.1 GiB).
Total memory required = 228.9 MiB (= 0.2 GiB).
Each kernel will be executed 10 times.
 The *best* time for each kernel (excluding the first iteration)
 will be used to compute the reported bandwidth.
-------------------------------------------------------------
Your clock granularity/precision appears to be 1 microseconds.
Each test below will take on the order of 30114 microseconds.
   (= 30114 clock ticks)
Increase the size of the arrays if this shows that
you are not getting at least 20 clock ticks per test.
-------------------------------------------------------------
WARNING -- The above is only a rough guideline.
For best results, please be sure you know the
precision of your system timer.
-------------------------------------------------------------
Function    Best Rate MB/s  Avg time     Min time     Max time
Copy:           12286.7     0.029842     0.013022     0.034907
Scale:           8196.8     0.041835     0.019520     0.047244
Add:             7035.0     0.058057     0.034115     0.065716
Triad:           7993.1     0.057195     0.030026     0.066047
-------------------------------------------------------------
Solution Validates: avg error less than 1.000000e-13 on all three arrays
-------------------------------------------------------------
-------------------------------------------------------------
STREAM version $Revision: 5.10 $
-------------------------------------------------------------
This system uses 8 bytes per array element.
-------------------------------------------------------------
Array size = 10000000 (elements), Offset = 0 (elements)
Memory per array = 76.3 MiB (= 0.1 GiB).
Total memory required = 228.9 MiB (= 0.2 GiB).
Each kernel will be executed 10 times.
 The *best* time for each kernel (excluding the first iteration)
 will be used to compute the reported bandwidth.
-------------------------------------------------------------
Your clock granularity/precision appears to be 1 microseconds.
Each test below will take on the order of 7106 microseconds.
   (= 7106 clock ticks)
Increase the size of the arrays if this shows that
you are not getting at least 20 clock ticks per test.
-------------------------------------------------------------
WARNING -- The above is only a rough guideline.
For best results, please be sure you know the
precision of your system timer.
-------------------------------------------------------------
Function    Best Rate MB/s  Avg time     Min time     Max time
Copy:            8239.3     0.024265     0.019419     0.025913
Scale:           4417.7     0.044268     0.036218     0.047268
Add:             4136.2     0.067072     0.058024     0.071139
Triad:           4115.6     0.064962     0.058314     0.068298
-------------------------------------------------------------
Solution Validates: avg error less than 1.000000e-13 on all three arrays
-------------------------------------------------------------
-------------------------------------------------------------
STREAM version $Revision: 5.10 $
-------------------------------------------------------------
This system uses 8 bytes per array element.
-------------------------------------------------------------
Array size = 10000000 (elements), Offset = 0 (elements)
Memory per array = 76.3 MiB (= 0.1 GiB).
Total memory required = 228.9 MiB (= 0.2 GiB).
Each kernel will be executed 10 times.
 The *best* time for each kernel (excluding the first iteration)
 will be used to compute the reported bandwidth.
-------------------------------------------------------------
Your clock granularity/precision appears to be 1 microseconds.
Each test below will take on the order of 7905 microseconds.
   (= 7905 clock ticks)
Increase the size of the arrays if this shows that
you are not getting at least 20 clock ticks per test.
-------------------------------------------------------------
WARNING -- The above is only a rough guideline.
For best results, please be sure you know the
precision of your system timer.
-------------------------------------------------------------
Function    Best Rate MB/s  Avg time     Min time     Max time
Copy:            7932.6     0.024811     0.020170     0.026660
Scale:           4230.3     0.043265     0.037822     0.045924
Add:             4025.8     0.068811     0.059616     0.072802
Triad:           4218.3     0.066070     0.056895     0.070193
-------------------------------------------------------------
Solution Validates: avg error less than 1.000000e-13 on all three arrays
-------------------------------------------------------------
-------------------------------------------------------------
STREAM version $Revision: 5.10 $
-------------------------------------------------------------
This system uses 8 bytes per array element.
-------------------------------------------------------------
Array size = 10000000 (elements), Offset = 0 (elements)
Memory per array = 76.3 MiB (= 0.1 GiB).
Total memory required = 228.9 MiB (= 0.2 GiB).
Each kernel will be executed 10 times.
 The *best* time for each kernel (excluding the first iteration)
 will be used to compute the reported bandwidth.
-------------------------------------------------------------
Your clock granularity/precision appears to be 1 microseconds.
Each test below will take on the order of 11826 microseconds.
   (= 11826 clock ticks)
Increase the size of the arrays if this shows that
you are not getting at least 20 clock ticks per test.
-------------------------------------------------------------
WARNING -- The above is only a rough guideline.
For best results, please be sure you know the
precision of your system timer.
-------------------------------------------------------------
Function    Best Rate MB/s  Avg time     Min time     Max time
Copy:            8270.0     0.023216     0.019347     0.025594
Scale:           5073.9     0.044471     0.031534     0.049418
Add:             5255.4     0.063673     0.045667     0.071643
Triad:           6086.6     0.057785     0.039431     0.064764
-------------------------------------------------------------
Solution Validates: avg error less than 1.000000e-13 on all three arrays
-------------------------------------------------------------
-------------------------------------------------------------
STREAM version $Revision: 5.10 $
-------------------------------------------------------------
This system uses 8 bytes per array element.
-------------------------------------------------------------
Array size = 10000000 (elements), Offset = 0 (elements)
Memory per array = 76.3 MiB (= 0.1 GiB).
Total memory required = 228.9 MiB (= 0.2 GiB).
Each kernel will be executed 10 times.
 The *best* time for each kernel (excluding the first iteration)
 will be used to compute the reported bandwidth.
-------------------------------------------------------------
Your clock granularity/precision appears to be 1 microseconds.
Each test below will take on the order of 10946 microseconds.
   (= 10946 clock ticks)
Increase the size of the arrays if this shows that
you are not getting at least 20 clock ticks per test.
-------------------------------------------------------------
WARNING -- The above is only a rough guideline.
For best results, please be sure you know the
precision of your system timer.
-------------------------------------------------------------
Function    Best Rate MB/s  Avg time     Min time     Max time
Copy:            8364.2     0.023703     0.019129     0.025627
Scale:           4847.4     0.044993     0.033007     0.049786
Add:             4695.4     0.063653     0.051114     0.068845
Triad:           5987.3     0.058716     0.040085     0.066728
-------------------------------------------------------------
Solution Validates: avg error less than 1.000000e-13 on all three arrays
-------------------------------------------------------------
-------------------------------------------------------------
STREAM version $Revision: 5.10 $
-------------------------------------------------------------
This system uses 8 bytes per array element.
-------------------------------------------------------------
Array size = 10000000 (elements), Offset = 0 (elements)
Memory per array = 76.3 MiB (= 0.1 GiB).
Total memory required = 228.9 MiB (= 0.2 GiB).
Each kernel will be executed 10 times.
 The *best* time for each kernel (excluding the first iteration)
 will be used to compute the reported bandwidth.
-------------------------------------------------------------
Your clock granularity/precision appears to be 1 microseconds.
Each test below will take on the order of 9979 microseconds.
   (= 9979 clock ticks)
Increase the size of the arrays if this shows that
you are not getting at least 20 clock ticks per test.
-------------------------------------------------------------
WARNING -- The above is only a rough guideline.
For best results, please be sure you know the
precision of your system timer.
-------------------------------------------------------------
Function    Best Rate MB/s  Avg time     Min time     Max time
Copy:            7645.6     0.025194     0.020927     0.027136
Scale:           3840.9     0.048130     0.041657     0.050757
Add:             4207.3     0.064026     0.057043     0.067206
Triad:           4156.0     0.065437     0.057748     0.068980
-------------------------------------------------------------
Solution Validates: avg error less than 1.000000e-13 on all three arrays
-------------------------------------------------------------
-------------------------------------------------------------
STREAM version $Revision: 5.10 $
-------------------------------------------------------------
This system uses 8 bytes per array element.
-------------------------------------------------------------
Array size = 10000000 (elements), Offset = 0 (elements)
Memory per array = 76.3 MiB (= 0.1 GiB).
Total memory required = 228.9 MiB (= 0.2 GiB).
Each kernel will be executed 10 times.
 The *best* time for each kernel (excluding the first iteration)
 will be used to compute the reported bandwidth.
-------------------------------------------------------------
Your clock granularity/precision appears to be 1 microseconds.
Each test below will take on the order of 15702 microseconds.
   (= 15702 clock ticks)
Increase the size of the arrays if this shows that
you are not getting at least 20 clock ticks per test.
-------------------------------------------------------------
WARNING -- The above is only a rough guideline.
For best results, please be sure you know the
precision of your system timer.
-------------------------------------------------------------
Function    Best Rate MB/s  Avg time     Min time     Max time
Copy:            6879.7     0.026669     0.023257     0.028267
Scale:           4103.3     0.043545     0.038993     0.045578
Add:             4302.8     0.067097     0.055778     0.071363
Triad:           6221.8     0.061782     0.038574     0.066961
-------------------------------------------------------------
Solution Validates: avg error less than 1.000000e-13 on all three arrays
-------------------------------------------------------------
-------------------------------------------------------------
STREAM version $Revision: 5.10 $
-------------------------------------------------------------
This system uses 8 bytes per array element.
-------------------------------------------------------------
Array size = 10000000 (elements), Offset = 0 (elements)
Memory per array = 76.3 MiB (= 0.1 GiB).
Total memory required = 228.9 MiB (= 0.2 GiB).
Each kernel will be executed 10 times.
-------------------------------------------------------------
 The *best* time for each kernel (excluding the first iteration)
STREAM version $Revision: 5.10 $
 will be used to compute the reported bandwidth.
-------------------------------------------------------------
-------------------------------------------------------------
This system uses 8 bytes per array element.
Your clock granularity/precision appears to be 1 microseconds.
-------------------------------------------------------------
Each test below will take on the order of 19752 microseconds.
Array size = 10000000 (elements), Offset = 0 (elements)
   (= 19752 clock ticks)
Memory per array = 76.3 MiB (= 0.1 GiB).
Increase the size of the arrays if this shows that
Total memory required = 228.9 MiB (= 0.2 GiB).
you are not getting at least 20 clock ticks per test.
Each kernel will be executed 10 times.
-------------------------------------------------------------
 The *best* time for each kernel (excluding the first iteration)
WARNING -- The above is only a rough guideline.
 will be used to compute the reported bandwidth.
For best results, please be sure you know the
-------------------------------------------------------------
precision of your system timer.
Your clock granularity/precision appears to be 1 microseconds.
-------------------------------------------------------------
Each test below will take on the order of 8605 microseconds.
Function    Best Rate MB/s  Avg time     Min time     Max time
   (= 8605 clock ticks)
Copy:            6744.3     0.027189     0.023724     0.028953
Increase the size of the arrays if this shows that
Scale:           4102.7     0.043910     0.038999     0.046073
you are not getting at least 20 clock ticks per test.
Add:             4277.2     0.067071     0.056112     0.071196
-------------------------------------------------------------
Triad:           5310.5     0.062461     0.045193     0.067012
WARNING -- The above is only a rough guideline.
-------------------------------------------------------------
For best results, please be sure you know the
Solution Validates: avg error less than 1.000000e-13 on all three arrays
precision of your system timer.
-------------------------------------------------------------
-------------------------------------------------------------
Function    Best Rate MB/s  Avg time     Min time     Max time
Copy:            6952.6     0.026205     0.023013     0.027717
Scale:           3984.2     0.045817     0.040159     0.048094
Add:             4166.9     0.064586     0.057597     0.067588
Triad:           4100.4     0.066074     0.058531     0.070142
-------------------------------------------------------------
Solution Validates: avg error less than 1.000000e-13 on all three arrays
-------------------------------------------------------------
-------------------------------------------------------------
STREAM version $Revision: 5.10 $
-------------------------------------------------------------
This system uses 8 bytes per array element.
-------------------------------------------------------------
Array size = 10000000 (elements), Offset = 0 (elements)
Memory per array = 76.3 MiB (= 0.1 GiB).
Total memory required = 228.9 MiB (= 0.2 GiB).
Each kernel will be executed 10 times.
 The *best* time for each kernel (excluding the first iteration)
 will be used to compute the reported bandwidth.
-------------------------------------------------------------
Your clock granularity/precision appears to be 1 microseconds.
Each test below will take on the order of 15568 microseconds.
   (= 15568 clock ticks)
Increase the size of the arrays if this shows that
you are not getting at least 20 clock ticks per test.
-------------------------------------------------------------
WARNING -- The above is only a rough guideline.
For best results, please be sure you know the
precision of your system timer.
-------------------------------------------------------------
Function    Best Rate MB/s  Avg time     Min time     Max time
Copy:            7153.0     0.025981     0.022368     0.027374
Scale:           4107.4     0.044028     0.038954     0.046121
Add:             4116.1     0.065347     0.058307     0.068836
Triad:           4442.5     0.066634     0.054023     0.071671
-------------------------------------------------------------
Solution Validates: avg error less than 1.000000e-13 on all three arrays
-------------------------------------------------------------
-------------------------------------------------------------
STREAM version $Revision: 5.10 $
-------------------------------------------------------------
This system uses 8 bytes per array element.
-------------------------------------------------------------
Array size = 10000000 (elements), Offset = 0 (elements)
Memory per array = 76.3 MiB (= 0.1 GiB).
Total memory required = 228.9 MiB (= 0.2 GiB).
Each kernel will be executed 10 times.
 The *best* time for each kernel (excluding the first iteration)
 will be used to compute the reported bandwidth.
-------------------------------------------------------------
Your clock granularity/precision appears to be 1 microseconds.
Each test below will take on the order of 17559 microseconds.
   (= 17559 clock ticks)
Increase the size of the arrays if this shows that
you are not getting at least 20 clock ticks per test.
-------------------------------------------------------------
WARNING -- The above is only a rough guideline.
For best results, please be sure you know the
precision of your system timer.
-------------------------------------------------------------
Function    Best Rate MB/s  Avg time     Min time     Max time
Copy:            8187.9     0.023890     0.019541     0.025852
Scale:           4899.9     0.044073     0.032654     0.049450
Add:             5419.6     0.060543     0.044284     0.066176
Triad:           5729.7     0.062301     0.041887     0.070311
-------------------------------------------------------------
Solution Validates: avg error less than 1.000000e-13 on all three arrays
-------------------------------------------------------------
-------------------------------------------------------------
STREAM version $Revision: 5.10 $
-------------------------------------------------------------
This system uses 8 bytes per array element.
-------------------------------------------------------------
Array size = 10000000 (elements), Offset = 0 (elements)
Memory per array = 76.3 MiB (= 0.1 GiB).
Total memory required = 228.9 MiB (= 0.2 GiB).
Each kernel will be executed 10 times.
 The *best* time for each kernel (excluding the first iteration)
 will be used to compute the reported bandwidth.
-------------------------------------------------------------
Your clock granularity/precision appears to be 1 microseconds.
Each test below will take on the order of 26924 microseconds.
   (= 26924 clock ticks)
Increase the size of the arrays if this shows that
you are not getting at least 20 clock ticks per test.
-------------------------------------------------------------
WARNING -- The above is only a rough guideline.
For best results, please be sure you know the
precision of your system timer.
-------------------------------------------------------------
Function    Best Rate MB/s  Avg time     Min time     Max time
Copy:            8925.5     0.023838     0.017926     0.026211
Scale:           5609.3     0.041148     0.028524     0.046189
Add:             5317.6     0.061760     0.045133     0.069274
Triad:           8238.9     0.063155     0.029130     0.073904
-------------------------------------------------------------
Solution Validates: avg error less than 1.000000e-13 on all three arrays
-------------------------------------------------------------
-------------------------------------------------------------
STREAM version $Revision: 5.10 $
-------------------------------------------------------------
This system uses 8 bytes per array element.
-------------------------------------------------------------
Array size = 10000000 (elements), Offset = 0 (elements)
Memory per array = 76.3 MiB (= 0.1 GiB).
Total memory required = 228.9 MiB (= 0.2 GiB).
Each kernel will be executed 10 times.
 The *best* time for each kernel (excluding the first iteration)
 will be used to compute the reported bandwidth.
-------------------------------------------------------------
Your clock granularity/precision appears to be 1 microseconds.
Each test below will take on the order of 15591 microseconds.
   (= 15591 clock ticks)
Increase the size of the arrays if this shows that
you are not getting at least 20 clock ticks per test.
-------------------------------------------------------------
WARNING -- The above is only a rough guideline.
For best results, please be sure you know the
precision of your system timer.
-------------------------------------------------------------
Function    Best Rate MB/s  Avg time     Min time     Max time
Copy:            8113.6     0.024910     0.019720     0.027232
Scale:           4795.6     0.046029     0.033364     0.052880
Add:             5157.0     0.059718     0.046539     0.065921
Triad:           5479.7     0.058896     0.043798     0.066374
-------------------------------------------------------------
Solution Validates: avg error less than 1.000000e-13 on all three arrays
-------------------------------------------------------------
-------------------------------------------------------------
STREAM version $Revision: 5.10 $
-------------------------------------------------------------
This system uses 8 bytes per array element.
-------------------------------------------------------------
Array size = 10000000 (elements), Offset = 0 (elements)
Memory per array = 76.3 MiB (= 0.1 GiB).
Total memory required = 228.9 MiB (= 0.2 GiB).
Each kernel will be executed 10 times.
 The *best* time for each kernel (excluding the first iteration)
 will be used to compute the reported bandwidth.
-------------------------------------------------------------
Your clock granularity/precision appears to be 1 microseconds.
Each test below will take on the order of 25405 microseconds.
   (= 25405 clock ticks)
Increase the size of the arrays if this shows that
you are not getting at least 20 clock ticks per test.
-------------------------------------------------------------
WARNING -- The above is only a rough guideline.
For best results, please be sure you know the
precision of your system timer.
-------------------------------------------------------------
Function    Best Rate MB/s  Avg time     Min time     Max time
Copy:            7678.3     0.026159     0.020838     0.029872
Scale:           4835.7     0.042572     0.033087     0.047127
Add:             5110.4     0.058760     0.046963     0.064742
Triad:           5694.4     0.061233     0.042147     0.070791
-------------------------------------------------------------
Solution Validates: avg error less than 1.000000e-13 on all three arrays
-------------------------------------------------------------
-------------------------------------------------------------
STREAM version $Revision: 5.10 $
-------------------------------------------------------------
This system uses 8 bytes per array element.
-------------------------------------------------------------
Array size = 10000000 (elements), Offset = 0 (elements)
Memory per array = 76.3 MiB (= 0.1 GiB).
Total memory required = 228.9 MiB (= 0.2 GiB).
Each kernel will be executed 10 times.
 The *best* time for each kernel (excluding the first iteration)
 will be used to compute the reported bandwidth.
-------------------------------------------------------------
-------------------------------------------------------------
STREAM version $Revision: 5.10 $
Your clock granularity/precision appears to be 1 microseconds.
-------------------------------------------------------------
Each test below will take on the order of 18324 microseconds.
This system uses 8 bytes per array element.
   (= 18324 clock ticks)
-------------------------------------------------------------
Increase the size of the arrays if this shows that
Array size = 10000000 (elements), Offset = 0 (elements)
you are not getting at least 20 clock ticks per test.
Memory per array = 76.3 MiB (= 0.1 GiB).
-------------------------------------------------------------
Total memory required = 228.9 MiB (= 0.2 GiB).
WARNING -- The above is only a rough guideline.
Each kernel will be executed 10 times.
For best results, please be sure you know the
 The *best* time for each kernel (excluding the first iteration)
precision of your system timer.
 will be used to compute the reported bandwidth.
-------------------------------------------------------------
-------------------------------------------------------------
Function    Best Rate MB/s  Avg time     Min time     Max time
Your clock granularity/precision appears to be 1 microseconds.
Copy:            7411.5     0.024455     0.021588     0.025614
Each test below will take on the order of 26505 microseconds.
Scale:           4236.1     0.043394     0.037771     0.045970
   (= 26505 clock ticks)
Add:             4969.2     0.069695     0.048297     0.075674
Increase the size of the arrays if this shows that
Triad:          12438.5     0.059260     0.019295     0.067226
you are not getting at least 20 clock ticks per test.
-------------------------------------------------------------
-------------------------------------------------------------
Solution Validates: avg error less than 1.000000e-13 on all three arrays
WARNING -- The above is only a rough guideline.
-------------------------------------------------------------
For best results, please be sure you know the
precision of your system timer.
-------------------------------------------------------------
Function    Best Rate MB/s  Avg time     Min time     Max time
Copy:            7679.3     0.026193     0.020835     0.029766
Scale:           4811.9     0.042338     0.033251     0.047027
Add:             5149.1     0.058755     0.046610     0.064809
Triad:           5673.9     0.061529     0.042299     0.071426
-------------------------------------------------------------
Solution Validates: avg error less than 1.000000e-13 on all three arrays
-------------------------------------------------------------
-------------------------------------------------------------
STREAM version $Revision: 5.10 $
-------------------------------------------------------------
This system uses 8 bytes per array element.
-------------------------------------------------------------
Array size = 10000000 (elements), Offset = 0 (elements)
Memory per array = 76.3 MiB (= 0.1 GiB).
Total memory required = 228.9 MiB (= 0.2 GiB).
Each kernel will be executed 10 times.
 The *best* time for each kernel (excluding the first iteration)
 will be used to compute the reported bandwidth.
-------------------------------------------------------------
Your clock granularity/precision appears to be 1 microseconds.
Each test below will take on the order of 14119 microseconds.
   (= 14119 clock ticks)
Increase the size of the arrays if this shows that
you are not getting at least 20 clock ticks per test.
-------------------------------------------------------------
WARNING -- The above is only a rough guideline.
For best results, please be sure you know the
precision of your system timer.
-------------------------------------------------------------
Function    Best Rate MB/s  Avg time     Min time     Max time
Copy:            7254.2     0.024979     0.022056     0.026964
Scale:           4682.4     0.047148     0.034170     0.053920
Add:             5215.4     0.060734     0.046018     0.067046
Triad:           5607.6     0.060266     0.042799     0.065087
-------------------------------------------------------------
Solution Validates: avg error less than 1.000000e-13 on all three arrays
-------------------------------------------------------------
-------------------------------------------------------------
STREAM version $Revision: 5.10 $
-------------------------------------------------------------
This system uses 8 bytes per array element.
-------------------------------------------------------------
Array size = 10000000 (elements), Offset = 0 (elements)
Memory per array = 76.3 MiB (= 0.1 GiB).
Total memory required = 228.9 MiB (= 0.2 GiB).
Each kernel will be executed 10 times.
 The *best* time for each kernel (excluding the first iteration)
 will be used to compute the reported bandwidth.
-------------------------------------------------------------
Your clock granularity/precision appears to be 1 microseconds.
Each test below will take on the order of 26767 microseconds.
   (= 26767 clock ticks)
Increase the size of the arrays if this shows that
you are not getting at least 20 clock ticks per test.
-------------------------------------------------------------
WARNING -- The above is only a rough guideline.
For best results, please be sure you know the
precision of your system timer.
-------------------------------------------------------------
Function    Best Rate MB/s  Avg time     Min time     Max time
Copy:           11522.4     0.026431     0.013886     0.030219
Scale:           8411.3     0.044921     0.019022     0.050696
Add:             8880.4     0.058223     0.027026     0.066021
Triad:           9119.9     0.056718     0.026316     0.064992
-------------------------------------------------------------
Solution Validates: avg error less than 1.000000e-13 on all three arrays
-------------------------------------------------------------
-------------------------------------------------------------
STREAM version $Revision: 5.10 $
-------------------------------------------------------------
This system uses 8 bytes per array element.
-------------------------------------------------------------
Array size = 10000000 (elements), Offset = 0 (elements)
Memory per array = 76.3 MiB (= 0.1 GiB).
Total memory required = 228.9 MiB (= 0.2 GiB).
Each kernel will be executed 10 times.
 The *best* time for each kernel (excluding the first iteration)
 will be used to compute the reported bandwidth.
-------------------------------------------------------------
Your clock granularity/precision appears to be 1 microseconds.
Each test below will take on the order of 29380 microseconds.
   (= 29380 clock ticks)
Increase the size of the arrays if this shows that
you are not getting at least 20 clock ticks per test.
-------------------------------------------------------------
WARNING -- The above is only a rough guideline.
For best results, please be sure you know the
precision of your system timer.
-------------------------------------------------------------
Function    Best Rate MB/s  Avg time     Min time     Max time
Copy:           12008.4     0.026840     0.013324     0.031107
Scale:           8699.1     0.043280     0.018393     0.048797
Add:             8935.9     0.057951     0.026858     0.065761
Triad:           9165.9     0.057692     0.026184     0.067114
-------------------------------------------------------------
Solution Validates: avg error less than 1.000000e-13 on all three arrays
-------------------------------------------------------------
-------------------------------------------------------------
STREAM version $Revision: 5.10 $
-------------------------------------------------------------
This system uses 8 bytes per array element.
-------------------------------------------------------------
Array size = 10000000 (elements), Offset = 0 (elements)
Memory per array = 76.3 MiB (= 0.1 GiB).
Total memory required = 228.9 MiB (= 0.2 GiB).
Each kernel will be executed 10 times.
 The *best* time for each kernel (excluding the first iteration)
 will be used to compute the reported bandwidth.
-------------------------------------------------------------
Your clock granularity/precision appears to be 1 microseconds.
Each test below will take on the order of 42293 microseconds.
   (= 42293 clock ticks)
Increase the size of the arrays if this shows that
you are not getting at least 20 clock ticks per test.
-------------------------------------------------------------
WARNING -- The above is only a rough guideline.
For best results, please be sure you know the
precision of your system timer.
-------------------------------------------------------------
Function    Best Rate MB/s  Avg time     Min time     Max time
Copy:           12527.3     0.024612     0.012772     0.028203
Scale:           8310.4     0.041019     0.019253     0.047235
Add:             8901.1     0.057775     0.026963     0.067023
Triad:           9583.5     0.061163     0.025043     0.076882
-------------------------------------------------------------
Solution Validates: avg error less than 1.000000e-13 on all three arrays
-------------------------------------------------------------
-------------------------------------------------------------
STREAM version $Revision: 5.10 $
-------------------------------------------------------------
-------------------------------------------------------------
This system uses 8 bytes per array element.
STREAM version $Revision: 5.10 $
-------------------------------------------------------------
-------------------------------------------------------------
Array size = 10000000 (elements), Offset = 0 (elements)
This system uses 8 bytes per array element.
Memory per array = 76.3 MiB (= 0.1 GiB).
-------------------------------------------------------------
Total memory required = 228.9 MiB (= 0.2 GiB).
Array size = 10000000 (elements), Offset = 0 (elements)
Each kernel will be executed 10 times.
Memory per array = 76.3 MiB (= 0.1 GiB).
 The *best* time for each kernel (excluding the first iteration)
Total memory required = 228.9 MiB (= 0.2 GiB).
 will be used to compute the reported bandwidth.
Each kernel will be executed 10 times.
-------------------------------------------------------------
 The *best* time for each kernel (excluding the first iteration)
Your clock granularity/precision appears to be 1 microseconds.
 will be used to compute the reported bandwidth.
Each test below will take on the order of 31987 microseconds.
-------------------------------------------------------------
   (= 31987 clock ticks)
Your clock granularity/precision appears to be 1 microseconds.
Increase the size of the arrays if this shows that
Each test below will take on the order of 29083 microseconds.
you are not getting at least 20 clock ticks per test.
   (= 29083 clock ticks)
-------------------------------------------------------------
Increase the size of the arrays if this shows that
WARNING -- The above is only a rough guideline.
you are not getting at least 20 clock ticks per test.
For best results, please be sure you know the
-------------------------------------------------------------
precision of your system timer.
WARNING -- The above is only a rough guideline.
-------------------------------------------------------------
For best results, please be sure you know the
Function    Best Rate MB/s  Avg time     Min time     Max time
precision of your system timer.
Copy:           12329.4     0.028394     0.012977     0.032206
-------------------------------------------------------------
Scale:           8525.7     0.041923     0.018767     0.047094
Function    Best Rate MB/s  Avg time     Min time     Max time
Add:             9129.3     0.057825     0.026289     0.066256
Copy:           11793.3     0.030159     0.013567     0.034237
Triad:           9663.7     0.056984     0.024835     0.067467
Scale:           8445.4     0.041957     0.018945     0.047624
-------------------------------------------------------------
Add:             9149.5     0.057562     0.026231     0.065916
Solution Validates: avg error less than 1.000000e-13 on all three arrays
Triad:           9852.6     0.056368     0.024359     0.066528
-------------------------------------------------------------
-------------------------------------------------------------
Solution Validates: avg error less than 1.000000e-13 on all three arrays
-------------------------------------------------------------
-------------------------------------------------------------
STREAM version $Revision: 5.10 $
-------------------------------------------------------------
This system uses 8 bytes per array element.
-------------------------------------------------------------
Array size = 10000000 (elements), Offset = 0 (elements)
Memory per array = 76.3 MiB (= 0.1 GiB).
Total memory required = 228.9 MiB (= 0.2 GiB).
Each kernel will be executed 10 times.
 The *best* time for each kernel (excluding the first iteration)
 will be used to compute the reported bandwidth.
-------------------------------------------------------------
Your clock granularity/precision appears to be 1 microseconds.
Each test below will take on the order of 27134 microseconds.
   (= 27134 clock ticks)
Increase the size of the arrays if this shows that
you are not getting at least 20 clock ticks per test.
-------------------------------------------------------------
WARNING -- The above is only a rough guideline.
For best results, please be sure you know the
precision of your system timer.
-------------------------------------------------------------
Function    Best Rate MB/s  Avg time     Min time     Max time
Copy:           12593.6     0.026925     0.012705     0.031513
Scale:           8232.1     0.044027     0.019436     0.049784
Add:             8914.0     0.058561     0.026924     0.065714
Triad:           8672.0     0.058355     0.027675     0.065808
-------------------------------------------------------------
Solution Validates: avg error less than 1.000000e-13 on all three arrays
-------------------------------------------------------------
-------------------------------------------------------------
STREAM version $Revision: 5.10 $
-------------------------------------------------------------
This system uses 8 bytes per array element.
-------------------------------------------------------------
Array size = 10000000 (elements), Offset = 0 (elements)
Memory per array = 76.3 MiB (= 0.1 GiB).
Total memory required = 228.9 MiB (= 0.2 GiB).
Each kernel will be executed 10 times.
 The *best* time for each kernel (excluding the first iteration)
 will be used to compute the reported bandwidth.
-------------------------------------------------------------
Your clock granularity/precision appears to be 1 microseconds.
Each test below will take on the order of 31069 microseconds.
   (= 31069 clock ticks)
Increase the size of the arrays if this shows that
you are not getting at least 20 clock ticks per test.
-------------------------------------------------------------
WARNING -- The above is only a rough guideline.
For best results, please be sure you know the
precision of your system timer.
-------------------------------------------------------------
Function    Best Rate MB/s  Avg time     Min time     Max time
Copy:           12703.5     0.027846     0.012595     0.032017
Scale:           8268.7     0.042688     0.019350     0.047897
Add:             9262.4     0.059587     0.025911     0.066547
Triad:           9826.8     0.055899     0.024423     0.066550
-------------------------------------------------------------
Solution Validates: avg error less than 1.000000e-13 on all three arrays
-------------------------------------------------------------
-------------------------------------------------------------
STREAM version $Revision: 5.10 $
-------------------------------------------------------------
This system uses 8 bytes per array element.
-------------------------------------------------------------
Array size = 10000000 (elements), Offset = 0 (elements)
Memory per array = 76.3 MiB (= 0.1 GiB).
Total memory required = 228.9 MiB (= 0.2 GiB).
Each kernel will be executed 10 times.
 The *best* time for each kernel (excluding the first iteration)
 will be used to compute the reported bandwidth.
-------------------------------------------------------------
Your clock granularity/precision appears to be 1 microseconds.
Each test below will take on the order of 28759 microseconds.
   (= 28759 clock ticks)
Increase the size of the arrays if this shows that
you are not getting at least 20 clock ticks per test.
-------------------------------------------------------------
WARNING -- The above is only a rough guideline.
For best results, please be sure you know the
precision of your system timer.
-------------------------------------------------------------
Function    Best Rate MB/s  Avg time     Min time     Max time
Copy:           11976.0     0.030500     0.013360     0.035163
Scale:           8286.3     0.041617     0.019309     0.047264
Add:             7188.0     0.058120     0.033389     0.065817
Triad:           7248.2     0.058230     0.033112     0.066735
-------------------------------------------------------------
Solution Validates: avg error less than 1.000000e-13 on all three arrays
-------------------------------------------------------------
START OF JOBSPEC
{"resources": [{"type": "node", "count": 1, "with": [{"type": "slot", "count": 56, "with": [{"type": "core", "count": 1}], "label": "task"}]}], "tasks": [{"command": ["stream_c.exe"], "slot": "task", "count": {"per_slot": 1}}], "attributes": {"system": {"duration": 0, "cwd": "/opt/stream", "shell": {"options": {"rlimit": {"cpu": -1, "fsize": -1, "data": -1, "stack": 8388608, "core": -1, "nofile": 1048576, "as": -1, "rss": -1, "nproc": -1}, "cpu-affinity": "per-task"}}, "constraints": {"hostlist": ["flux-sample-110"]}}, "user": {"study_id": "stream-1-iter-4-node-110"}}, "version": 1}
START OF EVENTLOG
{"timestamp":1724448240.3548896,"name":"init"}
{"timestamp":1724448240.3569641,"name":"starting"}
{"timestamp":1724448240.3791935,"name":"shell.init","context":{"service":"0-shell-fnJm62eK","leader-rank":110,"size":1}}
{"timestamp":1724448240.7898171,"name":"shell.start","context":{"taskmap":{"version":1,"map":[[0,1,56,1]]}}}
{"timestamp":1724448241.9022021,"name":"shell.task-exit","context":{"localid":25,"rank":25,"state":"Exited","pid":264,"wait_status":0,"signaled":0,"exitcode":0}}
{"timestamp":1724448242.9837861,"name":"complete","context":{"status":0}}
{"timestamp":1724448242.9838028,"name":"done"}

