-------------------------------------------------------------
STREAM version $Revision: 5.10 $
-------------------------------------------------------------
This system uses 8 bytes per array element.
-------------------------------------------------------------
Array size = 10000000 (elements), Offset = 0 (elements)
Memory per array = 76.3 MiB (= 0.1 GiB).
Total memory required = 228.9 MiB (= 0.2 GiB).
Each kernel will be executed 10 times.
 The *best* time for each kernel (excluding the first iteration)
 will be used to compute the reported bandwidth.
-------------------------------------------------------------
Your clock granularity/precision appears to be 1 microseconds.
Each test below will take on the order of 19873 microseconds.
   (= 19873 clock ticks)
Increase the size of the arrays if this shows that
you are not getting at least 20 clock ticks per test.
-------------------------------------------------------------
WARNING -- The above is only a rough guideline.
For best results, please be sure you know the
precision of your system timer.
-------------------------------------------------------------
Function    Best Rate MB/s  Avg time     Min time     Max time
Copy:           14885.0     0.018499     0.010749     0.024537
Scale:           8937.0     0.030991     0.017903     0.039067
Add:            10371.7     0.041214     0.023140     0.058943
Triad:          11064.9     0.039251     0.021690     0.057684
-------------------------------------------------------------
Solution Validates: avg error less than 1.000000e-13 on all three arrays
-------------------------------------------------------------
-------------------------------------------------------------
STREAM version $Revision: 5.10 $
-------------------------------------------------------------
This system uses 8 bytes per array element.
-------------------------------------------------------------
Array size = 10000000 (elements), Offset = 0 (elements)
Memory per array = 76.3 MiB (= 0.1 GiB).
Total memory required = 228.9 MiB (= 0.2 GiB).
Each kernel will be executed 10 times.
 The *best* time for each kernel (excluding the first iteration)
 will be used to compute the reported bandwidth.
-------------------------------------------------------------
Your clock granularity/precision appears to be 1 microseconds.
Each test below will take on the order of 22598 microseconds.
   (= 22598 clock ticks)
Increase the size of the arrays if this shows that
you are not getting at least 20 clock ticks per test.
-------------------------------------------------------------
WARNING -- The above is only a rough guideline.
For best results, please be sure you know the
precision of your system timer.
-------------------------------------------------------------
Function    Best Rate MB/s  Avg time     Min time     Max time
Copy:           14340.7     0.016129     0.011157     0.021706
Scale:           9232.5     0.028937     0.017330     0.038977
Add:            10944.9     0.036602     0.021928     0.052773
Triad:          10963.4     0.028124     0.021891     0.053063
-------------------------------------------------------------
Solution Validates: avg error less than 1.000000e-13 on all three arrays
-------------------------------------------------------------
-------------------------------------------------------------
STREAM version $Revision: 5.10 $
-------------------------------------------------------------
This system uses 8 bytes per array element.
-------------------------------------------------------------
Array size = 10000000 (elements), Offset = 0 (elements)
Memory per array = 76.3 MiB (= 0.1 GiB).
Total memory required = 228.9 MiB (= 0.2 GiB).
Each kernel will be executed 10 times.
 The *best* time for each kernel (excluding the first iteration)
 will be used to compute the reported bandwidth.
-------------------------------------------------------------
Your clock granularity/precision appears to be 1 microseconds.
Each test below will take on the order of 14544 microseconds.
   (= 14544 clock ticks)
Increase the size of the arrays if this shows that
you are not getting at least 20 clock ticks per test.
-------------------------------------------------------------
WARNING -- The above is only a rough guideline.
For best results, please be sure you know the
precision of your system timer.
-------------------------------------------------------------
Function    Best Rate MB/s  Avg time     Min time     Max time
Copy:           13769.6     0.019107     0.011620     0.022207
Scale:           6457.3     0.032807     0.024778     0.037033
Add:            10409.0     0.046907     0.023057     0.053601
Triad:          10184.7     0.049957     0.023565     0.058125
-------------------------------------------------------------
Solution Validates: avg error less than 1.000000e-13 on all three arrays
-------------------------------------------------------------
-------------------------------------------------------------
STREAM version $Revision: 5.10 $
-------------------------------------------------------------
This system uses 8 bytes per array element.
-------------------------------------------------------------
Array size = 10000000 (elements), Offset = 0 (elements)
Memory per array = 76.3 MiB (= 0.1 GiB).
Total memory required = 228.9 MiB (= 0.2 GiB).
Each kernel will be executed 10 times.
 The *best* time for each kernel (excluding the first iteration)
 will be used to compute the reported bandwidth.
-------------------------------------------------------------
Your clock granularity/precision appears to be 1 microseconds.
Each test below will take on the order of 23210 microseconds.
   (= 23210 clock ticks)
Increase the size of the arrays if this shows that
you are not getting at least 20 clock ticks per test.
-------------------------------------------------------------
WARNING -- The above is only a rough guideline.
For best results, please be sure you know the
precision of your system timer.
-------------------------------------------------------------
Function    Best Rate MB/s  Avg time     Min time     Max time
Copy:           10013.3     0.019915     0.015979     0.022026
Scale:           5620.7     0.036291     0.028466     0.039069
Add:             6129.0     0.050525     0.039158     0.055266
Triad:           7064.2     0.047942     0.033974     0.053236
-------------------------------------------------------------
Solution Validates: avg error less than 1.000000e-13 on all three arrays
-------------------------------------------------------------
-------------------------------------------------------------
STREAM version $Revision: 5.10 $
-------------------------------------------------------------
This system uses 8 bytes per array element.
-------------------------------------------------------------
Array size = 10000000 (elements), Offset = 0 (elements)
Memory per array = 76.3 MiB (= 0.1 GiB).
Total memory required = 228.9 MiB (= 0.2 GiB).
Each kernel will be executed 10 times.
 The *best* time for each kernel (excluding the first iteration)
 will be used to compute the reported bandwidth.
-------------------------------------------------------------
Your clock granularity/precision appears to be 1 microseconds.
Each test below will take on the order of 20328 microseconds.
   (= 20328 clock ticks)
Increase the size of the arrays if this shows that
you are not getting at least 20 clock ticks per test.
-------------------------------------------------------------
WARNING -- The above is only a rough guideline.
For best results, please be sure you know the
precision of your system timer.
-------------------------------------------------------------
Function    Best Rate MB/s  Avg time     Min time     Max time
Copy:           10276.2     0.019951     0.015570     0.021512
Scale:           5730.5     0.035626     0.027921     0.039197
Add:             6455.5     0.048496     0.037178     0.051983
Triad:           9404.0     0.047904     0.025521     0.054172
-------------------------------------------------------------
Solution Validates: avg error less than 1.000000e-13 on all three arrays
-------------------------------------------------------------
-------------------------------------------------------------
STREAM version $Revision: 5.10 $
-------------------------------------------------------------
This system uses 8 bytes per array element.
-------------------------------------------------------------
Array size = 10000000 (elements), Offset = 0 (elements)
Memory per array = 76.3 MiB (= 0.1 GiB).
Total memory required = 228.9 MiB (= 0.2 GiB).
Each kernel will be executed 10 times.
 The *best* time for each kernel (excluding the first iteration)
 will be used to compute the reported bandwidth.
-------------------------------------------------------------
Your clock granularity/precision appears to be 1 microseconds.
Each test below will take on the order of 7310 microseconds.
   (= 7310 clock ticks)
Increase the size of the arrays if this shows that
you are not getting at least 20 clock ticks per test.
-------------------------------------------------------------
WARNING -- The above is only a rough guideline.
For best results, please be sure you know the
precision of your system timer.
-------------------------------------------------------------
Function    Best Rate MB/s  Avg time     Min time     Max time
Copy:            7809.1     0.024012     0.020489     0.025549
Scale:           4212.7     0.043348     0.037980     0.045733
Add:             3650.6     0.070079     0.065742     0.073993
Triad:           4195.3     0.063842     0.057207     0.066515
-------------------------------------------------------------
Solution Validates: avg error less than 1.000000e-13 on all three arrays
-------------------------------------------------------------
-------------------------------------------------------------
STREAM version $Revision: 5.10 $
-------------------------------------------------------------
This system uses 8 bytes per array element.
-------------------------------------------------------------
Array size = 10000000 (elements), Offset = 0 (elements)
Memory per array = 76.3 MiB (= 0.1 GiB).
Total memory required = 228.9 MiB (= 0.2 GiB).
Each kernel will be executed 10 times.
 The *best* time for each kernel (excluding the first iteration)
 will be used to compute the reported bandwidth.
-------------------------------------------------------------
Your clock granularity/precision appears to be 1 microseconds.
Each test below will take on the order of 23895 microseconds.
   (= 23895 clock ticks)
Increase the size of the arrays if this shows that
you are not getting at least 20 clock ticks per test.
-------------------------------------------------------------
WARNING -- The above is only a rough guideline.
For best results, please be sure you know the
precision of your system timer.
-------------------------------------------------------------
Function    Best Rate MB/s  Avg time     Min time     Max time
Copy:           14890.6     0.018964     0.010745     0.022139
Scale:           9495.6     0.031468     0.016850     0.037596
Add:             9617.3     0.045515     0.024955     0.054850
Triad:          10588.1     0.046853     0.022667     0.054007
-------------------------------------------------------------
Solution Validates: avg error less than 1.000000e-13 on all three arrays
-------------------------------------------------------------
-------------------------------------------------------------
STREAM version $Revision: 5.10 $
-------------------------------------------------------------
This system uses 8 bytes per array element.
-------------------------------------------------------------
Array size = 10000000 (elements), Offset = 0 (elements)
Memory per array = 76.3 MiB (= 0.1 GiB).
Total memory required = 228.9 MiB (= 0.2 GiB).
Each kernel will be executed 10 times.
 The *best* time for each kernel (excluding the first iteration)
 will be used to compute the reported bandwidth.
-------------------------------------------------------------
Your clock granularity/precision appears to be 1 microseconds.
Each test below will take on the order of 14156 microseconds.
   (= 14156 clock ticks)
Increase the size of the arrays if this shows that
you are not getting at least 20 clock ticks per test.
-------------------------------------------------------------
WARNING -- The above is only a rough guideline.
For best results, please be sure you know the
precision of your system timer.
-------------------------------------------------------------
Function    Best Rate MB/s  Avg time     Min time     Max time
Copy:           10016.8     0.019183     0.015973     0.021763
Scale:           5754.4     0.034130     0.027805     0.038070
Add:             6024.7     0.050784     0.039836     0.055514
Triad:           8545.2     0.047179     0.028086     0.054305
-------------------------------------------------------------
Solution Validates: avg error less than 1.000000e-13 on all three arrays
-------------------------------------------------------------
-------------------------------------------------------------
STREAM version $Revision: 5.10 $
-------------------------------------------------------------
This system uses 8 bytes per array element.
-------------------------------------------------------------
Array size = 10000000 (elements), Offset = 0 (elements)
Memory per array = 76.3 MiB (= 0.1 GiB).
Total memory required = 228.9 MiB (= 0.2 GiB).
Each kernel will be executed 10 times.
 The *best* time for each kernel (excluding the first iteration)
 will be used to compute the reported bandwidth.
-------------------------------------------------------------
Your clock granularity/precision appears to be 1 microseconds.
Each test below will take on the order of 12239 microseconds.
   (= 12239 clock ticks)
Increase the size of the arrays if this shows that
you are not getting at least 20 clock ticks per test.
-------------------------------------------------------------
WARNING -- The above is only a rough guideline.
For best results, please be sure you know the
precision of your system timer.
-------------------------------------------------------------
Function    Best Rate MB/s  Avg time     Min time     Max time
Copy:            7109.5     0.024413     0.022505     0.027120
Scale:           4897.8     0.044275     0.032668     0.050462
Add:             4720.5     0.063068     0.050842     0.068051
Triad:           5599.7     0.058366     0.042859     0.065044
-------------------------------------------------------------
Solution Validates: avg error less than 1.000000e-13 on all three arrays
-------------------------------------------------------------
-------------------------------------------------------------
STREAM version $Revision: 5.10 $
-------------------------------------------------------------
This system uses 8 bytes per array element.
-------------------------------------------------------------
Array size = 10000000 (elements), Offset = 0 (elements)
Memory per array = 76.3 MiB (= 0.1 GiB).
Total memory required = 228.9 MiB (= 0.2 GiB).
Each kernel will be executed 10 times.
 The *best* time for each kernel (excluding the first iteration)
 will be used to compute the reported bandwidth.
-------------------------------------------------------------
Your clock granularity/precision appears to be 1 microseconds.
Each test below will take on the order of 11430 microseconds.
   (= 11430 clock ticks)
Increase the size of the arrays if this shows that
you are not getting at least 20 clock ticks per test.
-------------------------------------------------------------
WARNING -- The above is only a rough guideline.
For best results, please be sure you know the
precision of your system timer.
-------------------------------------------------------------
Function    Best Rate MB/s  Avg time     Min time     Max time
Copy:            7069.9     0.024810     0.022631     0.027654
Scale:           4898.5     0.044205     0.032663     0.050749
Add:             4828.0     0.062994     0.049710     0.068047
Triad:           4129.3     0.060142     0.058122     0.064808
-------------------------------------------------------------
Solution Validates: avg error less than 1.000000e-13 on all three arrays
-------------------------------------------------------------
-------------------------------------------------------------
STREAM version $Revision: 5.10 $
-------------------------------------------------------------
This system uses 8 bytes per array element.
-------------------------------------------------------------
Array size = 10000000 (elements), Offset = 0 (elements)
Memory per array = 76.3 MiB (= 0.1 GiB).
Total memory required = 228.9 MiB (= 0.2 GiB).
Each kernel will be executed 10 times.
 The *best* time for each kernel (excluding the first iteration)
 will be used to compute the reported bandwidth.
-------------------------------------------------------------
Your clock granularity/precision appears to be 1 microseconds.
Each test below will take on the order of 19556 microseconds.
   (= 19556 clock ticks)
Increase the size of the arrays if this shows that
you are not getting at least 20 clock ticks per test.
-------------------------------------------------------------
WARNING -- The above is only a rough guideline.
For best results, please be sure you know the
precision of your system timer.
-------------------------------------------------------------
Function    Best Rate MB/s  Avg time     Min time     Max time
-------------------------------------------------------------
Copy:            8205.9     0.023645     0.019498     0.026675
STREAM version $Revision: 5.10 $
Scale:           4732.0     0.044071     0.033812     0.048817
-------------------------------------------------------------
Add:             5294.7     0.060002     0.045328     0.067298
This system uses 8 bytes per array element.
Triad:           5736.0     0.061440     0.041841     0.069530
-------------------------------------------------------------
-------------------------------------------------------------
Array size = 10000000 (elements), Offset = 0 (elements)
Solution Validates: avg error less than 1.000000e-13 on all three arrays
Memory per array = 76.3 MiB (= 0.1 GiB).
-------------------------------------------------------------
Total memory required = 228.9 MiB (= 0.2 GiB).
Each kernel will be executed 10 times.
 The *best* time for each kernel (excluding the first iteration)
 will be used to compute the reported bandwidth.
-------------------------------------------------------------
Your clock granularity/precision appears to be 1 microseconds.
Each test below will take on the order of 7343 microseconds.
   (= 7343 clock ticks)
Increase the size of the arrays if this shows that
you are not getting at least 20 clock ticks per test.
-------------------------------------------------------------
WARNING -- The above is only a rough guideline.
For best results, please be sure you know the
precision of your system timer.
-------------------------------------------------------------
Function    Best Rate MB/s  Avg time     Min time     Max time
Copy:            7001.5     0.025119     0.022852     0.026340
Scale:           3768.0     0.048441     0.042463     0.051860
Add:             4187.2     0.064599     0.057318     0.067838
Triad:           4490.4     0.065659     0.053447     0.068635
-------------------------------------------------------------
Solution Validates: avg error less than 1.000000e-13 on all three arrays
-------------------------------------------------------------
-------------------------------------------------------------
STREAM version $Revision: 5.10 $
-------------------------------------------------------------
This system uses 8 bytes per array element.
-------------------------------------------------------------
Array size = 10000000 (elements), Offset = 0 (elements)
Memory per array = 76.3 MiB (= 0.1 GiB).
Total memory required = 228.9 MiB (= 0.2 GiB).
Each kernel will be executed 10 times.
 The *best* time for each kernel (excluding the first iteration)
 will be used to compute the reported bandwidth.
-------------------------------------------------------------
Your clock granularity/precision appears to be 1 microseconds.
Each test below will take on the order of 28949 microseconds.
   (= 28949 clock ticks)
Increase the size of the arrays if this shows that
you are not getting at least 20 clock ticks per test.
-------------------------------------------------------------
WARNING -- The above is only a rough guideline.
For best results, please be sure you know the
precision of your system timer.
-------------------------------------------------------------
Function    Best Rate MB/s  Avg time     Min time     Max time
Copy:           10059.8     0.019455     0.015905     0.021781
Scale:           5876.9     0.033094     0.027225     0.036540
Add:             7072.6     0.047425     0.033934     0.054324
Triad:          11396.5     0.047359     0.021059     0.055734
-------------------------------------------------------------
Solution Validates: avg error less than 1.000000e-13 on all three arrays
-------------------------------------------------------------
-------------------------------------------------------------
STREAM version $Revision: 5.10 $
-------------------------------------------------------------
This system uses 8 bytes per array element.
-------------------------------------------------------------
-------------------------------------------------------------
STREAM version $Revision: 5.10 $
Array size = 10000000 (elements), Offset = 0 (elements)
-------------------------------------------------------------
Memory per array = 76.3 MiB (= 0.1 GiB).
This system uses 8 bytes per array element.
Total memory required = 228.9 MiB (= 0.2 GiB).
-------------------------------------------------------------
Each kernel will be executed 10 times.
Array size = 10000000 (elements), Offset = 0 (elements)
 The *best* time for each kernel (excluding the first iteration)
Memory per array = 76.3 MiB (= 0.1 GiB).
 will be used to compute the reported bandwidth.
Total memory required = 228.9 MiB (= 0.2 GiB).
-------------------------------------------------------------
Each kernel will be executed 10 times.
Your clock granularity/precision appears to be 1 microseconds.
 The *best* time for each kernel (excluding the first iteration)
Each test below will take on the order of 14325 microseconds.
 will be used to compute the reported bandwidth.
   (= 14325 clock ticks)
-------------------------------------------------------------
Increase the size of the arrays if this shows that
Your clock granularity/precision appears to be 1 microseconds.
you are not getting at least 20 clock ticks per test.
Each test below will take on the order of 19724 microseconds.
-------------------------------------------------------------
   (= 19724 clock ticks)
WARNING -- The above is only a rough guideline.
Increase the size of the arrays if this shows that
For best results, please be sure you know the
you are not getting at least 20 clock ticks per test.
precision of your system timer.
-------------------------------------------------------------
-------------------------------------------------------------
WARNING -- The above is only a rough guideline.
Function    Best Rate MB/s  Avg time     Min time     Max time
For best results, please be sure you know the
Copy:            7313.3     0.025886     0.021878     0.027547
precision of your system timer.
Scale:           4022.1     0.044751     0.039780     0.047443
-------------------------------------------------------------
Add:             4289.4     0.065009     0.055952     0.067745
Function    Best Rate MB/s  Avg time     Min time     Max time
Triad:           4852.0     0.065275     0.049464     0.068948
Copy:            7670.9     0.026138     0.020858     0.027743
-------------------------------------------------------------
Scale:           4076.6     0.043451     0.039248     0.045789
Solution Validates: avg error less than 1.000000e-13 on all three arrays
Add:             4299.7     0.065322     0.055818     0.067870
-------------------------------------------------------------
Triad:           5045.4     0.064803     0.047568     0.068453
-------------------------------------------------------------
Solution Validates: avg error less than 1.000000e-13 on all three arrays
-------------------------------------------------------------
-------------------------------------------------------------
STREAM version $Revision: 5.10 $
-------------------------------------------------------------
This system uses 8 bytes per array element.
-------------------------------------------------------------
Array size = 10000000 (elements), Offset = 0 (elements)
Memory per array = 76.3 MiB (= 0.1 GiB).
Total memory required = 228.9 MiB (= 0.2 GiB).
-------------------------------------------------------------
Each kernel will be executed 10 times.
STREAM version $Revision: 5.10 $
 The *best* time for each kernel (excluding the first iteration)
-------------------------------------------------------------
 will be used to compute the reported bandwidth.
This system uses 8 bytes per array element.
-------------------------------------------------------------
-------------------------------------------------------------
Your clock granularity/precision appears to be 1 microseconds.
Array size = 10000000 (elements), Offset = 0 (elements)
Each test below will take on the order of 9294 microseconds.
Memory per array = 76.3 MiB (= 0.1 GiB).
   (= 9294 clock ticks)
Total memory required = 228.9 MiB (= 0.2 GiB).
Increase the size of the arrays if this shows that
Each kernel will be executed 10 times.
you are not getting at least 20 clock ticks per test.
 The *best* time for each kernel (excluding the first iteration)
-------------------------------------------------------------
 will be used to compute the reported bandwidth.
WARNING -- The above is only a rough guideline.
-------------------------------------------------------------
For best results, please be sure you know the
Your clock granularity/precision appears to be 1 microseconds.
precision of your system timer.
Each test below will take on the order of 9554 microseconds.
-------------------------------------------------------------
   (= 9554 clock ticks)
Function    Best Rate MB/s  Avg time     Min time     Max time
Increase the size of the arrays if this shows that
Copy:            6217.7     0.027257     0.025733     0.028517
you are not getting at least 20 clock ticks per test.
Scale:           3924.5     0.046004     0.040769     0.049136
-------------------------------------------------------------
Add:             4087.9     0.066319     0.058710     0.069656
WARNING -- The above is only a rough guideline.
Triad:           4266.4     0.063375     0.056253     0.066045
For best results, please be sure you know the
-------------------------------------------------------------
precision of your system timer.
Solution Validates: avg error less than 1.000000e-13 on all three arrays
-------------------------------------------------------------
-------------------------------------------------------------
Function    Best Rate MB/s  Avg time     Min time     Max time
Copy:            6243.1     0.027333     0.025628     0.028412
Scale:           3956.9     0.045958     0.040436     0.048860
Add:             4086.1     0.066335     0.058735     0.069352
Triad:           4330.0     0.063478     0.055427     0.066180
-------------------------------------------------------------
Solution Validates: avg error less than 1.000000e-13 on all three arrays
-------------------------------------------------------------
-------------------------------------------------------------
STREAM version $Revision: 5.10 $
-------------------------------------------------------------
-------------------------------------------------------------
STREAM version $Revision: 5.10 $
This system uses 8 bytes per array element.
-------------------------------------------------------------
-------------------------------------------------------------
This system uses 8 bytes per array element.
Array size = 10000000 (elements), Offset = 0 (elements)
-------------------------------------------------------------
Memory per array = 76.3 MiB (= 0.1 GiB).
Array size = 10000000 (elements), Offset = 0 (elements)
Total memory required = 228.9 MiB (= 0.2 GiB).
Memory per array = 76.3 MiB (= 0.1 GiB).
Each kernel will be executed 10 times.
Total memory required = 228.9 MiB (= 0.2 GiB).
 The *best* time for each kernel (excluding the first iteration)
Each kernel will be executed 10 times.
 will be used to compute the reported bandwidth.
 The *best* time for each kernel (excluding the first iteration)
-------------------------------------------------------------
 will be used to compute the reported bandwidth.
Your clock granularity/precision appears to be 1 microseconds.
-------------------------------------------------------------
-------------------------------------------------------------
-------------------------------------------------------------
-------------------------------------------------------------
-------------------------------------------------------------
-------------------------------------------------------------
-------------------------------------------------------------
Each test below will take on the order of 21179 microseconds.
-------------------------------------------------------------
Your clock granularity/precision appears to be 1 microseconds.
-------------------------------------------------------------
-------------------------------------------------------------
STREAM version $Revision: 5.10 $
STREAM version $Revision: 5.10 $
-------------------------------------------------------------
-------------------------------------------------------------
-------------------------------------------------------------
-------------------------------------------------------------
-------------------------------------------------------------
-------------------------------------------------------------
-------------------------------------------------------------
-------------------------------------------------------------
STREAM version $Revision: 5.10 $
STREAM version $Revision: 5.10 $
STREAM version $Revision: 5.10 $
STREAM version $Revision: 5.10 $
   (= 21179 clock ticks)
STREAM version $Revision: 5.10 $
Each test below will take on the order of 15360 microseconds.
STREAM version $Revision: 5.10 $
STREAM version $Revision: 5.10 $
STREAM version $Revision: 5.10 $
STREAM version $Revision: 5.10 $
STREAM version $Revision: 5.10 $
STREAM version $Revision: 5.10 $
STREAM version $Revision: 5.10 $
STREAM version $Revision: 5.10 $
-------------------------------------------------------------
STREAM version $Revision: 5.10 $
-------------------------------------------------------------
-------------------------------------------------------------
STREAM version $Revision: 5.10 $
-------------------------------------------------------------
-------------------------------------------------------------
-------------------------------------------------------------
Increase the size of the arrays if this shows that
-------------------------------------------------------------
-------------------------------------------------------------
-------------------------------------------------------------
   (= 15360 clock ticks)
-------------------------------------------------------------
-------------------------------------------------------------
-------------------------------------------------------------
-------------------------------------------------------------
-------------------------------------------------------------
-------------------------------------------------------------
-------------------------------------------------------------
-------------------------------------------------------------
This system uses 8 bytes per array element.
-------------------------------------------------------------
This system uses 8 bytes per array element.
STREAM version $Revision: 5.10 $
-------------------------------------------------------------
This system uses 8 bytes per array element.
This system uses 8 bytes per array element.
This system uses 8 bytes per array element.
you are not getting at least 20 clock ticks per test.
STREAM version $Revision: 5.10 $
This system uses 8 bytes per array element.
This system uses 8 bytes per array element.
Increase the size of the arrays if this shows that
This system uses 8 bytes per array element.
This system uses 8 bytes per array element.
This system uses 8 bytes per array element.
This system uses 8 bytes per array element.
This system uses 8 bytes per array element.
This system uses 8 bytes per array element.
This system uses 8 bytes per array element.
This system uses 8 bytes per array element.
-------------------------------------------------------------
This system uses 8 bytes per array element.
-------------------------------------------------------------
-------------------------------------------------------------
This system uses 8 bytes per array element.
-------------------------------------------------------------
-------------------------------------------------------------
-------------------------------------------------------------
-------------------------------------------------------------
-------------------------------------------------------------
-------------------------------------------------------------
-------------------------------------------------------------
you are not getting at least 20 clock ticks per test.
-------------------------------------------------------------
-------------------------------------------------------------
-------------------------------------------------------------
-------------------------------------------------------------
-------------------------------------------------------------
-------------------------------------------------------------
-------------------------------------------------------------
-------------------------------------------------------------
Array size = 10000000 (elements), Offset = 0 (elements)
-------------------------------------------------------------
Array size = 10000000 (elements), Offset = 0 (elements)
This system uses 8 bytes per array element.
-------------------------------------------------------------
Array size = 10000000 (elements), Offset = 0 (elements)
Array size = 10000000 (elements), Offset = 0 (elements)
Array size = 10000000 (elements), Offset = 0 (elements)
WARNING -- The above is only a rough guideline.
This system uses 8 bytes per array element.
Array size = 10000000 (elements), Offset = 0 (elements)
Array size = 10000000 (elements), Offset = 0 (elements)
-------------------------------------------------------------
Array size = 10000000 (elements), Offset = 0 (elements)
Array size = 10000000 (elements), Offset = 0 (elements)
Array size = 10000000 (elements), Offset = 0 (elements)
Array size = 10000000 (elements), Offset = 0 (elements)
Array size = 10000000 (elements), Offset = 0 (elements)
Array size = 10000000 (elements), Offset = 0 (elements)
Array size = 10000000 (elements), Offset = 0 (elements)
Array size = 10000000 (elements), Offset = 0 (elements)
Memory per array = 76.3 MiB (= 0.1 GiB).
Array size = 10000000 (elements), Offset = 0 (elements)
Memory per array = 76.3 MiB (= 0.1 GiB).
-------------------------------------------------------------
Array size = 10000000 (elements), Offset = 0 (elements)
Memory per array = 76.3 MiB (= 0.1 GiB).
Memory per array = 76.3 MiB (= 0.1 GiB).
Memory per array = 76.3 MiB (= 0.1 GiB).
For best results, please be sure you know the
-------------------------------------------------------------
Memory per array = 76.3 MiB (= 0.1 GiB).
Memory per array = 76.3 MiB (= 0.1 GiB).
WARNING -- The above is only a rough guideline.
Memory per array = 76.3 MiB (= 0.1 GiB).
Memory per array = 76.3 MiB (= 0.1 GiB).
Memory per array = 76.3 MiB (= 0.1 GiB).
Memory per array = 76.3 MiB (= 0.1 GiB).
Memory per array = 76.3 MiB (= 0.1 GiB).
Memory per array = 76.3 MiB (= 0.1 GiB).
Memory per array = 76.3 MiB (= 0.1 GiB).
Memory per array = 76.3 MiB (= 0.1 GiB).
Total memory required = 228.9 MiB (= 0.2 GiB).
Memory per array = 76.3 MiB (= 0.1 GiB).
Total memory required = 228.9 MiB (= 0.2 GiB).
Array size = 10000000 (elements), Offset = 0 (elements)
Memory per array = 76.3 MiB (= 0.1 GiB).
Total memory required = 228.9 MiB (= 0.2 GiB).
Total memory required = 228.9 MiB (= 0.2 GiB).
Total memory required = 228.9 MiB (= 0.2 GiB).
precision of your system timer.
Array size = 10000000 (elements), Offset = 0 (elements)
Total memory required = 228.9 MiB (= 0.2 GiB).
Total memory required = 228.9 MiB (= 0.2 GiB).
For best results, please be sure you know the
Total memory required = 228.9 MiB (= 0.2 GiB).
Total memory required = 228.9 MiB (= 0.2 GiB).
Total memory required = 228.9 MiB (= 0.2 GiB).
Total memory required = 228.9 MiB (= 0.2 GiB).
Total memory required = 228.9 MiB (= 0.2 GiB).
Total memory required = 228.9 MiB (= 0.2 GiB).
Total memory required = 228.9 MiB (= 0.2 GiB).
Total memory required = 228.9 MiB (= 0.2 GiB).
Each kernel will be executed 10 times.
Total memory required = 228.9 MiB (= 0.2 GiB).
Each kernel will be executed 10 times.
Memory per array = 76.3 MiB (= 0.1 GiB).
Total memory required = 228.9 MiB (= 0.2 GiB).
Each kernel will be executed 10 times.
Each kernel will be executed 10 times.
Each kernel will be executed 10 times.
-------------------------------------------------------------
Memory per array = 76.3 MiB (= 0.1 GiB).
Each kernel will be executed 10 times.
Each kernel will be executed 10 times.
precision of your system timer.
Each kernel will be executed 10 times.
Each kernel will be executed 10 times.
Each kernel will be executed 10 times.
Each kernel will be executed 10 times.
Each kernel will be executed 10 times.
Each kernel will be executed 10 times.
Each kernel will be executed 10 times.
Each kernel will be executed 10 times.
 The *best* time for each kernel (excluding the first iteration)
Each kernel will be executed 10 times.
 The *best* time for each kernel (excluding the first iteration)
Total memory required = 228.9 MiB (= 0.2 GiB).
Each kernel will be executed 10 times.
 The *best* time for each kernel (excluding the first iteration)
 The *best* time for each kernel (excluding the first iteration)
 The *best* time for each kernel (excluding the first iteration)
Function    Best Rate MB/s  Avg time     Min time     Max time
Total memory required = 228.9 MiB (= 0.2 GiB).
 The *best* time for each kernel (excluding the first iteration)
 The *best* time for each kernel (excluding the first iteration)
-------------------------------------------------------------
 The *best* time for each kernel (excluding the first iteration)
 The *best* time for each kernel (excluding the first iteration)
 The *best* time for each kernel (excluding the first iteration)
 The *best* time for each kernel (excluding the first iteration)
 The *best* time for each kernel (excluding the first iteration)
 The *best* time for each kernel (excluding the first iteration)
 The *best* time for each kernel (excluding the first iteration)
 The *best* time for each kernel (excluding the first iteration)
 will be used to compute the reported bandwidth.
 The *best* time for each kernel (excluding the first iteration)
 will be used to compute the reported bandwidth.
Each kernel will be executed 10 times.
 The *best* time for each kernel (excluding the first iteration)
 will be used to compute the reported bandwidth.
 will be used to compute the reported bandwidth.
 will be used to compute the reported bandwidth.
Copy:            7886.8     0.024847     0.020287     0.027082
Each kernel will be executed 10 times.
 will be used to compute the reported bandwidth.
 will be used to compute the reported bandwidth.
Function    Best Rate MB/s  Avg time     Min time     Max time
 will be used to compute the reported bandwidth.
 will be used to compute the reported bandwidth.
 will be used to compute the reported bandwidth.
 will be used to compute the reported bandwidth.
 will be used to compute the reported bandwidth.
 will be used to compute the reported bandwidth.
 will be used to compute the reported bandwidth.
 will be used to compute the reported bandwidth.
-------------------------------------------------------------
 will be used to compute the reported bandwidth.
-------------------------------------------------------------
 The *best* time for each kernel (excluding the first iteration)
 will be used to compute the reported bandwidth.
-------------------------------------------------------------
-------------------------------------------------------------
-------------------------------------------------------------
Scale:           4913.7     0.041751     0.032562     0.046378
 The *best* time for each kernel (excluding the first iteration)
-------------------------------------------------------------
-------------------------------------------------------------
Copy:            7133.9     0.025303     0.022428     0.027385
-------------------------------------------------------------
-------------------------------------------------------------
-------------------------------------------------------------
-------------------------------------------------------------
-------------------------------------------------------------
-------------------------------------------------------------
-------------------------------------------------------------
-------------------------------------------------------------
Your clock granularity/precision appears to be 1 microseconds.
-------------------------------------------------------------
Your clock granularity/precision appears to be 1 microseconds.
 will be used to compute the reported bandwidth.
-------------------------------------------------------------
Your clock granularity/precision appears to be 1 microseconds.
Your clock granularity/precision appears to be 1 microseconds.
Your clock granularity/precision appears to be 1 microseconds.
Add:             5704.0     0.060581     0.042076     0.068232
 will be used to compute the reported bandwidth.
Your clock granularity/precision appears to be 1 microseconds.
Your clock granularity/precision appears to be 1 microseconds.
Scale:           4018.1     0.044497     0.039820     0.046607
Your clock granularity/precision appears to be 1 microseconds.
Your clock granularity/precision appears to be 1 microseconds.
Your clock granularity/precision appears to be 1 microseconds.
Your clock granularity/precision appears to be 1 microseconds.
Your clock granularity/precision appears to be 1 microseconds.
Your clock granularity/precision appears to be 1 microseconds.
Your clock granularity/precision appears to be 1 microseconds.
Your clock granularity/precision appears to be 1 microseconds.
Each test below will take on the order of 23864 microseconds.
Your clock granularity/precision appears to be 1 microseconds.
Each test below will take on the order of 23924 microseconds.
-------------------------------------------------------------
Your clock granularity/precision appears to be 1 microseconds.
Each test below will take on the order of 19812 microseconds.
Each test below will take on the order of 17655 microseconds.
Each test below will take on the order of 11173 microseconds.
Triad:           7155.6     0.063060     0.033540     0.074608
-------------------------------------------------------------
Each test below will take on the order of 6793 microseconds.
Each test below will take on the order of 21738 microseconds.
Add:             4231.7     0.065188     0.056715     0.067992
Each test below will take on the order of 32258 microseconds.
Each test below will take on the order of 32675 microseconds.
Each test below will take on the order of 30591 microseconds.
Each test below will take on the order of 31708 microseconds.
Each test below will take on the order of 33714 microseconds.
Each test below will take on the order of 33457 microseconds.
Each test below will take on the order of 28903 microseconds.
Each test below will take on the order of 30290 microseconds.
   (= 23864 clock ticks)
Each test below will take on the order of 26890 microseconds.
   (= 23924 clock ticks)
Your clock granularity/precision appears to be 1 microseconds.
Each test below will take on the order of 17908 microseconds.
   (= 19812 clock ticks)
   (= 17655 clock ticks)
   (= 11173 clock ticks)
-------------------------------------------------------------
Your clock granularity/precision appears to be 1 microseconds.
   (= 6793 clock ticks)
   (= 21738 clock ticks)
Triad:           4691.4     0.067055     0.051157     0.071201
   (= 32258 clock ticks)
   (= 32675 clock ticks)
   (= 30591 clock ticks)
   (= 31708 clock ticks)
   (= 33714 clock ticks)
   (= 33457 clock ticks)
   (= 28903 clock ticks)
   (= 30290 clock ticks)
Increase the size of the arrays if this shows that
   (= 26890 clock ticks)
Increase the size of the arrays if this shows that
Each test below will take on the order of 15528 microseconds.
   (= 17908 clock ticks)
Increase the size of the arrays if this shows that
Increase the size of the arrays if this shows that
Increase the size of the arrays if this shows that
Solution Validates: avg error less than 1.000000e-13 on all three arrays
Each test below will take on the order of 12264 microseconds.
Increase the size of the arrays if this shows that
Increase the size of the arrays if this shows that
-------------------------------------------------------------
Increase the size of the arrays if this shows that
Increase the size of the arrays if this shows that
Increase the size of the arrays if this shows that
Increase the size of the arrays if this shows that
Increase the size of the arrays if this shows that
Increase the size of the arrays if this shows that
Increase the size of the arrays if this shows that
Increase the size of the arrays if this shows that
you are not getting at least 20 clock ticks per test.
Increase the size of the arrays if this shows that
you are not getting at least 20 clock ticks per test.
   (= 15528 clock ticks)
Increase the size of the arrays if this shows that
you are not getting at least 20 clock ticks per test.
you are not getting at least 20 clock ticks per test.
you are not getting at least 20 clock ticks per test.
-------------------------------------------------------------
   (= 12264 clock ticks)
you are not getting at least 20 clock ticks per test.
you are not getting at least 20 clock ticks per test.
Solution Validates: avg error less than 1.000000e-13 on all three arrays
you are not getting at least 20 clock ticks per test.
you are not getting at least 20 clock ticks per test.
you are not getting at least 20 clock ticks per test.
you are not getting at least 20 clock ticks per test.
you are not getting at least 20 clock ticks per test.
you are not getting at least 20 clock ticks per test.
you are not getting at least 20 clock ticks per test.
you are not getting at least 20 clock ticks per test.
-------------------------------------------------------------
you are not getting at least 20 clock ticks per test.
-------------------------------------------------------------
Increase the size of the arrays if this shows that
you are not getting at least 20 clock ticks per test.
-------------------------------------------------------------
-------------------------------------------------------------
-------------------------------------------------------------
Increase the size of the arrays if this shows that
-------------------------------------------------------------
-------------------------------------------------------------
-------------------------------------------------------------
-------------------------------------------------------------
-------------------------------------------------------------
-------------------------------------------------------------
-------------------------------------------------------------
-------------------------------------------------------------
-------------------------------------------------------------
-------------------------------------------------------------
-------------------------------------------------------------
WARNING -- The above is only a rough guideline.
-------------------------------------------------------------
WARNING -- The above is only a rough guideline.
you are not getting at least 20 clock ticks per test.
-------------------------------------------------------------
WARNING -- The above is only a rough guideline.
WARNING -- The above is only a rough guideline.
WARNING -- The above is only a rough guideline.
you are not getting at least 20 clock ticks per test.
WARNING -- The above is only a rough guideline.
WARNING -- The above is only a rough guideline.
-------------------------------------------------------------
WARNING -- The above is only a rough guideline.
WARNING -- The above is only a rough guideline.
WARNING -- The above is only a rough guideline.
WARNING -- The above is only a rough guideline.
WARNING -- The above is only a rough guideline.
WARNING -- The above is only a rough guideline.
WARNING -- The above is only a rough guideline.
WARNING -- The above is only a rough guideline.
For best results, please be sure you know the
WARNING -- The above is only a rough guideline.
For best results, please be sure you know the
-------------------------------------------------------------
WARNING -- The above is only a rough guideline.
For best results, please be sure you know the
For best results, please be sure you know the
For best results, please be sure you know the
-------------------------------------------------------------
For best results, please be sure you know the
For best results, please be sure you know the
STREAM version $Revision: 5.10 $
For best results, please be sure you know the
For best results, please be sure you know the
For best results, please be sure you know the
For best results, please be sure you know the
For best results, please be sure you know the
For best results, please be sure you know the
For best results, please be sure you know the
For best results, please be sure you know the
precision of your system timer.
For best results, please be sure you know the
precision of your system timer.
WARNING -- The above is only a rough guideline.
For best results, please be sure you know the
precision of your system timer.
precision of your system timer.
precision of your system timer.
WARNING -- The above is only a rough guideline.
precision of your system timer.
precision of your system timer.
-------------------------------------------------------------
precision of your system timer.
precision of your system timer.
precision of your system timer.
precision of your system timer.
precision of your system timer.
precision of your system timer.
precision of your system timer.
precision of your system timer.
-------------------------------------------------------------
precision of your system timer.
-------------------------------------------------------------
For best results, please be sure you know the
precision of your system timer.
-------------------------------------------------------------
-------------------------------------------------------------
-------------------------------------------------------------
For best results, please be sure you know the
-------------------------------------------------------------
-------------------------------------------------------------
This system uses 8 bytes per array element.
-------------------------------------------------------------
-------------------------------------------------------------
-------------------------------------------------------------
-------------------------------------------------------------
-------------------------------------------------------------
-------------------------------------------------------------
-------------------------------------------------------------
-------------------------------------------------------------
Function    Best Rate MB/s  Avg time     Min time     Max time
-------------------------------------------------------------
Function    Best Rate MB/s  Avg time     Min time     Max time
precision of your system timer.
-------------------------------------------------------------
Function    Best Rate MB/s  Avg time     Min time     Max time
Function    Best Rate MB/s  Avg time     Min time     Max time
Function    Best Rate MB/s  Avg time     Min time     Max time
precision of your system timer.
Function    Best Rate MB/s  Avg time     Min time     Max time
Function    Best Rate MB/s  Avg time     Min time     Max time
-------------------------------------------------------------
Function    Best Rate MB/s  Avg time     Min time     Max time
Function    Best Rate MB/s  Avg time     Min time     Max time
Function    Best Rate MB/s  Avg time     Min time     Max time
Function    Best Rate MB/s  Avg time     Min time     Max time
Function    Best Rate MB/s  Avg time     Min time     Max time
Function    Best Rate MB/s  Avg time     Min time     Max time
Function    Best Rate MB/s  Avg time     Min time     Max time
Function    Best Rate MB/s  Avg time     Min time     Max time
Copy:            7695.7     0.027439     0.020791     0.031586
Function    Best Rate MB/s  Avg time     Min time     Max time
Copy:            7837.0     0.026273     0.020416     0.029123
-------------------------------------------------------------
Function    Best Rate MB/s  Avg time     Min time     Max time
Copy:            7285.6     0.026948     0.021961     0.030317
Copy:            7364.5     0.026514     0.021726     0.029841
Copy:            7025.0     0.024399     0.022776     0.026197
-------------------------------------------------------------
Copy:            8389.2     0.023078     0.019072     0.025592
Copy:            7266.8     0.024874     0.022018     0.026119
Array size = 10000000 (elements), Offset = 0 (elements)
Copy:           12225.0     0.028301     0.013088     0.032670
Copy:           12697.3     0.029282     0.012601     0.033335
Copy:           11818.7     0.030630     0.013538     0.035243
Copy:           11464.0     0.030167     0.013957     0.035359
Copy:           12511.9     0.028882     0.012788     0.032795
Copy:           12394.5     0.027656     0.012909     0.031814
Copy:           13189.4     0.030267     0.012131     0.034844
Copy:           11903.8     0.030110     0.013441     0.034298
Scale:           4570.9     0.043260     0.035004     0.048139
Copy:            7948.7     0.023689     0.020129     0.026091
Scale:           4596.8     0.042844     0.034807     0.047070
Function    Best Rate MB/s  Avg time     Min time     Max time
Copy:            7959.0     0.023184     0.020103     0.025173
Scale:           4654.6     0.044797     0.034375     0.050528
Scale:           4632.3     0.046155     0.034540     0.051352
Scale:           4250.0     0.041932     0.037647     0.045317
Function    Best Rate MB/s  Avg time     Min time     Max time
Scale:           4604.6     0.042905     0.034748     0.046767
Scale:           4127.6     0.043277     0.038763     0.044665
Memory per array = 76.3 MiB (= 0.1 GiB).
Scale:           8674.9     0.043231     0.018444     0.048571
Scale:           8407.8     0.042529     0.019030     0.047424
Scale:           8262.0     0.042230     0.019366     0.046998
Scale:           8281.6     0.041812     0.019320     0.046618
Scale:           6396.9     0.042818     0.025012     0.046717
Scale:           9072.9     0.042762     0.017635     0.047517
Scale:           9183.8     0.041904     0.017422     0.048061
Scale:           9066.2     0.042274     0.017648     0.047725
Add:             5395.2     0.058707     0.044484     0.064287
Scale:           6292.0     0.044035     0.025429     0.049047
Add:             4692.4     0.059596     0.051146     0.064557
Copy:            7457.9     0.023595     0.021454     0.025892
Scale:           4862.2     0.042595     0.032907     0.047361
Add:             5384.8     0.059073     0.044570     0.065453
Add:             5182.0     0.059566     0.046314     0.065630
Add:             5150.8     0.061831     0.046595     0.068151
Copy:            7421.2     0.023135     0.021560     0.024777
Add:             4321.2     0.064866     0.055540     0.070218
Add:             4595.9     0.067135     0.052220     0.071294
Total memory required = 228.9 MiB (= 0.2 GiB).
Add:             8889.2     0.058264     0.026999     0.065634
Add:             8899.8     0.058024     0.026967     0.065626
Add:             8877.4     0.057786     0.027035     0.065034
Add:             8879.0     0.057787     0.027030     0.065009
Add:             9903.9     0.057312     0.024233     0.064947
Add:             9872.4     0.057693     0.024310     0.065394
Add:             9926.4     0.058008     0.024178     0.065227
Add:             6734.0     0.058452     0.035640     0.064813
Triad:           5090.6     0.060483     0.047146     0.068694
Add:             8779.3     0.058183     0.027337     0.067117
Triad:           7013.0     0.060735     0.034222     0.070539
Scale:           4669.7     0.042820     0.034263     0.047313
Add:             5832.9     0.064461     0.041146     0.071771
Triad:           6010.2     0.058230     0.039932     0.066002
Triad:           4753.0     0.059062     0.050495     0.064751
Triad:           5206.3     0.063490     0.046098     0.070238
Scale:           4505.2     0.043240     0.035515     0.047568
Triad:           4247.3     0.062398     0.056506     0.067234
Triad:           7109.2     0.063610     0.033759     0.070382
Each kernel will be executed 10 times.
Triad:           8904.8     0.056233     0.026952     0.066081
Triad:           8997.2     0.056428     0.026675     0.066262
Triad:           9246.1     0.056321     0.025957     0.066361
Triad:           9222.6     0.056886     0.026023     0.067887
Triad:           9826.8     0.056813     0.024423     0.066673
Triad:           9970.9     0.056911     0.024070     0.065670
Triad:           9909.2     0.056622     0.024220     0.066375
Triad:           8074.3     0.056502     0.029724     0.065574
-------------------------------------------------------------
Triad:          11176.4     0.058285     0.021474     0.070151
-------------------------------------------------------------
Add:             5106.9     0.064056     0.046995     0.069913
Triad:           7756.5     0.058479     0.030942     0.066486
-------------------------------------------------------------
-------------------------------------------------------------
-------------------------------------------------------------
Add:             5039.5     0.064644     0.047624     0.070366
-------------------------------------------------------------
-------------------------------------------------------------
 The *best* time for each kernel (excluding the first iteration)
-------------------------------------------------------------
-------------------------------------------------------------
-------------------------------------------------------------
-------------------------------------------------------------
-------------------------------------------------------------
-------------------------------------------------------------
-------------------------------------------------------------
-------------------------------------------------------------
Solution Validates: avg error less than 1.000000e-13 on all three arrays
-------------------------------------------------------------
Solution Validates: avg error less than 1.000000e-13 on all three arrays
Triad:           5499.0     0.060077     0.043644     0.067415
-------------------------------------------------------------
Solution Validates: avg error less than 1.000000e-13 on all three arrays
Solution Validates: avg error less than 1.000000e-13 on all three arrays
Solution Validates: avg error less than 1.000000e-13 on all three arrays
Triad:           5152.1     0.061657     0.046583     0.069980
Solution Validates: avg error less than 1.000000e-13 on all three arrays
Solution Validates: avg error less than 1.000000e-13 on all three arrays
 will be used to compute the reported bandwidth.
Solution Validates: avg error less than 1.000000e-13 on all three arrays
Solution Validates: avg error less than 1.000000e-13 on all three arrays
Solution Validates: avg error less than 1.000000e-13 on all three arrays
Solution Validates: avg error less than 1.000000e-13 on all three arrays
Solution Validates: avg error less than 1.000000e-13 on all three arrays
Solution Validates: avg error less than 1.000000e-13 on all three arrays
Solution Validates: avg error less than 1.000000e-13 on all three arrays
Solution Validates: avg error less than 1.000000e-13 on all three arrays
-------------------------------------------------------------
Solution Validates: avg error less than 1.000000e-13 on all three arrays
-------------------------------------------------------------
-------------------------------------------------------------
Solution Validates: avg error less than 1.000000e-13 on all three arrays
-------------------------------------------------------------
-------------------------------------------------------------
-------------------------------------------------------------
-------------------------------------------------------------
-------------------------------------------------------------
-------------------------------------------------------------
-------------------------------------------------------------
-------------------------------------------------------------
-------------------------------------------------------------
-------------------------------------------------------------
-------------------------------------------------------------
-------------------------------------------------------------
-------------------------------------------------------------
-------------------------------------------------------------
-------------------------------------------------------------
-------------------------------------------------------------
Solution Validates: avg error less than 1.000000e-13 on all three arrays
-------------------------------------------------------------
Solution Validates: avg error less than 1.000000e-13 on all three arrays
Your clock granularity/precision appears to be 1 microseconds.
-------------------------------------------------------------
-------------------------------------------------------------
Each test below will take on the order of 21127 microseconds.
   (= 21127 clock ticks)
Increase the size of the arrays if this shows that
you are not getting at least 20 clock ticks per test.
-------------------------------------------------------------
WARNING -- The above is only a rough guideline.
For best results, please be sure you know the
precision of your system timer.
-------------------------------------------------------------
Function    Best Rate MB/s  Avg time     Min time     Max time
Copy:            7731.3     0.023600     0.020695     0.025620
Scale:           4676.2     0.044060     0.034216     0.047570
Add:             5210.1     0.060798     0.046064     0.068985
Triad:           6644.1     0.061088     0.036122     0.071593
-------------------------------------------------------------
Solution Validates: avg error less than 1.000000e-13 on all three arrays
-------------------------------------------------------------
-------------------------------------------------------------
STREAM version $Revision: 5.10 $
-------------------------------------------------------------
This system uses 8 bytes per array element.
-------------------------------------------------------------
Array size = 10000000 (elements), Offset = 0 (elements)
Memory per array = 76.3 MiB (= 0.1 GiB).
Total memory required = 228.9 MiB (= 0.2 GiB).
Each kernel will be executed 10 times.
 The *best* time for each kernel (excluding the first iteration)
 will be used to compute the reported bandwidth.
-------------------------------------------------------------
Your clock granularity/precision appears to be 1 microseconds.
Each test below will take on the order of 8081 microseconds.
   (= 8081 clock ticks)
Increase the size of the arrays if this shows that
you are not getting at least 20 clock ticks per test.
-------------------------------------------------------------
WARNING -- The above is only a rough guideline.
For best results, please be sure you know the
precision of your system timer.
-------------------------------------------------------------
Function    Best Rate MB/s  Avg time     Min time     Max time
Copy:            6863.1     0.026017     0.023313     0.027473
Scale:           3895.7     0.046569     0.041071     0.048569
Add:             4140.9     0.067252     0.057958     0.071442
Triad:           4749.7     0.062247     0.050529     0.065992
-------------------------------------------------------------
Solution Validates: avg error less than 1.000000e-13 on all three arrays
-------------------------------------------------------------
-------------------------------------------------------------
STREAM version $Revision: 5.10 $
-------------------------------------------------------------
This system uses 8 bytes per array element.
-------------------------------------------------------------
Array size = 10000000 (elements), Offset = 0 (elements)
Memory per array = 76.3 MiB (= 0.1 GiB).
Total memory required = 228.9 MiB (= 0.2 GiB).
Each kernel will be executed 10 times.
 The *best* time for each kernel (excluding the first iteration)
 will be used to compute the reported bandwidth.
-------------------------------------------------------------
Your clock granularity/precision appears to be 1 microseconds.
Each test below will take on the order of 8737 microseconds.
   (= 8737 clock ticks)
Increase the size of the arrays if this shows that
you are not getting at least 20 clock ticks per test.
-------------------------------------------------------------
WARNING -- The above is only a rough guideline.
For best results, please be sure you know the
precision of your system timer.
-------------------------------------------------------------
Function    Best Rate MB/s  Avg time     Min time     Max time
Copy:            6813.2     0.026399     0.023484     0.027829
Scale:           3905.1     0.046028     0.040972     0.048096
Add:             4144.4     0.066791     0.057909     0.069949
Triad:           4376.6     0.062493     0.054837     0.065739
-------------------------------------------------------------
Solution Validates: avg error less than 1.000000e-13 on all three arrays
-------------------------------------------------------------
-------------------------------------------------------------
STREAM version $Revision: 5.10 $
-------------------------------------------------------------
This system uses 8 bytes per array element.
-------------------------------------------------------------
Array size = 10000000 (elements), Offset = 0 (elements)
Memory per array = 76.3 MiB (= 0.1 GiB).
Total memory required = 228.9 MiB (= 0.2 GiB).
Each kernel will be executed 10 times.
 The *best* time for each kernel (excluding the first iteration)
 will be used to compute the reported bandwidth.
-------------------------------------------------------------
Your clock granularity/precision appears to be 1 microseconds.
Each test below will take on the order of 25259 microseconds.
   (= 25259 clock ticks)
Increase the size of the arrays if this shows that
you are not getting at least 20 clock ticks per test.
-------------------------------------------------------------
WARNING -- The above is only a rough guideline.
For best results, please be sure you know the
precision of your system timer.
-------------------------------------------------------------
Function    Best Rate MB/s  Avg time     Min time     Max time
Copy:            7414.6     0.024797     0.021579     0.026983
Scale:           4526.0     0.041292     0.035351     0.044809
Add:             6550.4     0.061383     0.036639     0.071318
Triad:          11425.4     0.058628     0.021006     0.070097
-------------------------------------------------------------
Solution Validates: avg error less than 1.000000e-13 on all three arrays
-------------------------------------------------------------
-------------------------------------------------------------
STREAM version $Revision: 5.10 $
-------------------------------------------------------------
This system uses 8 bytes per array element.
-------------------------------------------------------------
Array size = 10000000 (elements), Offset = 0 (elements)
Memory per array = 76.3 MiB (= 0.1 GiB).
Total memory required = 228.9 MiB (= 0.2 GiB).
Each kernel will be executed 10 times.
 The *best* time for each kernel (excluding the first iteration)
 will be used to compute the reported bandwidth.
-------------------------------------------------------------
Your clock granularity/precision appears to be 1 microseconds.
Each test below will take on the order of 13133 microseconds.
   (= 13133 clock ticks)
Increase the size of the arrays if this shows that
you are not getting at least 20 clock ticks per test.
-------------------------------------------------------------
WARNING -- The above is only a rough guideline.
For best results, please be sure you know the
precision of your system timer.
-------------------------------------------------------------
Function    Best Rate MB/s  Avg time     Min time     Max time
Copy:            6805.9     0.026256     0.023509     0.027676
Scale:           3894.2     0.046476     0.041087     0.048833
Add:             4231.3     0.066045     0.056720     0.068850
Triad:           4937.2     0.061928     0.048610     0.065843
-------------------------------------------------------------
Solution Validates: avg error less than 1.000000e-13 on all three arrays
-------------------------------------------------------------
-------------------------------------------------------------
STREAM version $Revision: 5.10 $
-------------------------------------------------------------
This system uses 8 bytes per array element.
-------------------------------------------------------------
Array size = 10000000 (elements), Offset = 0 (elements)
Memory per array = 76.3 MiB (= 0.1 GiB).
Total memory required = 228.9 MiB (= 0.2 GiB).
Each kernel will be executed 10 times.
 The *best* time for each kernel (excluding the first iteration)
 will be used to compute the reported bandwidth.
-------------------------------------------------------------
Your clock granularity/precision appears to be 1 microseconds.
Each test below will take on the order of 18403 microseconds.
   (= 18403 clock ticks)
Increase the size of the arrays if this shows that
you are not getting at least 20 clock ticks per test.
-------------------------------------------------------------
WARNING -- The above is only a rough guideline.
For best results, please be sure you know the
precision of your system timer.
-------------------------------------------------------------
Function    Best Rate MB/s  Avg time     Min time     Max time
Copy:            7256.9     0.024993     0.022048     0.026361
Scale:           3980.7     0.045960     0.040194     0.048179
Add:             4382.2     0.063368     0.054767     0.066076
Triad:           5469.5     0.065163     0.043880     0.071191
-------------------------------------------------------------
Solution Validates: avg error less than 1.000000e-13 on all three arrays
-------------------------------------------------------------
-------------------------------------------------------------
STREAM version $Revision: 5.10 $
-------------------------------------------------------------
This system uses 8 bytes per array element.
-------------------------------------------------------------
Array size = 10000000 (elements), Offset = 0 (elements)
Memory per array = 76.3 MiB (= 0.1 GiB).
Total memory required = 228.9 MiB (= 0.2 GiB).
Each kernel will be executed 10 times.
 The *best* time for each kernel (excluding the first iteration)
 will be used to compute the reported bandwidth.
-------------------------------------------------------------
Your clock granularity/precision appears to be 1 microseconds.
Each test below will take on the order of 12161 microseconds.
   (= 12161 clock ticks)
Increase the size of the arrays if this shows that
you are not getting at least 20 clock ticks per test.
-------------------------------------------------------------
WARNING -- The above is only a rough guideline.
For best results, please be sure you know the
precision of your system timer.
-------------------------------------------------------------
Function    Best Rate MB/s  Avg time     Min time     Max time
Copy:            6672.8     0.026773     0.023978     0.028373
Scale:           3898.6     0.046665     0.041040     0.048808
Add:             4227.3     0.066318     0.056773     0.069273
Triad:           5016.9     0.061900     0.047838     0.066310
-------------------------------------------------------------
Solution Validates: avg error less than 1.000000e-13 on all three arrays
-------------------------------------------------------------
-------------------------------------------------------------
STREAM version $Revision: 5.10 $
-------------------------------------------------------------
This system uses 8 bytes per array element.
-------------------------------------------------------------
Array size = 10000000 (elements), Offset = 0 (elements)
Memory per array = 76.3 MiB (= 0.1 GiB).
Total memory required = 228.9 MiB (= 0.2 GiB).
Each kernel will be executed 10 times.
 The *best* time for each kernel (excluding the first iteration)
 will be used to compute the reported bandwidth.
-------------------------------------------------------------
Your clock granularity/precision appears to be 1 microseconds.
Each test below will take on the order of 18706 microseconds.
   (= 18706 clock ticks)
Increase the size of the arrays if this shows that
you are not getting at least 20 clock ticks per test.
-------------------------------------------------------------
WARNING -- The above is only a rough guideline.
For best results, please be sure you know the
precision of your system timer.
-------------------------------------------------------------
Function    Best Rate MB/s  Avg time     Min time     Max time
Copy:            7303.3     0.024827     0.021908     0.026185
Scale:           4133.7     0.044168     0.038706     0.045958
Add:             4384.3     0.065220     0.054741     0.068756
Triad:           5518.9     0.065200     0.043487     0.071036
-------------------------------------------------------------
Solution Validates: avg error less than 1.000000e-13 on all three arrays
-------------------------------------------------------------
-------------------------------------------------------------
STREAM version $Revision: 5.10 $
-------------------------------------------------------------
This system uses 8 bytes per array element.
-------------------------------------------------------------
Array size = 10000000 (elements), Offset = 0 (elements)
Memory per array = 76.3 MiB (= 0.1 GiB).
Total memory required = 228.9 MiB (= 0.2 GiB).
Each kernel will be executed 10 times.
 The *best* time for each kernel (excluding the first iteration)
 will be used to compute the reported bandwidth.
-------------------------------------------------------------
Your clock granularity/precision appears to be 1 microseconds.
Each test below will take on the order of 24793 microseconds.
   (= 24793 clock ticks)
Increase the size of the arrays if this shows that
you are not getting at least 20 clock ticks per test.
-------------------------------------------------------------
WARNING -- The above is only a rough guideline.
For best results, please be sure you know the
precision of your system timer.
-------------------------------------------------------------
Function    Best Rate MB/s  Avg time     Min time     Max time
Copy:            7484.3     0.024548     0.021378     0.025734
Scale:           4123.9     0.043671     0.038798     0.045506
Add:             4847.9     0.063011     0.049506     0.067164
Triad:           6180.1     0.066740     0.038834     0.073692
-------------------------------------------------------------
Solution Validates: avg error less than 1.000000e-13 on all three arrays
-------------------------------------------------------------
-------------------------------------------------------------
STREAM version $Revision: 5.10 $
-------------------------------------------------------------
This system uses 8 bytes per array element.
-------------------------------------------------------------
Array size = 10000000 (elements), Offset = 0 (elements)
Memory per array = 76.3 MiB (= 0.1 GiB).
Total memory required = 228.9 MiB (= 0.2 GiB).
Each kernel will be executed 10 times.
 The *best* time for each kernel (excluding the first iteration)
 will be used to compute the reported bandwidth.
-------------------------------------------------------------
Your clock granularity/precision appears to be 1 microseconds.
Each test below will take on the order of 22646 microseconds.
   (= 22646 clock ticks)
Increase the size of the arrays if this shows that
you are not getting at least 20 clock ticks per test.
-------------------------------------------------------------
WARNING -- The above is only a rough guideline.
For best results, please be sure you know the
precision of your system timer.
-------------------------------------------------------------
Function    Best Rate MB/s  Avg time     Min time     Max time
Copy:            7413.5     0.024629     0.021582     0.025911
Scale:           4499.6     0.042510     0.035559     0.044997
Add:             5627.9     0.067395     0.042645     0.073634
Triad:          16460.9     0.059797     0.014580     0.068423
-------------------------------------------------------------
Solution Validates: avg error less than 1.000000e-13 on all three arrays
-------------------------------------------------------------
-------------------------------------------------------------
STREAM version $Revision: 5.10 $
-------------------------------------------------------------
This system uses 8 bytes per array element.
-------------------------------------------------------------
Array size = 10000000 (elements), Offset = 0 (elements)
Memory per array = 76.3 MiB (= 0.1 GiB).
Total memory required = 228.9 MiB (= 0.2 GiB).
Each kernel will be executed 10 times.
 The *best* time for each kernel (excluding the first iteration)
 will be used to compute the reported bandwidth.
-------------------------------------------------------------
Your clock granularity/precision appears to be 1 microseconds.
Each test below will take on the order of 31083 microseconds.
   (= 31083 clock ticks)
Increase the size of the arrays if this shows that
you are not getting at least 20 clock ticks per test.
-------------------------------------------------------------
WARNING -- The above is only a rough guideline.
For best results, please be sure you know the
precision of your system timer.
-------------------------------------------------------------
Function    Best Rate MB/s  Avg time     Min time     Max time
Copy:            8929.6     0.028356     0.017918     0.031821
Scale:           7736.5     0.043757     0.020681     0.049405
Add:             9342.9     0.057724     0.025688     0.065362
Triad:           9919.8     0.055894     0.024194     0.065032
-------------------------------------------------------------
Solution Validates: avg error less than 1.000000e-13 on all three arrays
-------------------------------------------------------------
-------------------------------------------------------------
STREAM version $Revision: 5.10 $
-------------------------------------------------------------
This system uses 8 bytes per array element.
-------------------------------------------------------------
Array size = 10000000 (elements), Offset = 0 (elements)
Memory per array = 76.3 MiB (= 0.1 GiB).
Total memory required = 228.9 MiB (= 0.2 GiB).
Each kernel will be executed 10 times.
 The *best* time for each kernel (excluding the first iteration)
 will be used to compute the reported bandwidth.
-------------------------------------------------------------
Your clock granularity/precision appears to be 1 microseconds.
Each test below will take on the order of 30879 microseconds.
   (= 30879 clock ticks)
Increase the size of the arrays if this shows that
you are not getting at least 20 clock ticks per test.
-------------------------------------------------------------
WARNING -- The above is only a rough guideline.
For best results, please be sure you know the
precision of your system timer.
-------------------------------------------------------------
Function    Best Rate MB/s  Avg time     Min time     Max time
Copy:            9047.1     0.029153     0.017685     0.032658
Scale:           7860.5     0.043295     0.020355     0.048695
Add:             9462.3     0.057473     0.025364     0.065064
Triad:          10006.7     0.055976     0.023984     0.065142
-------------------------------------------------------------
Solution Validates: avg error less than 1.000000e-13 on all three arrays
-------------------------------------------------------------
-------------------------------------------------------------
STREAM version $Revision: 5.10 $
-------------------------------------------------------------
This system uses 8 bytes per array element.
-------------------------------------------------------------
Array size = 10000000 (elements), Offset = 0 (elements)
Memory per array = 76.3 MiB (= 0.1 GiB).
Total memory required = 228.9 MiB (= 0.2 GiB).
Each kernel will be executed 10 times.
 The *best* time for each kernel (excluding the first iteration)
 will be used to compute the reported bandwidth.
-------------------------------------------------------------
Your clock granularity/precision appears to be 1 microseconds.
Each test below will take on the order of 28500 microseconds.
   (= 28500 clock ticks)
Increase the size of the arrays if this shows that
you are not getting at least 20 clock ticks per test.
-------------------------------------------------------------
WARNING -- The above is only a rough guideline.
For best results, please be sure you know the
precision of your system timer.
-------------------------------------------------------------
Function    Best Rate MB/s  Avg time     Min time     Max time
Copy:            8981.3     0.030477     0.017815     0.033989
Scale:           7982.0     0.042670     0.020045     0.047531
Add:             9605.0     0.057101     0.024987     0.065077
Triad:          10208.3     0.056320     0.023510     0.066442
-------------------------------------------------------------
Solution Validates: avg error less than 1.000000e-13 on all three arrays
-------------------------------------------------------------
-------------------------------------------------------------
STREAM version $Revision: 5.10 $
-------------------------------------------------------------
This system uses 8 bytes per array element.
-------------------------------------------------------------
Array size = 10000000 (elements), Offset = 0 (elements)
Memory per array = 76.3 MiB (= 0.1 GiB).
Total memory required = 228.9 MiB (= 0.2 GiB).
Each kernel will be executed 10 times.
 The *best* time for each kernel (excluding the first iteration)
 will be used to compute the reported bandwidth.
-------------------------------------------------------------
Your clock granularity/precision appears to be 1 microseconds.
Each test below will take on the order of 24428 microseconds.
   (= 24428 clock ticks)
Increase the size of the arrays if this shows that
you are not getting at least 20 clock ticks per test.
-------------------------------------------------------------
WARNING -- The above is only a rough guideline.
For best results, please be sure you know the
precision of your system timer.
-------------------------------------------------------------
Function    Best Rate MB/s  Avg time     Min time     Max time
Copy:            9413.4     0.028040     0.016997     0.030658
Scale:           8142.5     0.044814     0.019650     0.050244
Add:             9832.5     0.057416     0.024409     0.065877
Triad:          10316.7     0.055831     0.023263     0.065487
-------------------------------------------------------------
Solution Validates: avg error less than 1.000000e-13 on all three arrays
-------------------------------------------------------------
-------------------------------------------------------------
STREAM version $Revision: 5.10 $
-------------------------------------------------------------
-------------------------------------------------------------
This system uses 8 bytes per array element.
STREAM version $Revision: 5.10 $
-------------------------------------------------------------
-------------------------------------------------------------
Array size = 10000000 (elements), Offset = 0 (elements)
This system uses 8 bytes per array element.
Memory per array = 76.3 MiB (= 0.1 GiB).
-------------------------------------------------------------
Total memory required = 228.9 MiB (= 0.2 GiB).
Array size = 10000000 (elements), Offset = 0 (elements)
Each kernel will be executed 10 times.
Memory per array = 76.3 MiB (= 0.1 GiB).
 The *best* time for each kernel (excluding the first iteration)
Total memory required = 228.9 MiB (= 0.2 GiB).
 will be used to compute the reported bandwidth.
Each kernel will be executed 10 times.
-------------------------------------------------------------
 The *best* time for each kernel (excluding the first iteration)
Your clock granularity/precision appears to be 1 microseconds.
 will be used to compute the reported bandwidth.
Each test below will take on the order of 28602 microseconds.
-------------------------------------------------------------
   (= 28602 clock ticks)
Your clock granularity/precision appears to be 1 microseconds.
Increase the size of the arrays if this shows that
Each test below will take on the order of 35694 microseconds.
you are not getting at least 20 clock ticks per test.
   (= 35694 clock ticks)
-------------------------------------------------------------
Increase the size of the arrays if this shows that
WARNING -- The above is only a rough guideline.
you are not getting at least 20 clock ticks per test.
For best results, please be sure you know the
-------------------------------------------------------------
precision of your system timer.
WARNING -- The above is only a rough guideline.
-------------------------------------------------------------
For best results, please be sure you know the
Function    Best Rate MB/s  Avg time     Min time     Max time
precision of your system timer.
Copy:           11080.3     0.027403     0.014440     0.030446
-------------------------------------------------------------
Scale:           8224.1     0.044036     0.019455     0.049459
Function    Best Rate MB/s  Avg time     Min time     Max time
Add:             9835.7     0.057527     0.024401     0.065505
Copy:           12101.9     0.024591     0.013221     0.027257
Triad:           8883.3     0.057049     0.027017     0.066651
Scale:           8300.9     0.041285     0.019275     0.045934
-------------------------------------------------------------
Add:             9881.4     0.056493     0.024288     0.065275
Solution Validates: avg error less than 1.000000e-13 on all three arrays
Triad:          10505.6     0.060918     0.022845     0.074052
-------------------------------------------------------------
-------------------------------------------------------------
Solution Validates: avg error less than 1.000000e-13 on all three arrays
-------------------------------------------------------------
-------------------------------------------------------------
STREAM version $Revision: 5.10 $
-------------------------------------------------------------
This system uses 8 bytes per array element.
-------------------------------------------------------------
Array size = 10000000 (elements), Offset = 0 (elements)
Memory per array = 76.3 MiB (= 0.1 GiB).
Total memory required = 228.9 MiB (= 0.2 GiB).
Each kernel will be executed 10 times.
 The *best* time for each kernel (excluding the first iteration)
 will be used to compute the reported bandwidth.
-------------------------------------------------------------
Your clock granularity/precision appears to be 1 microseconds.
Each test below will take on the order of 27698 microseconds.
   (= 27698 clock ticks)
Increase the size of the arrays if this shows that
you are not getting at least 20 clock ticks per test.
-------------------------------------------------------------
WARNING -- The above is only a rough guideline.
For best results, please be sure you know the
precision of your system timer.
-------------------------------------------------------------
Function    Best Rate MB/s  Avg time     Min time     Max time
Copy:            9693.5     0.030532     0.016506     0.034719
Scale:           8003.3     0.042389     0.019992     0.047411
Add:             6361.6     0.058512     0.037726     0.064942
Triad:           8093.1     0.057513     0.029655     0.066196
-------------------------------------------------------------
Solution Validates: avg error less than 1.000000e-13 on all three arrays
-------------------------------------------------------------
-------------------------------------------------------------
STREAM version $Revision: 5.10 $
-------------------------------------------------------------
This system uses 8 bytes per array element.
-------------------------------------------------------------
Array size = 10000000 (elements), Offset = 0 (elements)
Memory per array = 76.3 MiB (= 0.1 GiB).
Total memory required = 228.9 MiB (= 0.2 GiB).
Each kernel will be executed 10 times.
 The *best* time for each kernel (excluding the first iteration)
 will be used to compute the reported bandwidth.
-------------------------------------------------------------
Your clock granularity/precision appears to be 1 microseconds.
Each test below will take on the order of 26104 microseconds.
   (= 26104 clock ticks)
Increase the size of the arrays if this shows that
you are not getting at least 20 clock ticks per test.
-------------------------------------------------------------
WARNING -- The above is only a rough guideline.
For best results, please be sure you know the
precision of your system timer.
-------------------------------------------------------------
Function    Best Rate MB/s  Avg time     Min time     Max time
Copy:            9591.1     0.028085     0.016682     0.030653
Scale:           8051.9     0.044729     0.019871     0.050189
Add:             6109.4     0.059042     0.039284     0.065701
Triad:           7566.0     0.056813     0.031721     0.065540
-------------------------------------------------------------
Solution Validates: avg error less than 1.000000e-13 on all three arrays
-------------------------------------------------------------
START OF JOBSPEC
{"resources": [{"type": "node", "count": 1, "with": [{"type": "slot", "count": 56, "with": [{"type": "core", "count": 1}], "label": "task"}]}], "tasks": [{"command": ["stream_c.exe"], "slot": "task", "count": {"per_slot": 1}}], "attributes": {"system": {"duration": 0, "cwd": "/opt/stream", "shell": {"options": {"rlimit": {"cpu": -1, "fsize": -1, "data": -1, "stack": 8388608, "core": -1, "nofile": 1048576, "as": -1, "rss": -1, "nproc": -1}, "cpu-affinity": "per-task"}}, "constraints": {"hostlist": ["flux-sample-88"]}}, "user": {"study_id": "stream-1-iter-1-node-88"}}, "version": 1}
START OF EVENTLOG
{"timestamp":1724448188.6621506,"name":"init"}
{"timestamp":1724448188.6631546,"name":"starting"}
{"timestamp":1724448188.6845789,"name":"shell.init","context":{"service":"0-shell-fPXUr6jq","leader-rank":88,"size":1}}
{"timestamp":1724448189.1372817,"name":"shell.start","context":{"taskmap":{"version":1,"map":[[0,1,56,1]]}}}
{"timestamp":1724448190.5032434,"name":"shell.task-exit","context":{"localid":27,"rank":27,"state":"Exited","pid":95,"wait_status":0,"signaled":0,"exitcode":0}}
{"timestamp":1724448191.3093019,"name":"complete","context":{"status":0}}
{"timestamp":1724448191.3093226,"name":"done"}

