# OSU MPI Bandwidth Test v5.8
# Size      Bandwidth (MB/s)
1                       1.32
2                       2.51
4                       4.80
8                       9.80
16                     20.93
32                     41.72
64                     83.68
128                   165.24
256                   299.28
512                   365.41
1024                 1131.44
2048                 1767.65
4096                 2042.04
8192                 4281.54
16384                3910.53
32768                5623.80
65536                5855.41
131072               7003.79
262144               7309.77
524288               7685.60
1048576              6390.78
2097152              6498.88
4194304              4337.69
START OF JOBSPEC
{"resources": [{"type": "node", "count": 2, "with": [{"type": "slot", "count": 1, "with": [{"type": "core", "count": 1}], "label": "task"}]}], "tasks": [{"command": ["/opt/osu-benchmark/build.openmpi/mpi/pt2pt/osu_bw"], "slot": "task", "count": {"per_slot": 1}}], "attributes": {"system": {"duration": 0, "cwd": "/opt/azhpc-images/ubuntu/ubuntu-22.x/ubuntu-22.04-hpc", "shell": {"options": {"rlimit": {"cpu": -1, "fsize": -1, "data": -1, "stack": 8388608, "core": -1, "nofile": 1048576, "as": -1, "rss": -1, "nproc": -1}, "cpu-affinity": "per-task"}}, "constraints": {"hostlist": ["flux-sample-0,flux-sample-6"]}}, "user": {"study_id": "-2-iter-9"}}, "version": 1}
START OF EVENTLOG
{"timestamp":1724527707.1361995,"name":"init"}
{"timestamp":1724527707.1372936,"name":"starting"}
{"timestamp":1724527707.154175,"name":"shell.init","context":{"service":"0-shell-f3YGZFCKH","leader-rank":0,"size":2}}
{"timestamp":1724527707.1567509,"name":"shell.start","context":{"taskmap":{"version":1,"map":[[0,2,1,1]]}}}
{"timestamp":1724527710.1536269,"name":"shell.task-exit","context":{"localid":0,"rank":0,"state":"Exited","pid":745,"wait_status":0,"signaled":0,"exitcode":0}}
{"timestamp":1724527710.1574886,"name":"complete","context":{"status":0}}
{"timestamp":1724527710.1575119,"name":"done"}

