# OSU MPI Bandwidth Test v5.8
# Size      Bandwidth (MB/s)
1                       0.07
2                       0.16
4                       0.34
8                       0.58
16                      1.41
32                      8.89
64                     17.74
128                    35.41
256                    66.95
512                   136.87
1024                  241.44
2048                  398.74
4096                  712.08
8192                 1111.68
16384                1467.54
32768                1762.28
65536                1656.50
131072               1651.61
262144               1272.51
524288               1044.36
1048576               937.50
2097152               934.29
4194304               919.02
START OF JOBSPEC
{"resources": [{"type": "node", "count": 2, "with": [{"type": "slot", "count": 1, "with": [{"type": "core", "count": 1}], "label": "task"}]}], "tasks": [{"command": ["singularity", "exec", "/opt/containers/metric-osu-cpu_rocky-8.sif", "/opt/osu-benchmark/build.openmpi/mpi/pt2pt/osu_bw"], "slot": "task", "count": {"per_slot": 1}}], "attributes": {"system": {"duration": 0, "cwd": "/home/sochat1_llnl_gov", "shell": {"options": {"rlimit": {"cpu": -1, "fsize": -1, "data": -1, "stack": 8388608, "core": 0, "nofile": 262144, "as": -1, "rss": -1, "nproc": 1803560}, "cpu-affinity": "per-task"}}, "constraints": {"hostlist": ["flux-108,flux-104"]}}, "user": {"study_id": "osu-2-iter-12"}}, "version": 1}
START OF EVENTLOG
{"timestamp":1724782039.9451869,"name":"init"}
{"timestamp":1724782039.946106,"name":"starting"}
{"timestamp":1724782039.9626935,"name":"shell.init","context":{"service":"1356918789-shell-f5HX84LS3","leader-rank":103,"size":2}}
{"timestamp":1724782039.9659638,"name":"shell.start","context":{"taskmap":{"version":1,"map":[[0,2,1,1]]}}}
{"timestamp":1724782053.4078331,"name":"shell.task-exit","context":{"localid":0,"rank":1,"state":"Exited","pid":80012,"wait_status":0,"signaled":0,"exitcode":0}}
{"timestamp":1724782053.4173977,"name":"complete","context":{"status":0}}
{"timestamp":1724782053.4174223,"name":"done"}

