# OSU MPI Bandwidth Test v5.8
# Size      Bandwidth (MB/s)
1                       1.14
2                       2.31
4                       4.45
8                       9.41
16                     17.98
32                     34.21
64                     64.28
128                   127.65
256                   257.90
512                   498.42
1024                  923.98
2048                 1649.88
4096                 1797.83
8192                 2428.77
16384                2950.90
32768                3017.22
65536                3218.32
131072               3091.89
262144               2995.01
524288               2342.73
1048576              2206.65
2097152              1357.88
4194304              1056.83
START OF JOBSPEC
{"resources": [{"type": "node", "count": 2, "with": [{"type": "slot", "count": 1, "with": [{"type": "core", "count": 1}], "label": "task"}]}], "tasks": [{"command": ["/opt/osu-benchmark/build.openmpi/mpi/pt2pt/osu_bw"], "slot": "task", "count": {"per_slot": 1}}], "attributes": {"system": {"duration": 0, "cwd": "/opt", "shell": {"options": {"rlimit": {"cpu": -1, "fsize": -1, "data": -1, "stack": 8388608, "core": -1, "nofile": 1048576, "as": -1, "rss": -1, "nproc": -1}, "cpu-affinity": "per-task"}}, "constraints": {"hostlist": ["flux-sample-5,flux-sample-8"]}}, "user": {"study_id": "osu-2-iter-20"}}, "version": 1}
START OF EVENTLOG
{"timestamp":1725115356.7168281,"name":"init"}
{"timestamp":1725115356.7179105,"name":"starting"}
{"timestamp":1725115356.7362189,"name":"shell.init","context":{"service":"0-shell-fRkWjbJX","leader-rank":5,"size":2}}
{"timestamp":1725115356.739625,"name":"shell.start","context":{"taskmap":{"version":1,"map":[[0,2,1,1]]}}}
{"timestamp":1725115366.4598055,"name":"shell.task-exit","context":{"localid":0,"rank":0,"state":"Exited","pid":133,"wait_status":0,"signaled":0,"exitcode":0}}
{"timestamp":1725115366.4627211,"name":"complete","context":{"status":0}}
{"timestamp":1725115366.4627433,"name":"done"}

