% MAGMA 2.8.0  32-bit magma_int_t, 64-bit pointer.
% Compiled with CUDA support for 3.0
% CUDA runtime 12040, driver 12040. OpenMP threads 2. 
% device 0: Tesla V100-SXM2-32GB, 1530.0 MHz clock, 32501.1 MiB memory, capability 7.0
% Wed Aug 28 00:08:34 2024
% Usage: /opt/magma/magma-2.8.0/build/testing/testing_dgemm [options] [-h|--help]

% If running lapack (option --lapack), MAGMA and cuBLAS error are both computed
% relative to CPU BLAS result. Else, MAGMA error is computed relative to cuBLAS result.

% transA = No transpose, transB = No transpose
%   M     N     K   MAGMA Gflop/s (ms)  cuBLAS Gflop/s (ms)   CPU Gflop/s (ms)  MAGMA error  cuBLAS error
%========================================================================================================
 1088  1088  1088   1867.88 (   1.38)    1395.30 (   1.85)     ---   (  ---  )    2.12e-17        ---    ok
% MAGMA 2.8.0  32-bit magma_int_t, 64-bit pointer.
% Compiled with CUDA support for 3.0
% CUDA runtime 12040, driver 12040. OpenMP threads 2. 
% device 0: Tesla V100-SXM2-32GB, 1530.0 MHz clock, 32501.1 MiB memory, capability 7.0
% Wed Aug 28 00:08:34 2024
% Usage: /opt/magma/magma-2.8.0/build/testing/testing_dgemm [options] [-h|--help]

% If running lapack (option --lapack), MAGMA and cuBLAS error are both computed
% relative to CPU BLAS result. Else, MAGMA error is computed relative to cuBLAS result.

% transA = No transpose, transB = No transpose
%   M     N     K   MAGMA Gflop/s (ms)  cuBLAS Gflop/s (ms)   CPU Gflop/s (ms)  MAGMA error  cuBLAS error
%========================================================================================================
 1088  1088  1088   1961.83 (   1.31)    1412.82 (   1.82)     ---   (  ---  )    2.12e-17        ---    ok
% MAGMA 2.8.0  32-bit magma_int_t, 64-bit pointer.
% Compiled with CUDA support for 3.0
% CUDA runtime 12040, driver 12040. OpenMP threads 2. 
% device 0: Tesla V100-SXM2-32GB, 1530.0 MHz clock, 32501.1 MiB memory, capability 7.0
% Wed Aug 28 00:08:35 2024
% Usage: /opt/magma/magma-2.8.0/build/testing/testing_dgemm [options] [-h|--help]

% If running lapack (option --lapack), MAGMA and cuBLAS error are both computed
% relative to CPU BLAS result. Else, MAGMA error is computed relative to cuBLAS result.

% transA = No transpose, transB = No transpose
%   M     N     K   MAGMA Gflop/s (ms)  cuBLAS Gflop/s (ms)   CPU Gflop/s (ms)  MAGMA error  cuBLAS error
%========================================================================================================
 1088  1088  1088   2009.26 (   1.28)    1453.49 (   1.77)     ---   (  ---  )    2.12e-17        ---    ok
% MAGMA 2.8.0  32-bit magma_int_t, 64-bit pointer.
% Compiled with CUDA support for 3.0
% CUDA runtime 12040, driver 12040. OpenMP threads 2. 
% device 0: Tesla V100-SXM2-32GB, 1530.0 MHz clock, 32501.1 MiB memory, capability 7.0
% Wed Aug 28 00:08:34 2024
% Usage: /opt/magma/magma-2.8.0/build/testing/testing_dgemm [options] [-h|--help]

% If running lapack (option --lapack), MAGMA and cuBLAS error are both computed
% relative to CPU BLAS result. Else, MAGMA error is computed relative to cuBLAS result.

% transA = No transpose, transB = No transpose
%   M     N     K   MAGMA Gflop/s (ms)  cuBLAS Gflop/s (ms)   CPU Gflop/s (ms)  MAGMA error  cuBLAS error
%========================================================================================================
 1088  1088  1088   1998.48 (   1.29)    1515.05 (   1.70)     ---   (  ---  )    2.12e-17        ---    ok
% MAGMA 2.8.0  32-bit magma_int_t, 64-bit pointer.
% Compiled with CUDA support for 3.0
% CUDA runtime 12040, driver 12040. OpenMP threads 2. 
% device 0: Tesla V100-SXM2-32GB, 1530.0 MHz clock, 32501.1 MiB memory, capability 7.0
% Wed Aug 28 00:08:34 2024
% Usage: /opt/magma/magma-2.8.0/build/testing/testing_dgemm [options] [-h|--help]

% If running lapack (option --lapack), MAGMA and cuBLAS error are both computed
% relative to CPU BLAS result. Else, MAGMA error is computed relative to cuBLAS result.

% transA = No transpose, transB = No transpose
%   M     N     K   MAGMA Gflop/s (ms)  cuBLAS Gflop/s (ms)   CPU Gflop/s (ms)  MAGMA error  cuBLAS error
%========================================================================================================
 1088  1088  1088   2020.54 (   1.27)    1506.18 (   1.71)     ---   (  ---  )    2.12e-17        ---    ok
% MAGMA 2.8.0  32-bit magma_int_t, 64-bit pointer.
% Compiled with CUDA support for 3.0
% CUDA runtime 12040, driver 12040. OpenMP threads 2. 
% device 0: Tesla V100-SXM2-32GB, 1530.0 MHz clock, 32501.1 MiB memory, capability 7.0
% Wed Aug 28 00:08:35 2024
% Usage: /opt/magma/magma-2.8.0/build/testing/testing_dgemm [options] [-h|--help]

% If running lapack (option --lapack), MAGMA and cuBLAS error are both computed
% relative to CPU BLAS result. Else, MAGMA error is computed relative to cuBLAS result.

% transA = No transpose, transB = No transpose
%   M     N     K   MAGMA Gflop/s (ms)  cuBLAS Gflop/s (ms)   CPU Gflop/s (ms)  MAGMA error  cuBLAS error
%========================================================================================================
 1088  1088  1088   1999.59 (   1.29)    1483.83 (   1.74)     ---   (  ---  )    2.12e-17        ---    ok
% MAGMA 2.8.0  32-bit magma_int_t, 64-bit pointer.
% Compiled with CUDA support for 3.0
% MAGMA 2.8.0  32-bit magma_int_t, 64-bit pointer.
% CUDA runtime 12040, driver 12040. OpenMP threads 2. 
% Compiled with CUDA support for 3.0
% device 0: Tesla V100-SXM2-32GB, 1530.0 MHz clock, 32501.1 MiB memory, capability 7.0
% CUDA runtime 12040, driver 12040. OpenMP threads 2. 
% Wed Aug 28 00:08:35 2024
% device 0: Tesla V100-SXM2-32GB, 1530.0 MHz clock, 32501.1 MiB memory, capability 7.0
% Usage: /opt/magma/magma-2.8.0/build/testing/testing_dgemm [options] [-h|--help]
% Wed Aug 28 00:08:34 2024

% Usage: /opt/magma/magma-2.8.0/build/testing/testing_dgemm [options] [-h|--help]
% If running lapack (option --lapack), MAGMA and cuBLAS error are both computed

% relative to CPU BLAS result. Else, MAGMA error is computed relative to cuBLAS result.
% If running lapack (option --lapack), MAGMA and cuBLAS error are both computed

% relative to CPU BLAS result. Else, MAGMA error is computed relative to cuBLAS result.
% transA = No transpose, transB = No transpose

%   M     N     K   MAGMA Gflop/s (ms)  cuBLAS Gflop/s (ms)   CPU Gflop/s (ms)  MAGMA error  cuBLAS error
% transA = No transpose, transB = No transpose
%========================================================================================================
%   M     N     K   MAGMA Gflop/s (ms)  cuBLAS Gflop/s (ms)   CPU Gflop/s (ms)  MAGMA error  cuBLAS error
 1088  1088  1088   2055.91 (   1.25)    1527.90 (   1.69)     ---   (  ---  )    2.12e-17        ---    ok
%========================================================================================================
 1088  1088  1088   1919.31 (   1.34)    1501.99 (   1.71)     ---   (  ---  )    2.12e-17        ---    ok
 2112  2112  2112   5940.04 (   3.17)    6406.67 (   2.94)     ---   (  ---  )    2.04e-17        ---    ok
 2112  2112  2112   5915.58 (   3.19)    6519.78 (   2.89)     ---   (  ---  )    2.04e-17        ---    ok
 2112  2112  2112   5992.74 (   3.14)    6503.69 (   2.90)     ---   (  ---  )    2.04e-17        ---    ok
 2112  2112  2112   5953.02 (   3.17)    6535.42 (   2.88)     ---   (  ---  )    2.04e-17        ---    ok
 2112  2112  2112   5973.72 (   3.15)    6456.92 (   2.92)     ---   (  ---  )    2.04e-17        ---    ok
 2112  2112  2112   6093.48 (   3.09)    6488.20 (   2.90)     ---   (  ---  )    2.04e-17        ---    ok
 2112  2112  2112   6033.00 (   3.12)    6519.78 (   2.89)     ---   (  ---  )    2.04e-17        ---    ok
 2112  2112  2112   5981.40 (   3.15)    6472.79 (   2.91)     ---   (  ---  )    2.04e-17        ---    ok
 3136  3136  3136   5865.04 (  10.52)    7140.65 (   8.64)     ---   (  ---  )    2.21e-17        ---    ok
 3136  3136  3136   5887.47 (  10.48)    7103.01 (   8.68)     ---   (  ---  )    2.21e-17        ---    ok
 3136  3136  3136   5898.61 (  10.46)    7157.24 (   8.62)     ---   (  ---  )    2.21e-17        ---    ok
 3136  3136  3136   5918.44 (  10.42)    7146.57 (   8.63)     ---   (  ---  )    2.21e-17        ---    ok
 3136  3136  3136   5926.44 (  10.41)    7155.66 (   8.62)     ---   (  ---  )    2.21e-17        ---    ok
 3136  3136  3136   6051.48 (  10.19)    7147.36 (   8.63)     ---   (  ---  )    2.21e-17        ---    ok
 3136  3136  3136   5997.19 (  10.29)    7140.85 (   8.64)     ---   (  ---  )    2.21e-17        ---    ok
 3136  3136  3136   5986.23 (  10.30)    7124.33 (   8.66)     ---   (  ---  )    2.21e-17        ---    ok
 4160  4160  4160   5998.28 (  24.00)    7247.26 (  19.87)     ---   (  ---  )    1.09e-18        ---    ok
 4160  4160  4160   5969.70 (  24.12)    7245.52 (  19.87)     ---   (  ---  )    1.09e-18        ---    ok
 4160  4160  4160   6044.08 (  23.82)    7290.65 (  19.75)     ---   (  ---  )    1.09e-18        ---    ok
 4160  4160  4160   6034.24 (  23.86)    7281.78 (  19.77)     ---   (  ---  )    1.09e-18        ---    ok
 4160  4160  4160   6012.31 (  23.95)    7228.00 (  19.92)     ---   (  ---  )    1.09e-18        ---    ok
 4160  4160  4160   6156.47 (  23.39)    7287.31 (  19.76)     ---   (  ---  )    1.09e-18        ---    ok
 4160  4160  4160   6094.71 (  23.62)    7295.41 (  19.74)     ---   (  ---  )    1.09e-18        ---    ok
 4160  4160  4160   6084.95 (  23.66)    7282.48 (  19.77)     ---   (  ---  )    1.09e-18        ---    ok
 5184  5184  5184   6003.24 (  46.41)    7579.64 (  36.76)     ---   (  ---  )    7.87e-19        ---    ok
 5184  5184  5184   5991.36 (  46.50)    7603.21 (  36.65)     ---   (  ---  )    7.87e-19        ---    ok
 5184  5184  5184   6045.29 (  46.09)    7573.64 (  36.79)     ---   (  ---  )    7.87e-19        ---    ok
 5184  5184  5184   6059.11 (  45.98)    7606.33 (  36.63)     ---   (  ---  )    7.87e-19        ---    ok
 5184  5184  5184   6179.38 (  45.09)    7607.17 (  36.63)     ---   (  ---  )    7.87e-19        ---    ok
 5184  5184  5184   6117.63 (  45.55)    7609.25 (  36.62)     ---   (  ---  )    7.87e-19        ---    ok
 5184  5184  5184   6085.58 (  45.78)    7607.56 (  36.63)     ---   (  ---  )    7.87e-19        ---    ok
 5184  5184  5184   6033.93 (  46.18)    7587.26 (  36.72)     ---   (  ---  )    7.87e-19        ---    ok
 6208  6208  6208   5971.53 (  80.13)    7587.83 (  63.06)     ---   (  ---  )    6.01e-19        ---    ok
 6208  6208  6208   6090.24 (  78.57)    7639.68 (  62.63)     ---   (  ---  )    6.01e-19        ---    ok
 6208  6208  6208   6027.18 (  79.39)    7602.55 (  62.94)     ---   (  ---  )    6.01e-19        ---    ok
 6208  6208  6208   5955.85 (  80.34)    7558.68 (  63.31)     ---   (  ---  )    6.01e-19        ---    ok
 6208  6208  6208   5934.62 (  80.63)    7550.83 (  63.37)     ---   (  ---  )    6.01e-19        ---    ok
 6208  6208  6208   5962.07 (  80.26)    7573.89 (  63.18)     ---   (  ---  )    6.01e-19        ---    ok
 6208  6208  6208   6016.19 (  79.54)    7604.22 (  62.93)     ---   (  ---  )    6.01e-19        ---    ok
 6208  6208  6208   5967.57 (  80.18)    7563.24 (  63.27)     ---   (  ---  )    6.01e-19        ---    ok
 7232  7232  7232   5795.38 ( 130.53)    7416.69 ( 102.00)     ---   (  ---  )    9.52e-19        ---    ok
 7232  7232  7232   5930.54 ( 127.56)    7505.34 ( 100.79)     ---   (  ---  )    9.52e-19        ---    ok
 7232  7232  7232   5846.70 ( 129.39)    7439.35 ( 101.69)     ---   (  ---  )    9.52e-19        ---    ok
 7232  7232  7232   5811.27 ( 130.18)    7382.21 ( 102.48)     ---   (  ---  )    9.52e-19        ---    ok
 7232  7232  7232   5782.61 ( 130.82)    7377.39 ( 102.54)     ---   (  ---  )    9.52e-19        ---    ok
 7232  7232  7232   5855.35 ( 129.20)    7457.46 ( 101.44)     ---   (  ---  )    9.52e-19        ---    ok
 7232  7232  7232   5715.60 ( 132.36)    7303.47 ( 103.58)     ---   (  ---  )    9.52e-19        ---    ok
 7232  7232  7232   5756.35 ( 131.42)    7364.84 ( 102.72)     ---   (  ---  )    9.52e-19        ---    ok
 8256  8256  8256   5721.82 ( 196.70)    7312.46 ( 153.91)     ---   (  ---  )    7.83e-19        ---    ok
 8256  8256  8256   5840.09 ( 192.72)    7431.88 ( 151.44)     ---   (  ---  )    7.83e-19        ---    ok
 8256  8256  8256   5750.00 ( 195.74)    7362.63 ( 152.86)     ---   (  ---  )    7.83e-19        ---    ok
 8256  8256  8256   5744.69 ( 195.92)    7356.59 ( 152.99)     ---   (  ---  )    7.83e-19        ---    ok
 8256  8256  8256   5718.13 ( 196.83)    7284.77 ( 154.50)     ---   (  ---  )    7.83e-19        ---    ok
 8256  8256  8256   5686.32 ( 197.93)    7270.28 ( 154.81)     ---   (  ---  )    7.83e-19        ---    ok
 8256  8256  8256   5575.98 ( 201.84)    7158.74 ( 157.22)     ---   (  ---  )    7.83e-19        ---    ok
 8256  8256  8256   5669.28 ( 198.52)    7229.60 ( 155.68)     ---   (  ---  )    7.83e-19        ---    ok
 9280  9280  9280   5668.98 ( 281.95)    7268.90 ( 219.89)     ---   (  ---  )    6.58e-19        ---    ok
 9280  9280  9280   5793.27 ( 275.90)    7432.08 ( 215.06)     ---   (  ---  )    6.58e-19        ---    ok
 9280  9280  9280   5718.23 ( 279.52)    7343.03 ( 217.67)     ---   (  ---  )    6.58e-19        ---    ok
 9280  9280  9280   5659.23 ( 282.43)    7333.22 ( 217.96)     ---   (  ---  )    6.58e-19        ---    ok
 9280  9280  9280   5667.37 ( 282.03)    7267.17 ( 219.94)     ---   (  ---  )    6.58e-19        ---    ok
 9280  9280  9280   5646.89 ( 283.05)    7233.73 ( 220.96)     ---   (  ---  )    6.58e-19        ---    ok
 9280  9280  9280   5496.74 ( 290.78)    7134.73 ( 224.03)     ---   (  ---  )    6.58e-19        ---    ok
 9280  9280  9280   5592.26 ( 285.82)    7216.19 ( 221.50)     ---   (  ---  )    6.58e-19        ---    ok
10304 10304 10304   5623.32 ( 389.09)    7243.74 ( 302.05)     ---   (  ---  )    5.63e-19        ---    ok
10304 10304 10304   5758.32 ( 379.97)    7408.89 ( 295.32)     ---   (  ---  )    5.63e-19        ---    ok
10304 10304 10304   5691.86 ( 384.41)    7324.95 ( 298.71)     ---   (  ---  )    5.63e-19        ---    ok
10304 10304 10304   5631.69 ( 388.52)    7329.30 ( 298.53)     ---   (  ---  )    5.63e-19        ---    ok
10304 10304 10304   5643.25 ( 387.72)    7235.98 ( 302.38)     ---   (  ---  )    5.63e-19        ---    ok
10304 10304 10304   5612.78 ( 389.83)    7225.94 ( 302.80)     ---   (  ---  )    5.63e-19        ---    ok
10304 10304 10304   5478.16 ( 399.40)    7114.32 ( 307.55)     ---   (  ---  )    5.63e-19        ---    ok
10304 10304 10304   5586.75 ( 391.64)    7168.98 ( 305.20)     ---   (  ---  )    5.63e-19        ---    ok
START OF JOBSPEC
{"resources": [{"type": "node", "count": 1, "with": [{"type": "slot", "count": 8, "with": [{"type": "core", "count": 1}, {"type": "gpu", "count": 1}], "label": "task"}]}], "tasks": [{"command": ["/opt/magma/magma-2.8.0/build/testing/testing_dgemm"], "slot": "task", "count": {"per_slot": 1}}], "attributes": {"system": {"duration": 0, "cwd": "/opt/magma/magma-2.8.0/example", "shell": {"options": {"rlimit": {"cpu": -1, "fsize": -1, "data": -1, "stack": 10485760, "core": -1, "nofile": 1048576, "as": -1, "rss": -1, "nproc": -1}, "cpu-affinity": "per-task", "gpu-affinity": "per-task"}}, "constraints": {"hostlist": ["flux-sample-11"]}}, "user": {"study_id": "magma-16-1-iter-4"}}, "version": 1}
START OF EVENTLOG
{"timestamp":1724803714.521641,"name":"init"}
{"timestamp":1724803714.5230606,"name":"starting"}
{"timestamp":1724803714.5360832,"name":"shell.init","context":{"service":"0-shell-f2kH5HQk7","leader-rank":11,"size":1}}
{"timestamp":1724803714.548804,"name":"shell.start","context":{"taskmap":{"version":1,"map":[[0,1,8,1]]}}}
{"timestamp":1724803760.3334687,"name":"shell.task-exit","context":{"localid":3,"rank":3,"state":"Exited","pid":172,"wait_status":0,"signaled":0,"exitcode":0}}
{"timestamp":1724803761.1372154,"name":"complete","context":{"status":0}}
{"timestamp":1724803761.1372371,"name":"done"}

