 STREAM Benchmark implementation in CUDA
 Array size (double precision) = 536.87 MB
 using 192 threads per block, 349526 blocks
 output in IEC units (KiB = 1024 B)

Function      Rate (GiB/s)  Avg time(s)  Min time(s)  Max time(s)
-----------------------------------------------------------------
Copy:         745.1242      0.00134354   0.00134206   0.00134516
Scale:        745.2566      0.00134351   0.00134182   0.00134587
Add:          748.8046      0.00200617   0.00200319   0.00200891
Triad:        748.8937      0.00200609   0.00200295   0.00201011
 STREAM Benchmark implementation in CUDA
 Array size (double precision) = 536.87 MB
 using 192 threads per block, 349526 blocks
 output in IEC units (KiB = 1024 B)

Function      Rate (GiB/s)  Avg time(s)  Min time(s)  Max time(s)
-----------------------------------------------------------------
Copy:         745.2566      0.00134329   0.00134182   0.00134611
Scale:        745.2566      0.00134330   0.00134182   0.00134706
Add:          748.8937      0.00200521   0.00200295   0.00200796
Triad:        748.4483      0.00200599   0.00200415   0.00200796
 STREAM Benchmark implementation in CUDA
 Array size (double precision) = 536.87 MB
 using 192 threads per block, 349526 blocks
 output in IEC units (KiB = 1024 B)

Function      Rate (GiB/s)  Avg time(s)  Min time(s)  Max time(s)
-----------------------------------------------------------------
Copy:         733.7831      0.00136367   0.00136280   0.00136614
Scale:        733.6547      0.00136417   0.00136304   0.00136590
Add:          759.1042      0.00197713   0.00197601   0.00197911
Triad:        759.5625      0.00197599   0.00197482   0.00197816
 STREAM Benchmark implementation in CUDA
 Array size (double precision) = 536.87 MB
 using 192 threads per block, 349526 blocks
 output in IEC units (KiB = 1024 B)

Function      Rate (GiB/s)  Avg time(s)  Min time(s)  Max time(s)
-----------------------------------------------------------------
Copy:         745.2566      0.00134290   0.00134182   0.00134492
Scale:        745.7866      0.00134280   0.00134087   0.00134921
Add:          749.2504      0.00200382   0.00200200   0.00200605
Triad:        748.8937      0.00200615   0.00200295   0.00200891
 STREAM Benchmark implementation in CUDA
 Array size (double precision) = 536.87 MB
 using 192 threads per block, 349526 blocks
 output in IEC units (KiB = 1024 B)

Function      Rate (GiB/s)  Avg time(s)  Min time(s)  Max time(s)
-----------------------------------------------------------------
Copy:         745.6540      0.00134231   0.00134110   0.00134301
Scale:        745.6540      0.00134231   0.00134110   0.00134397
Add:          749.2504      0.00200362   0.00200200   0.00200510
Triad:        749.2504      0.00200545   0.00200200   0.00200796
 STREAM Benchmark implementation in CUDA
 Array size (double precision) = 536.87 MB
 using 192 threads per block, 349526 blocks
 output in IEC units (KiB = 1024 B)

Function      Rate (GiB/s)  Avg time(s)  Min time(s)  Max time(s)
-----------------------------------------------------------------
Copy:         745.1242      0.00134359   0.00134206   0.00134516
Scale:        745.6540      0.00134330   0.00134110   0.00134587
Add:          749.2504      0.00200535   0.00200200   0.00200820
Triad:        748.1812      0.00200641   0.00200486   0.00200891
 STREAM Benchmark implementation in CUDA
 Array size (double precision) = 536.87 MB
 using 192 threads per block, 349526 blocks
 output in IEC units (KiB = 1024 B)
 STREAM Benchmark implementation in CUDA

 Array size (double precision) = 536.87 MB
Function      Rate (GiB/s)  Avg time(s)  Min time(s)  Max time(s)
 using 192 threads per block, 349526 blocks
-----------------------------------------------------------------
 output in IEC units (KiB = 1024 B)
Copy:         745.7866      0.00134334   0.00134087   0.00135016

Scale:        745.6540      0.00134325   0.00134110   0.00134611
Function      Rate (GiB/s)  Avg time(s)  Min time(s)  Max time(s)
Add:          749.2504      0.00200492   0.00200200   0.00200796
-----------------------------------------------------------------
Triad:        748.5373      0.00200566   0.00200391   0.00200796
Copy:         745.2566      0.00134310   0.00134182   0.00134492
Scale:        745.1242      0.00134343   0.00134206   0.00134492
Add:          748.8937      0.00200555   0.00200295   0.00200796
Triad:        748.1812      0.00200683   0.00200486   0.00201201
 STREAM Benchmark implementation in CUDA
 Array size (double precision) = 536.87 MB
 using 192 threads per block, 349526 blocks
 output in IEC units (KiB = 1024 B)

Function      Rate (GiB/s)  Avg time(s)  Min time(s)  Max time(s)
-----------------------------------------------------------------
Copy:         746.1847      0.00134232   0.00134015   0.00134397
Scale:        745.7866      0.00134260   0.00134087   0.00134492
Add:          749.2504      0.00200494   0.00200200   0.00200701
Triad:        748.5373      0.00200568   0.00200391   0.00200701
 STREAM Benchmark implementation in CUDA
 Array size (double precision) = 536.87 MB
 using 192 threads per block, 349526 blocks
 output in IEC units (KiB = 1024 B)

Function      Rate (GiB/s)  Avg time(s)  Min time(s)  Max time(s)
-----------------------------------------------------------------
Copy:         745.1242      0.00134424   0.00134206   0.00134802
Scale:        745.6540      0.00134423   0.00134110   0.00134611
Add:          748.8937      0.00200612   0.00200295   0.00201011
Triad:        747.8255      0.00200764   0.00200582   0.00201201
 STREAM Benchmark implementation in CUDA
 Array size (double precision) = 536.87 MB
 using 192 threads per block, 349526 blocks
 output in IEC units (KiB = 1024 B)

Function      Rate (GiB/s)  Avg time(s)  Min time(s)  Max time(s)
-----------------------------------------------------------------
Copy:         745.1242      0.00134339   0.00134206   0.00134683
Scale:        745.6540      0.00134343   0.00134110   0.00134706
Add:          749.6075      0.00200523   0.00200105   0.00200701
Triad:        748.1812      0.00200671   0.00200486   0.00200891
 STREAM Benchmark implementation in CUDA
 Array size (double precision) = 536.87 MB
 using 192 threads per block, 349526 blocks
 output in IEC units (KiB = 1024 B)

Function      Rate (GiB/s)  Avg time(s)  Min time(s)  Max time(s)
-----------------------------------------------------------------
Copy:         745.2566      0.00134438   0.00134182   0.00134897
Scale:        745.1242      0.00134399   0.00134206   0.00134706
Add:          748.8937      0.00200561   0.00200295   0.00200796
Triad:        748.0923      0.00200721   0.00200510   0.00201106
 STREAM Benchmark implementation in CUDA
 Array size (double precision) = 536.87 MB
 using 192 threads per block, 349526 blocks
 output in IEC units (KiB = 1024 B)

Function      Rate (GiB/s)  Avg time(s)  Min time(s)  Max time(s)
-----------------------------------------------------------------
Copy:         733.7831      0.00136397   0.00136280   0.00136614
Scale:        734.1684      0.00136434   0.00136209   0.00136614
Add:          759.4708      0.00197705   0.00197506   0.00197983
Triad:        759.5625      0.00197616   0.00197482   0.00197816
 STREAM Benchmark implementation in CUDA
 Array size (double precision) = 536.87 MB
 using 192 threads per block, 349526 blocks
 output in IEC units (KiB = 1024 B)

Function      Rate (GiB/s)  Avg time(s)  Min time(s)  Max time(s)
-----------------------------------------------------------------
Copy:         745.1242      0.00134321   0.00134206   0.00134683
Scale:        745.7866      0.00134286   0.00134087   0.00134492
Add:          748.8937      0.00200536   0.00200295   0.00201011
Triad:        748.5373      0.00200638   0.00200391   0.00200796
 STREAM Benchmark implementation in CUDA
 Array size (double precision) = 536.87 MB
 using 192 threads per block, 349526 blocks
 output in IEC units (KiB = 1024 B)

Function      Rate (GiB/s)  Avg time(s)  Min time(s)  Max time(s)
-----------------------------------------------------------------
Copy:         734.2969      0.00136310   0.00136185   0.00136495
Scale:        734.1684      0.00136328   0.00136209   0.00136614
Add:          759.9295      0.00197593   0.00197387   0.00197911
Triad:        760.2968      0.00197507   0.00197291   0.00197721
 STREAM Benchmark implementation in CUDA
 Array size (double precision) = 536.87 MB
 using 192 threads per block, 349526 blocks
 output in IEC units (KiB = 1024 B)

Function      Rate (GiB/s)  Avg time(s)  Min time(s)  Max time(s)
-----------------------------------------------------------------
Copy:         745.1242      0.00134370   0.00134206   0.00134611
Scale:        745.7866      0.00134365   0.00134087   0.00134587
Add:          748.5373      0.00200597   0.00200391   0.00200796
Triad:        748.1812      0.00200683   0.00200486   0.00201011
 STREAM Benchmark implementation in CUDA
 Array size (double precision) = 536.87 MB
 using 192 threads per block, 349526 blocks
 output in IEC units (KiB = 1024 B)

Function      Rate (GiB/s)  Avg time(s)  Min time(s)  Max time(s)
-----------------------------------------------------------------
Copy:         734.2969      0.00136570   0.00136185   0.00140905
Scale:        734.2969      0.00136379   0.00136185   0.00136900
Add:          759.4708      0.00197635   0.00197506   0.00197792
Triad:        760.2968      0.00197482   0.00197291   0.00197601
 STREAM Benchmark implementation in CUDA
 Array size (double precision) = 536.87 MB
 using 192 threads per block, 349526 blocks
 output in IEC units (KiB = 1024 B)

Function      Rate (GiB/s)  Avg time(s)  Min time(s)  Max time(s)
-----------------------------------------------------------------
Copy:         745.7866      0.00134247   0.00134087   0.00134706
Scale:        745.6540      0.00134227   0.00134110   0.00134611
Add:          749.6969      0.00200372   0.00200081   0.00200796
Triad:        748.8937      0.00200539   0.00200295   0.00201106
 STREAM Benchmark implementation in CUDA
 Array size (double precision) = 536.87 MB
 using 192 threads per block, 349526 blocks
 output in IEC units (KiB = 1024 B)

Function      Rate (GiB/s)  Avg time(s)  Min time(s)  Max time(s)
-----------------------------------------------------------------
Copy:         745.2566      0.00134321   0.00134182   0.00134611
Scale:        745.7866      0.00134221   0.00134087   0.00134492
Add:          748.8937      0.00200485   0.00200295   0.00200701
Triad:        748.5373      0.00200652   0.00200391   0.00201201
 STREAM Benchmark implementation in CUDA
 Array size (double precision) = 536.87 MB
 using 192 threads per block, 349526 blocks
 output in IEC units (KiB = 1024 B)

Function      Rate (GiB/s)  Avg time(s)  Min time(s)  Max time(s)
-----------------------------------------------------------------
Copy:         745.7866      0.00134343   0.00134087   0.00134897
Scale:        745.7866      0.00134264   0.00134087   0.00134611
Add:          748.8937      0.00200508   0.00200295   0.00200701
Triad:        748.5373      0.00200564   0.00200391   0.00200891
 STREAM Benchmark implementation in CUDA
 Array size (double precision) = 536.87 MB
 using 192 threads per block, 349526 blocks
 output in IEC units (KiB = 1024 B)

Function      Rate (GiB/s)  Avg time(s)  Min time(s)  Max time(s)
-----------------------------------------------------------------
Copy:         745.1242      0.00134459   0.00134206   0.00134611
Scale:        745.1242      0.00134419   0.00134206   0.00134706
Add:          748.5373      0.00200619   0.00200391   0.00200891
Triad:        748.5373      0.00200706   0.00200391   0.00201106
 STREAM Benchmark implementation in CUDA
 Array size (double precision) = 536.87 MB
 using 192 threads per block, 349526 blocks
 output in IEC units (KiB = 1024 B)

Function      Rate (GiB/s)  Avg time(s)  Min time(s)  Max time(s)
-----------------------------------------------------------------
Copy:         745.6540      0.00134274   0.00134110   0.00134516
Scale:        745.7866      0.00134275   0.00134087   0.00134516
Add:          749.2504      0.00200437   0.00200200   0.00200701
Triad:        748.8937      0.00200526   0.00200295   0.00200820
 STREAM Benchmark implementation in CUDA
 Array size (double precision) = 536.87 MB
 using 192 threads per block, 349526 blocks
 output in IEC units (KiB = 1024 B)

Function      Rate (GiB/s)  Avg time(s)  Min time(s)  Max time(s)
-----------------------------------------------------------------
Copy:         745.1242      0.00134395   0.00134206   0.00134802
Scale:        745.7866      0.00134373   0.00134087   0.00134587
Add:          749.2504      0.00200474   0.00200200   0.00200701
Triad:        748.5373      0.00200658   0.00200391   0.00201011
 STREAM Benchmark implementation in CUDA
 Array size (double precision) = 536.87 MB
 using 192 threads per block, 349526 blocks
 output in IEC units (KiB = 1024 B)

Function      Rate (GiB/s)  Avg time(s)  Min time(s)  Max time(s)
-----------------------------------------------------------------
Copy:         745.7866      0.00134228   0.00134087   0.00134492
Scale:        745.7866      0.00134259   0.00134087   0.00134397
Add:          749.2504      0.00200451   0.00200200   0.00200605
Triad:        748.8937      0.00200546   0.00200295   0.00200701
 STREAM Benchmark implementation in CUDA
 Array size (double precision) = 536.87 MB
 using 192 threads per block, 349526 blocks
 output in IEC units (KiB = 1024 B)

Function      Rate (GiB/s)  Avg time(s)  Min time(s)  Max time(s)
-----------------------------------------------------------------
Copy:         745.6540      0.00134376   0.00134110   0.00134683
Scale:        745.1242      0.00134333   0.00134206   0.00134492
Add:          749.2504      0.00200513   0.00200200   0.00200987
Triad:        748.5373      0.00200669   0.00200391   0.00201011
 STREAM Benchmark implementation in CUDA
 Array size (double precision) = 536.87 MB
 using 192 threads per block, 349526 blocks
 output in IEC units (KiB = 1024 B)

Function      Rate (GiB/s)  Avg time(s)  Min time(s)  Max time(s)
-----------------------------------------------------------------
Copy:         734.1684      0.00136388   0.00136209   0.00136805
Scale:        733.7831      0.00136394   0.00136280   0.00136518
Add:          759.1958      0.00197692   0.00197577   0.00197983
Triad:        759.5625      0.00197586   0.00197482   0.00197911
 STREAM Benchmark implementation in CUDA
 Array size (double precision) = 536.87 MB
 using 192 threads per block, 349526 blocks
 output in IEC units (KiB = 1024 B)

Function      Rate (GiB/s)  Avg time(s)  Min time(s)  Max time(s)
-----------------------------------------------------------------
Copy:         745.2566      0.00134321   0.00134182   0.00134420
Scale:        745.7866      0.00134359   0.00134087   0.00134587
Add:          748.8937      0.00200529   0.00200295   0.00200891
Triad:        748.4483      0.00200683   0.00200415   0.00201011
 STREAM Benchmark implementation in CUDA
 Array size (double precision) = 536.87 MB
 using 192 threads per block, 349526 blocks
 output in IEC units (KiB = 1024 B)

Function      Rate (GiB/s)  Avg time(s)  Min time(s)  Max time(s)
-----------------------------------------------------------------
Copy:         745.1242      0.00134398   0.00134206   0.00134587
Scale:        745.2566      0.00134379   0.00134182   0.00134683
Add:          748.5373      0.00200561   0.00200391   0.00200796
Triad:        748.1812      0.00200705   0.00200486   0.00201011
 STREAM Benchmark implementation in CUDA
 Array size (double precision) = 536.87 MB
 using 192 threads per block, 349526 blocks
 output in IEC units (KiB = 1024 B)

Function      Rate (GiB/s)  Avg time(s)  Min time(s)  Max time(s)
-----------------------------------------------------------------
Copy:         734.1684      0.00136340   0.00136209   0.00136518
Scale:        734.8115      0.00136358   0.00136089   0.00136685
Add:          759.5625      0.00197609   0.00197482   0.00197792
Triad:        759.9295      0.00197557   0.00197387   0.00197816
 STREAM Benchmark implementation in CUDA
 Array size (double precision) = 536.87 MB
 using 192 threads per block, 349526 blocks
 output in IEC units (KiB = 1024 B)

Function      Rate (GiB/s)  Avg time(s)  Min time(s)  Max time(s)
-----------------------------------------------------------------
Copy:         734.2969      0.00136313   0.00136185   0.00136590
Scale:        734.1684      0.00136365   0.00136209   0.00136614
Add:          759.5625      0.00197689   0.00197482   0.00197911
Triad:        760.2968      0.00197542   0.00197291   0.00197697
 STREAM Benchmark implementation in CUDA
 Array size (double precision) = 536.87 MB
 using 192 threads per block, 349526 blocks
 output in IEC units (KiB = 1024 B)

Function      Rate (GiB/s)  Avg time(s)  Min time(s)  Max time(s)
-----------------------------------------------------------------
Copy:         745.2566      0.00134390   0.00134182   0.00134993
Scale:        745.2566      0.00141678   0.00134182   0.00274205
Add:          748.4483      0.00200662   0.00200415   0.00201392
Triad:        748.1812      0.00200679   0.00200486   0.00200987
 STREAM Benchmark implementation in CUDA
 Array size (double precision) = 536.87 MB
 using 192 threads per block, 349526 blocks
 output in IEC units (KiB = 1024 B)

Function      Rate (GiB/s)  Avg time(s)  Min time(s)  Max time(s)
-----------------------------------------------------------------
Copy:         745.1242      0.00134300   0.00134206   0.00134397
Scale:        745.1242      0.00134325   0.00134206   0.00134611
Add:          749.2504      0.00200457   0.00200200   0.00200605
Triad:        748.5373      0.00200602   0.00200391   0.00200891
 STREAM Benchmark implementation in CUDA
 Array size (double precision) = 536.87 MB
 using 192 threads per block, 349526 blocks
 output in IEC units (KiB = 1024 B)

Function      Rate (GiB/s)  Avg time(s)  Min time(s)  Max time(s)
-----------------------------------------------------------------
Copy:         745.1242      0.00134369   0.00134206   0.00134683
Scale:        745.1242      0.00134385   0.00134206   0.00134706
Add:          748.5373      0.00200590   0.00200391   0.00200891
Triad:        748.1812      0.00200649   0.00200486   0.00200891
 STREAM Benchmark implementation in CUDA
 Array size (double precision) = 536.87 MB
 using 192 threads per block, 349526 blocks
 output in IEC units (KiB = 1024 B)

Function      Rate (GiB/s)  Avg time(s)  Min time(s)  Max time(s)
-----------------------------------------------------------------
Copy:         745.2566      0.00134271   0.00134182   0.00134397
Scale:        745.2566      0.00134301   0.00134182   0.00134492
Add:          749.2504      0.00200474   0.00200200   0.00200891
Triad:        748.5373      0.00200618   0.00200391   0.00200915
 STREAM Benchmark implementation in CUDA
 Array size (double precision) = 536.87 MB
 using 192 threads per block, 349526 blocks
 output in IEC units (KiB = 1024 B)

Function      Rate (GiB/s)  Avg time(s)  Min time(s)  Max time(s)
-----------------------------------------------------------------
Copy:         733.7831      0.00136426   0.00136280   0.00136900
Scale:        733.7831      0.00136426   0.00136280   0.00136805
Add:          759.1042      0.00197768   0.00197601   0.00198102
Triad:        759.5625      0.00197621   0.00197482   0.00197911
 STREAM Benchmark implementation in CUDA
 Array size (double precision) = 536.87 MB
 using 192 threads per block, 349526 blocks
 output in IEC units (KiB = 1024 B)

Function      Rate (GiB/s)  Avg time(s)  Min time(s)  Max time(s)
-----------------------------------------------------------------
Copy:         734.2969      0.00136426   0.00136185   0.00137210
Scale:        734.2969      0.00136392   0.00136185   0.00136685
Add:          759.4708      0.00197704   0.00197506   0.00198007
Triad:        759.5625      0.00197610   0.00197482   0.00198007
 STREAM Benchmark implementation in CUDA
 Array size (double precision) = 536.87 MB
 using 192 threads per block, 349526 blocks
 output in IEC units (KiB = 1024 B)

Function      Rate (GiB/s)  Avg time(s)  Min time(s)  Max time(s)
-----------------------------------------------------------------
Copy:         746.3174      0.00134226   0.00133991   0.00134397
Scale:        745.6540      0.00134291   0.00134110   0.00134706
Add:          748.8937      0.00200492   0.00200295   0.00200701
Triad:        749.6969      0.00200582   0.00200081   0.00200796
 STREAM Benchmark implementation in CUDA
 Array size (double precision) = 536.87 MB
 using 192 threads per block, 349526 blocks
 output in IEC units (KiB = 1024 B)

Function      Rate (GiB/s)  Avg time(s)  Min time(s)  Max time(s)
-----------------------------------------------------------------
Copy:         745.6540      0.00134301   0.00134110   0.00134516
Scale:        745.1242      0.00134307   0.00134206   0.00134492
Add:          748.5373      0.00200566   0.00200391   0.00200796
Triad:        748.5373      0.00200630   0.00200391   0.00200891
 STREAM Benchmark implementation in CUDA
 Array size (double precision) = 536.87 MB
 using 192 threads per block, 349526 blocks
 output in IEC units (KiB = 1024 B)

Function      Rate (GiB/s)  Avg time(s)  Min time(s)  Max time(s)
-----------------------------------------------------------------
Copy:         745.7866      0.00134368   0.00134087   0.00134778
Scale:        745.6540      0.00134437   0.00134110   0.00135803
Add:          749.6075      0.00203187   0.00200105   0.00247288
Triad:        748.5373      0.00202287   0.00200391   0.00229907
 STREAM Benchmark implementation in CUDA
 Array size (double precision) = 536.87 MB
 using 192 threads per block, 349526 blocks
 output in IEC units (KiB = 1024 B)

Function      Rate (GiB/s)  Avg time(s)  Min time(s)  Max time(s)
-----------------------------------------------------------------
Copy:         745.6540      0.00134270   0.00134110   0.00134897
Scale:        745.7866      0.00134260   0.00134087   0.00134492
Add:          748.8937      0.00200447   0.00200295   0.00200701
Triad:        749.6075      0.00200538   0.00200105   0.00200796
 STREAM Benchmark implementation in CUDA
 Array size (double precision) = 536.87 MB
 using 192 threads per block, 349526 blocks
 output in IEC units (KiB = 1024 B)

Function      Rate (GiB/s)  Avg time(s)  Min time(s)  Max time(s)
-----------------------------------------------------------------
Copy:         745.7866      0.00134257   0.00134087   0.00134516
Scale:        745.6540      0.00134282   0.00134110   0.00134492
Add:          749.2504      0.00200461   0.00200200   0.00200701
Triad:        748.5373      0.00200584   0.00200391   0.00200796
 STREAM Benchmark implementation in CUDA
 Array size (double precision) = 536.87 MB
 using 192 threads per block, 349526 blocks
 output in IEC units (KiB = 1024 B)

Function      Rate (GiB/s)  Avg time(s)  Min time(s)  Max time(s)
-----------------------------------------------------------------
Copy:         745.7866      0.00134226   0.00134087   0.00134397
Scale:        745.7866      0.00134207   0.00134087   0.00134397
Add:          749.2504      0.00200403   0.00200200   0.00200701
Triad:        748.8937      0.00200584   0.00200295   0.00201011
 STREAM Benchmark implementation in CUDA
 Array size (double precision) = 536.87 MB
 using 192 threads per block, 349526 blocks
 output in IEC units (KiB = 1024 B)

Function      Rate (GiB/s)  Avg time(s)  Min time(s)  Max time(s)
-----------------------------------------------------------------
Copy:         745.7866      0.00134232   0.00134087   0.00134587
Scale:        745.6540      0.00134595   0.00134110   0.00141096
Add:          749.2504      0.00200395   0.00200200   0.00200796
Triad:        748.8937      0.00200500   0.00200295   0.00200915
 STREAM Benchmark implementation in CUDA
 Array size (double precision) = 536.87 MB
 using 192 threads per block, 349526 blocks
 output in IEC units (KiB = 1024 B)

Function      Rate (GiB/s)  Avg time(s)  Min time(s)  Max time(s)
-----------------------------------------------------------------
Copy:         734.2969      0.00136368   0.00136185   0.00136518
Scale:        734.1684      0.00136347   0.00136209   0.00136590
Add:          759.4708      0.00197698   0.00197506   0.00198102
Triad:        759.9295      0.00197535   0.00197387   0.00197697
 STREAM Benchmark implementation in CUDA
 Array size (double precision) = 536.87 MB
 using 192 threads per block, 349526 blocks
 output in IEC units (KiB = 1024 B)

Function      Rate (GiB/s)  Avg time(s)  Min time(s)  Max time(s)
-----------------------------------------------------------------
Copy:         745.2566      0.00134329   0.00134182   0.00134420
Scale:        745.7866      0.00134340   0.00134087   0.00134587
Add:          748.5373      0.00200526   0.00200391   0.00200891
Triad:        748.4483      0.00200595   0.00200415   0.00200701
 STREAM Benchmark implementation in CUDA
 Array size (double precision) = 536.87 MB
 using 192 threads per block, 349526 blocks
 output in IEC units (KiB = 1024 B)

Function      Rate (GiB/s)  Avg time(s)  Min time(s)  Max time(s)
-----------------------------------------------------------------
Copy:         745.2566      0.00134309   0.00134182   0.00134492
Scale:        745.1242      0.00134340   0.00134206   0.00134516
Add:          748.8937      0.00200551   0.00200295   0.00200796
Triad:        748.5373      0.00200617   0.00200391   0.00200796
 STREAM Benchmark implementation in CUDA
 Array size (double precision) = 536.87 MB
 using 192 threads per block, 349526 blocks
 output in IEC units (KiB = 1024 B)

Function      Rate (GiB/s)  Avg time(s)  Min time(s)  Max time(s)
-----------------------------------------------------------------
Copy:         745.6540      0.00134302   0.00134110   0.00134706
Scale:        745.7866      0.00134280   0.00134087   0.00134492
Add:          749.2504      0.00200417   0.00200200   0.00200701
Triad:        748.5373      0.00200600   0.00200391   0.00200701
 STREAM Benchmark implementation in CUDA
 Array size (double precision) = 536.87 MB
 using 192 threads per block, 349526 blocks
 output in IEC units (KiB = 1024 B)

Function      Rate (GiB/s)  Avg time(s)  Min time(s)  Max time(s)
-----------------------------------------------------------------
Copy:         745.2566      0.00134338   0.00134182   0.00134516
Scale:        745.2566      0.00134319   0.00134182   0.00134587
Add:          749.2504      0.00200452   0.00200200   0.00200701
Triad:        748.4483      0.00200634   0.00200415   0.00201011
 STREAM Benchmark implementation in CUDA
 Array size (double precision) = 536.87 MB
 using 192 threads per block, 349526 blocks
 output in IEC units (KiB = 1024 B)

Function      Rate (GiB/s)  Avg time(s)  Min time(s)  Max time(s)
-----------------------------------------------------------------
Copy:         745.2566      0.00134324   0.00134182   0.00134611
Scale:        745.1242      0.00134325   0.00134206   0.00134492
Add:          749.2504      0.00200510   0.00200200   0.00200891
Triad:        748.5373      0.00200630   0.00200391   0.00200796
 STREAM Benchmark implementation in CUDA
 Array size (double precision) = 536.87 MB
 using 192 threads per block, 349526 blocks
 output in IEC units (KiB = 1024 B)

Function      Rate (GiB/s)  Avg time(s)  Min time(s)  Max time(s)
-----------------------------------------------------------------
Copy:         745.7866      0.00134267   0.00134087   0.00134397
Scale:        745.1242      0.00134328   0.00134206   0.00134516
Add:          749.2504      0.00200436   0.00200200   0.00200796
Triad:        748.5373      0.00200613   0.00200391   0.00200915
 STREAM Benchmark implementation in CUDA
 Array size (double precision) = 536.87 MB
 using 192 threads per block, 349526 blocks
 output in IEC units (KiB = 1024 B)

Function      Rate (GiB/s)  Avg time(s)  Min time(s)  Max time(s)
-----------------------------------------------------------------
Copy:         745.1242      0.00134328   0.00134206   0.00134492
Scale:        745.2566      0.00134309   0.00134182   0.00134492
Add:          748.8937      0.00200506   0.00200295   0.00200701
Triad:        748.5373      0.00200654   0.00200391   0.00201106
 STREAM Benchmark implementation in CUDA
 Array size (double precision) = 536.87 MB
 using 192 threads per block, 349526 blocks
 output in IEC units (KiB = 1024 B)

Function      Rate (GiB/s)  Avg time(s)  Min time(s)  Max time(s)
-----------------------------------------------------------------
Copy:         745.2566      0.00134297   0.00134182   0.00134492
Scale:        745.1242      0.00134312   0.00134206   0.00134611
Add:          748.5373      0.00200516   0.00200391   0.00200605
Triad:        748.5373      0.00200563   0.00200391   0.00200701
 STREAM Benchmark implementation in CUDA
 Array size (double precision) = 536.87 MB
 using 192 threads per block, 349526 blocks
 output in IEC units (KiB = 1024 B)

Function      Rate (GiB/s)  Avg time(s)  Min time(s)  Max time(s)
-----------------------------------------------------------------
Copy:         745.2566      0.00134335   0.00134182   0.00134683
Scale:        745.2566      0.00134365   0.00134182   0.00134611
Add:          748.8046      0.00200510   0.00200319   0.00200701
Triad:        748.1812      0.00200674   0.00200486   0.00201011
 STREAM Benchmark implementation in CUDA
 Array size (double precision) = 536.87 MB
 using 192 threads per block, 349526 blocks
 output in IEC units (KiB = 1024 B)

Function      Rate (GiB/s)  Avg time(s)  Min time(s)  Max time(s)
-----------------------------------------------------------------
Copy:         745.2566      0.00134285   0.00134182   0.00134492
Scale:        745.2566      0.00134330   0.00134182   0.00134492
Add:          748.8937      0.00200524   0.00200295   0.00200796
Triad:        748.1812      0.00200629   0.00200486   0.00200796
 STREAM Benchmark implementation in CUDA
 Array size (double precision) = 536.87 MB
 using 192 threads per block, 349526 blocks
 output in IEC units (KiB = 1024 B)

Function      Rate (GiB/s)  Avg time(s)  Min time(s)  Max time(s)
-----------------------------------------------------------------
Copy:         745.7866      0.00134167   0.00134087   0.00134397
Scale:        745.6540      0.00134206   0.00134110   0.00134397
Add:          748.8937      0.00200441   0.00200295   0.00200701
Triad:        748.8937      0.00200534   0.00200295   0.00200701
 STREAM Benchmark implementation in CUDA
 Array size (double precision) = 536.87 MB
 using 192 threads per block, 349526 blocks
 output in IEC units (KiB = 1024 B)

Function      Rate (GiB/s)  Avg time(s)  Min time(s)  Max time(s)
-----------------------------------------------------------------
Copy:         745.7866      0.00134222   0.00134087   0.00134492
Scale:        745.7866      0.00134202   0.00134087   0.00134397
Add:          749.6969      0.00200416   0.00200081   0.00200701
 STREAM Benchmark implementation in CUDA
Triad:        748.8937      0.00200541   0.00200295   0.00200820
 Array size (double precision) = 536.87 MB
 using 192 threads per block, 349526 blocks
 output in IEC units (KiB = 1024 B)

Function      Rate (GiB/s)  Avg time(s)  Min time(s)  Max time(s)
-----------------------------------------------------------------
Copy:         745.1242      0.00134286   0.00134206   0.00134492
Scale:        745.6540      0.00134323   0.00134110   0.00134611
Add:          749.2504      0.00200485   0.00200200   0.00200701
Triad:        748.5373      0.00200580   0.00200391   0.00200796
 STREAM Benchmark implementation in CUDA
 Array size (double precision) = 536.87 MB
 using 192 threads per block, 349526 blocks
 output in IEC units (KiB = 1024 B)

Function      Rate (GiB/s)  Avg time(s)  Min time(s)  Max time(s)
-----------------------------------------------------------------
Copy:         745.2566      0.00134242   0.00134182   0.00134301
Scale:        745.7866      0.00134220   0.00134087   0.00134397
Add:          749.6075      0.00200426   0.00200105   0.00200796
Triad:        748.8937      0.00200549   0.00200295   0.00200796
 STREAM Benchmark implementation in CUDA
 Array size (double precision) = 536.87 MB
 using 192 threads per block, 349526 blocks
 output in IEC units (KiB = 1024 B)

Function      Rate (GiB/s)  Avg time(s)  Min time(s)  Max time(s)
-----------------------------------------------------------------
Copy:         745.1242      0.00134306   0.00134206   0.00134587
Scale:        745.2566      0.00134330   0.00134182   0.00134516
Add:          748.8937      0.00200548   0.00200295   0.00200796
Triad:        748.1812      0.00200605   0.00200486   0.00200915
 STREAM Benchmark implementation in CUDA
 Array size (double precision) = 536.87 MB
 using 192 threads per block, 349526 blocks
 output in IEC units (KiB = 1024 B)

Function      Rate (GiB/s)  Avg time(s)  Min time(s)  Max time(s)
-----------------------------------------------------------------
Copy:         745.6540      0.00134246   0.00134110   0.00134492
Scale:        745.6540      0.00134260   0.00134110   0.00134420
Add:          748.8937      0.00200418   0.00200295   0.00200605
Triad:        749.2504      0.00200540   0.00200200   0.00200701
 STREAM Benchmark implementation in CUDA
 Array size (double precision) = 536.87 MB
 using 192 threads per block, 349526 blocks
 output in IEC units (KiB = 1024 B)

Function      Rate (GiB/s)  Avg time(s)  Min time(s)  Max time(s)
-----------------------------------------------------------------
Copy:         746.3174      0.00134192   0.00133991   0.00134397
Scale:        746.1847      0.00134212   0.00134015   0.00134301
Add:          749.2504      0.00200444   0.00200200   0.00200796
Triad:        749.2504      0.00200510   0.00200200   0.00200796
 STREAM Benchmark implementation in CUDA
 Array size (double precision) = 536.87 MB
 using 192 threads per block, 349526 blocks
 output in IEC units (KiB = 1024 B)

Function      Rate (GiB/s)  Avg time(s)  Min time(s)  Max time(s)
-----------------------------------------------------------------
Copy:         745.1242      0.00134358   0.00134206   0.00134587
Scale:        745.1242      0.00134328   0.00134206   0.00134492
Add:          749.2504      0.00200505   0.00200200   0.00200891
Triad:        748.5373      0.00200614   0.00200391   0.00200796
 STREAM Benchmark implementation in CUDA
 Array size (double precision) = 536.87 MB
 using 192 threads per block, 349526 blocks
 output in IEC units (KiB = 1024 B)

Function      Rate (GiB/s)  Avg time(s)  Min time(s)  Max time(s)
-----------------------------------------------------------------
Copy:         733.7831      0.00138452   0.00136280   0.00175786
Scale:        734.1684      0.00136392   0.00136209   0.00136709
Add:          759.4708      0.00197667   0.00197506   0.00197816
Triad:        759.5625      0.00197569   0.00197482   0.00197792
 STREAM Benchmark implementation in CUDA
 Array size (double precision) = 536.87 MB
 using 192 threads per block, 349526 blocks
 output in IEC units (KiB = 1024 B)

Function      Rate (GiB/s)  Avg time(s)  Min time(s)  Max time(s)
-----------------------------------------------------------------
Copy:         746.3174      0.00134192   0.00133991   0.00134397
Scale:        746.3174      0.00134182   0.00133991   0.00134301
Add:          749.2504      0.00200387   0.00200200   0.00200701
Triad:        748.8937      0.00200486   0.00200295   0.00200796
 STREAM Benchmark implementation in CUDA
 Array size (double precision) = 536.87 MB
 using 192 threads per block, 349526 blocks
 output in IEC units (KiB = 1024 B)

Function      Rate (GiB/s)  Avg time(s)  Min time(s)  Max time(s)
-----------------------------------------------------------------
Copy:         734.8115      0.00136222   0.00136089   0.00136399
Scale:        734.8115      0.00136246   0.00136089   0.00136423
Add:          759.9295      0.00197497   0.00197387   0.00197601
Triad:        760.6645      0.00197385   0.00197196   0.00197601
 STREAM Benchmark implementation in CUDA
 Array size (double precision) = 536.87 MB
 using 192 threads per block, 349526 blocks
 output in IEC units (KiB = 1024 B)

 STREAM Benchmark implementation in CUDA
Function      Rate (GiB/s)  Avg time(s)  Min time(s)  Max time(s)
 Array size (double precision) = 536.87 MB
-----------------------------------------------------------------
 using 192 threads per block, 349526 blocks
Copy:         746.1847      0.00134169   0.00134015   0.00134611
 output in IEC units (KiB = 1024 B)
Scale:        746.3174      0.00134203   0.00133991   0.00134397

Add:          749.2504      0.00200375   0.00200200   0.00200605
Function      Rate (GiB/s)  Avg time(s)  Min time(s)  Max time(s)
Triad:        749.2504      0.00200490   0.00200200   0.00200701
-----------------------------------------------------------------
 STREAM Benchmark implementation in CUDA
Copy:         745.7866      0.00134216   0.00134087   0.00134301
 Array size (double precision) = 536.87 MB
Scale:        745.7866      0.00134195   0.00134087   0.00134301
 using 192 threads per block, 349526 blocks
Add:          749.2504      0.00200406   0.00200200   0.00200605
 output in IEC units (KiB = 1024 B)
Triad:        748.5373      0.00200531   0.00200391   0.00200701

Function      Rate (GiB/s)  Avg time(s)  Min time(s)  Max time(s)
-----------------------------------------------------------------
 STREAM Benchmark implementation in CUDA
Copy:         745.7866      0.00134252   0.00134087   0.00134587
 Array size (double precision) = 536.87 MB
Scale:        745.7866      0.00134246   0.00134087   0.00134397
 using 192 threads per block, 349526 blocks
Add:          749.2504      0.00200406   0.00200200   0.00200701
 output in IEC units (KiB = 1024 B)
Triad:        748.5373      0.00200528   0.00200391   0.00200701

Function      Rate (GiB/s)  Avg time(s)  Min time(s)  Max time(s)
-----------------------------------------------------------------
Copy:         745.7866      0.00134310   0.00134087   0.00134683
Scale:        745.6540      0.00134281   0.00134110   0.00134492
Add:          748.8937      0.00200509   0.00200295   0.00200796
Triad:        748.8937      0.00200595   0.00200295   0.00200915
 STREAM Benchmark implementation in CUDA
 Array size (double precision) = 536.87 MB
 using 192 threads per block, 349526 blocks
 output in IEC units (KiB = 1024 B)

Function      Rate (GiB/s)  Avg time(s)  Min time(s)  Max time(s)
-----------------------------------------------------------------
Copy:         745.1242      0.00134328   0.00134206   0.00134802
Scale:        745.2566      0.00134321   0.00134182   0.00134492
Add:          749.2504      0.00200501   0.00200200   0.00200701
Triad:        748.4483      0.00200646   0.00200415   0.00200891
 STREAM Benchmark implementation in CUDA
 Array size (double precision) = 536.87 MB
 using 192 threads per block, 349526 blocks
 output in IEC units (KiB = 1024 B)

Function      Rate (GiB/s)  Avg time(s)  Min time(s)  Max time(s)
-----------------------------------------------------------------
Copy:         745.2566      0.00134309   0.00134182   0.00134492
Scale:        745.2566      0.00134286   0.00134182   0.00134420
Add:          749.2504      0.00200456   0.00200200   0.00200701
Triad:        748.8937      0.00200583   0.00200295   0.00200820
 STREAM Benchmark implementation in CUDA
 Array size (double precision) = 536.87 MB
 using 192 threads per block, 349526 blocks
 output in IEC units (KiB = 1024 B)

Function      Rate (GiB/s)  Avg time(s)  Min time(s)  Max time(s)
-----------------------------------------------------------------
Copy:         745.7866      0.00134232   0.00134087   0.00134420
Scale:        745.1242      0.00134300   0.00134206   0.00134492
Add:          748.8937      0.00200497   0.00200295   0.00200701
Triad:        748.5373      0.00200598   0.00200391   0.00200891
 STREAM Benchmark implementation in CUDA
 Array size (double precision) = 536.87 MB
 using 192 threads per block, 349526 blocks
 output in IEC units (KiB = 1024 B)

Function      Rate (GiB/s)  Avg time(s)  Min time(s)  Max time(s)
-----------------------------------------------------------------
Copy:         745.1242      0.00134297   0.00134206   0.00134516
Scale:        745.2566      0.00134321   0.00134182   0.00134516
Add:          748.8937      0.00200500   0.00200295   0.00200701
Triad:        748.0923      0.00200651   0.00200510   0.00200796
 STREAM Benchmark implementation in CUDA
 Array size (double precision) = 536.87 MB
 using 192 threads per block, 349526 blocks
 output in IEC units (KiB = 1024 B)

Function      Rate (GiB/s)  Avg time(s)  Min time(s)  Max time(s)
-----------------------------------------------------------------
Copy:         745.1242      0.00134346   0.00134206   0.00134397
Scale:        744.5951      0.00134343   0.00134301   0.00134492
Add:          748.8937      0.00200521   0.00200295   0.00200796
Triad:        748.4483      0.00200605   0.00200415   0.00200701
 STREAM Benchmark implementation in CUDA
 Array size (double precision) = 536.87 MB
 using 192 threads per block, 349526 blocks
 output in IEC units (KiB = 1024 B)

Function      Rate (GiB/s)  Avg time(s)  Min time(s)  Max time(s)
-----------------------------------------------------------------
Copy:         745.1242      0.00134341   0.00134206   0.00134706
Scale:        744.7273      0.00134338   0.00134277   0.00134420
Add:          748.5373      0.00200604   0.00200391   0.00201011
Triad:        748.5373      0.00200674   0.00200391   0.00200915
 STREAM Benchmark implementation in CUDA
 Array size (double precision) = 536.87 MB
 using 192 threads per block, 349526 blocks
 output in IEC units (KiB = 1024 B)

Function      Rate (GiB/s)  Avg time(s)  Min time(s)  Max time(s)
-----------------------------------------------------------------
Copy:         745.6540      0.00134257   0.00134110   0.00134397
Scale:        745.6540      0.00134257   0.00134110   0.00134420
Add:          749.2504      0.00200427   0.00200200   0.00200510
Triad:        748.5373      0.00200548   0.00200391   0.00200701
 STREAM Benchmark implementation in CUDA
 Array size (double precision) = 536.87 MB
 using 192 threads per block, 349526 blocks
 output in IEC units (KiB = 1024 B)

Function      Rate (GiB/s)  Avg time(s)  Min time(s)  Max time(s)
-----------------------------------------------------------------
Copy:         745.6540      0.00134271   0.00134110   0.00134420
Scale:        745.2566      0.00134276   0.00134182   0.00134397
Add:          749.2504      0.00200467   0.00200200   0.00200701
Triad:        748.5373      0.00200570   0.00200391   0.00200701
 STREAM Benchmark implementation in CUDA
 Array size (double precision) = 536.87 MB
 using 192 threads per block, 349526 blocks
 output in IEC units (KiB = 1024 B)

Function      Rate (GiB/s)  Avg time(s)  Min time(s)  Max time(s)
-----------------------------------------------------------------
Copy:         745.2566      0.00134360   0.00134182   0.00134802
Scale:        745.1242      0.00134297   0.00134206   0.00134516
Add:          748.5373      0.00200528   0.00200391   0.00200701
Triad:        748.5373      0.00200563   0.00200391   0.00200701
 STREAM Benchmark implementation in CUDA
 Array size (double precision) = 536.87 MB
 using 192 threads per block, 349526 blocks
 output in IEC units (KiB = 1024 B)

Function      Rate (GiB/s)  Avg time(s)  Min time(s)  Max time(s)
-----------------------------------------------------------------
Copy:         745.7866      0.00134301   0.00134087   0.00134516
Scale:        745.1242      0.00134325   0.00134206   0.00134778
Add:          748.8937      0.00200467   0.00200295   0.00200701
Triad:        748.5373      0.00200569   0.00200391   0.00200987
 STREAM Benchmark implementation in CUDA
 Array size (double precision) = 536.87 MB
 using 192 threads per block, 349526 blocks
 output in IEC units (KiB = 1024 B)

Function      Rate (GiB/s)  Avg time(s)  Min time(s)  Max time(s)
-----------------------------------------------------------------
Copy:         746.3174      0.00134205   0.00133991   0.00134420
Scale:        745.7866      0.00134168   0.00134087   0.00134301
Add:          749.6075      0.00200392   0.00200105   0.00200701
Triad:        749.2504      0.00200514   0.00200200   0.00200915
 STREAM Benchmark implementation in CUDA
 Array size (double precision) = 536.87 MB
 using 192 threads per block, 349526 blocks
 output in IEC units (KiB = 1024 B)

Function      Rate (GiB/s)  Avg time(s)  Min time(s)  Max time(s)
-----------------------------------------------------------------
Copy:         745.2566      0.00134310   0.00134182   0.00134611
Scale:        745.2566      0.00134306   0.00134182   0.00134420
Add:          749.6075      0.00200492   0.00200105   0.00200701
Triad:        748.4483      0.00200639   0.00200415   0.00200820
 STREAM Benchmark implementation in CUDA
 Array size (double precision) = 536.87 MB
 using 192 threads per block, 349526 blocks
 output in IEC units (KiB = 1024 B)

Function      Rate (GiB/s)  Avg time(s)  Min time(s)  Max time(s)
-----------------------------------------------------------------
Copy:         745.2566      0.00134304   0.00134182   0.00134587
Scale:        745.1242      0.00134338   0.00134206   0.00134802
Add:          748.8937      0.00200464   0.00200295   0.00200605
Triad:        748.4483      0.00200637   0.00200415   0.00200796
 STREAM Benchmark implementation in CUDA
 Array size (double precision) = 536.87 MB
 using 192 threads per block, 349526 blocks
 output in IEC units (KiB = 1024 B)

Function      Rate (GiB/s)  Avg time(s)  Min time(s)  Max time(s)
-----------------------------------------------------------------
Copy:         745.7866      0.00134272   0.00134087   0.00134516
Scale:        745.2566      0.00134373   0.00134182   0.00135493
Add:          748.8937      0.00200495   0.00200295   0.00200915
Triad:        748.4483      0.00200598   0.00200415   0.00200820
 STREAM Benchmark implementation in CUDA
 Array size (double precision) = 536.87 MB
 using 192 threads per block, 349526 blocks
 output in IEC units (KiB = 1024 B)

Function      Rate (GiB/s)  Avg time(s)  Min time(s)  Max time(s)
-----------------------------------------------------------------
Copy:         745.7866      0.00134218   0.00134087   0.00134492
Scale:        745.7866      0.00134241   0.00134087   0.00134397
Add:          749.2504      0.00200415   0.00200200   0.00200701
Triad:        748.8937      0.00200548   0.00200295   0.00200796
 STREAM Benchmark implementation in CUDA
 Array size (double precision) = 536.87 MB
 using 192 threads per block, 349526 blocks
 output in IEC units (KiB = 1024 B)

Function      Rate (GiB/s)  Avg time(s)  Min time(s)  Max time(s)
-----------------------------------------------------------------
Copy:         745.2566      0.00134346   0.00134182   0.00134611
 STREAM Benchmark implementation in CUDA
Scale:        745.1242      0.00134349   0.00134206   0.00134492
 Array size (double precision) = 536.87 MB
Add:          748.8937      0.00200600   0.00200295   0.00200701
 using 192 threads per block, 349526 blocks
Triad:        748.4483      0.00200657   0.00200415   0.00200915
 output in IEC units (KiB = 1024 B)
 STREAM Benchmark implementation in CUDA
 Array size (double precision) = 536.87 MB

 using 192 threads per block, 349526 blocks
Function      Rate (GiB/s)  Avg time(s)  Min time(s)  Max time(s)
 output in IEC units (KiB = 1024 B)
-----------------------------------------------------------------

Copy:         745.2566      0.00134279   0.00134182   0.00134397
Function      Rate (GiB/s)  Avg time(s)  Min time(s)  Max time(s)
Scale:        745.2566      0.00134305   0.00134182   0.00134397
-----------------------------------------------------------------
Add:          749.2504      0.00200539   0.00200200   0.00200891
Copy:         745.7866      0.00134282   0.00134087   0.00134397
Triad:        748.4483      0.00200563   0.00200415   0.00200701
Scale:        745.2566      0.00134301   0.00134182   0.00134492
Add:          748.8937      0.00200501   0.00200295   0.00200701
Triad:        748.5373      0.00200615   0.00200391   0.00200987
 STREAM Benchmark implementation in CUDA
 Array size (double precision) = 536.87 MB
 using 192 threads per block, 349526 blocks
 output in IEC units (KiB = 1024 B)

Function      Rate (GiB/s)  Avg time(s)  Min time(s)  Max time(s)
-----------------------------------------------------------------
Copy:         745.1242      0.00134344   0.00134206   0.00134587
Scale:        745.6540      0.00134340   0.00134110   0.00134516
Add:          748.8937      0.00200523   0.00200295   0.00200701
Triad:        748.1812      0.00200620   0.00200486   0.00200796
 STREAM Benchmark implementation in CUDA
 Array size (double precision) = 536.87 MB
 using 192 threads per block, 349526 blocks
 output in IEC units (KiB = 1024 B)

Function      Rate (GiB/s)  Avg time(s)  Min time(s)  Max time(s)
-----------------------------------------------------------------
Copy:         745.7866      0.00134247   0.00134087   0.00134492
Scale:        745.6540      0.00134261   0.00134110   0.00134492
Add:          749.2504      0.00200456   0.00200200   0.00200701
Triad:        748.5373      0.00200577   0.00200391   0.00200796
 STREAM Benchmark implementation in CUDA
 Array size (double precision) = 536.87 MB
 using 192 threads per block, 349526 blocks
 output in IEC units (KiB = 1024 B)

Function      Rate (GiB/s)  Avg time(s)  Min time(s)  Max time(s)
-----------------------------------------------------------------
Copy:         745.1242      0.00134331   0.00134206   0.00134492
Scale:        745.2566      0.00134316   0.00134182   0.00134492
Add:          748.5373      0.00200524   0.00200391   0.00200701
Triad:        748.1812      0.00200634   0.00200486   0.00201106
 STREAM Benchmark implementation in CUDA
 Array size (double precision) = 536.87 MB
 using 192 threads per block, 349526 blocks
 output in IEC units (KiB = 1024 B)

Function      Rate (GiB/s)  Avg time(s)  Min time(s)  Max time(s)
-----------------------------------------------------------------
Copy:         745.7866      0.00134213   0.00134087   0.00134301
Scale:        746.3174      0.00134205   0.00133991   0.00134397
Add:          749.2504      0.00200363   0.00200200   0.00200582
Triad:        748.5373      0.00200535   0.00200391   0.00200701
 STREAM Benchmark implementation in CUDA
 Array size (double precision) = 536.87 MB
 using 192 threads per block, 349526 blocks
 output in IEC units (KiB = 1024 B)

Function      Rate (GiB/s)  Avg time(s)  Min time(s)  Max time(s)
-----------------------------------------------------------------
Copy:         745.1242      0.00134344   0.00134206   0.00134993
Scale:        745.1242      0.00134297   0.00134206   0.00134611
Add:          748.8937      0.00200500   0.00200295   0.00200796
Triad:        748.8937      0.00200617   0.00200295   0.00200891
 STREAM Benchmark implementation in CUDA
 Array size (double precision) = 536.87 MB
 using 192 threads per block, 349526 blocks
 output in IEC units (KiB = 1024 B)

Function      Rate (GiB/s)  Avg time(s)  Min time(s)  Max time(s)
-----------------------------------------------------------------
Copy:         745.7866      0.00134375   0.00134087   0.00136018
Scale:        745.1242      0.00134341   0.00134206   0.00134897
Add:          749.2504      0.00200500   0.00200200   0.00200701
Triad:        748.5373      0.00200610   0.00200391   0.00200701
 STREAM Benchmark implementation in CUDA
 Array size (double precision) = 536.87 MB
 using 192 threads per block, 349526 blocks
 output in IEC units (KiB = 1024 B)

Function      Rate (GiB/s)  Avg time(s)  Min time(s)  Max time(s)
-----------------------------------------------------------------
Copy:         745.2566      0.00134267   0.00134182   0.00134611
Scale:        745.2566      0.00139188   0.00134182   0.00226712
Add:          748.8937      0.00213523   0.00200295   0.00447989
Triad:        748.8046      0.00200599   0.00200319   0.00200796
 STREAM Benchmark implementation in CUDA
 Array size (double precision) = 536.87 MB
 using 192 threads per block, 349526 blocks
 output in IEC units (KiB = 1024 B)

Function      Rate (GiB/s)  Avg time(s)  Min time(s)  Max time(s)
-----------------------------------------------------------------
Copy:         745.1242      0.00134321   0.00134206   0.00134492
Scale:        745.2566      0.00134493   0.00134182   0.00137401
Add:          748.8937      0.00200509   0.00200295   0.00200796
Triad:        748.5373      0.00200667   0.00200391   0.00201011
 STREAM Benchmark implementation in CUDA
 Array size (double precision) = 536.87 MB
 using 192 threads per block, 349526 blocks
 output in IEC units (KiB = 1024 B)

Function      Rate (GiB/s)  Avg time(s)  Min time(s)  Max time(s)
-----------------------------------------------------------------
Copy:         745.7866      0.00134210   0.00134087   0.00134397
Scale:        745.7866      0.00134216   0.00134087   0.00134611
Add:          749.2504      0.00200433   0.00200200   0.00200605
Triad:        748.8937      0.00200524   0.00200295   0.00200796
 STREAM Benchmark implementation in CUDA
 Array size (double precision) = 536.87 MB
 using 192 threads per block, 349526 blocks
 output in IEC units (KiB = 1024 B)

Function      Rate (GiB/s)  Avg time(s)  Min time(s)  Max time(s)
-----------------------------------------------------------------
Copy:         745.6540      0.00134245   0.00134110   0.00134516
Scale:        745.2566      0.00134300   0.00134182   0.00134397
Add:          748.5373      0.00200518   0.00200391   0.00200605
Triad:        748.4483      0.00200633   0.00200415   0.00200820
 STREAM Benchmark implementation in CUDA
 Array size (double precision) = 536.87 MB
 using 192 threads per block, 349526 blocks
 output in IEC units (KiB = 1024 B)

Function      Rate (GiB/s)  Avg time(s)  Min time(s)  Max time(s)
-----------------------------------------------------------------
Copy:         745.1242      0.00134353   0.00134206   0.00134611
Scale:        745.2566      0.00134289   0.00134182   0.00134420
Add:          748.8937      0.00200482   0.00200295   0.00200605
Triad:        748.5373      0.00200580   0.00200391   0.00200796
 STREAM Benchmark implementation in CUDA
 Array size (double precision) = 536.87 MB
 using 192 threads per block, 349526 blocks
 output in IEC units (KiB = 1024 B)

Function      Rate (GiB/s)  Avg time(s)  Min time(s)  Max time(s)
-----------------------------------------------------------------
Copy:         745.2566      0.00134326   0.00134182   0.00134587
Scale:        745.2566      0.00134307   0.00134182   0.00134420
Add:          748.5373      0.00200579   0.00200391   0.00200796
Triad:        748.5373      0.00200583   0.00200391   0.00200796
 STREAM Benchmark implementation in CUDA
 Array size (double precision) = 536.87 MB
 using 192 threads per block, 349526 blocks
 output in IEC units (KiB = 1024 B)

Function      Rate (GiB/s)  Avg time(s)  Min time(s)  Max time(s)
-----------------------------------------------------------------
Copy:         745.7866      0.00134378   0.00134087   0.00134802
Scale:        745.1242      0.00134376   0.00134206   0.00134516
Add:          748.5373      0.00200605   0.00200391   0.00201297
Triad:        748.1812      0.00200683   0.00200486   0.00201011
 STREAM Benchmark implementation in CUDA
 Array size (double precision) = 536.87 MB
 using 192 threads per block, 349526 blocks
 output in IEC units (KiB = 1024 B)

Function      Rate (GiB/s)  Avg time(s)  Min time(s)  Max time(s)
-----------------------------------------------------------------
Copy:         745.2566      0.00134297   0.00134182   0.00134516
Scale:        746.3174      0.00134305   0.00133991   0.00134420
Add:          749.2504      0.00200499   0.00200200   0.00200796
Triad:        748.5373      0.00200589   0.00200391   0.00200796
 STREAM Benchmark implementation in CUDA
 Array size (double precision) = 536.87 MB
 using 192 threads per block, 349526 blocks
 output in IEC units (KiB = 1024 B)

Function      Rate (GiB/s)  Avg time(s)  Min time(s)  Max time(s)
-----------------------------------------------------------------
Copy:         734.2969      0.00136362   0.00136185   0.00136995
Scale:        734.1684      0.00136326   0.00136209   0.00136399
Add:          759.4708      0.00197648   0.00197506   0.00197792
Triad:        759.8377      0.00197551   0.00197411   0.00197792
 STREAM Benchmark implementation in CUDA
 Array size (double precision) = 536.87 MB
 using 192 threads per block, 349526 blocks
 output in IEC units (KiB = 1024 B)

Function      Rate (GiB/s)  Avg time(s)  Min time(s)  Max time(s)
-----------------------------------------------------------------
Copy:         734.2969      0.00136337   0.00136185   0.00136805
Scale:        734.1684      0.00136358   0.00136209   0.00136495
Add:          759.1042      0.00197663   0.00197601   0.00197816
Triad:        759.9295      0.00197527   0.00197387   0.00197697
 STREAM Benchmark implementation in CUDA
 Array size (double precision) = 536.87 MB
 using 192 threads per block, 349526 blocks
 output in IEC units (KiB = 1024 B)

Function      Rate (GiB/s)  Avg time(s)  Min time(s)  Max time(s)
-----------------------------------------------------------------
Copy:         745.7866      0.00134243   0.00134087   0.00134397
Scale:        745.6540      0.00134250   0.00134110   0.00134587
Add:          749.6075      0.00200430   0.00200105   0.00200701
Triad:        748.8937      0.00200565   0.00200295   0.00200820
 STREAM Benchmark implementation in CUDA
 Array size (double precision) = 536.87 MB
 using 192 threads per block, 349526 blocks
 output in IEC units (KiB = 1024 B)

Function      Rate (GiB/s)  Avg time(s)  Min time(s)  Max time(s)
-----------------------------------------------------------------
Copy:         745.7866      0.00134294   0.00134087   0.00134706
Scale:        745.2566      0.00134307   0.00134182   0.00134420
Add:          748.8937      0.00200431   0.00200295   0.00200701
Triad:        748.5373      0.00200569   0.00200391   0.00200796
 STREAM Benchmark implementation in CUDA
 Array size (double precision) = 536.87 MB
 using 192 threads per block, 349526 blocks
 output in IEC units (KiB = 1024 B)

Function      Rate (GiB/s)  Avg time(s)  Min time(s)  Max time(s)
-----------------------------------------------------------------
Copy:         745.6540      0.00134280   0.00134110   0.00134516
Scale:        745.7866      0.00134274   0.00134087   0.00134420
Add:          749.6075      0.00200437   0.00200105   0.00200605
Triad:        748.5373      0.00200575   0.00200391   0.00200701
 STREAM Benchmark implementation in CUDA
 Array size (double precision) = 536.87 MB
 using 192 threads per block, 349526 blocks
 output in IEC units (KiB = 1024 B)

Function      Rate (GiB/s)  Avg time(s)  Min time(s)  Max time(s)
 STREAM Benchmark implementation in CUDA
-----------------------------------------------------------------
 Array size (double precision) = 536.87 MB
Copy:         734.2969      0.00136257   0.00136185   0.00136399
 using 192 threads per block, 349526 blocks
Scale:        734.2969      0.00136259   0.00136185   0.00136399
 output in IEC units (KiB = 1024 B)
Add:          759.4708      0.00197588   0.00197506   0.00197816

Triad:        760.2968      0.00197460   0.00197291   0.00197601
Function      Rate (GiB/s)  Avg time(s)  Min time(s)  Max time(s)
-----------------------------------------------------------------
Copy:         745.7866      0.00134292   0.00134087   0.00134492
Scale:        745.1242      0.00134292   0.00134206   0.00134492
Add:          748.8937      0.00200479   0.00200295   0.00200605
Triad:        748.8937      0.00200583   0.00200295   0.00200820
 STREAM Benchmark implementation in CUDA
 Array size (double precision) = 536.87 MB
 using 192 threads per block, 349526 blocks
 output in IEC units (KiB = 1024 B)

Function      Rate (GiB/s)  Avg time(s)  Min time(s)  Max time(s)
-----------------------------------------------------------------
Copy:         745.6540      0.00134248   0.00134110   0.00134397
Scale:        745.7866      0.00134296   0.00134087   0.00134420
Add:          748.8937      0.00200477   0.00200295   0.00200820
Triad:        748.1812      0.00200630   0.00200486   0.00200796
 STREAM Benchmark implementation in CUDA
 Array size (double precision) = 536.87 MB
 using 192 threads per block, 349526 blocks
 output in IEC units (KiB = 1024 B)

Function      Rate (GiB/s)  Avg time(s)  Min time(s)  Max time(s)
-----------------------------------------------------------------
Copy:         745.2566      0.00134287   0.00134182   0.00134492
Scale:        745.1242      0.00134316   0.00134206   0.00134587
Add:          748.8937      0.00200538   0.00200295   0.00200796
Triad:        748.5373      0.00200610   0.00200391   0.00200891
 STREAM Benchmark implementation in CUDA
 Array size (double precision) = 536.87 MB
 using 192 threads per block, 349526 blocks
 output in IEC units (KiB = 1024 B)

Function      Rate (GiB/s)  Avg time(s)  Min time(s)  Max time(s)
-----------------------------------------------------------------
Copy:         745.6540      0.00134267   0.00134110   0.00134397
Scale:        745.6540      0.00134282   0.00134110   0.00134683
Add:          749.2504      0.00200502   0.00200200   0.00200796
Triad:        748.5373      0.00200569   0.00200391   0.00201011
 STREAM Benchmark implementation in CUDA
 Array size (double precision) = 536.87 MB
 using 192 threads per block, 349526 blocks
 output in IEC units (KiB = 1024 B)

Function      Rate (GiB/s)  Avg time(s)  Min time(s)  Max time(s)
-----------------------------------------------------------------
Copy:         745.2566      0.00134299   0.00134182   0.00134492
Scale:        745.7866      0.00134296   0.00134087   0.00134420
Add:          748.5373      0.00200513   0.00200391   0.00200701
Triad:        748.1812      0.00200740   0.00200486   0.00203109
 STREAM Benchmark implementation in CUDA
 Array size (double precision) = 536.87 MB
 using 192 threads per block, 349526 blocks
 output in IEC units (KiB = 1024 B)

Function      Rate (GiB/s)  Avg time(s)  Min time(s)  Max time(s)
-----------------------------------------------------------------
Copy:         745.2566      0.00134304   0.00134182   0.00134492
Scale:        745.7866      0.00134276   0.00134087   0.00134516
Add:          749.2504      0.00200492   0.00200200   0.00200701
Triad:        748.5373      0.00200582   0.00200391   0.00200891
 STREAM Benchmark implementation in CUDA
 Array size (double precision) = 536.87 MB
 using 192 threads per block, 349526 blocks
 output in IEC units (KiB = 1024 B)

Function      Rate (GiB/s)  Avg time(s)  Min time(s)  Max time(s)
-----------------------------------------------------------------
Copy:         745.2566      0.00134296   0.00134182   0.00134420
Scale:        744.5951      0.00134366   0.00134301   0.00134683
Add:          748.5373      0.00200486   0.00200391   0.00200701
Triad:        748.4483      0.00200593   0.00200415   0.00200796
 STREAM Benchmark implementation in CUDA
 Array size (double precision) = 536.87 MB
 using 192 threads per block, 349526 blocks
 output in IEC units (KiB = 1024 B)

Function      Rate (GiB/s)  Avg time(s)  Min time(s)  Max time(s)
-----------------------------------------------------------------
Copy:         745.2566      0.00134292   0.00134182   0.00134516
Scale:        745.1242      0.00134320   0.00134206   0.00134420
Add:          749.2504      0.00200471   0.00200200   0.00200701
Triad:        748.5373      0.00200597   0.00200391   0.00200915
 STREAM Benchmark implementation in CUDA
 Array size (double precision) = 536.87 MB
 using 192 threads per block, 349526 blocks
 output in IEC units (KiB = 1024 B)

Function      Rate (GiB/s)  Avg time(s)  Min time(s)  Max time(s)
-----------------------------------------------------------------
Copy:         745.7866      0.00134255   0.00134087   0.00134397
Scale:        745.7866      0.00134257   0.00134087   0.00134420
Add:          748.8937      0.00200502   0.00200295   0.00200701
Triad:        748.1812      0.00200597   0.00200486   0.00200796
 STREAM Benchmark implementation in CUDA
 Array size (double precision) = 536.87 MB
 using 192 threads per block, 349526 blocks
 output in IEC units (KiB = 1024 B)

Function      Rate (GiB/s)  Avg time(s)  Min time(s)  Max time(s)
-----------------------------------------------------------------
Copy:         745.1242      0.00134281   0.00134206   0.00134397
Scale:        745.7866      0.00134231   0.00134087   0.00134397
Add:          748.8937      0.00200485   0.00200295   0.00200796
Triad:        748.8937      0.00200510   0.00200295   0.00200701
 STREAM Benchmark implementation in CUDA
 Array size (double precision) = 536.87 MB
 using 192 threads per block, 349526 blocks
 output in IEC units (KiB = 1024 B)

Function      Rate (GiB/s)  Avg time(s)  Min time(s)  Max time(s)
-----------------------------------------------------------------
Copy:         745.7866      0.00134172   0.00134087   0.00134397
Scale:        746.3174      0.00134196   0.00133991   0.00134420
Add:          749.6075      0.00200369   0.00200105   0.00200605
Triad:        748.8046      0.00200485   0.00200319   0.00200820
 STREAM Benchmark implementation in CUDA
 Array size (double precision) = 536.87 MB
 using 192 threads per block, 349526 blocks
 output in IEC units (KiB = 1024 B)

Function      Rate (GiB/s)  Avg time(s)  Min time(s)  Max time(s)
-----------------------------------------------------------------
Copy:         734.2969      0.00136255   0.00136185   0.00136495
Scale:        734.2969      0.00136268   0.00136185   0.00136399
Add:          760.2968      0.00197544   0.00197291   0.00197601
Triad:        760.2968      0.00197444   0.00197291   0.00197721
 STREAM Benchmark implementation in CUDA
 Array size (double precision) = 536.87 MB
 using 192 threads per block, 349526 blocks
 output in IEC units (KiB = 1024 B)

Function      Rate (GiB/s)  Avg time(s)  Min time(s)  Max time(s)
-----------------------------------------------------------------
Copy:         745.7866      0.00134272   0.00134087   0.00134397
Scale:        745.7866      0.00134471   0.00134087   0.00137401
Add:          748.8937      0.00200523   0.00200295   0.00200701
Triad:        748.8937      0.00200598   0.00200295   0.00200891
 STREAM Benchmark implementation in CUDA
 Array size (double precision) = 536.87 MB
 using 192 threads per block, 349526 blocks
 output in IEC units (KiB = 1024 B)

Function      Rate (GiB/s)  Avg time(s)  Min time(s)  Max time(s)
-----------------------------------------------------------------
Copy:         734.2969      0.00136402   0.00136185   0.00136900
Scale:        734.2969      0.00136347   0.00136185   0.00136590
Add:          759.5625      0.00197660   0.00197482   0.00197816
Triad:        759.9295      0.00197507   0.00197387   0.00197697
 STREAM Benchmark implementation in CUDA
 Array size (double precision) = 536.87 MB
 using 192 threads per block, 349526 blocks
 output in IEC units (KiB = 1024 B)

Function      Rate (GiB/s)  Avg time(s)  Min time(s)  Max time(s)
-----------------------------------------------------------------
Copy:         745.7866      0.00134217   0.00134087   0.00134397
Scale:        745.7866      0.00134241   0.00134087   0.00134492
Add:          749.2504      0.00200471   0.00200200   0.00200796
Triad:        748.1812      0.00200608   0.00200486   0.00200796
 STREAM Benchmark implementation in CUDA
 Array size (double precision) = 536.87 MB
 using 192 threads per block, 349526 blocks
 output in IEC units (KiB = 1024 B)

Function      Rate (GiB/s)  Avg time(s)  Min time(s)  Max time(s)
-----------------------------------------------------------------
Copy:         745.6540      0.00134230   0.00134110   0.00134301
Scale:        745.6540      0.00134248   0.00134110   0.00134420
Add:          749.2504      0.00200395   0.00200200   0.00200510
Triad:        748.8937      0.00200533   0.00200295   0.00200701
 STREAM Benchmark implementation in CUDA
 Array size (double precision) = 536.87 MB
 using 192 threads per block, 349526 blocks
 output in IEC units (KiB = 1024 B)

Function      Rate (GiB/s)  Avg time(s)  Min time(s)  Max time(s)
-----------------------------------------------------------------
Copy:         745.7866      0.00134183   0.00134087   0.00134301
Scale:        745.7866      0.00134188   0.00134087   0.00134301
Add:          749.2504      0.00200393   0.00200200   0.00200701
Triad:        748.8937      0.00200502   0.00200295   0.00200701
 STREAM Benchmark implementation in CUDA
 Array size (double precision) = 536.87 MB
 using 192 threads per block, 349526 blocks
 output in IEC units (KiB = 1024 B)

Function      Rate (GiB/s)  Avg time(s)  Min time(s)  Max time(s)
-----------------------------------------------------------------
Copy:         746.1847      0.00134222   0.00134015   0.00134397
Scale:        745.7866      0.00134208   0.00134087   0.00134397
Add:          749.6075      0.00200322   0.00200105   0.00200605
Triad:        749.2504      0.00200475   0.00200200   0.00200701
 STREAM Benchmark implementation in CUDA
 Array size (double precision) = 536.87 MB
 using 192 threads per block, 349526 blocks
 output in IEC units (KiB = 1024 B)

Function      Rate (GiB/s)  Avg time(s)  Min time(s)  Max time(s)
-----------------------------------------------------------------
Copy:         745.2566      0.00134257   0.00134182   0.00134516
Scale:        745.6540      0.00134242   0.00134110   0.00134492
Add:          748.8937      0.00200464   0.00200295   0.00200701
Triad:        748.5373      0.00200579   0.00200391   0.00200891
 STREAM Benchmark implementation in CUDA
 Array size (double precision) = 536.87 MB
 using 192 threads per block, 349526 blocks
 output in IEC units (KiB = 1024 B)

Function      Rate (GiB/s)  Avg time(s)  Min time(s)  Max time(s)
-----------------------------------------------------------------
Copy:         745.6540      0.00134271   0.00134110   0.00134516
Scale:        745.7866      0.00134255   0.00134087   0.00134397
Add:          748.8937      0.00200492   0.00200295   0.00200701
Triad:        748.5373      0.00200535   0.00200391   0.00200701
 STREAM Benchmark implementation in CUDA
 Array size (double precision) = 536.87 MB
 using 192 threads per block, 349526 blocks
 output in IEC units (KiB = 1024 B)

Function      Rate (GiB/s)  Avg time(s)  Min time(s)  Max time(s)
-----------------------------------------------------------------
Copy:         745.2566      0.00134274   0.00134182   0.00134397
Scale:        745.1242      0.00134302   0.00134206   0.00135112
Add:          748.8937      0.00200479   0.00200295   0.00200796
Triad:        748.8937      0.00200578   0.00200295   0.00200701
START OF JOBSPEC
{"resources": [{"type": "node", "count": 16, "with": [{"type": "slot", "count": 8, "with": [{"type": "core", "count": 1}, {"type": "gpu", "count": 1}], "label": "task"}]}], "tasks": [{"command": ["stream"], "slot": "task", "count": {"per_slot": 1}}], "attributes": {"system": {"duration": 0, "cwd": "/opt/stream", "shell": {"options": {"rlimit": {"cpu": -1, "fsize": -1, "data": -1, "stack": 8388608, "core": -1, "nofile": 1048576, "as": -1, "rss": -1, "nproc": -1}, "gpu-affinity": "per-task", "cpu-affinity": "per-task"}}}, "user": {"study_id": "stream-1-iter-8"}}, "version": 1}
START OF EVENTLOG
{"timestamp":1725094119.1082654,"name":"init"}
{"timestamp":1725094119.1090555,"name":"starting"}
{"timestamp":1725094119.1289682,"name":"shell.init","context":{"service":"0-shell-fLfvQJUP","leader-rank":0,"size":16}}
{"timestamp":1725094119.1507831,"name":"shell.start","context":{"taskmap":{"version":1,"map":[[0,16,8,1]]}}}
{"timestamp":1725094120.0742102,"name":"shell.task-exit","context":{"localid":0,"rank":104,"state":"Exited","pid":243,"wait_status":0,"signaled":0,"exitcode":0}}
{"timestamp":1725094120.5015628,"name":"complete","context":{"status":0}}
{"timestamp":1725094120.5015986,"name":"done"}

