Running with these driver parameters:
  Problem ID    = 2

=============================================
Hypre init times:
=============================================
Hypre init:
  wall clock time = 0.000044 seconds
  Laplacian_7pt:
    (Nx, Ny, Nz) = (1024, 1024, 512)
    (Px, Py, Pz) = (4, 4, 4)

=============================================
Generate Matrix:
=============================================
Spatial Operator:
  wall clock time = 3.195572 seconds
  RHS vector has unit components
  Initial guess is 0
=============================================
IJ Vector Setup:
=============================================
RHS and Initial Guess:
  wall clock time = 0.269910 seconds
=============================================
Problem 2: AMG Setup Time:
=============================================
PCG Setup:
  wall clock time = 10.552915 seconds

FOM_Setup: nnz_AP / Setup Phase Time: 5.670793e+08

=============================================
Problem 2: AMG-PCG Solve Time:
=============================================
PCG Solve:
  wall clock time = 16.761698 seconds

Iterations = 44
Final Relative Residual Norm = 9.914996e-09


FOM_Solve: nnz_AP * iterations / Solve Phase Time: 3.570247e+08



Figure of Merit (FOM): nnz_AP / (Setup Phase Time + 3 * Solve Phase Time) 9.836515e+07

START OF JOBSPEC
{"resources": [{"type": "node", "count": 8, "with": [{"type": "slot", "count": 8, "with": [{"type": "core", "count": 1}, {"type": "gpu", "count": 1}], "label": "task"}]}], "tasks": [{"command": ["singularity", "exec", "--nv", "/opt/containers/metric-amg2023_skylake-manual.sif", "amg", "-n", "256", "256", "128", "-P", "4", "4", "4", "-problem", "2"], "slot": "task", "count": {"per_slot": 1}}], "attributes": {"system": {"duration": 0, "cwd": "/home/sochat1_llnl_gov", "shell": {"options": {"rlimit": {"cpu": -1, "fsize": -1, "data": -1, "stack": 8388608, "core": 0, "nofile": 1048576, "as": -1, "rss": -1, "nproc": -1}, "pmi": "pmix", "gpu-affinity": "per-task", "cpu-affinity": "per-task"}}}, "user": {"study_id": "amg2023-large-8-iter-2"}}, "version": 1}
START OF EVENTLOG
{"timestamp":1726180859.4901145,"name":"init"}
{"timestamp":1726180859.4910641,"name":"starting"}
{"timestamp":1726180859.7160594,"name":"shell.init","context":{"service":"501043911-shell-f2UztvhmH","leader-rank":0,"size":8}}
{"timestamp":1726180859.7431962,"name":"shell.start","context":{"taskmap":{"version":1,"map":[[0,8,8,1]]}}}
{"timestamp":1726180895.9311614,"name":"shell.task-exit","context":{"localid":5,"rank":53,"state":"Exited","pid":1881,"wait_status":0,"signaled":0,"exitcode":0}}
{"timestamp":1726180896.2627959,"name":"complete","context":{"status":0}}
{"timestamp":1726180896.2628264,"name":"done"}

