Warning: OMB could not identify the local rank of the process.
         This can lead to multiple processes using the same GPU.
         Please use the get_local_rank script in the OMB repo for this.
Warning: OMB could not identify the local rank of the process.
         This can lead to multiple processes using the same GPU.
         Please use the get_local_rank script in the OMB repo for this.
# OSU MPI-CUDA Bandwidth Test v5.8
# Send Buffer on HOST (H) and Receive Buffer on HOST (H)
# Size      Bandwidth (MB/s)
1                       0.20
2                       0.29
4                       0.75
8                       1.36
16                      2.76
32                      6.70
64                     18.18
128                    35.57
256                    71.67
512                   133.68
1024                  245.34
2048                  450.73
4096                  705.89
8192                 1078.33
16384                1439.25
32768                1774.69
65536                1797.09
131072               2096.24
262144               2190.32
524288               1979.78
1048576              1702.26
2097152              1700.09
4194304              1718.50
START OF JOBSPEC
{"resources": [{"type": "node", "count": 2, "with": [{"type": "slot", "count": 1, "with": [{"type": "core", "count": 1}, {"type": "gpu", "count": 1}], "label": "task"}]}], "tasks": [{"command": ["singularity", "exec", "--nv", "/opt/containers/metric-osu-gpu_google-gpu.sif", "/opt/osu-benchmark/build.openmpi/mpi/pt2pt/osu_bw", "-d", "cuda", "H", "H"], "slot": "task", "count": {"per_slot": 1}}], "attributes": {"system": {"duration": 0, "cwd": "/opt/containers", "shell": {"options": {"rlimit": {"cpu": -1, "fsize": -1, "data": -1, "stack": 8388608, "core": 0, "nofile": 1048576, "as": -1, "rss": -1, "nproc": -1}, "cpu-affinity": "per-task", "gpu-affinity": "per-task"}}, "constraints": {"hostlist": ["flux-008,flux-014"]}}, "user": {"study_id": "osu-2-iter-27"}}, "version": 1}
START OF EVENTLOG
{"timestamp":1742926229.205286,"name":"init"}
{"timestamp":1742926229.2067926,"name":"starting"}
{"timestamp":1742926229.2308388,"name":"shell.init","context":{"service":"501043911-shell-f7vxJbHWo","leader-rank":7,"size":2}}
{"timestamp":1742926229.2361166,"name":"shell.start","context":{"taskmap":{"version":1,"map":[[0,2,1,1]]}}}
{"timestamp":1742926238.4728363,"name":"shell.task-exit","context":{"localid":0,"rank":0,"state":"Exited","pid":2623,"wait_status":0,"signaled":0,"exitcode":0}}
{"timestamp":1742926238.4774468,"name":"complete","context":{"status":0}}
{"timestamp":1742926238.4774806,"name":"done"}

