-------------------------------------------------------------
STREAM version $Revision: 5.10 $
-------------------------------------------------------------
This system uses 8 bytes per array element.
-------------------------------------------------------------
Array size = 10000000 (elements), Offset = 0 (elements)
Memory per array = 76.3 MiB (= 0.1 GiB).
Total memory required = 228.9 MiB (= 0.2 GiB).
Each kernel will be executed 10 times.
 The *best* time for each kernel (excluding the first iteration)
 will be used to compute the reported bandwidth.
-------------------------------------------------------------
Your clock granularity/precision appears to be 1 microseconds.
Each test below will take on the order of 25171 microseconds.
   (= 25171 clock ticks)
Increase the size of the arrays if this shows that
you are not getting at least 20 clock ticks per test.
-------------------------------------------------------------
WARNING -- The above is only a rough guideline.
For best results, please be sure you know the
precision of your system timer.
-------------------------------------------------------------
Function    Best Rate MB/s  Avg time     Min time     Max time
Copy:           10813.0     0.019547     0.014797     0.036316
Scale:          10507.8     0.019670     0.015227     0.036337
Add:            12083.4     0.026400     0.019862     0.053334
Triad:          12282.5     0.027615     0.019540     0.053877
-------------------------------------------------------------
Solution Validates: avg error less than 1.000000e-13 on all three arrays
-------------------------------------------------------------
-------------------------------------------------------------
STREAM version $Revision: 5.10 $
-------------------------------------------------------------
This system uses 8 bytes per array element.
-------------------------------------------------------------
Array size = 10000000 (elements), Offset = 0 (elements)
Memory per array = 76.3 MiB (= 0.1 GiB).
Total memory required = 228.9 MiB (= 0.2 GiB).
Each kernel will be executed 10 times.
 The *best* time for each kernel (excluding the first iteration)
 will be used to compute the reported bandwidth.
-------------------------------------------------------------
Your clock granularity/precision appears to be 1 microseconds.
Each test below will take on the order of 23880 microseconds.
   (= 23880 clock ticks)
Increase the size of the arrays if this shows that
you are not getting at least 20 clock ticks per test.
-------------------------------------------------------------
WARNING -- The above is only a rough guideline.
For best results, please be sure you know the
precision of your system timer.
-------------------------------------------------------------
Function    Best Rate MB/s  Avg time     Min time     Max time
Copy:           10922.1     0.020569     0.014649     0.037553
Scale:          10273.5     0.019824     0.015574     0.035992
Add:            11903.0     0.033258     0.020163     0.054401
Triad:          11864.8     0.032440     0.020228     0.054047
-------------------------------------------------------------
Solution Validates: avg error less than 1.000000e-13 on all three arrays
-------------------------------------------------------------
-------------------------------------------------------------
STREAM version $Revision: 5.10 $
-------------------------------------------------------------
This system uses 8 bytes per array element.
-------------------------------------------------------------
Array size = 10000000 (elements), Offset = 0 (elements)
Memory per array = 76.3 MiB (= 0.1 GiB).
Total memory required = 228.9 MiB (= 0.2 GiB).
Each kernel will be executed 10 times.
 The *best* time for each kernel (excluding the first iteration)
 will be used to compute the reported bandwidth.
-------------------------------------------------------------
Your clock granularity/precision appears to be 1 microseconds.
Each test below will take on the order of 24463 microseconds.
   (= 24463 clock ticks)
Increase the size of the arrays if this shows that
you are not getting at least 20 clock ticks per test.
-------------------------------------------------------------
WARNING -- The above is only a rough guideline.
For best results, please be sure you know the
precision of your system timer.
-------------------------------------------------------------
Function    Best Rate MB/s  Avg time     Min time     Max time
Copy:           10734.7     0.027081     0.014905     0.036424
Scale:          10340.7     0.024025     0.015473     0.036840
Add:            11925.9     0.035496     0.020124     0.053679
Triad:          11864.8     0.035589     0.020228     0.053340
-------------------------------------------------------------
Solution Validates: avg error less than 1.000000e-13 on all three arrays
-------------------------------------------------------------
-------------------------------------------------------------
STREAM version $Revision: 5.10 $
-------------------------------------------------------------
This system uses 8 bytes per array element.
-------------------------------------------------------------
Array size = 10000000 (elements), Offset = 0 (elements)
Memory per array = 76.3 MiB (= 0.1 GiB).
Total memory required = 228.9 MiB (= 0.2 GiB).
Each kernel will be executed 10 times.
 The *best* time for each kernel (excluding the first iteration)
 will be used to compute the reported bandwidth.
-------------------------------------------------------------
Your clock granularity/precision appears to be 1 microseconds.
Each test below will take on the order of 25572 microseconds.
   (= 25572 clock ticks)
Increase the size of the arrays if this shows that
you are not getting at least 20 clock ticks per test.
-------------------------------------------------------------
WARNING -- The above is only a rough guideline.
For best results, please be sure you know the
precision of your system timer.
-------------------------------------------------------------
Function    Best Rate MB/s  Avg time     Min time     Max time
Copy:            8364.7     0.030216     0.019128     0.036470
Scale:           8470.1     0.029572     0.018890     0.035875
Add:             8619.2     0.044904     0.027845     0.054459
Triad:           8966.3     0.043571     0.026767     0.053858
-------------------------------------------------------------
Solution Validates: avg error less than 1.000000e-13 on all three arrays
-------------------------------------------------------------
-------------------------------------------------------------
STREAM version $Revision: 5.10 $
-------------------------------------------------------------
This system uses 8 bytes per array element.
-------------------------------------------------------------
Array size = 10000000 (elements), Offset = 0 (elements)
Memory per array = 76.3 MiB (= 0.1 GiB).
Total memory required = 228.9 MiB (= 0.2 GiB).
Each kernel will be executed 10 times.
 The *best* time for each kernel (excluding the first iteration)
 will be used to compute the reported bandwidth.
-------------------------------------------------------------
Your clock granularity/precision appears to be 1 microseconds.
Each test below will take on the order of 25274 microseconds.
   (= 25274 clock ticks)
Increase the size of the arrays if this shows that
you are not getting at least 20 clock ticks per test.
-------------------------------------------------------------
WARNING -- The above is only a rough guideline.
For best results, please be sure you know the
precision of your system timer.
-------------------------------------------------------------
Function    Best Rate MB/s  Avg time     Min time     Max time
Copy:            9444.0     0.029452     0.016942     0.036155
Scale:           8251.7     0.030821     0.019390     0.036210
Add:             9261.3     0.041691     0.025914     0.053459
Triad:          11534.6     0.040288     0.020807     0.053312
-------------------------------------------------------------
Solution Validates: avg error less than 1.000000e-13 on all three arrays
-------------------------------------------------------------
-------------------------------------------------------------
STREAM version $Revision: 5.10 $
-------------------------------------------------------------
This system uses 8 bytes per array element.
-------------------------------------------------------------
Array size = 10000000 (elements), Offset = 0 (elements)
Memory per array = 76.3 MiB (= 0.1 GiB).
Total memory required = 228.9 MiB (= 0.2 GiB).
Each kernel will be executed 10 times.
 The *best* time for each kernel (excluding the first iteration)
 will be used to compute the reported bandwidth.
-------------------------------------------------------------
Your clock granularity/precision appears to be 1 microseconds.
Each test below will take on the order of 23444 microseconds.
   (= 23444 clock ticks)
Increase the size of the arrays if this shows that
you are not getting at least 20 clock ticks per test.
-------------------------------------------------------------
WARNING -- The above is only a rough guideline.
For best results, please be sure you know the
precision of your system timer.
-------------------------------------------------------------
Function    Best Rate MB/s  Avg time     Min time     Max time
Copy:           10851.1     0.029269     0.014745     0.036591
Scale:          10208.7     0.030511     0.015673     0.038165
Add:            10511.6     0.041485     0.022832     0.052617
Triad:          11828.5     0.036230     0.020290     0.052265
-------------------------------------------------------------
Solution Validates: avg error less than 1.000000e-13 on all three arrays
-------------------------------------------------------------
-------------------------------------------------------------
STREAM version $Revision: 5.10 $
-------------------------------------------------------------
This system uses 8 bytes per array element.
-------------------------------------------------------------
Array size = 10000000 (elements), Offset = 0 (elements)
Memory per array = 76.3 MiB (= 0.1 GiB).
Total memory required = 228.9 MiB (= 0.2 GiB).
Each kernel will be executed 10 times.
 The *best* time for each kernel (excluding the first iteration)
 will be used to compute the reported bandwidth.
-------------------------------------------------------------
Your clock granularity/precision appears to be 1 microseconds.
Each test below will take on the order of 23624 microseconds.
   (= 23624 clock ticks)
Increase the size of the arrays if this shows that
you are not getting at least 20 clock ticks per test.
-------------------------------------------------------------
WARNING -- The above is only a rough guideline.
For best results, please be sure you know the
precision of your system timer.
-------------------------------------------------------------
Function    Best Rate MB/s  Avg time     Min time     Max time
Copy:            8537.4     0.032463     0.018741     0.036868
Scale:           8331.2     0.032576     0.019205     0.037724
Add:             8926.6     0.044276     0.026886     0.052648
Triad:           9788.0     0.042950     0.024520     0.052466
-------------------------------------------------------------
Solution Validates: avg error less than 1.000000e-13 on all three arrays
-------------------------------------------------------------
-------------------------------------------------------------
STREAM version $Revision: 5.10 $
-------------------------------------------------------------
This system uses 8 bytes per array element.
-------------------------------------------------------------
Array size = 10000000 (elements), Offset = 0 (elements)
Memory per array = 76.3 MiB (= 0.1 GiB).
Total memory required = 228.9 MiB (= 0.2 GiB).
Each kernel will be executed 10 times.
 The *best* time for each kernel (excluding the first iteration)
 will be used to compute the reported bandwidth.
-------------------------------------------------------------
Your clock granularity/precision appears to be 1 microseconds.
Each test below will take on the order of 23730 microseconds.
   (= 23730 clock ticks)
Increase the size of the arrays if this shows that
you are not getting at least 20 clock ticks per test.
-------------------------------------------------------------
WARNING -- The above is only a rough guideline.
For best results, please be sure you know the
precision of your system timer.
-------------------------------------------------------------
Function    Best Rate MB/s  Avg time     Min time     Max time
Copy:            8430.0     0.032913     0.018980     0.037812
Scale:           8434.9     0.031694     0.018969     0.036441
Add:             9148.7     0.044150     0.026233     0.052441
Triad:           9517.4     0.043412     0.025217     0.052758
-------------------------------------------------------------
Solution Validates: avg error less than 1.000000e-13 on all three arrays
-------------------------------------------------------------
-------------------------------------------------------------
STREAM version $Revision: 5.10 $
-------------------------------------------------------------
This system uses 8 bytes per array element.
-------------------------------------------------------------
Array size = 10000000 (elements), Offset = 0 (elements)
Memory per array = 76.3 MiB (= 0.1 GiB).
Total memory required = 228.9 MiB (= 0.2 GiB).
Each kernel will be executed 10 times.
 The *best* time for each kernel (excluding the first iteration)
 will be used to compute the reported bandwidth.
-------------------------------------------------------------
Your clock granularity/precision appears to be 1 microseconds.
Each test below will take on the order of 28914 microseconds.
   (= 28914 clock ticks)
Increase the size of the arrays if this shows that
you are not getting at least 20 clock ticks per test.
-------------------------------------------------------------
WARNING -- The above is only a rough guideline.
For best results, please be sure you know the
precision of your system timer.
-------------------------------------------------------------
Function    Best Rate MB/s  Avg time     Min time     Max time
Copy:            4913.1     0.040478     0.032566     0.045670
Scale:           4805.5     0.041295     0.033295     0.046824
Add:             5367.2     0.058987     0.044716     0.067069
Triad:           5558.5     0.056546     0.043177     0.065806
-------------------------------------------------------------
Solution Validates: avg error less than 1.000000e-13 on all three arrays
-------------------------------------------------------------
-------------------------------------------------------------
STREAM version $Revision: 5.10 $
-------------------------------------------------------------
This system uses 8 bytes per array element.
-------------------------------------------------------------
Array size = 10000000 (elements), Offset = 0 (elements)
Memory per array = 76.3 MiB (= 0.1 GiB).
Total memory required = 228.9 MiB (= 0.2 GiB).
Each kernel will be executed 10 times.
 The *best* time for each kernel (excluding the first iteration)
 will be used to compute the reported bandwidth.
-------------------------------------------------------------
Your clock granularity/precision appears to be 1 microseconds.
Each test below will take on the order of 28515 microseconds.
   (= 28515 clock ticks)
Increase the size of the arrays if this shows that
you are not getting at least 20 clock ticks per test.
-------------------------------------------------------------
WARNING -- The above is only a rough guideline.
For best results, please be sure you know the
precision of your system timer.
-------------------------------------------------------------
Function    Best Rate MB/s  Avg time     Min time     Max time
Copy:            4786.5     0.040804     0.033427     0.045422
Scale:           4738.9     0.041295     0.033763     0.046525
Add:             5152.5     0.060001     0.046579     0.067100
Triad:           5403.7     0.056906     0.044414     0.065561
-------------------------------------------------------------
Solution Validates: avg error less than 1.000000e-13 on all three arrays
-------------------------------------------------------------
-------------------------------------------------------------
STREAM version $Revision: 5.10 $
-------------------------------------------------------------
This system uses 8 bytes per array element.
-------------------------------------------------------------
Array size = 10000000 (elements), Offset = 0 (elements)
Memory per array = 76.3 MiB (= 0.1 GiB).
Total memory required = 228.9 MiB (= 0.2 GiB).
Each kernel will be executed 10 times.
 The *best* time for each kernel (excluding the first iteration)
 will be used to compute the reported bandwidth.
-------------------------------------------------------------
Your clock granularity/precision appears to be 1 microseconds.
Each test below will take on the order of 28399 microseconds.
   (= 28399 clock ticks)
Increase the size of the arrays if this shows that
you are not getting at least 20 clock ticks per test.
-------------------------------------------------------------
WARNING -- The above is only a rough guideline.
For best results, please be sure you know the
precision of your system timer.
-------------------------------------------------------------
Function    Best Rate MB/s  Avg time     Min time     Max time
Copy:            4781.4     0.040601     0.033463     0.045194
Scale:           4764.9     0.041342     0.033579     0.046652
Add:             5013.4     0.060573     0.047872     0.066809
Triad:           5469.6     0.056860     0.043879     0.065340
-------------------------------------------------------------
Solution Validates: avg error less than 1.000000e-13 on all three arrays
-------------------------------------------------------------
-------------------------------------------------------------
STREAM version $Revision: 5.10 $
-------------------------------------------------------------
This system uses 8 bytes per array element.
-------------------------------------------------------------
Array size = 10000000 (elements), Offset = 0 (elements)
Memory per array = 76.3 MiB (= 0.1 GiB).
Total memory required = 228.9 MiB (= 0.2 GiB).
Each kernel will be executed 10 times.
 The *best* time for each kernel (excluding the first iteration)
 will be used to compute the reported bandwidth.
-------------------------------------------------------------
Your clock granularity/precision appears to be 1 microseconds.
Each test below will take on the order of 24152 microseconds.
   (= 24152 clock ticks)
Increase the size of the arrays if this shows that
you are not getting at least 20 clock ticks per test.
-------------------------------------------------------------
WARNING -- The above is only a rough guideline.
For best results, please be sure you know the
precision of your system timer.
-------------------------------------------------------------
Function    Best Rate MB/s  Avg time     Min time     Max time
Copy:            4961.3     0.040643     0.032250     0.045796
Scale:           4950.5     0.040446     0.032320     0.044876
Add:             5014.5     0.059876     0.047861     0.065618
Triad:           9188.7     0.055226     0.026119     0.068520
-------------------------------------------------------------
Solution Validates: avg error less than 1.000000e-13 on all three arrays
-------------------------------------------------------------
-------------------------------------------------------------
STREAM version $Revision: 5.10 $
-------------------------------------------------------------
This system uses 8 bytes per array element.
-------------------------------------------------------------
Array size = 10000000 (elements), Offset = 0 (elements)
Memory per array = 76.3 MiB (= 0.1 GiB).
Total memory required = 228.9 MiB (= 0.2 GiB).
Each kernel will be executed 10 times.
 The *best* time for each kernel (excluding the first iteration)
 will be used to compute the reported bandwidth.
-------------------------------------------------------------
Your clock granularity/precision appears to be 1 microseconds.
Each test below will take on the order of 27569 microseconds.
   (= 27569 clock ticks)
Increase the size of the arrays if this shows that
you are not getting at least 20 clock ticks per test.
-------------------------------------------------------------
WARNING -- The above is only a rough guideline.
For best results, please be sure you know the
precision of your system timer.
-------------------------------------------------------------
Function    Best Rate MB/s  Avg time     Min time     Max time
Copy:            4804.5     0.041902     0.033302     0.046920
Scale:           4710.9     0.042068     0.033964     0.047752
Add:             5381.3     0.056626     0.044599     0.065689
Triad:           5505.7     0.055806     0.043591     0.066102
-------------------------------------------------------------
Solution Validates: avg error less than 1.000000e-13 on all three arrays
-------------------------------------------------------------
-------------------------------------------------------------
STREAM version $Revision: 5.10 $
-------------------------------------------------------------
This system uses 8 bytes per array element.
-------------------------------------------------------------
Array size = 10000000 (elements), Offset = 0 (elements)
Memory per array = 76.3 MiB (= 0.1 GiB).
Total memory required = 228.9 MiB (= 0.2 GiB).
Each kernel will be executed 10 times.
 The *best* time for each kernel (excluding the first iteration)
 will be used to compute the reported bandwidth.
-------------------------------------------------------------
Your clock granularity/precision appears to be 1 microseconds.
Each test below will take on the order of 27230 microseconds.
   (= 27230 clock ticks)
Increase the size of the arrays if this shows that
you are not getting at least 20 clock ticks per test.
-------------------------------------------------------------
WARNING -- The above is only a rough guideline.
For best results, please be sure you know the
precision of your system timer.
-------------------------------------------------------------
Function    Best Rate MB/s  Avg time     Min time     Max time
Copy:            4756.7     0.041303     0.033637     0.046196
Scale:           4733.3     0.042254     0.033803     0.047903
Add:             5169.0     0.057753     0.046431     0.066554
Triad:           5244.9     0.056566     0.045759     0.065792
-------------------------------------------------------------
Solution Validates: avg error less than 1.000000e-13 on all three arrays
-------------------------------------------------------------
-------------------------------------------------------------
STREAM version $Revision: 5.10 $
-------------------------------------------------------------
This system uses 8 bytes per array element.
-------------------------------------------------------------
Array size = 10000000 (elements), Offset = 0 (elements)
Memory per array = 76.3 MiB (= 0.1 GiB).
Total memory required = 228.9 MiB (= 0.2 GiB).
Each kernel will be executed 10 times.
 The *best* time for each kernel (excluding the first iteration)
 will be used to compute the reported bandwidth.
-------------------------------------------------------------
Your clock granularity/precision appears to be 1 microseconds.
Each test below will take on the order of 28177 microseconds.
   (= 28177 clock ticks)
Increase the size of the arrays if this shows that
you are not getting at least 20 clock ticks per test.
-------------------------------------------------------------
WARNING -- The above is only a rough guideline.
For best results, please be sure you know the
precision of your system timer.
-------------------------------------------------------------
Function    Best Rate MB/s  Avg time     Min time     Max time
Copy:            4885.2     0.041997     0.032752     0.047681
Scale:           4735.1     0.041556     0.033790     0.047257
Add:             5208.8     0.057657     0.046076     0.065509
Triad:           5782.5     0.055471     0.041505     0.066457
-------------------------------------------------------------
Solution Validates: avg error less than 1.000000e-13 on all three arrays
-------------------------------------------------------------
-------------------------------------------------------------
STREAM version $Revision: 5.10 $
-------------------------------------------------------------
This system uses 8 bytes per array element.
-------------------------------------------------------------
Array size = 10000000 (elements), Offset = 0 (elements)
Memory per array = 76.3 MiB (= 0.1 GiB).
Total memory required = 228.9 MiB (= 0.2 GiB).
Each kernel will be executed 10 times.
 The *best* time for each kernel (excluding the first iteration)
 will be used to compute the reported bandwidth.
-------------------------------------------------------------
Your clock granularity/precision appears to be 1 microseconds.
Each test below will take on the order of 28249 microseconds.
   (= 28249 clock ticks)
Increase the size of the arrays if this shows that
you are not getting at least 20 clock ticks per test.
-------------------------------------------------------------
WARNING -- The above is only a rough guideline.
For best results, please be sure you know the
precision of your system timer.
-------------------------------------------------------------
Function    Best Rate MB/s  Avg time     Min time     Max time
Copy:            4810.2     0.042092     0.033263     0.047965
Scale:           4714.8     0.041488     0.033936     0.046850
Add:             5337.7     0.056624     0.044963     0.065441
Triad:           5531.0     0.056740     0.043392     0.066534
-------------------------------------------------------------
Solution Validates: avg error less than 1.000000e-13 on all three arrays
-------------------------------------------------------------
-------------------------------------------------------------
STREAM version $Revision: 5.10 $
-------------------------------------------------------------
This system uses 8 bytes per array element.
-------------------------------------------------------------
Array size = 10000000 (elements), Offset = 0 (elements)
Memory per array = 76.3 MiB (= 0.1 GiB).
Total memory required = 228.9 MiB (= 0.2 GiB).
Each kernel will be executed 10 times.
 The *best* time for each kernel (excluding the first iteration)
 will be used to compute the reported bandwidth.
-------------------------------------------------------------
Your clock granularity/precision appears to be 1 microseconds.
Each test below will take on the order of 23935 microseconds.
   (= 23935 clock ticks)
Increase the size of the arrays if this shows that
you are not getting at least 20 clock ticks per test.
-------------------------------------------------------------
WARNING -- The above is only a rough guideline.
For best results, please be sure you know the
precision of your system timer.
-------------------------------------------------------------
Function    Best Rate MB/s  Avg time     Min time     Max time
Copy:            4741.0     0.040776     0.033748     0.044449
Scale:           4739.4     0.041646     0.033760     0.046571
Add:             5255.1     0.061321     0.045670     0.067584
Triad:           5366.4     0.056961     0.044723     0.065396
-------------------------------------------------------------
Solution Validates: avg error less than 1.000000e-13 on all three arrays
-------------------------------------------------------------
-------------------------------------------------------------
STREAM version $Revision: 5.10 $
-------------------------------------------------------------
This system uses 8 bytes per array element.
-------------------------------------------------------------
Array size = 10000000 (elements), Offset = 0 (elements)
Memory per array = 76.3 MiB (= 0.1 GiB).
Total memory required = 228.9 MiB (= 0.2 GiB).
Each kernel will be executed 10 times.
 The *best* time for each kernel (excluding the first iteration)
 will be used to compute the reported bandwidth.
-------------------------------------------------------------
Your clock granularity/precision appears to be 1 microseconds.
Each test below will take on the order of 32335 microseconds.
   (= 32335 clock ticks)
Increase the size of the arrays if this shows that
you are not getting at least 20 clock ticks per test.
-------------------------------------------------------------
WARNING -- The above is only a rough guideline.
For best results, please be sure you know the
precision of your system timer.
-------------------------------------------------------------
Function    Best Rate MB/s  Avg time     Min time     Max time
Copy:            4136.3     0.043266     0.038682     0.046623
Scale:           4031.0     0.044139     0.039692     0.047154
Add:             4489.4     0.061533     0.053459     0.065921
Triad:           5464.9     0.058670     0.043917     0.064981
-------------------------------------------------------------
Solution Validates: avg error less than 1.000000e-13 on all three arrays
-------------------------------------------------------------
-------------------------------------------------------------
STREAM version $Revision: 5.10 $
-------------------------------------------------------------
This system uses 8 bytes per array element.
-------------------------------------------------------------
Array size = 10000000 (elements), Offset = 0 (elements)
Memory per array = 76.3 MiB (= 0.1 GiB).
Total memory required = 228.9 MiB (= 0.2 GiB).
Each kernel will be executed 10 times.
 The *best* time for each kernel (excluding the first iteration)
 will be used to compute the reported bandwidth.
-------------------------------------------------------------
Your clock granularity/precision appears to be 1 microseconds.
Each test below will take on the order of 32283 microseconds.
   (= 32283 clock ticks)
Increase the size of the arrays if this shows that
you are not getting at least 20 clock ticks per test.
-------------------------------------------------------------
WARNING -- The above is only a rough guideline.
For best results, please be sure you know the
precision of your system timer.
-------------------------------------------------------------
Function    Best Rate MB/s  Avg time     Min time     Max time
Copy:            4110.9     0.043492     0.038921     0.046761
Scale:           4057.0     0.044028     0.039438     0.047003
Add:             4519.4     0.061411     0.053104     0.065754
-------------------------------------------------------------
Triad:           5326.8     0.058827     0.045055     0.065108
STREAM version $Revision: 5.10 $
-------------------------------------------------------------
-------------------------------------------------------------
Solution Validates: avg error less than 1.000000e-13 on all three arrays
This system uses 8 bytes per array element.
-------------------------------------------------------------
-------------------------------------------------------------
Array size = 10000000 (elements), Offset = 0 (elements)
Memory per array = 76.3 MiB (= 0.1 GiB).
Total memory required = 228.9 MiB (= 0.2 GiB).
Each kernel will be executed 10 times.
 The *best* time for each kernel (excluding the first iteration)
 will be used to compute the reported bandwidth.
-------------------------------------------------------------
Your clock granularity/precision appears to be 1 microseconds.
Each test below will take on the order of 32351 microseconds.
   (= 32351 clock ticks)
Increase the size of the arrays if this shows that
you are not getting at least 20 clock ticks per test.
-------------------------------------------------------------
WARNING -- The above is only a rough guideline.
For best results, please be sure you know the
precision of your system timer.
-------------------------------------------------------------
Function    Best Rate MB/s  Avg time     Min time     Max time
Copy:            4084.1     0.043608     0.039176     0.047077
Scale:           4066.1     0.044193     0.039350     0.047350
Add:             4561.3     0.061422     0.052617     0.065803
Triad:           5522.8     0.058910     0.043456     0.065465
-------------------------------------------------------------
Solution Validates: avg error less than 1.000000e-13 on all three arrays
-------------------------------------------------------------
-------------------------------------------------------------
STREAM version $Revision: 5.10 $
-------------------------------------------------------------
This system uses 8 bytes per array element.
-------------------------------------------------------------
Array size = 10000000 (elements), Offset = 0 (elements)
Memory per array = 76.3 MiB (= 0.1 GiB).
Total memory required = 228.9 MiB (= 0.2 GiB).
Each kernel will be executed 10 times.
 The *best* time for each kernel (excluding the first iteration)
 will be used to compute the reported bandwidth.
-------------------------------------------------------------
Your clock granularity/precision appears to be 1 microseconds.
Each test below will take on the order of 31791 microseconds.
   (= 31791 clock ticks)
Increase the size of the arrays if this shows that
you are not getting at least 20 clock ticks per test.
-------------------------------------------------------------
WARNING -- The above is only a rough guideline.
For best results, please be sure you know the
precision of your system timer.
-------------------------------------------------------------
Function    Best Rate MB/s  Avg time     Min time     Max time
Copy:            4121.4     0.043255     0.038822     0.046560
Scale:           4061.3     0.044141     0.039396     0.047228
Add:             4476.3     0.061830     0.053616     0.066105
Triad:           5105.9     0.059221     0.047004     0.065145
-------------------------------------------------------------
Solution Validates: avg error less than 1.000000e-13 on all three arrays
-------------------------------------------------------------
-------------------------------------------------------------
STREAM version $Revision: 5.10 $
-------------------------------------------------------------
This system uses 8 bytes per array element.
-------------------------------------------------------------
Array size = 10000000 (elements), Offset = 0 (elements)
Memory per array = 76.3 MiB (= 0.1 GiB).
Total memory required = 228.9 MiB (= 0.2 GiB).
Each kernel will be executed 10 times.
 The *best* time for each kernel (excluding the first iteration)
 will be used to compute the reported bandwidth.
-------------------------------------------------------------
Your clock granularity/precision appears to be 1 microseconds.
Each test below will take on the order of 31995 microseconds.
   (= 31995 clock ticks)
Increase the size of the arrays if this shows that
you are not getting at least 20 clock ticks per test.
-------------------------------------------------------------
WARNING -- The above is only a rough guideline.
For best results, please be sure you know the
precision of your system timer.
-------------------------------------------------------------
Function    Best Rate MB/s  Avg time     Min time     Max time
Copy:            4049.5     0.043786     0.039511     0.047351
Scale:           4067.2     0.044223     0.039339     0.047384
Add:             4586.4     0.061553     0.052328     0.066309
Triad:           5539.9     0.058968     0.043322     0.065529
-------------------------------------------------------------
Solution Validates: avg error less than 1.000000e-13 on all three arrays
-------------------------------------------------------------
-------------------------------------------------------------
STREAM version $Revision: 5.10 $
-------------------------------------------------------------
This system uses 8 bytes per array element.
-------------------------------------------------------------
Array size = 10000000 (elements), Offset = 0 (elements)
Memory per array = 76.3 MiB (= 0.1 GiB).
Total memory required = 228.9 MiB (= 0.2 GiB).
Each kernel will be executed 10 times.
 The *best* time for each kernel (excluding the first iteration)
 will be used to compute the reported bandwidth.
-------------------------------------------------------------
Your clock granularity/precision appears to be 1 microseconds.
Each test below will take on the order of 31831 microseconds.
   (= 31831 clock ticks)
Increase the size of the arrays if this shows that
you are not getting at least 20 clock ticks per test.
-------------------------------------------------------------
WARNING -- The above is only a rough guideline.
For best results, please be sure you know the
precision of your system timer.
-------------------------------------------------------------
Function    Best Rate MB/s  Avg time     Min time     Max time
Copy:            4093.3     0.043448     0.039088     0.046918
Scale:           4064.9     0.044067     0.039361     0.047166
Add:             4465.0     0.061748     0.053751     0.066044
Triad:           5220.3     0.059120     0.045974     0.065233
-------------------------------------------------------------
Solution Validates: avg error less than 1.000000e-13 on all three arrays
-------------------------------------------------------------
-------------------------------------------------------------
STREAM version $Revision: 5.10 $
-------------------------------------------------------------
This system uses 8 bytes per array element.
-------------------------------------------------------------
Array size = 10000000 (elements), Offset = 0 (elements)
Memory per array = 76.3 MiB (= 0.1 GiB).
Total memory required = 228.9 MiB (= 0.2 GiB).
Each kernel will be executed 10 times.
 The *best* time for each kernel (excluding the first iteration)
 will be used to compute the reported bandwidth.
-------------------------------------------------------------
Your clock granularity/precision appears to be 1 microseconds.
Each test below will take on the order of 31943 microseconds.
   (= 31943 clock ticks)
Increase the size of the arrays if this shows that
you are not getting at least 20 clock ticks per test.
-------------------------------------------------------------
WARNING -- The above is only a rough guideline.
For best results, please be sure you know the
precision of your system timer.
-------------------------------------------------------------
Function    Best Rate MB/s  Avg time     Min time     Max time
Copy:            4087.9     0.043653     0.039140     0.047140
Scale:           4076.9     0.044064     0.039245     0.047338
Add:             4367.0     0.061657     0.054958     0.065749
Triad:           5276.6     0.059079     0.045484     0.065458
-------------------------------------------------------------
Solution Validates: avg error less than 1.000000e-13 on all three arrays
-------------------------------------------------------------
-------------------------------------------------------------
STREAM version $Revision: 5.10 $
-------------------------------------------------------------
This system uses 8 bytes per array element.
-------------------------------------------------------------
Array size = 10000000 (elements), Offset = 0 (elements)
Memory per array = 76.3 MiB (= 0.1 GiB).
Total memory required = 228.9 MiB (= 0.2 GiB).
Each kernel will be executed 10 times.
 The *best* time for each kernel (excluding the first iteration)
 will be used to compute the reported bandwidth.
-------------------------------------------------------------
Your clock granularity/precision appears to be 1 microseconds.
Each test below will take on the order of 32566 microseconds.
   (= 32566 clock ticks)
Increase the size of the arrays if this shows that
you are not getting at least 20 clock ticks per test.
-------------------------------------------------------------
WARNING -- The above is only a rough guideline.
For best results, please be sure you know the
precision of your system timer.
-------------------------------------------------------------
Function    Best Rate MB/s  Avg time     Min time     Max time
Copy:            4042.8     0.043951     0.039577     0.047178
Scale:           4117.9     0.043972     0.038855     0.047180
Add:             4557.9     0.061749     0.052656     0.066483
Triad:           5538.4     0.059291     0.043334     0.066022
-------------------------------------------------------------
Solution Validates: avg error less than 1.000000e-13 on all three arrays
-------------------------------------------------------------
-------------------------------------------------------------
STREAM version $Revision: 5.10 $
-------------------------------------------------------------
This system uses 8 bytes per array element.
-------------------------------------------------------------
Array size = 10000000 (elements), Offset = 0 (elements)
Memory per array = 76.3 MiB (= 0.1 GiB).
Total memory required = 228.9 MiB (= 0.2 GiB).
Each kernel will be executed 10 times.
 The *best* time for each kernel (excluding the first iteration)
 will be used to compute the reported bandwidth.
-------------------------------------------------------------
Your clock granularity/precision appears to be 1 microseconds.
Each test below will take on the order of 25939 microseconds.
   (= 25939 clock ticks)
Increase the size of the arrays if this shows that
you are not getting at least 20 clock ticks per test.
-------------------------------------------------------------
WARNING -- The above is only a rough guideline.
For best results, please be sure you know the
precision of your system timer.
-------------------------------------------------------------
Function    Best Rate MB/s  Avg time     Min time     Max time
Copy:            4835.4     0.041639     0.033089     0.046835
Scale:           4864.3     0.041715     0.032893     0.045361
Add:             5537.6     0.057533     0.043340     0.065715
Triad:           5385.4     0.057409     0.044565     0.066018
-------------------------------------------------------------
Solution Validates: avg error less than 1.000000e-13 on all three arrays
-------------------------------------------------------------
-------------------------------------------------------------
STREAM version $Revision: 5.10 $
-------------------------------------------------------------
This system uses 8 bytes per array element.
-------------------------------------------------------------
Array size = 10000000 (elements), Offset = 0 (elements)
Memory per array = 76.3 MiB (= 0.1 GiB).
Total memory required = 228.9 MiB (= 0.2 GiB).
Each kernel will be executed 10 times.
 The *best* time for each kernel (excluding the first iteration)
 will be used to compute the reported bandwidth.
-------------------------------------------------------------
Your clock granularity/precision appears to be 1 microseconds.
Each test below will take on the order of 26289 microseconds.
   (= 26289 clock ticks)
Increase the size of the arrays if this shows that
you are not getting at least 20 clock ticks per test.
-------------------------------------------------------------
WARNING -- The above is only a rough guideline.
For best results, please be sure you know the
precision of your system timer.
-------------------------------------------------------------
Function    Best Rate MB/s  Avg time     Min time     Max time
Copy:            4760.9     0.041265     0.033607     0.045874
Scale:           4737.7     0.041892     0.033772     0.046634
Add:             4785.7     0.060950     0.050149     0.066240
Triad:           5039.2     0.057376     0.047627     0.063900
-------------------------------------------------------------
Solution Validates: avg error less than 1.000000e-13 on all three arrays
-------------------------------------------------------------
-------------------------------------------------------------
STREAM version $Revision: 5.10 $
-------------------------------------------------------------
This system uses 8 bytes per array element.
-------------------------------------------------------------
Array size = 10000000 (elements), Offset = 0 (elements)
Memory per array = 76.3 MiB (= 0.1 GiB).
Total memory required = 228.9 MiB (= 0.2 GiB).
Each kernel will be executed 10 times.
 The *best* time for each kernel (excluding the first iteration)
 will be used to compute the reported bandwidth.
-------------------------------------------------------------
Your clock granularity/precision appears to be 1 microseconds.
Each test below will take on the order of 26170 microseconds.
   (= 26170 clock ticks)
Increase the size of the arrays if this shows that
you are not getting at least 20 clock ticks per test.
-------------------------------------------------------------
WARNING -- The above is only a rough guideline.
For best results, please be sure you know the
precision of your system timer.
-------------------------------------------------------------
Function    Best Rate MB/s  Avg time     Min time     Max time
Copy:            4779.3     0.041937     0.033478     0.046847
Scale:           4812.2     0.041646     0.033249     0.045444
Add:             5233.5     0.057953     0.045858     0.065634
Triad:           5476.8     0.057643     0.043821     0.066528
-------------------------------------------------------------
Solution Validates: avg error less than 1.000000e-13 on all three arrays
-------------------------------------------------------------
-------------------------------------------------------------
STREAM version $Revision: 5.10 $
-------------------------------------------------------------
This system uses 8 bytes per array element.
-------------------------------------------------------------
Array size = 10000000 (elements), Offset = 0 (elements)
Memory per array = 76.3 MiB (= 0.1 GiB).
Total memory required = 228.9 MiB (= 0.2 GiB).
Each kernel will be executed 10 times.
 The *best* time for each kernel (excluding the first iteration)
 will be used to compute the reported bandwidth.
-------------------------------------------------------------
Your clock granularity/precision appears to be 1 microseconds.
Each test below will take on the order of 31154 microseconds.
   (= 31154 clock ticks)
Increase the size of the arrays if this shows that
you are not getting at least 20 clock ticks per test.
-------------------------------------------------------------
WARNING -- The above is only a rough guideline.
For best results, please be sure you know the
precision of your system timer.
-------------------------------------------------------------
Function    Best Rate MB/s  Avg time     Min time     Max time
Copy:            4179.8     0.043505     0.038279     0.046588
Scale:           4265.0     0.043685     0.037515     0.047333
Add:             5520.3     0.058732     0.043476     0.065383
Triad:           6944.6     0.057947     0.034559     0.065656
-------------------------------------------------------------
Solution Validates: avg error less than 1.000000e-13 on all three arrays
-------------------------------------------------------------
-------------------------------------------------------------
STREAM version $Revision: 5.10 $
-------------------------------------------------------------
This system uses 8 bytes per array element.
-------------------------------------------------------------
Array size = 10000000 (elements), Offset = 0 (elements)
Memory per array = 76.3 MiB (= 0.1 GiB).
Total memory required = 228.9 MiB (= 0.2 GiB).
Each kernel will be executed 10 times.
 The *best* time for each kernel (excluding the first iteration)
 will be used to compute the reported bandwidth.
-------------------------------------------------------------
Your clock granularity/precision appears to be 1 microseconds.
Each test below will take on the order of 32001 microseconds.
   (= 32001 clock ticks)
Increase the size of the arrays if this shows that
you are not getting at least 20 clock ticks per test.
-------------------------------------------------------------
WARNING -- The above is only a rough guideline.
For best results, please be sure you know the
precision of your system timer.
-------------------------------------------------------------
Function    Best Rate MB/s  Avg time     Min time     Max time
Copy:            4119.2     0.043766     0.038843     0.046708
Scale:           4309.3     0.043525     0.037129     0.047092
Add:             5785.8     0.058379     0.041481     0.065220
Triad:           7087.4     0.058000     0.033863     0.065653
-------------------------------------------------------------
Solution Validates: avg error less than 1.000000e-13 on all three arrays
-------------------------------------------------------------
-------------------------------------------------------------
STREAM version $Revision: 5.10 $
-------------------------------------------------------------
This system uses 8 bytes per array element.
-------------------------------------------------------------
Array size = 10000000 (elements), Offset = 0 (elements)
Memory per array = 76.3 MiB (= 0.1 GiB).
Total memory required = 228.9 MiB (= 0.2 GiB).
Each kernel will be executed 10 times.
 The *best* time for each kernel (excluding the first iteration)
 will be used to compute the reported bandwidth.
-------------------------------------------------------------
Your clock granularity/precision appears to be 1 microseconds.
Each test below will take on the order of 31975 microseconds.
   (= 31975 clock ticks)
Increase the size of the arrays if this shows that
you are not getting at least 20 clock ticks per test.
-------------------------------------------------------------
WARNING -- The above is only a rough guideline.
For best results, please be sure you know the
precision of your system timer.
-------------------------------------------------------------
Function    Best Rate MB/s  Avg time     Min time     Max time
Copy:            4163.0     0.043692     0.038434     0.046798
Scale:           4319.2     0.043284     0.037044     0.046906
Add:             5395.4     0.058523     0.044482     0.065215
Triad:           6797.1     0.058143     0.035309     0.065832
-------------------------------------------------------------
Solution Validates: avg error less than 1.000000e-13 on all three arrays
-------------------------------------------------------------
-------------------------------------------------------------
STREAM version $Revision: 5.10 $
-------------------------------------------------------------
This system uses 8 bytes per array element.
-------------------------------------------------------------
Array size = 10000000 (elements), Offset = 0 (elements)
Memory per array = 76.3 MiB (= 0.1 GiB).
Total memory required = 228.9 MiB (= 0.2 GiB).
Each kernel will be executed 10 times.
 The *best* time for each kernel (excluding the first iteration)
 will be used to compute the reported bandwidth.
-------------------------------------------------------------
Your clock granularity/precision appears to be 1 microseconds.
Each test below will take on the order of 31336 microseconds.
   (= 31336 clock ticks)
Increase the size of the arrays if this shows that
you are not getting at least 20 clock ticks per test.
-------------------------------------------------------------
WARNING -- The above is only a rough guideline.
For best results, please be sure you know the
precision of your system timer.
-------------------------------------------------------------
Function    Best Rate MB/s  Avg time     Min time     Max time
Copy:            4140.0     0.043861     0.038647     0.046932
Scale:           4336.3     0.042991     0.036898     0.046542
Add:             5146.0     0.058684     0.046638     0.065050
Triad:           7221.8     0.058089     0.033233     0.065975
-------------------------------------------------------------
Solution Validates: avg error less than 1.000000e-13 on all three arrays
-------------------------------------------------------------
-------------------------------------------------------------
STREAM version $Revision: 5.10 $
-------------------------------------------------------------
This system uses 8 bytes per array element.
-------------------------------------------------------------
Array size = 10000000 (elements), Offset = 0 (elements)
Memory per array = 76.3 MiB (= 0.1 GiB).
Total memory required = 228.9 MiB (= 0.2 GiB).
Each kernel will be executed 10 times.
 The *best* time for each kernel (excluding the first iteration)
 will be used to compute the reported bandwidth.
-------------------------------------------------------------
Your clock granularity/precision appears to be 1 microseconds.
Each test below will take on the order of 31491 microseconds.
   (= 31491 clock ticks)
Increase the size of the arrays if this shows that
you are not getting at least 20 clock ticks per test.
-------------------------------------------------------------
WARNING -- The above is only a rough guideline.
For best results, please be sure you know the
precision of your system timer.
-------------------------------------------------------------
Function    Best Rate MB/s  Avg time     Min time     Max time
Copy:            4175.2     0.043589     0.038322     0.046811
Scale:           4462.5     0.043342     0.035854     0.047279
Add:             5902.6     0.058500     0.040660     0.065668
Triad:           7427.4     0.058003     0.032313     0.065895
-------------------------------------------------------------
Solution Validates: avg error less than 1.000000e-13 on all three arrays
-------------------------------------------------------------
-------------------------------------------------------------
STREAM version $Revision: 5.10 $
-------------------------------------------------------------
This system uses 8 bytes per array element.
-------------------------------------------------------------
-------------------------------------------------------------
STREAM version $Revision: 5.10 $
Array size = 10000000 (elements), Offset = 0 (elements)
-------------------------------------------------------------
Memory per array = 76.3 MiB (= 0.1 GiB).
This system uses 8 bytes per array element.
Total memory required = 228.9 MiB (= 0.2 GiB).
-------------------------------------------------------------
Each kernel will be executed 10 times.
Array size = 10000000 (elements), Offset = 0 (elements)
 The *best* time for each kernel (excluding the first iteration)
Memory per array = 76.3 MiB (= 0.1 GiB).
 will be used to compute the reported bandwidth.
Total memory required = 228.9 MiB (= 0.2 GiB).
-------------------------------------------------------------
-------------------------------------------------------------
Each kernel will be executed 10 times.
Your clock granularity/precision appears to be 1 microseconds.
STREAM version $Revision: 5.10 $
 The *best* time for each kernel (excluding the first iteration)
Each test below will take on the order of 32652 microseconds.
-------------------------------------------------------------
 will be used to compute the reported bandwidth.
   (= 32652 clock ticks)
This system uses 8 bytes per array element.
-------------------------------------------------------------
Increase the size of the arrays if this shows that
-------------------------------------------------------------
Your clock granularity/precision appears to be 1 microseconds.
you are not getting at least 20 clock ticks per test.
Array size = 10000000 (elements), Offset = 0 (elements)
Each test below will take on the order of 32694 microseconds.
-------------------------------------------------------------
Memory per array = 76.3 MiB (= 0.1 GiB).
   (= 32694 clock ticks)
WARNING -- The above is only a rough guideline.
Total memory required = 228.9 MiB (= 0.2 GiB).
Increase the size of the arrays if this shows that
For best results, please be sure you know the
Each kernel will be executed 10 times.
you are not getting at least 20 clock ticks per test.
precision of your system timer.
 The *best* time for each kernel (excluding the first iteration)
-------------------------------------------------------------
-------------------------------------------------------------
 will be used to compute the reported bandwidth.
WARNING -- The above is only a rough guideline.
Function    Best Rate MB/s  Avg time     Min time     Max time
-------------------------------------------------------------
For best results, please be sure you know the
Copy:            4186.1     0.043616     0.038222     0.046902
Your clock granularity/precision appears to be 1 microseconds.
precision of your system timer.
Scale:           4412.6     0.043074     0.036260     0.046864
Each test below will take on the order of 28430 microseconds.
-------------------------------------------------------------
Add:             5585.3     0.058448     0.042970     0.064981
   (= 28430 clock ticks)
Function    Best Rate MB/s  Avg time     Min time     Max time
Triad:           7116.8     0.057845     0.033723     0.065665
Increase the size of the arrays if this shows that
Copy:            4183.7     0.043726     0.038244     0.047004
-------------------------------------------------------------
you are not getting at least 20 clock ticks per test.
Scale:           4537.6     0.042783     0.035261     0.046840
Solution Validates: avg error less than 1.000000e-13 on all three arrays
-------------------------------------------------------------
Add:             6028.2     0.058092     0.039813     0.065348
-------------------------------------------------------------
WARNING -- The above is only a rough guideline.
Triad:           7745.2     0.058092     0.030987     0.066304
For best results, please be sure you know the
-------------------------------------------------------------
precision of your system timer.
Solution Validates: avg error less than 1.000000e-13 on all three arrays
-------------------------------------------------------------
-------------------------------------------------------------
Function    Best Rate MB/s  Avg time     Min time     Max time
Copy:            4762.6     0.041314     0.033595     0.046241
Scale:           4727.6     0.042607     0.033844     0.046520
Add:             5541.6     0.058207     0.043309     0.066654
Triad:           5181.7     0.057457     0.046317     0.065270
-------------------------------------------------------------
Solution Validates: avg error less than 1.000000e-13 on all three arrays
-------------------------------------------------------------
-------------------------------------------------------------
STREAM version $Revision: 5.10 $
-------------------------------------------------------------
This system uses 8 bytes per array element.
-------------------------------------------------------------
Array size = 10000000 (elements), Offset = 0 (elements)
Memory per array = 76.3 MiB (= 0.1 GiB).
Total memory required = 228.9 MiB (= 0.2 GiB).
Each kernel will be executed 10 times.
 The *best* time for each kernel (excluding the first iteration)
 will be used to compute the reported bandwidth.
-------------------------------------------------------------
Your clock granularity/precision appears to be 1 microseconds.
Each test below will take on the order of 32802 microseconds.
   (= 32802 clock ticks)
Increase the size of the arrays if this shows that
you are not getting at least 20 clock ticks per test.
-------------------------------------------------------------
WARNING -- The above is only a rough guideline.
For best results, please be sure you know the
precision of your system timer.
-------------------------------------------------------------
Function    Best Rate MB/s  Avg time     Min time     Max time
Copy:            4196.1     0.043601     0.038131     0.046996
Scale:           4443.1     0.043031     0.036011     0.046830
Add:             5532.5     0.058528     0.043380     0.065053
Triad:           7152.4     0.057977     0.033555     0.065843
-------------------------------------------------------------
Solution Validates: avg error less than 1.000000e-13 on all three arrays
-------------------------------------------------------------
-------------------------------------------------------------
STREAM version $Revision: 5.10 $
-------------------------------------------------------------
This system uses 8 bytes per array element.
-------------------------------------------------------------
Array size = 10000000 (elements), Offset = 0 (elements)
Memory per array = 76.3 MiB (= 0.1 GiB).
Total memory required = 228.9 MiB (= 0.2 GiB).
Each kernel will be executed 10 times.
 The *best* time for each kernel (excluding the first iteration)
 will be used to compute the reported bandwidth.
-------------------------------------------------------------
Your clock granularity/precision appears to be 1 microseconds.
Each test below will take on the order of 28139 microseconds.
   (= 28139 clock ticks)
Increase the size of the arrays if this shows that
you are not getting at least 20 clock ticks per test.
-------------------------------------------------------------
WARNING -- The above is only a rough guideline.
For best results, please be sure you know the
precision of your system timer.
-------------------------------------------------------------
Function    Best Rate MB/s  Avg time     Min time     Max time
Copy:            4764.7     0.041658     0.033580     0.046449
Scale:           4757.2     0.042502     0.033633     0.046882
Add:             5548.6     0.057666     0.043254     0.066507
Triad:           5046.7     0.057811     0.047556     0.065615
-------------------------------------------------------------
Solution Validates: avg error less than 1.000000e-13 on all three arrays
-------------------------------------------------------------
-------------------------------------------------------------
STREAM version $Revision: 5.10 $
-------------------------------------------------------------
This system uses 8 bytes per array element.
-------------------------------------------------------------
Array size = 10000000 (elements), Offset = 0 (elements)
Memory per array = 76.3 MiB (= 0.1 GiB).
Total memory required = 228.9 MiB (= 0.2 GiB).
Each kernel will be executed 10 times.
 The *best* time for each kernel (excluding the first iteration)
 will be used to compute the reported bandwidth.
-------------------------------------------------------------
Your clock granularity/precision appears to be 1 microseconds.
Each test below will take on the order of 28312 microseconds.
   (= 28312 clock ticks)
Increase the size of the arrays if this shows that
you are not getting at least 20 clock ticks per test.
-------------------------------------------------------------
WARNING -- The above is only a rough guideline.
For best results, please be sure you know the
precision of your system timer.
-------------------------------------------------------------
Function    Best Rate MB/s  Avg time     Min time     Max time
Copy:            4808.7     0.041581     0.033273     0.046425
Scale:           4816.6     0.042533     0.033218     0.046724
Add:             5308.1     0.059595     0.045214     0.066805
Triad:           5386.1     0.057023     0.044559     0.065401
-------------------------------------------------------------
Solution Validates: avg error less than 1.000000e-13 on all three arrays
-------------------------------------------------------------
-------------------------------------------------------------
STREAM version $Revision: 5.10 $
-------------------------------------------------------------
This system uses 8 bytes per array element.
-------------------------------------------------------------
Array size = 10000000 (elements), Offset = 0 (elements)
Memory per array = 76.3 MiB (= 0.1 GiB).
Total memory required = 228.9 MiB (= 0.2 GiB).
Each kernel will be executed 10 times.
 The *best* time for each kernel (excluding the first iteration)
 will be used to compute the reported bandwidth.
-------------------------------------------------------------
Your clock granularity/precision appears to be 1 microseconds.
Each test below will take on the order of 23935 microseconds.
   (= 23935 clock ticks)
Increase the size of the arrays if this shows that
you are not getting at least 20 clock ticks per test.
-------------------------------------------------------------
WARNING -- The above is only a rough guideline.
For best results, please be sure you know the
precision of your system timer.
-------------------------------------------------------------
Function    Best Rate MB/s  Avg time     Min time     Max time
Copy:            4863.8     0.041926     0.032896     0.046885
Scale:           4933.6     0.039733     0.032431     0.044951
Add:             5263.5     0.057261     0.045597     0.065183
Triad:           6076.4     0.058437     0.039497     0.068835
-------------------------------------------------------------
Solution Validates: avg error less than 1.000000e-13 on all three arrays
-------------------------------------------------------------
-------------------------------------------------------------
STREAM version $Revision: 5.10 $
-------------------------------------------------------------
This system uses 8 bytes per array element.
-------------------------------------------------------------
Array size = 10000000 (elements), Offset = 0 (elements)
Memory per array = 76.3 MiB (= 0.1 GiB).
Total memory required = 228.9 MiB (= 0.2 GiB).
Each kernel will be executed 10 times.
 The *best* time for each kernel (excluding the first iteration)
 will be used to compute the reported bandwidth.
-------------------------------------------------------------
Your clock granularity/precision appears to be 1 microseconds.
Each test below will take on the order of 18472 microseconds.
   (= 18472 clock ticks)
Increase the size of the arrays if this shows that
you are not getting at least 20 clock ticks per test.
-------------------------------------------------------------
WARNING -- The above is only a rough guideline.
For best results, please be sure you know the
precision of your system timer.
-------------------------------------------------------------
Function    Best Rate MB/s  Avg time     Min time     Max time
Copy:            4226.2     0.042389     0.037859     0.044884
Scale:           4104.9     0.044011     0.038978     0.046534
Add:             4308.1     0.063421     0.055709     0.066889
Triad:           4472.4     0.060829     0.053663     0.065390
-------------------------------------------------------------
Solution Validates: avg error less than 1.000000e-13 on all three arrays
-------------------------------------------------------------
-------------------------------------------------------------
STREAM version $Revision: 5.10 $
-------------------------------------------------------------
This system uses 8 bytes per array element.
-------------------------------------------------------------
Array size = 10000000 (elements), Offset = 0 (elements)
Memory per array = 76.3 MiB (= 0.1 GiB).
Total memory required = 228.9 MiB (= 0.2 GiB).
Each kernel will be executed 10 times.
 The *best* time for each kernel (excluding the first iteration)
 will be used to compute the reported bandwidth.
-------------------------------------------------------------
Your clock granularity/precision appears to be 1 microseconds.
Each test below will take on the order of 19674 microseconds.
   (= 19674 clock ticks)
Increase the size of the arrays if this shows that
you are not getting at least 20 clock ticks per test.
-------------------------------------------------------------
WARNING -- The above is only a rough guideline.
For best results, please be sure you know the
precision of your system timer.
-------------------------------------------------------------
Function    Best Rate MB/s  Avg time     Min time     Max time
Copy:            4181.4     0.042805     0.038265     0.045337
Scale:           4060.3     0.044192     0.039406     0.046734
Add:             4341.1     0.062964     0.055285     0.066671
Triad:           4594.6     0.060841     0.052235     0.065669
-------------------------------------------------------------
Solution Validates: avg error less than 1.000000e-13 on all three arrays
-------------------------------------------------------------
-------------------------------------------------------------
STREAM version $Revision: 5.10 $
-------------------------------------------------------------
-------------------------------------------------------------
This system uses 8 bytes per array element.
STREAM version $Revision: 5.10 $
-------------------------------------------------------------
-------------------------------------------------------------
Array size = 10000000 (elements), Offset = 0 (elements)
This system uses 8 bytes per array element.
Memory per array = 76.3 MiB (= 0.1 GiB).
-------------------------------------------------------------
Total memory required = 228.9 MiB (= 0.2 GiB).
Array size = 10000000 (elements), Offset = 0 (elements)
Each kernel will be executed 10 times.
Memory per array = 76.3 MiB (= 0.1 GiB).
 The *best* time for each kernel (excluding the first iteration)
Total memory required = 228.9 MiB (= 0.2 GiB).
 will be used to compute the reported bandwidth.
Each kernel will be executed 10 times.
-------------------------------------------------------------
 The *best* time for each kernel (excluding the first iteration)
Your clock granularity/precision appears to be 1 microseconds.
 will be used to compute the reported bandwidth.
Each test below will take on the order of 28483 microseconds.
-------------------------------------------------------------
   (= 28483 clock ticks)
Your clock granularity/precision appears to be 1 microseconds.
Increase the size of the arrays if this shows that
Each test below will take on the order of 28004 microseconds.
you are not getting at least 20 clock ticks per test.
   (= 28004 clock ticks)
-------------------------------------------------------------
Increase the size of the arrays if this shows that
WARNING -- The above is only a rough guideline.
you are not getting at least 20 clock ticks per test.
For best results, please be sure you know the
-------------------------------------------------------------
precision of your system timer.
WARNING -- The above is only a rough guideline.
-------------------------------------------------------------
For best results, please be sure you know the
Function    Best Rate MB/s  Avg time     Min time     Max time
precision of your system timer.
Copy:            4104.0     0.043891     0.038986     0.046512
-------------------------------------------------------------
Scale:           4181.8     0.043094     0.038261     0.045566
Function    Best Rate MB/s  Avg time     Min time     Max time
Add:             4474.9     0.061092     0.053632     0.065028
Copy:            4100.7     0.043784     0.039018     0.046357
Triad:           5219.4     0.060523     0.045982     0.065317
Scale:           4148.0     0.043333     0.038573     0.045638
-------------------------------------------------------------
Add:             4445.8     0.061234     0.053983     0.065015
Solution Validates: avg error less than 1.000000e-13 on all three arrays
Triad:           4935.5     0.060587     0.048627     0.065119
-------------------------------------------------------------
-------------------------------------------------------------
Solution Validates: avg error less than 1.000000e-13 on all three arrays
-------------------------------------------------------------
-------------------------------------------------------------
STREAM version $Revision: 5.10 $
-------------------------------------------------------------
This system uses 8 bytes per array element.
-------------------------------------------------------------
Array size = 10000000 (elements), Offset = 0 (elements)
Memory per array = 76.3 MiB (= 0.1 GiB).
Total memory required = 228.9 MiB (= 0.2 GiB).
Each kernel will be executed 10 times.
 The *best* time for each kernel (excluding the first iteration)
 will be used to compute the reported bandwidth.
-------------------------------------------------------------
Your clock granularity/precision appears to be 1 microseconds.
Each test below will take on the order of 31866 microseconds.
   (= 31866 clock ticks)
Increase the size of the arrays if this shows that
you are not getting at least 20 clock ticks per test.
-------------------------------------------------------------
WARNING -- The above is only a rough guideline.
For best results, please be sure you know the
precision of your system timer.
-------------------------------------------------------------
Function    Best Rate MB/s  Avg time     Min time     Max time
Copy:            4075.8     0.044195     0.039256     0.046636
Scale:           4069.7     0.044574     0.039315     0.046983
Add:             4466.9     0.061191     0.053729     0.065322
Triad:           5582.7     0.059616     0.042990     0.065180
-------------------------------------------------------------
Solution Validates: avg error less than 1.000000e-13 on all three arrays
-------------------------------------------------------------
-------------------------------------------------------------
STREAM version $Revision: 5.10 $
-------------------------------------------------------------
This system uses 8 bytes per array element.
-------------------------------------------------------------
Array size = 10000000 (elements), Offset = 0 (elements)
Memory per array = 76.3 MiB (= 0.1 GiB).
Total memory required = 228.9 MiB (= 0.2 GiB).
Each kernel will be executed 10 times.
 The *best* time for each kernel (excluding the first iteration)
 will be used to compute the reported bandwidth.
-------------------------------------------------------------
Your clock granularity/precision appears to be 1 microseconds.
Each test below will take on the order of 31533 microseconds.
   (= 31533 clock ticks)
Increase the size of the arrays if this shows that
you are not getting at least 20 clock ticks per test.
-------------------------------------------------------------
WARNING -- The above is only a rough guideline.
For best results, please be sure you know the
precision of your system timer.
-------------------------------------------------------------
Function    Best Rate MB/s  Avg time     Min time     Max time
Copy:            4107.3     0.043834     0.038955     0.046272
Scale:           4068.7     0.044668     0.039325     0.047274
Add:             4432.7     0.061308     0.054143     0.065337
Triad:           5157.8     0.059919     0.046531     0.065053
-------------------------------------------------------------
Solution Validates: avg error less than 1.000000e-13 on all three arrays
-------------------------------------------------------------
-------------------------------------------------------------
STREAM version $Revision: 5.10 $
-------------------------------------------------------------
This system uses 8 bytes per array element.
-------------------------------------------------------------
Array size = 10000000 (elements), Offset = 0 (elements)
Memory per array = 76.3 MiB (= 0.1 GiB).
Total memory required = 228.9 MiB (= 0.2 GiB).
Each kernel will be executed 10 times.
 The *best* time for each kernel (excluding the first iteration)
 will be used to compute the reported bandwidth.
-------------------------------------------------------------
Your clock granularity/precision appears to be 1 microseconds.
Each test below will take on the order of 31378 microseconds.
   (= 31378 clock ticks)
Increase the size of the arrays if this shows that
you are not getting at least 20 clock ticks per test.
-------------------------------------------------------------
WARNING -- The above is only a rough guideline.
For best results, please be sure you know the
precision of your system timer.
-------------------------------------------------------------
Function    Best Rate MB/s  Avg time     Min time     Max time
Copy:            4090.3     0.044003     0.039117     0.046494
Scale:           4066.0     0.044717     0.039351     0.047298
Add:             4437.3     0.061388     0.054087     0.065673
Triad:           5185.6     0.059952     0.046282     0.065037
-------------------------------------------------------------
Solution Validates: avg error less than 1.000000e-13 on all three arrays
-------------------------------------------------------------
-------------------------------------------------------------
STREAM version $Revision: 5.10 $
-------------------------------------------------------------
This system uses 8 bytes per array element.
-------------------------------------------------------------
Array size = 10000000 (elements), Offset = 0 (elements)
Memory per array = 76.3 MiB (= 0.1 GiB).
Total memory required = 228.9 MiB (= 0.2 GiB).
Each kernel will be executed 10 times.
 The *best* time for each kernel (excluding the first iteration)
 will be used to compute the reported bandwidth.
-------------------------------------------------------------
Your clock granularity/precision appears to be 1 microseconds.
Each test below will take on the order of 31314 microseconds.
   (= 31314 clock ticks)
Increase the size of the arrays if this shows that
you are not getting at least 20 clock ticks per test.
-------------------------------------------------------------
WARNING -- The above is only a rough guideline.
For best results, please be sure you know the
precision of your system timer.
-------------------------------------------------------------
Function    Best Rate MB/s  Avg time     Min time     Max time
Copy:            4090.5     0.044209     0.039115     0.046781
Scale:           4061.1     0.044462     0.039398     0.046849
Add:             4486.4     0.060993     0.053495     0.065159
Triad:           5727.0     0.059727     0.041907     0.065458
-------------------------------------------------------------
Solution Validates: avg error less than 1.000000e-13 on all three arrays
-------------------------------------------------------------
-------------------------------------------------------------
STREAM version $Revision: 5.10 $
-------------------------------------------------------------
This system uses 8 bytes per array element.
-------------------------------------------------------------
Array size = 10000000 (elements), Offset = 0 (elements)
Memory per array = 76.3 MiB (= 0.1 GiB).
Total memory required = 228.9 MiB (= 0.2 GiB).
Each kernel will be executed 10 times.
 The *best* time for each kernel (excluding the first iteration)
 will be used to compute the reported bandwidth.
-------------------------------------------------------------
Your clock granularity/precision appears to be 1 microseconds.
Each test below will take on the order of 29170 microseconds.
   (= 29170 clock ticks)
Increase the size of the arrays if this shows that
you are not getting at least 20 clock ticks per test.
-------------------------------------------------------------
WARNING -- The above is only a rough guideline.
For best results, please be sure you know the
precision of your system timer.
-------------------------------------------------------------
Function    Best Rate MB/s  Avg time     Min time     Max time
Copy:            4301.2     0.042224     0.037199     0.044699
Scale:           4146.8     0.043714     0.038584     0.046910
Add:             4685.2     0.061789     0.051225     0.066625
Triad:           6560.9     0.058665     0.036580     0.065256
-------------------------------------------------------------
Solution Validates: avg error less than 1.000000e-13 on all three arrays
-------------------------------------------------------------
-------------------------------------------------------------
-------------------------------------------------------------
STREAM version $Revision: 5.10 $
STREAM version $Revision: 5.10 $
-------------------------------------------------------------
-------------------------------------------------------------
This system uses 8 bytes per array element.
This system uses 8 bytes per array element.
-------------------------------------------------------------
-------------------------------------------------------------
Array size = 10000000 (elements), Offset = 0 (elements)
Array size = 10000000 (elements), Offset = 0 (elements)
Memory per array = 76.3 MiB (= 0.1 GiB).
Memory per array = 76.3 MiB (= 0.1 GiB).
Total memory required = 228.9 MiB (= 0.2 GiB).
Total memory required = 228.9 MiB (= 0.2 GiB).
Each kernel will be executed 10 times.
Each kernel will be executed 10 times.
 The *best* time for each kernel (excluding the first iteration)
 The *best* time for each kernel (excluding the first iteration)
 will be used to compute the reported bandwidth.
 will be used to compute the reported bandwidth.
-------------------------------------------------------------
-------------------------------------------------------------
Your clock granularity/precision appears to be 1 microseconds.
Your clock granularity/precision appears to be 1 microseconds.
Each test below will take on the order of 29407 microseconds.
Each test below will take on the order of 29206 microseconds.
   (= 29407 clock ticks)
   (= 29206 clock ticks)
Increase the size of the arrays if this shows that
Increase the size of the arrays if this shows that
you are not getting at least 20 clock ticks per test.
you are not getting at least 20 clock ticks per test.
-------------------------------------------------------------
-------------------------------------------------------------
WARNING -- The above is only a rough guideline.
WARNING -- The above is only a rough guideline.
For best results, please be sure you know the
For best results, please be sure you know the
precision of your system timer.
precision of your system timer.
-------------------------------------------------------------
-------------------------------------------------------------
Function    Best Rate MB/s  Avg time     Min time     Max time
Function    Best Rate MB/s  Avg time     Min time     Max time
Copy:            4152.8     0.043580     0.038528     0.046980
Copy:            4143.4     0.043579     0.038616     0.046707
Scale:           4431.8     0.042248     0.036103     0.045481
Scale:           4360.5     0.042389     0.036693     0.045527
Add:             6238.6     0.058828     0.038470     0.065193
Add:             5938.5     0.059128     0.040414     0.065092
Triad:           8280.4     0.058642     0.028984     0.066277
Triad:           8340.6     0.058600     0.028775     0.066200
-------------------------------------------------------------
-------------------------------------------------------------
Solution Validates: avg error less than 1.000000e-13 on all three arrays
Solution Validates: avg error less than 1.000000e-13 on all three arrays
-------------------------------------------------------------
-------------------------------------------------------------
-------------------------------------------------------------
STREAM version $Revision: 5.10 $
-------------------------------------------------------------
This system uses 8 bytes per array element.
-------------------------------------------------------------
Array size = 10000000 (elements), Offset = 0 (elements)
Memory per array = 76.3 MiB (= 0.1 GiB).
Total memory required = 228.9 MiB (= 0.2 GiB).
Each kernel will be executed 10 times.
 The *best* time for each kernel (excluding the first iteration)
 will be used to compute the reported bandwidth.
-------------------------------------------------------------
Your clock granularity/precision appears to be 1 microseconds.
Each test below will take on the order of 29373 microseconds.
   (= 29373 clock ticks)
Increase the size of the arrays if this shows that
you are not getting at least 20 clock ticks per test.
-------------------------------------------------------------
WARNING -- The above is only a rough guideline.
For best results, please be sure you know the
precision of your system timer.
-------------------------------------------------------------
Function    Best Rate MB/s  Avg time     Min time     Max time
Copy:            4171.4     0.043510     0.038356     0.046531
Scale:           4397.1     0.042270     0.036388     0.045518
Add:             5952.3     0.059079     0.040321     0.065404
Triad:           8306.5     0.058795     0.028893     0.066451
-------------------------------------------------------------
Solution Validates: avg error less than 1.000000e-13 on all three arrays
-------------------------------------------------------------
-------------------------------------------------------------
STREAM version $Revision: 5.10 $
-------------------------------------------------------------
This system uses 8 bytes per array element.
-------------------------------------------------------------
-------------------------------------------------------------
STREAM version $Revision: 5.10 $
Array size = 10000000 (elements), Offset = 0 (elements)
-------------------------------------------------------------
Memory per array = 76.3 MiB (= 0.1 GiB).
This system uses 8 bytes per array element.
Total memory required = 228.9 MiB (= 0.2 GiB).
-------------------------------------------------------------
Each kernel will be executed 10 times.
Array size = 10000000 (elements), Offset = 0 (elements)
 The *best* time for each kernel (excluding the first iteration)
Memory per array = 76.3 MiB (= 0.1 GiB).
 will be used to compute the reported bandwidth.
Total memory required = 228.9 MiB (= 0.2 GiB).
-------------------------------------------------------------
Each kernel will be executed 10 times.
Your clock granularity/precision appears to be 1 microseconds.
 The *best* time for each kernel (excluding the first iteration)
Each test below will take on the order of 30636 microseconds.
 will be used to compute the reported bandwidth.
   (= 30636 clock ticks)
-------------------------------------------------------------
Increase the size of the arrays if this shows that
Your clock granularity/precision appears to be 1 microseconds.
you are not getting at least 20 clock ticks per test.
Each test below will take on the order of 30486 microseconds.
-------------------------------------------------------------
   (= 30486 clock ticks)
WARNING -- The above is only a rough guideline.
Increase the size of the arrays if this shows that
For best results, please be sure you know the
you are not getting at least 20 clock ticks per test.
precision of your system timer.
-------------------------------------------------------------
-------------------------------------------------------------
WARNING -- The above is only a rough guideline.
Function    Best Rate MB/s  Avg time     Min time     Max time
-------------------------------------------------------------
For best results, please be sure you know the
Copy:            4216.1     0.043047     0.037950     0.046425
STREAM version $Revision: 5.10 $
precision of your system timer.
Scale:           4915.1     0.042700     0.032553     0.046780
-------------------------------------------------------------
-------------------------------------------------------------
Add:             7114.3     0.058709     0.033735     0.065871
This system uses 8 bytes per array element.
Function    Best Rate MB/s  Avg time     Min time     Max time
Triad:           8875.4     0.057768     0.027041     0.065547
-------------------------------------------------------------
Copy:            4216.0     0.042863     0.037951     0.046207
-------------------------------------------------------------
Array size = 10000000 (elements), Offset = 0 (elements)
Scale:           4700.3     0.042828     0.034040     0.046516
Solution Validates: avg error less than 1.000000e-13 on all three arrays
Memory per array = 76.3 MiB (= 0.1 GiB).
Add:             6598.3     0.059060     0.036373     0.065672
-------------------------------------------------------------
Total memory required = 228.9 MiB (= 0.2 GiB).
Triad:           8593.8     0.057834     0.027927     0.065456
Each kernel will be executed 10 times.
-------------------------------------------------------------
 The *best* time for each kernel (excluding the first iteration)
Solution Validates: avg error less than 1.000000e-13 on all three arrays
 will be used to compute the reported bandwidth.
-------------------------------------------------------------
-------------------------------------------------------------
Your clock granularity/precision appears to be 1 microseconds.
Each test below will take on the order of 30584 microseconds.
   (= 30584 clock ticks)
Increase the size of the arrays if this shows that
you are not getting at least 20 clock ticks per test.
-------------------------------------------------------------
WARNING -- The above is only a rough guideline.
For best results, please be sure you know the
precision of your system timer.
-------------------------------------------------------------
Function    Best Rate MB/s  Avg time     Min time     Max time
Copy:            4225.8     0.043037     0.037863     0.046551
Scale:           4805.2     0.042685     0.033297     0.046559
Add:             6665.7     0.058848     0.036005     0.065553
-------------------------------------------------------------
Triad:           8651.2     0.057753     0.027742     0.065463
STREAM version $Revision: 5.10 $
-------------------------------------------------------------
-------------------------------------------------------------
Solution Validates: avg error less than 1.000000e-13 on all three arrays
This system uses 8 bytes per array element.
-------------------------------------------------------------
-------------------------------------------------------------
Array size = 10000000 (elements), Offset = 0 (elements)
Memory per array = 76.3 MiB (= 0.1 GiB).
Total memory required = 228.9 MiB (= 0.2 GiB).
Each kernel will be executed 10 times.
 The *best* time for each kernel (excluding the first iteration)
 will be used to compute the reported bandwidth.
-------------------------------------------------------------
Your clock granularity/precision appears to be 1 microseconds.
Each test below will take on the order of 30199 microseconds.
   (= 30199 clock ticks)
Increase the size of the arrays if this shows that
you are not getting at least 20 clock ticks per test.
-------------------------------------------------------------
WARNING -- The above is only a rough guideline.
For best results, please be sure you know the
precision of your system timer.
-------------------------------------------------------------
Function    Best Rate MB/s  Avg time     Min time     Max time
Copy:            4218.4     0.043173     0.037929     0.046613
Scale:           5090.5     0.042301     0.031431     0.046570
Add:             7469.7     0.058445     0.032130     0.065568
Triad:           9203.2     0.057800     0.026078     0.065681
-------------------------------------------------------------
Solution Validates: avg error less than 1.000000e-13 on all three arrays
-------------------------------------------------------------
START OF JOBSPEC
{"resources": [{"type": "node", "count": 1, "exclusive": true, "with": [{"type": "slot", "count": 56, "with": [{"type": "core", "count": 1}], "label": "task"}]}], "tasks": [{"command": ["singularity", "exec", "/opt/containers/metric-stream_rocky-8.sif", "stream_c.exe"], "slot": "task", "count": {"per_slot": 1}}], "attributes": {"system": {"duration": 0, "cwd": "/home/sochat1_llnl_gov", "shell": {"options": {"rlimit": {"cpu": -1, "fsize": -1, "data": -1, "stack": 8388608, "core": 0, "nofile": 262144, "as": -1, "rss": -1, "nproc": 1803560}, "cpu-affinity": "per-task"}}, "constraints": {"hostlist": ["flux-011"]}}, "user": {"study_id": "stream-1-iter-3-node-11"}}, "version": 1}
START OF EVENTLOG
{"timestamp":1724813482.9456806,"name":"init"}
{"timestamp":1724813482.9474862,"name":"starting"}
{"timestamp":1724813482.9612882,"name":"shell.init","context":{"service":"1356918789-shell-fRodc5gb","leader-rank":10,"size":1}}
{"timestamp":1724813483.101372,"name":"shell.start","context":{"taskmap":{"version":1,"map":[[0,1,56,1]]}}}
{"timestamp":1724813484.3761046,"name":"shell.task-exit","context":{"localid":25,"rank":25,"state":"Exited","pid":9368,"wait_status":0,"signaled":0,"exitcode":0}}
{"timestamp":1724813485.6186123,"name":"complete","context":{"status":0}}
{"timestamp":1724813485.6186273,"name":"done"}

