-------------------------------------------------------------
STREAM version $Revision: 5.10 $
-------------------------------------------------------------
This system uses 8 bytes per array element.
-------------------------------------------------------------
Array size = 10000000 (elements), Offset = 0 (elements)
Memory per array = 76.3 MiB (= 0.1 GiB).
Total memory required = 228.9 MiB (= 0.2 GiB).
Each kernel will be executed 10 times.
 The *best* time for each kernel (excluding the first iteration)
 will be used to compute the reported bandwidth.
-------------------------------------------------------------
Your clock granularity/precision appears to be 1 microseconds.
Each test below will take on the order of 14096 microseconds.
   (= 14096 clock ticks)
Increase the size of the arrays if this shows that
you are not getting at least 20 clock ticks per test.
-------------------------------------------------------------
WARNING -- The above is only a rough guideline.
For best results, please be sure you know the
precision of your system timer.
-------------------------------------------------------------
Function    Best Rate MB/s  Avg time     Min time     Max time
Copy:           11013.2     0.015400     0.014528     0.016240
Scale:          10417.4     0.016822     0.015359     0.026359
Add:            12325.3     0.020132     0.019472     0.020718
Triad:          12137.2     0.022229     0.019774     0.037904
-------------------------------------------------------------
Solution Validates: avg error less than 1.000000e-13 on all three arrays
-------------------------------------------------------------
-------------------------------------------------------------
STREAM version $Revision: 5.10 $
-------------------------------------------------------------
This system uses 8 bytes per array element.
-------------------------------------------------------------
Array size = 10000000 (elements), Offset = 0 (elements)
Memory per array = 76.3 MiB (= 0.1 GiB).
Total memory required = 228.9 MiB (= 0.2 GiB).
Each kernel will be executed 10 times.
 The *best* time for each kernel (excluding the first iteration)
 will be used to compute the reported bandwidth.
-------------------------------------------------------------
Your clock granularity/precision appears to be 1 microseconds.
Each test below will take on the order of 24055 microseconds.
   (= 24055 clock ticks)
Increase the size of the arrays if this shows that
you are not getting at least 20 clock ticks per test.
-------------------------------------------------------------
WARNING -- The above is only a rough guideline.
For best results, please be sure you know the
precision of your system timer.
-------------------------------------------------------------
Function    Best Rate MB/s  Avg time     Min time     Max time
Copy:           10447.2     0.027159     0.015315     0.037008
Scale:          10652.4     0.026889     0.015020     0.037500
Add:            11988.0     0.037111     0.020020     0.051680
Triad:          11854.2     0.034675     0.020246     0.051781
-------------------------------------------------------------
Solution Validates: avg error less than 1.000000e-13 on all three arrays
-------------------------------------------------------------
-------------------------------------------------------------
STREAM version $Revision: 5.10 $
-------------------------------------------------------------
This system uses 8 bytes per array element.
-------------------------------------------------------------
Array size = 10000000 (elements), Offset = 0 (elements)
Memory per array = 76.3 MiB (= 0.1 GiB).
Total memory required = 228.9 MiB (= 0.2 GiB).
Each kernel will be executed 10 times.
 The *best* time for each kernel (excluding the first iteration)
 will be used to compute the reported bandwidth.
-------------------------------------------------------------
Your clock granularity/precision appears to be 1 microseconds.
Each test below will take on the order of 24587 microseconds.
   (= 24587 clock ticks)
Increase the size of the arrays if this shows that
you are not getting at least 20 clock ticks per test.
-------------------------------------------------------------
WARNING -- The above is only a rough guideline.
For best results, please be sure you know the
precision of your system timer.
-------------------------------------------------------------
Function    Best Rate MB/s  Avg time     Min time     Max time
Copy:           10710.3     0.028002     0.014939     0.036966
Scale:          10286.6     0.026337     0.015554     0.037712
Add:            11997.6     0.036414     0.020004     0.051600
Triad:          11759.0     0.036504     0.020410     0.052193
-------------------------------------------------------------
Solution Validates: avg error less than 1.000000e-13 on all three arrays
-------------------------------------------------------------
-------------------------------------------------------------
STREAM version $Revision: 5.10 $
-------------------------------------------------------------
This system uses 8 bytes per array element.
-------------------------------------------------------------
Array size = 10000000 (elements), Offset = 0 (elements)
Memory per array = 76.3 MiB (= 0.1 GiB).
Total memory required = 228.9 MiB (= 0.2 GiB).
Each kernel will be executed 10 times.
 The *best* time for each kernel (excluding the first iteration)
 will be used to compute the reported bandwidth.
-------------------------------------------------------------
Your clock granularity/precision appears to be 1 microseconds.
Each test below will take on the order of 23872 microseconds.
   (= 23872 clock ticks)
Increase the size of the arrays if this shows that
you are not getting at least 20 clock ticks per test.
-------------------------------------------------------------
WARNING -- The above is only a rough guideline.
For best results, please be sure you know the
precision of your system timer.
-------------------------------------------------------------
Function    Best Rate MB/s  Avg time     Min time     Max time
Copy:           11248.6     0.027470     0.014224     0.036807
Scale:           9940.4     0.028331     0.016096     0.037544
Add:            11828.4     0.039877     0.020290     0.052098
Triad:          12364.7     0.036022     0.019410     0.051659
-------------------------------------------------------------
Solution Validates: avg error less than 1.000000e-13 on all three arrays
-------------------------------------------------------------
-------------------------------------------------------------
STREAM version $Revision: 5.10 $
-------------------------------------------------------------
This system uses 8 bytes per array element.
-------------------------------------------------------------
Array size = 10000000 (elements), Offset = 0 (elements)
Memory per array = 76.3 MiB (= 0.1 GiB).
Total memory required = 228.9 MiB (= 0.2 GiB).
Each kernel will be executed 10 times.
 The *best* time for each kernel (excluding the first iteration)
 will be used to compute the reported bandwidth.
-------------------------------------------------------------
Your clock granularity/precision appears to be 1 microseconds.
Each test below will take on the order of 21016 microseconds.
   (= 21016 clock ticks)
Increase the size of the arrays if this shows that
you are not getting at least 20 clock ticks per test.
-------------------------------------------------------------
WARNING -- The above is only a rough guideline.
For best results, please be sure you know the
precision of your system timer.
-------------------------------------------------------------
Function    Best Rate MB/s  Avg time     Min time     Max time
Copy:           10110.0     0.033803     0.015826     0.037261
Scale:          10291.3     0.032644     0.015547     0.038632
Add:            11429.7     0.046548     0.020998     0.055635
Triad:          11586.3     0.046421     0.020714     0.053352
-------------------------------------------------------------
Solution Validates: avg error less than 1.000000e-13 on all three arrays
-------------------------------------------------------------
-------------------------------------------------------------
STREAM version $Revision: 5.10 $
-------------------------------------------------------------
This system uses 8 bytes per array element.
-------------------------------------------------------------
Array size = 10000000 (elements), Offset = 0 (elements)
Memory per array = 76.3 MiB (= 0.1 GiB).
Total memory required = 228.9 MiB (= 0.2 GiB).
Each kernel will be executed 10 times.
 The *best* time for each kernel (excluding the first iteration)
 will be used to compute the reported bandwidth.
-------------------------------------------------------------
Your clock granularity/precision appears to be 1 microseconds.
Each test below will take on the order of 23294 microseconds.
   (= 23294 clock ticks)
Increase the size of the arrays if this shows that
you are not getting at least 20 clock ticks per test.
-------------------------------------------------------------
WARNING -- The above is only a rough guideline.
For best results, please be sure you know the
precision of your system timer.
-------------------------------------------------------------
Function    Best Rate MB/s  Avg time     Min time     Max time
Copy:            5450.7     0.035895     0.029354     0.037309
Scale:           4762.3     0.036528     0.033597     0.037788
Add:             6015.1     0.051547     0.039900     0.055805
Triad:           6202.7     0.049712     0.038693     0.053134
-------------------------------------------------------------
Solution Validates: avg error less than 1.000000e-13 on all three arrays
-------------------------------------------------------------
-------------------------------------------------------------
STREAM version $Revision: 5.10 $
-------------------------------------------------------------
This system uses 8 bytes per array element.
-------------------------------------------------------------
Array size = 10000000 (elements), Offset = 0 (elements)
Memory per array = 76.3 MiB (= 0.1 GiB).
Total memory required = 228.9 MiB (= 0.2 GiB).
Each kernel will be executed 10 times.
 The *best* time for each kernel (excluding the first iteration)
 will be used to compute the reported bandwidth.
-------------------------------------------------------------
Your clock granularity/precision appears to be 1 microseconds.
Each test below will take on the order of 22824 microseconds.
   (= 22824 clock ticks)
Increase the size of the arrays if this shows that
you are not getting at least 20 clock ticks per test.
-------------------------------------------------------------
-------------------------------------------------------------
WARNING -- The above is only a rough guideline.
STREAM version $Revision: 5.10 $
For best results, please be sure you know the
-------------------------------------------------------------
precision of your system timer.
This system uses 8 bytes per array element.
-------------------------------------------------------------
-------------------------------------------------------------
Function    Best Rate MB/s  Avg time     Min time     Max time
Array size = 10000000 (elements), Offset = 0 (elements)
Copy:            4387.4     0.037030     0.036468     0.037662
Memory per array = 76.3 MiB (= 0.1 GiB).
Scale:           4691.3     0.036299     0.034106     0.037699
Total memory required = 228.9 MiB (= 0.2 GiB).
Add:             6058.8     0.051391     0.039612     0.055450
Each kernel will be executed 10 times.
Triad:           6180.3     0.050778     0.038833     0.052807
 The *best* time for each kernel (excluding the first iteration)
-------------------------------------------------------------
 will be used to compute the reported bandwidth.
Solution Validates: avg error less than 1.000000e-13 on all three arrays
-------------------------------------------------------------
-------------------------------------------------------------
Your clock granularity/precision appears to be 1 microseconds.
Each test below will take on the order of 23354 microseconds.
   (= 23354 clock ticks)
Increase the size of the arrays if this shows that
you are not getting at least 20 clock ticks per test.
-------------------------------------------------------------
WARNING -- The above is only a rough guideline.
For best results, please be sure you know the
precision of your system timer.
-------------------------------------------------------------
Function    Best Rate MB/s  Avg time     Min time     Max time
Copy:            4379.4     0.037004     0.036535     0.037427
Scale:           4838.5     0.036082     0.033068     0.037446
Add:             5916.4     0.051225     0.040565     0.055597
Triad:           6214.6     0.050841     0.038619     0.053216
-------------------------------------------------------------
Solution Validates: avg error less than 1.000000e-13 on all three arrays
-------------------------------------------------------------
-------------------------------------------------------------
STREAM version $Revision: 5.10 $
-------------------------------------------------------------
This system uses 8 bytes per array element.
-------------------------------------------------------------
Array size = 10000000 (elements), Offset = 0 (elements)
Memory per array = 76.3 MiB (= 0.1 GiB).
Total memory required = 228.9 MiB (= 0.2 GiB).
Each kernel will be executed 10 times.
 The *best* time for each kernel (excluding the first iteration)
 will be used to compute the reported bandwidth.
-------------------------------------------------------------
Your clock granularity/precision appears to be 1 microseconds.
Each test below will take on the order of 29958 microseconds.
   (= 29958 clock ticks)
Increase the size of the arrays if this shows that
you are not getting at least 20 clock ticks per test.
-------------------------------------------------------------
WARNING -- The above is only a rough guideline.
For best results, please be sure you know the
precision of your system timer.
-------------------------------------------------------------
Function    Best Rate MB/s  Avg time     Min time     Max time
Copy:            5019.9     0.041171     0.031873     0.046003
Scale:           4863.8     0.041595     0.032896     0.047317
Add:             5199.6     0.057758     0.046157     0.067037
Triad:           5299.2     0.056520     0.045290     0.065833
-------------------------------------------------------------
Solution Validates: avg error less than 1.000000e-13 on all three arrays
-------------------------------------------------------------
-------------------------------------------------------------
STREAM version $Revision: 5.10 $
-------------------------------------------------------------
This system uses 8 bytes per array element.
-------------------------------------------------------------
Array size = 10000000 (elements), Offset = 0 (elements)
Memory per array = 76.3 MiB (= 0.1 GiB).
Total memory required = 228.9 MiB (= 0.2 GiB).
-------------------------------------------------------------
Each kernel will be executed 10 times.
STREAM version $Revision: 5.10 $
 The *best* time for each kernel (excluding the first iteration)
-------------------------------------------------------------
 will be used to compute the reported bandwidth.
-------------------------------------------------------------
This system uses 8 bytes per array element.
-------------------------------------------------------------
STREAM version $Revision: 5.10 $
-------------------------------------------------------------
Your clock granularity/precision appears to be 1 microseconds.
-------------------------------------------------------------
Array size = 10000000 (elements), Offset = 0 (elements)
Each test below will take on the order of 30704 microseconds.
This system uses 8 bytes per array element.
Memory per array = 76.3 MiB (= 0.1 GiB).
   (= 30704 clock ticks)
-------------------------------------------------------------
Total memory required = 228.9 MiB (= 0.2 GiB).
Increase the size of the arrays if this shows that
Array size = 10000000 (elements), Offset = 0 (elements)
Each kernel will be executed 10 times.
you are not getting at least 20 clock ticks per test.
Memory per array = 76.3 MiB (= 0.1 GiB).
 The *best* time for each kernel (excluding the first iteration)
-------------------------------------------------------------
Total memory required = 228.9 MiB (= 0.2 GiB).
 will be used to compute the reported bandwidth.
WARNING -- The above is only a rough guideline.
Each kernel will be executed 10 times.
-------------------------------------------------------------
For best results, please be sure you know the
 The *best* time for each kernel (excluding the first iteration)
Your clock granularity/precision appears to be 1 microseconds.
precision of your system timer.
 will be used to compute the reported bandwidth.
Each test below will take on the order of 26781 microseconds.
-------------------------------------------------------------
-------------------------------------------------------------
   (= 26781 clock ticks)
Function    Best Rate MB/s  Avg time     Min time     Max time
Your clock granularity/precision appears to be 1 microseconds.
Increase the size of the arrays if this shows that
Copy:            4534.6     0.042219     0.035284     0.045965
Each test below will take on the order of 30139 microseconds.
you are not getting at least 20 clock ticks per test.
Scale:           4759.1     0.041746     0.033620     0.047259
   (= 30139 clock ticks)
-------------------------------------------------------------
Add:             5136.3     0.057775     0.046726     0.066560
Increase the size of the arrays if this shows that
-------------------------------------------------------------
WARNING -- The above is only a rough guideline.
Triad:           5049.9     0.057510     0.047526     0.065600
you are not getting at least 20 clock ticks per test.
STREAM version $Revision: 5.10 $
For best results, please be sure you know the
-------------------------------------------------------------
-------------------------------------------------------------
-------------------------------------------------------------
precision of your system timer.
Solution Validates: avg error less than 1.000000e-13 on all three arrays
WARNING -- The above is only a rough guideline.
This system uses 8 bytes per array element.
-------------------------------------------------------------
-------------------------------------------------------------
For best results, please be sure you know the
-------------------------------------------------------------
Function    Best Rate MB/s  Avg time     Min time     Max time
precision of your system timer.
Array size = 10000000 (elements), Offset = 0 (elements)
Copy:            4952.2     0.041305     0.032309     0.047068
-------------------------------------------------------------
Memory per array = 76.3 MiB (= 0.1 GiB).
Scale:           4840.1     0.039662     0.033057     0.044888
Function    Best Rate MB/s  Avg time     Min time     Max time
Total memory required = 228.9 MiB (= 0.2 GiB).
Add:             5274.1     0.056613     0.045505     0.066039
Copy:            4589.7     0.042007     0.034861     0.046004
Each kernel will be executed 10 times.
Triad:           5449.3     0.057280     0.044042     0.067974
Scale:           4736.2     0.041784     0.033782     0.047179
 The *best* time for each kernel (excluding the first iteration)
-------------------------------------------------------------
Add:             4814.7     0.059691     0.049847     0.066562
 will be used to compute the reported bandwidth.
Solution Validates: avg error less than 1.000000e-13 on all three arrays
Triad:           5079.2     0.057291     0.047252     0.065424
-------------------------------------------------------------
-------------------------------------------------------------
-------------------------------------------------------------
Your clock granularity/precision appears to be 1 microseconds.
Solution Validates: avg error less than 1.000000e-13 on all three arrays
Each test below will take on the order of 30570 microseconds.
-------------------------------------------------------------
   (= 30570 clock ticks)
Increase the size of the arrays if this shows that
you are not getting at least 20 clock ticks per test.
-------------------------------------------------------------
WARNING -- The above is only a rough guideline.
For best results, please be sure you know the
precision of your system timer.
-------------------------------------------------------------
Function    Best Rate MB/s  Avg time     Min time     Max time
Copy:            4936.4     0.040738     0.032412     0.046330
Scale:           4793.0     0.041126     0.033382     0.047650
Add:             5453.3     0.056706     0.044010     0.066539
Triad:           5655.7     0.055919     0.042435     0.065908
-------------------------------------------------------------
Solution Validates: avg error less than 1.000000e-13 on all three arrays
-------------------------------------------------------------
-------------------------------------------------------------
STREAM version $Revision: 5.10 $
-------------------------------------------------------------
This system uses 8 bytes per array element.
-------------------------------------------------------------
Array size = 10000000 (elements), Offset = 0 (elements)
Memory per array = 76.3 MiB (= 0.1 GiB).
Total memory required = 228.9 MiB (= 0.2 GiB).
Each kernel will be executed 10 times.
 The *best* time for each kernel (excluding the first iteration)
 will be used to compute the reported bandwidth.
-------------------------------------------------------------
Your clock granularity/precision appears to be 1 microseconds.
Each test below will take on the order of 11401 microseconds.
   (= 11401 clock ticks)
Increase the size of the arrays if this shows that
you are not getting at least 20 clock ticks per test.
-------------------------------------------------------------
WARNING -- The above is only a rough guideline.
For best results, please be sure you know the
precision of your system timer.
-------------------------------------------------------------
Function    Best Rate MB/s  Avg time     Min time     Max time
Copy:            3998.8     0.040465     0.040012     0.041097
Scale:           4103.9     0.040569     0.038987     0.043608
Add:             5079.6     0.060567     0.047248     0.066352
Triad:           5068.0     0.059904     0.047356     0.062613
-------------------------------------------------------------
Solution Validates: avg error less than 1.000000e-13 on all three arrays
-------------------------------------------------------------
-------------------------------------------------------------
STREAM version $Revision: 5.10 $
-------------------------------------------------------------
This system uses 8 bytes per array element.
-------------------------------------------------------------
Array size = 10000000 (elements), Offset = 0 (elements)
Memory per array = 76.3 MiB (= 0.1 GiB).
Total memory required = 228.9 MiB (= 0.2 GiB).
Each kernel will be executed 10 times.
 The *best* time for each kernel (excluding the first iteration)
 will be used to compute the reported bandwidth.
-------------------------------------------------------------
Your clock granularity/precision appears to be 1 microseconds.
Each test below will take on the order of 29145 microseconds.
   (= 29145 clock ticks)
Increase the size of the arrays if this shows that
you are not getting at least 20 clock ticks per test.
-------------------------------------------------------------
WARNING -- The above is only a rough guideline.
For best results, please be sure you know the
precision of your system timer.
-------------------------------------------------------------
Function    Best Rate MB/s  Avg time     Min time     Max time
Copy:            4798.8     0.041129     0.033342     0.047433
Scale:           4818.2     0.040986     0.033207     0.047332
Add:             5469.7     0.056886     0.043878     0.065857
Triad:           5138.4     0.057500     0.046707     0.066298
-------------------------------------------------------------
Solution Validates: avg error less than 1.000000e-13 on all three arrays
-------------------------------------------------------------
-------------------------------------------------------------
STREAM version $Revision: 5.10 $
-------------------------------------------------------------
This system uses 8 bytes per array element.
-------------------------------------------------------------
Array size = 10000000 (elements), Offset = 0 (elements)
Memory per array = 76.3 MiB (= 0.1 GiB).
Total memory required = 228.9 MiB (= 0.2 GiB).
Each kernel will be executed 10 times.
 The *best* time for each kernel (excluding the first iteration)
 will be used to compute the reported bandwidth.
-------------------------------------------------------------
Your clock granularity/precision appears to be 1 microseconds.
Each test below will take on the order of 29638 microseconds.
   (= 29638 clock ticks)
Increase the size of the arrays if this shows that
you are not getting at least 20 clock ticks per test.
-------------------------------------------------------------
WARNING -- The above is only a rough guideline.
For best results, please be sure you know the
precision of your system timer.
-------------------------------------------------------------
Function    Best Rate MB/s  Avg time     Min time     Max time
Copy:            4750.9     0.041128     0.033678     0.047066
Scale:           4762.3     0.041358     0.033597     0.047354
Add:             5409.6     0.057030     0.044366     0.065748
Triad:           5085.6     0.057615     0.047192     0.066370
-------------------------------------------------------------
Solution Validates: avg error less than 1.000000e-13 on all three arrays
-------------------------------------------------------------
-------------------------------------------------------------
STREAM version $Revision: 5.10 $
-------------------------------------------------------------
This system uses 8 bytes per array element.
-------------------------------------------------------------
Array size = 10000000 (elements), Offset = 0 (elements)
Memory per array = 76.3 MiB (= 0.1 GiB).
Total memory required = 228.9 MiB (= 0.2 GiB).
Each kernel will be executed 10 times.
 The *best* time for each kernel (excluding the first iteration)
 will be used to compute the reported bandwidth.
-------------------------------------------------------------
Your clock granularity/precision appears to be 1 microseconds.
Each test below will take on the order of 31652 microseconds.
   (= 31652 clock ticks)
Increase the size of the arrays if this shows that
you are not getting at least 20 clock ticks per test.
-------------------------------------------------------------
WARNING -- The above is only a rough guideline.
For best results, please be sure you know the
precision of your system timer.
-------------------------------------------------------------
Function    Best Rate MB/s  Avg time     Min time     Max time
Copy:            4778.8     0.041195     0.033481     0.046732
Scale:           4682.5     0.041601     0.034170     0.047813
Add:             5270.6     0.060385     0.045536     0.066186
Triad:           6466.2     0.056163     0.037116     0.066458
-------------------------------------------------------------
Solution Validates: avg error less than 1.000000e-13 on all three arrays
-------------------------------------------------------------
-------------------------------------------------------------
STREAM version $Revision: 5.10 $
-------------------------------------------------------------
This system uses 8 bytes per array element.
-------------------------------------------------------------
Array size = 10000000 (elements), Offset = 0 (elements)
Memory per array = 76.3 MiB (= 0.1 GiB).
Total memory required = 228.9 MiB (= 0.2 GiB).
Each kernel will be executed 10 times.
 The *best* time for each kernel (excluding the first iteration)
 will be used to compute the reported bandwidth.
-------------------------------------------------------------
Your clock granularity/precision appears to be 1 microseconds.
Each test below will take on the order of 32016 microseconds.
   (= 32016 clock ticks)
Increase the size of the arrays if this shows that
you are not getting at least 20 clock ticks per test.
-------------------------------------------------------------
WARNING -- The above is only a rough guideline.
For best results, please be sure you know the
precision of your system timer.
-------------------------------------------------------------
Function    Best Rate MB/s  Avg time     Min time     Max time
Copy:            4194.4     0.043285     0.038146     0.046255
Scale:           4072.7     0.043810     0.039286     0.046720
Add:             4316.2     0.061334     0.055604     0.066402
Triad:           5017.8     0.059278     0.047830     0.065088
-------------------------------------------------------------
Solution Validates: avg error less than 1.000000e-13 on all three arrays
-------------------------------------------------------------
-------------------------------------------------------------
STREAM version $Revision: 5.10 $
-------------------------------------------------------------
This system uses 8 bytes per array element.
-------------------------------------------------------------
Array size = 10000000 (elements), Offset = 0 (elements)
Memory per array = 76.3 MiB (= 0.1 GiB).
Total memory required = 228.9 MiB (= 0.2 GiB).
Each kernel will be executed 10 times.
 The *best* time for each kernel (excluding the first iteration)
 will be used to compute the reported bandwidth.
-------------------------------------------------------------
Your clock granularity/precision appears to be 1 microseconds.
Each test below will take on the order of 32252 microseconds.
   (= 32252 clock ticks)
Increase the size of the arrays if this shows that
you are not getting at least 20 clock ticks per test.
-------------------------------------------------------------
WARNING -- The above is only a rough guideline.
For best results, please be sure you know the
precision of your system timer.
-------------------------------------------------------------
Function    Best Rate MB/s  Avg time     Min time     Max time
Copy:            4178.8     0.043433     0.038288     0.046430
Scale:           4070.0     0.043879     0.039312     0.046845
Add:             4373.2     0.061190     0.054880     0.066398
Triad:           5066.9     0.059360     0.047366     0.064897
-------------------------------------------------------------
Solution Validates: avg error less than 1.000000e-13 on all three arrays
-------------------------------------------------------------
-------------------------------------------------------------
STREAM version $Revision: 5.10 $
-------------------------------------------------------------
This system uses 8 bytes per array element.
-------------------------------------------------------------
Array size = 10000000 (elements), Offset = 0 (elements)
Memory per array = 76.3 MiB (= 0.1 GiB).
Total memory required = 228.9 MiB (= 0.2 GiB).
Each kernel will be executed 10 times.
 The *best* time for each kernel (excluding the first iteration)
 will be used to compute the reported bandwidth.
-------------------------------------------------------------
Your clock granularity/precision appears to be 1 microseconds.
Each test below will take on the order of 32440 microseconds.
   (= 32440 clock ticks)
Increase the size of the arrays if this shows that
you are not getting at least 20 clock ticks per test.
-------------------------------------------------------------
WARNING -- The above is only a rough guideline.
For best results, please be sure you know the
precision of your system timer.
-------------------------------------------------------------
Function    Best Rate MB/s  Avg time     Min time     Max time
Copy:            4168.1     0.043628     0.038387     0.046537
Scale:           4053.1     0.043889     0.039476     0.046907
Add:             4382.8     0.061061     0.054759     0.066083
Triad:           5073.1     0.059572     0.047308     0.064975
-------------------------------------------------------------
Solution Validates: avg error less than 1.000000e-13 on all three arrays
-------------------------------------------------------------
-------------------------------------------------------------
STREAM version $Revision: 5.10 $
-------------------------------------------------------------
This system uses 8 bytes per array element.
-------------------------------------------------------------
Array size = 10000000 (elements), Offset = 0 (elements)
Memory per array = 76.3 MiB (= 0.1 GiB).
Total memory required = 228.9 MiB (= 0.2 GiB).
Each kernel will be executed 10 times.
 The *best* time for each kernel (excluding the first iteration)
 will be used to compute the reported bandwidth.
-------------------------------------------------------------
Your clock granularity/precision appears to be 1 microseconds.
Each test below will take on the order of 32548 microseconds.
   (= 32548 clock ticks)
Increase the size of the arrays if this shows that
you are not getting at least 20 clock ticks per test.
-------------------------------------------------------------
WARNING -- The above is only a rough guideline.
For best results, please be sure you know the
precision of your system timer.
-------------------------------------------------------------
-------------------------------------------------------------
Function    Best Rate MB/s  Avg time     Min time     Max time
STREAM version $Revision: 5.10 $
Copy:            4096.6     0.043916     0.039057     0.046743
-------------------------------------------------------------
Scale:           4062.6     0.044040     0.039383     0.047003
This system uses 8 bytes per array element.
Add:             4402.1     0.061009     0.054519     0.066134
-------------------------------------------------------------
Triad:           5152.8     0.059518     0.046577     0.065491
Array size = 10000000 (elements), Offset = 0 (elements)
-------------------------------------------------------------
Memory per array = 76.3 MiB (= 0.1 GiB).
Solution Validates: avg error less than 1.000000e-13 on all three arrays
Total memory required = 228.9 MiB (= 0.2 GiB).
-------------------------------------------------------------
Each kernel will be executed 10 times.
 The *best* time for each kernel (excluding the first iteration)
 will be used to compute the reported bandwidth.
-------------------------------------------------------------
-------------------------------------------------------------
STREAM version $Revision: 5.10 $
Your clock granularity/precision appears to be 1 microseconds.
-------------------------------------------------------------
Each test below will take on the order of 31725 microseconds.
This system uses 8 bytes per array element.
   (= 31725 clock ticks)
-------------------------------------------------------------
Increase the size of the arrays if this shows that
Array size = 10000000 (elements), Offset = 0 (elements)
you are not getting at least 20 clock ticks per test.
Memory per array = 76.3 MiB (= 0.1 GiB).
-------------------------------------------------------------
Total memory required = 228.9 MiB (= 0.2 GiB).
WARNING -- The above is only a rough guideline.
Each kernel will be executed 10 times.
For best results, please be sure you know the
 The *best* time for each kernel (excluding the first iteration)
precision of your system timer.
 will be used to compute the reported bandwidth.
-------------------------------------------------------------
-------------------------------------------------------------
Function    Best Rate MB/s  Avg time     Min time     Max time
Your clock granularity/precision appears to be 1 microseconds.
Copy:            4131.9     0.043708     0.038723     0.046540
Each test below will take on the order of 32521 microseconds.
Scale:           4055.1     0.044074     0.039456     0.046951
   (= 32521 clock ticks)
Add:             4373.3     0.061412     0.054878     0.066499
Increase the size of the arrays if this shows that
Triad:           4849.1     0.059770     0.049494     0.065259
you are not getting at least 20 clock ticks per test.
-------------------------------------------------------------
-------------------------------------------------------------
Solution Validates: avg error less than 1.000000e-13 on all three arrays
WARNING -- The above is only a rough guideline.
-------------------------------------------------------------
For best results, please be sure you know the
precision of your system timer.
-------------------------------------------------------------
Function    Best Rate MB/s  Avg time     Min time     Max time
Copy:            4120.7     0.043803     0.038828     0.046766
Scale:           4039.2     0.044113     0.039612     0.046987
Add:             4401.4     0.061130     0.054528     0.066166
Triad:           4933.3     0.059657     0.048649     0.065227
-------------------------------------------------------------
Solution Validates: avg error less than 1.000000e-13 on all three arrays
-------------------------------------------------------------
-------------------------------------------------------------
STREAM version $Revision: 5.10 $
-------------------------------------------------------------
This system uses 8 bytes per array element.
-------------------------------------------------------------
Array size = 10000000 (elements), Offset = 0 (elements)
Memory per array = 76.3 MiB (= 0.1 GiB).
Total memory required = 228.9 MiB (= 0.2 GiB).
Each kernel will be executed 10 times.
 The *best* time for each kernel (excluding the first iteration)
 will be used to compute the reported bandwidth.
-------------------------------------------------------------
Your clock granularity/precision appears to be 1 microseconds.
Each test below will take on the order of 32809 microseconds.
   (= 32809 clock ticks)
Increase the size of the arrays if this shows that
you are not getting at least 20 clock ticks per test.
-------------------------------------------------------------
WARNING -- The above is only a rough guideline.
For best results, please be sure you know the
precision of your system timer.
-------------------------------------------------------------
Function    Best Rate MB/s  Avg time     Min time     Max time
Copy:            4051.8     0.044243     0.039489     0.046972
Scale:           4046.6     0.043930     0.039539     0.047053
Add:             4404.3     0.061098     0.054492     0.066124
Triad:           5559.9     0.059506     0.043166     0.066028
-------------------------------------------------------------
Solution Validates: avg error less than 1.000000e-13 on all three arrays
-------------------------------------------------------------
-------------------------------------------------------------
STREAM version $Revision: 5.10 $
-------------------------------------------------------------
This system uses 8 bytes per array element.
-------------------------------------------------------------
Array size = 10000000 (elements), Offset = 0 (elements)
Memory per array = 76.3 MiB (= 0.1 GiB).
Total memory required = 228.9 MiB (= 0.2 GiB).
Each kernel will be executed 10 times.
 The *best* time for each kernel (excluding the first iteration)
 will be used to compute the reported bandwidth.
-------------------------------------------------------------
Your clock granularity/precision appears to be 1 microseconds.
Each test below will take on the order of 34003 microseconds.
   (= 34003 clock ticks)
Increase the size of the arrays if this shows that
you are not getting at least 20 clock ticks per test.
-------------------------------------------------------------
WARNING -- The above is only a rough guideline.
For best results, please be sure you know the
precision of your system timer.
-------------------------------------------------------------
Function    Best Rate MB/s  Avg time     Min time     Max time
Copy:            4010.5     0.044601     0.039895     0.047733
Scale:           4137.9     0.043632     0.038667     0.047367
Add:             4343.3     0.061710     0.055257     0.066890
Triad:           5507.5     0.060123     0.043577     0.066759
-------------------------------------------------------------
Solution Validates: avg error less than 1.000000e-13 on all three arrays
-------------------------------------------------------------
-------------------------------------------------------------
STREAM version $Revision: 5.10 $
-------------------------------------------------------------
This system uses 8 bytes per array element.
-------------------------------------------------------------
Array size = 10000000 (elements), Offset = 0 (elements)
Memory per array = 76.3 MiB (= 0.1 GiB).
Total memory required = 228.9 MiB (= 0.2 GiB).
Each kernel will be executed 10 times.
 The *best* time for each kernel (excluding the first iteration)
 will be used to compute the reported bandwidth.
-------------------------------------------------------------
Your clock granularity/precision appears to be 1 microseconds.
Each test below will take on the order of 27092 microseconds.
   (= 27092 clock ticks)
Increase the size of the arrays if this shows that
you are not getting at least 20 clock ticks per test.
-------------------------------------------------------------
WARNING -- The above is only a rough guideline.
For best results, please be sure you know the
precision of your system timer.
-------------------------------------------------------------
Function    Best Rate MB/s  Avg time     Min time     Max time
Copy:            4745.2     0.040784     0.033718     0.045020
Scale:           4690.7     0.041227     0.034110     0.044402
Add:             5010.4     0.059009     0.047900     0.061392
Triad:           5834.2     0.057952     0.041137     0.063094
-------------------------------------------------------------
Solution Validates: avg error less than 1.000000e-13 on all three arrays
-------------------------------------------------------------
-------------------------------------------------------------
STREAM version $Revision: 5.10 $
-------------------------------------------------------------
This system uses 8 bytes per array element.
-------------------------------------------------------------
Array size = 10000000 (elements), Offset = 0 (elements)
Memory per array = 76.3 MiB (= 0.1 GiB).
Total memory required = 228.9 MiB (= 0.2 GiB).
Each kernel will be executed 10 times.
 The *best* time for each kernel (excluding the first iteration)
 will be used to compute the reported bandwidth.
-------------------------------------------------------------
Your clock granularity/precision appears to be 1 microseconds.
Each test below will take on the order of 27096 microseconds.
   (= 27096 clock ticks)
Increase the size of the arrays if this shows that
you are not getting at least 20 clock ticks per test.
-------------------------------------------------------------
WARNING -- The above is only a rough guideline.
For best results, please be sure you know the
precision of your system timer.
-------------------------------------------------------------
Function    Best Rate MB/s  Avg time     Min time     Max time
Copy:            4847.9     0.041027     0.033004     0.045258
Scale:           4641.3     0.041310     0.034473     0.044065
Add:             5163.9     0.058977     0.046476     0.061500
Triad:           6113.3     0.057775     0.039259     0.063810
-------------------------------------------------------------
Solution Validates: avg error less than 1.000000e-13 on all three arrays
-------------------------------------------------------------
-------------------------------------------------------------
STREAM version $Revision: 5.10 $
-------------------------------------------------------------
This system uses 8 bytes per array element.
-------------------------------------------------------------
Array size = 10000000 (elements), Offset = 0 (elements)
Memory per array = 76.3 MiB (= 0.1 GiB).
Total memory required = 228.9 MiB (= 0.2 GiB).
Each kernel will be executed 10 times.
 The *best* time for each kernel (excluding the first iteration)
 will be used to compute the reported bandwidth.
-------------------------------------------------------------
Your clock granularity/precision appears to be 1 microseconds.
Each test below will take on the order of 23692 microseconds.
   (= 23692 clock ticks)
Increase the size of the arrays if this shows that
you are not getting at least 20 clock ticks per test.
-------------------------------------------------------------
WARNING -- The above is only a rough guideline.
For best results, please be sure you know the
precision of your system timer.
-------------------------------------------------------------
Function    Best Rate MB/s  Avg time     Min time     Max time
Copy:            4756.5     0.041486     0.033638     0.045366
Scale:           4609.2     0.040201     0.034713     0.041066
Add:             5120.0     0.058720     0.046875     0.061214
Triad:           7032.6     0.057147     0.034127     0.066250
-------------------------------------------------------------
Solution Validates: avg error less than 1.000000e-13 on all three arrays
-------------------------------------------------------------
-------------------------------------------------------------
STREAM version $Revision: 5.10 $
-------------------------------------------------------------
This system uses 8 bytes per array element.
-------------------------------------------------------------
Array size = 10000000 (elements), Offset = 0 (elements)
Memory per array = 76.3 MiB (= 0.1 GiB).
Total memory required = 228.9 MiB (= 0.2 GiB).
Each kernel will be executed 10 times.
 The *best* time for each kernel (excluding the first iteration)
 will be used to compute the reported bandwidth.
-------------------------------------------------------------
Your clock granularity/precision appears to be 1 microseconds.
Each test below will take on the order of 12986 microseconds.
   (= 12986 clock ticks)
Increase the size of the arrays if this shows that
you are not getting at least 20 clock ticks per test.
-------------------------------------------------------------
WARNING -- The above is only a rough guideline.
For best results, please be sure you know the
precision of your system timer.
-------------------------------------------------------------
Function    Best Rate MB/s  Avg time     Min time     Max time
Copy:            3900.0     0.042653     0.041026     0.043862
Scale:           4195.7     0.042554     0.038134     0.044809
Add:             4140.9     0.064785     0.057958     0.066936
Triad:           4340.6     0.062302     0.055292     0.063887
-------------------------------------------------------------
Solution Validates: avg error less than 1.000000e-13 on all three arrays
-------------------------------------------------------------
-------------------------------------------------------------
STREAM version $Revision: 5.10 $
-------------------------------------------------------------
This system uses 8 bytes per array element.
-------------------------------------------------------------
Array size = 10000000 (elements), Offset = 0 (elements)
Memory per array = 76.3 MiB (= 0.1 GiB).
Total memory required = 228.9 MiB (= 0.2 GiB).
Each kernel will be executed 10 times.
 The *best* time for each kernel (excluding the first iteration)
 will be used to compute the reported bandwidth.
-------------------------------------------------------------
Your clock granularity/precision appears to be 1 microseconds.
Each test below will take on the order of 31365 microseconds.
   (= 31365 clock ticks)
Increase the size of the arrays if this shows that
you are not getting at least 20 clock ticks per test.
-------------------------------------------------------------
WARNING -- The above is only a rough guideline.
For best results, please be sure you know the
precision of your system timer.
-------------------------------------------------------------
Function    Best Rate MB/s  Avg time     Min time     Max time
Copy:            4131.5     0.043019     0.038727     0.046338
Scale:           4185.3     0.043073     0.038229     0.046626
Add:             5451.7     0.058854     0.044023     0.064986
Triad:           7220.7     0.058019     0.033238     0.065659
-------------------------------------------------------------
Solution Validates: avg error less than 1.000000e-13 on all three arrays
-------------------------------------------------------------
-------------------------------------------------------------
STREAM version $Revision: 5.10 $
-------------------------------------------------------------
This system uses 8 bytes per array element.
-------------------------------------------------------------
Array size = 10000000 (elements), Offset = 0 (elements)
Memory per array = 76.3 MiB (= 0.1 GiB).
Total memory required = 228.9 MiB (= 0.2 GiB).
Each kernel will be executed 10 times.
 The *best* time for each kernel (excluding the first iteration)
 will be used to compute the reported bandwidth.
-------------------------------------------------------------
Your clock granularity/precision appears to be 1 microseconds.
Each test below will take on the order of 31117 microseconds.
   (= 31117 clock ticks)
Increase the size of the arrays if this shows that
you are not getting at least 20 clock ticks per test.
-------------------------------------------------------------
WARNING -- The above is only a rough guideline.
For best results, please be sure you know the
precision of your system timer.
-------------------------------------------------------------
Function    Best Rate MB/s  Avg time     Min time     Max time
Copy:            4153.5     0.042759     0.038522     0.046266
Scale:           4145.2     0.042978     0.038599     0.046457
Add:             5026.6     0.059282     0.047746     0.064895
Triad:           6579.8     0.058118     0.036475     0.064892
-------------------------------------------------------------
Solution Validates: avg error less than 1.000000e-13 on all three arrays
-------------------------------------------------------------
-------------------------------------------------------------
STREAM version $Revision: 5.10 $
-------------------------------------------------------------
This system uses 8 bytes per array element.
-------------------------------------------------------------
Array size = 10000000 (elements), Offset = 0 (elements)
Memory per array = 76.3 MiB (= 0.1 GiB).
Total memory required = 228.9 MiB (= 0.2 GiB).
Each kernel will be executed 10 times.
 The *best* time for each kernel (excluding the first iteration)
 will be used to compute the reported bandwidth.
-------------------------------------------------------------
Your clock granularity/precision appears to be 1 microseconds.
Each test below will take on the order of 30190 microseconds.
   (= 30190 clock ticks)
Increase the size of the arrays if this shows that
you are not getting at least 20 clock ticks per test.
-------------------------------------------------------------
WARNING -- The above is only a rough guideline.
For best results, please be sure you know the
precision of your system timer.
-------------------------------------------------------------
Function    Best Rate MB/s  Avg time     Min time     Max time
Copy:            4115.3     0.042985     0.038879     0.046425
Scale:           4207.6     0.042718     0.038026     0.046033
Add:             5164.7     0.058862     0.046469     0.064660
Triad:           6929.4     0.058087     0.034635     0.065180
-------------------------------------------------------------
Solution Validates: avg error less than 1.000000e-13 on all three arrays
-------------------------------------------------------------
-------------------------------------------------------------
STREAM version $Revision: 5.10 $
-------------------------------------------------------------
This system uses 8 bytes per array element.
-------------------------------------------------------------
Array size = 10000000 (elements), Offset = 0 (elements)
Memory per array = 76.3 MiB (= 0.1 GiB).
Total memory required = 228.9 MiB (= 0.2 GiB).
Each kernel will be executed 10 times.
 The *best* time for each kernel (excluding the first iteration)
 will be used to compute the reported bandwidth.
-------------------------------------------------------------
Your clock granularity/precision appears to be 1 microseconds.
Each test below will take on the order of 31394 microseconds.
   (= 31394 clock ticks)
Increase the size of the arrays if this shows that
you are not getting at least 20 clock ticks per test.
-------------------------------------------------------------
WARNING -- The above is only a rough guideline.
For best results, please be sure you know the
precision of your system timer.
-------------------------------------------------------------
Function    Best Rate MB/s  Avg time     Min time     Max time
Copy:            4101.8     0.043137     0.039007     0.046767
Scale:           4281.8     0.043267     0.037367     0.046982
Add:             6194.4     0.058492     0.038745     0.065206
Triad:           7773.0     0.057875     0.030876     0.065616
-------------------------------------------------------------
Solution Validates: avg error less than 1.000000e-13 on all three arrays
-------------------------------------------------------------
-------------------------------------------------------------
STREAM version $Revision: 5.10 $
-------------------------------------------------------------
This system uses 8 bytes per array element.
-------------------------------------------------------------
Array size = 10000000 (elements), Offset = 0 (elements)
Memory per array = 76.3 MiB (= 0.1 GiB).
Total memory required = 228.9 MiB (= 0.2 GiB).
Each kernel will be executed 10 times.
 The *best* time for each kernel (excluding the first iteration)
 will be used to compute the reported bandwidth.
-------------------------------------------------------------
Your clock granularity/precision appears to be 1 microseconds.
Each test below will take on the order of 31875 microseconds.
   (= 31875 clock ticks)
Increase the size of the arrays if this shows that
you are not getting at least 20 clock ticks per test.
-------------------------------------------------------------
WARNING -- The above is only a rough guideline.
For best results, please be sure you know the
precision of your system timer.
-------------------------------------------------------------
Function    Best Rate MB/s  Avg time     Min time     Max time
Copy:            4076.1     0.043431     0.039253     0.046827
Scale:           4260.5     0.042804     0.037554     0.046440
Add:             5763.7     0.058774     0.041640     0.065417
Triad:           7713.1     0.058284     0.031116     0.065821
-------------------------------------------------------------
Solution Validates: avg error less than 1.000000e-13 on all three arrays
-------------------------------------------------------------
-------------------------------------------------------------
STREAM version $Revision: 5.10 $
-------------------------------------------------------------
This system uses 8 bytes per array element.
-------------------------------------------------------------
Array size = 10000000 (elements), Offset = 0 (elements)
Memory per array = 76.3 MiB (= 0.1 GiB).
Total memory required = 228.9 MiB (= 0.2 GiB).
Each kernel will be executed 10 times.
 The *best* time for each kernel (excluding the first iteration)
 will be used to compute the reported bandwidth.
-------------------------------------------------------------
Your clock granularity/precision appears to be 1 microseconds.
Each test below will take on the order of 31308 microseconds.
   (= 31308 clock ticks)
Increase the size of the arrays if this shows that
you are not getting at least 20 clock ticks per test.
-------------------------------------------------------------
WARNING -- The above is only a rough guideline.
For best results, please be sure you know the
precision of your system timer.
-------------------------------------------------------------
Function    Best Rate MB/s  Avg time     Min time     Max time
Copy:            4110.9     0.043014     0.038921     0.046609
Scale:           4232.6     0.043261     0.037802     0.046929
Add:             5742.3     0.058871     0.041795     0.065130
Triad:           7360.6     0.057983     0.032606     0.065569
-------------------------------------------------------------
Solution Validates: avg error less than 1.000000e-13 on all three arrays
-------------------------------------------------------------
-------------------------------------------------------------
STREAM version $Revision: 5.10 $
-------------------------------------------------------------
This system uses 8 bytes per array element.
-------------------------------------------------------------
Array size = 10000000 (elements), Offset = 0 (elements)
Memory per array = 76.3 MiB (= 0.1 GiB).
Total memory required = 228.9 MiB (= 0.2 GiB).
Each kernel will be executed 10 times.
 The *best* time for each kernel (excluding the first iteration)
 will be used to compute the reported bandwidth.
-------------------------------------------------------------
Your clock granularity/precision appears to be 1 microseconds.
Each test below will take on the order of 31294 microseconds.
   (= 31294 clock ticks)
Increase the size of the arrays if this shows that
you are not getting at least 20 clock ticks per test.
-------------------------------------------------------------
WARNING -- The above is only a rough guideline.
For best results, please be sure you know the
precision of your system timer.
-------------------------------------------------------------
Function    Best Rate MB/s  Avg time     Min time     Max time
Copy:            4113.1     0.043103     0.038900     0.046792
Scale:           4259.0     0.043271     0.037568     0.046776
Add:             5805.3     0.058728     0.041342     0.065314
Triad:           7640.7     0.058030     0.031411     0.065810
-------------------------------------------------------------
Solution Validates: avg error less than 1.000000e-13 on all three arrays
-------------------------------------------------------------
-------------------------------------------------------------
STREAM version $Revision: 5.10 $
-------------------------------------------------------------
This system uses 8 bytes per array element.
-------------------------------------------------------------
Array size = 10000000 (elements), Offset = 0 (elements)
Memory per array = 76.3 MiB (= 0.1 GiB).
Total memory required = 228.9 MiB (= 0.2 GiB).
Each kernel will be executed 10 times.
 The *best* time for each kernel (excluding the first iteration)
 will be used to compute the reported bandwidth.
-------------------------------------------------------------
Your clock granularity/precision appears to be 1 microseconds.
Each test below will take on the order of 30665 microseconds.
   (= 30665 clock ticks)
Increase the size of the arrays if this shows that
you are not getting at least 20 clock ticks per test.
-------------------------------------------------------------
WARNING -- The above is only a rough guideline.
For best results, please be sure you know the
precision of your system timer.
-------------------------------------------------------------
Function    Best Rate MB/s  Avg time     Min time     Max time
Copy:            4107.1     0.043306     0.038957     0.046899
Scale:           4336.4     0.042908     0.036897     0.046856
Add:             4799.8     0.059812     0.050002     0.065212
Triad:           9262.1     0.057584     0.025912     0.066007
-------------------------------------------------------------
Solution Validates: avg error less than 1.000000e-13 on all three arrays
-------------------------------------------------------------
-------------------------------------------------------------
STREAM version $Revision: 5.10 $
-------------------------------------------------------------
This system uses 8 bytes per array element.
-------------------------------------------------------------
Array size = 10000000 (elements), Offset = 0 (elements)
Memory per array = 76.3 MiB (= 0.1 GiB).
Total memory required = 228.9 MiB (= 0.2 GiB).
Each kernel will be executed 10 times.
 The *best* time for each kernel (excluding the first iteration)
 will be used to compute the reported bandwidth.
-------------------------------------------------------------
Your clock granularity/precision appears to be 1 microseconds.
Each test below will take on the order of 26955 microseconds.
   (= 26955 clock ticks)
Increase the size of the arrays if this shows that
you are not getting at least 20 clock ticks per test.
-------------------------------------------------------------
WARNING -- The above is only a rough guideline.
For best results, please be sure you know the
precision of your system timer.
-------------------------------------------------------------
Function    Best Rate MB/s  Avg time     Min time     Max time
Copy:            4355.0     0.041454     0.036739     0.042590
Scale:           4717.7     0.041728     0.033915     0.044694
Add:             5069.0     0.058946     0.047347     0.062751
Triad:           8491.1     0.054297     0.028265     0.065496
-------------------------------------------------------------
Solution Validates: avg error less than 1.000000e-13 on all three arrays
-------------------------------------------------------------
-------------------------------------------------------------
STREAM version $Revision: 5.10 $
-------------------------------------------------------------
This system uses 8 bytes per array element.
-------------------------------------------------------------
Array size = 10000000 (elements), Offset = 0 (elements)
Memory per array = 76.3 MiB (= 0.1 GiB).
Total memory required = 228.9 MiB (= 0.2 GiB).
Each kernel will be executed 10 times.
 The *best* time for each kernel (excluding the first iteration)
 will be used to compute the reported bandwidth.
-------------------------------------------------------------
Your clock granularity/precision appears to be 1 microseconds.
Each test below will take on the order of 23604 microseconds.
   (= 23604 clock ticks)
Increase the size of the arrays if this shows that
you are not getting at least 20 clock ticks per test.
-------------------------------------------------------------
WARNING -- The above is only a rough guideline.
For best results, please be sure you know the
precision of your system timer.
-------------------------------------------------------------
Function    Best Rate MB/s  Avg time     Min time     Max time
Copy:            4115.3     0.043185     0.038879     0.044907
Scale:           4106.9     0.043643     0.038959     0.045586
Add:             4420.1     0.061608     0.054297     0.062819
Triad:           4834.4     0.061546     0.049644     0.066014
-------------------------------------------------------------
Solution Validates: avg error less than 1.000000e-13 on all three arrays
-------------------------------------------------------------
-------------------------------------------------------------
STREAM version $Revision: 5.10 $
-------------------------------------------------------------
This system uses 8 bytes per array element.
-------------------------------------------------------------
-------------------------------------------------------------
Array size = 10000000 (elements), Offset = 0 (elements)
STREAM version $Revision: 5.10 $
Memory per array = 76.3 MiB (= 0.1 GiB).
-------------------------------------------------------------
Total memory required = 228.9 MiB (= 0.2 GiB).
This system uses 8 bytes per array element.
Each kernel will be executed 10 times.
-------------------------------------------------------------
 The *best* time for each kernel (excluding the first iteration)
Array size = 10000000 (elements), Offset = 0 (elements)
 will be used to compute the reported bandwidth.
Memory per array = 76.3 MiB (= 0.1 GiB).
-------------------------------------------------------------
Total memory required = 228.9 MiB (= 0.2 GiB).
Your clock granularity/precision appears to be 1 microseconds.
Each kernel will be executed 10 times.
Each test below will take on the order of 25278 microseconds.
 The *best* time for each kernel (excluding the first iteration)
   (= 25278 clock ticks)
 will be used to compute the reported bandwidth.
Increase the size of the arrays if this shows that
-------------------------------------------------------------
you are not getting at least 20 clock ticks per test.
Your clock granularity/precision appears to be 1 microseconds.
-------------------------------------------------------------
Each test below will take on the order of 27792 microseconds.
WARNING -- The above is only a rough guideline.
   (= 27792 clock ticks)
For best results, please be sure you know the
Increase the size of the arrays if this shows that
precision of your system timer.
you are not getting at least 20 clock ticks per test.
-------------------------------------------------------------
-------------------------------------------------------------
Function    Best Rate MB/s  Avg time     Min time     Max time
WARNING -- The above is only a rough guideline.
Copy:            4109.2     0.043391     0.038937     0.045092
For best results, please be sure you know the
Scale:           4113.5     0.043494     0.038896     0.045631
precision of your system timer.
Add:             4426.2     0.061578     0.054222     0.062805
-------------------------------------------------------------
Triad:           4936.6     0.061446     0.048617     0.066427
Function    Best Rate MB/s  Avg time     Min time     Max time
-------------------------------------------------------------
Copy:            4773.7     0.041167     0.033517     0.042971
Solution Validates: avg error less than 1.000000e-13 on all three arrays
Scale:           4715.0     0.041438     0.033934     0.043242
-------------------------------------------------------------
Add:             5613.6     0.057877     0.042753     0.063440
Triad:           5240.8     0.057628     0.045795     0.064411
-------------------------------------------------------------
Solution Validates: avg error less than 1.000000e-13 on all three arrays
-------------------------------------------------------------
-------------------------------------------------------------
STREAM version $Revision: 5.10 $
-------------------------------------------------------------
This system uses 8 bytes per array element.
-------------------------------------------------------------
Array size = 10000000 (elements), Offset = 0 (elements)
Memory per array = 76.3 MiB (= 0.1 GiB).
Total memory required = 228.9 MiB (= 0.2 GiB).
Each kernel will be executed 10 times.
 The *best* time for each kernel (excluding the first iteration)
 will be used to compute the reported bandwidth.
-------------------------------------------------------------
Your clock granularity/precision appears to be 1 microseconds.
Each test below will take on the order of 27913 microseconds.
   (= 27913 clock ticks)
Increase the size of the arrays if this shows that
you are not getting at least 20 clock ticks per test.
-------------------------------------------------------------
WARNING -- The above is only a rough guideline.
For best results, please be sure you know the
precision of your system timer.
-------------------------------------------------------------
Function    Best Rate MB/s  Avg time     Min time     Max time
Copy:            4733.7     0.041248     0.033800     0.042971
Scale:           4705.0     0.041406     0.034006     0.043444
Add:             5479.7     0.057830     0.043798     0.063573
Triad:           5373.8     0.057506     0.044661     0.064773
-------------------------------------------------------------
Solution Validates: avg error less than 1.000000e-13 on all three arrays
-------------------------------------------------------------
-------------------------------------------------------------
STREAM version $Revision: 5.10 $
-------------------------------------------------------------
This system uses 8 bytes per array element.
-------------------------------------------------------------
Array size = 10000000 (elements), Offset = 0 (elements)
Memory per array = 76.3 MiB (= 0.1 GiB).
Total memory required = 228.9 MiB (= 0.2 GiB).
Each kernel will be executed 10 times.
 The *best* time for each kernel (excluding the first iteration)
 will be used to compute the reported bandwidth.
-------------------------------------------------------------
Your clock granularity/precision appears to be 1 microseconds.
Each test below will take on the order of 27426 microseconds.
   (= 27426 clock ticks)
Increase the size of the arrays if this shows that
you are not getting at least 20 clock ticks per test.
-------------------------------------------------------------
WARNING -- The above is only a rough guideline.
For best results, please be sure you know the
precision of your system timer.
-------------------------------------------------------------
Function    Best Rate MB/s  Avg time     Min time     Max time
Copy:            4101.0     0.043438     0.039015     0.044921
Scale:           4158.0     0.043058     0.038480     0.045123
Add:             4467.8     0.061517     0.053717     0.062844
Triad:           5388.5     0.061082     0.044539     0.066477
-------------------------------------------------------------
Solution Validates: avg error less than 1.000000e-13 on all three arrays
-------------------------------------------------------------
-------------------------------------------------------------
STREAM version $Revision: 5.10 $
-------------------------------------------------------------
This system uses 8 bytes per array element.
-------------------------------------------------------------
Array size = 10000000 (elements), Offset = 0 (elements)
Memory per array = 76.3 MiB (= 0.1 GiB).
Total memory required = 228.9 MiB (= 0.2 GiB).
Each kernel will be executed 10 times.
 The *best* time for each kernel (excluding the first iteration)
 will be used to compute the reported bandwidth.
-------------------------------------------------------------
Your clock granularity/precision appears to be 1 microseconds.
Each test below will take on the order of 28019 microseconds.
   (= 28019 clock ticks)
Increase the size of the arrays if this shows that
you are not getting at least 20 clock ticks per test.
-------------------------------------------------------------
WARNING -- The above is only a rough guideline.
For best results, please be sure you know the
precision of your system timer.
-------------------------------------------------------------
Function    Best Rate MB/s  Avg time     Min time     Max time
Copy:            4747.3     0.041282     0.033703     0.042676
Scale:           4665.7     0.041497     0.034293     0.043501
Add:             4424.1     0.059040     0.054248     0.064136
Triad:           6117.3     0.056927     0.039233     0.065121
-------------------------------------------------------------
Solution Validates: avg error less than 1.000000e-13 on all three arrays
-------------------------------------------------------------
-------------------------------------------------------------
STREAM version $Revision: 5.10 $
-------------------------------------------------------------
This system uses 8 bytes per array element.
-------------------------------------------------------------
Array size = 10000000 (elements), Offset = 0 (elements)
Memory per array = 76.3 MiB (= 0.1 GiB).
Total memory required = 228.9 MiB (= 0.2 GiB).
Each kernel will be executed 10 times.
 The *best* time for each kernel (excluding the first iteration)
 will be used to compute the reported bandwidth.
-------------------------------------------------------------
Your clock granularity/precision appears to be 1 microseconds.
Each test below will take on the order of 23263 microseconds.
   (= 23263 clock ticks)
Increase the size of the arrays if this shows that
you are not getting at least 20 clock ticks per test.
-------------------------------------------------------------
WARNING -- The above is only a rough guideline.
For best results, please be sure you know the
precision of your system timer.
-------------------------------------------------------------
Function    Best Rate MB/s  Avg time     Min time     Max time
Copy:            4060.5     0.043707     0.039404     0.045401
Scale:           4006.2     0.044641     0.039938     0.047166
Add:             4380.1     0.062032     0.054794     0.063417
Triad:           4735.1     0.061067     0.050685     0.065298
-------------------------------------------------------------
Solution Validates: avg error less than 1.000000e-13 on all three arrays
-------------------------------------------------------------
-------------------------------------------------------------
STREAM version $Revision: 5.10 $
-------------------------------------------------------------
This system uses 8 bytes per array element.
-------------------------------------------------------------
Array size = 10000000 (elements), Offset = 0 (elements)
Memory per array = 76.3 MiB (= 0.1 GiB).
Total memory required = 228.9 MiB (= 0.2 GiB).
Each kernel will be executed 10 times.
 The *best* time for each kernel (excluding the first iteration)
 will be used to compute the reported bandwidth.
-------------------------------------------------------------
Your clock granularity/precision appears to be 1 microseconds.
Each test below will take on the order of 26530 microseconds.
   (= 26530 clock ticks)
Increase the size of the arrays if this shows that
you are not getting at least 20 clock ticks per test.
-------------------------------------------------------------
WARNING -- The above is only a rough guideline.
For best results, please be sure you know the
precision of your system timer.
-------------------------------------------------------------
Function    Best Rate MB/s  Avg time     Min time     Max time
Copy:            4029.9     0.044220     0.039703     0.045604
Scale:           4037.2     0.044372     0.039632     0.046759
Add:             4392.0     0.061887     0.054645     0.063518
Triad:           5168.7     0.060848     0.046433     0.066053
-------------------------------------------------------------
Solution Validates: avg error less than 1.000000e-13 on all three arrays
-------------------------------------------------------------
-------------------------------------------------------------
STREAM version $Revision: 5.10 $
-------------------------------------------------------------
This system uses 8 bytes per array element.
-------------------------------------------------------------
Array size = 10000000 (elements), Offset = 0 (elements)
Memory per array = 76.3 MiB (= 0.1 GiB).
Total memory required = 228.9 MiB (= 0.2 GiB).
Each kernel will be executed 10 times.
 The *best* time for each kernel (excluding the first iteration)
 will be used to compute the reported bandwidth.
-------------------------------------------------------------
Your clock granularity/precision appears to be 1 microseconds.
Each test below will take on the order of 26058 microseconds.
   (= 26058 clock ticks)
Increase the size of the arrays if this shows that
you are not getting at least 20 clock ticks per test.
-------------------------------------------------------------
WARNING -- The above is only a rough guideline.
For best results, please be sure you know the
precision of your system timer.
-------------------------------------------------------------
Function    Best Rate MB/s  Avg time     Min time     Max time
Copy:            4037.7     0.043894     0.039626     0.045289
Scale:           4042.6     0.044445     0.039579     0.047028
Add:             4367.8     0.061953     0.054948     0.063329
Triad:           4891.0     0.060903     0.049070     0.065813
-------------------------------------------------------------
Solution Validates: avg error less than 1.000000e-13 on all three arrays
-------------------------------------------------------------
-------------------------------------------------------------
STREAM version $Revision: 5.10 $
-------------------------------------------------------------
This system uses 8 bytes per array element.
-------------------------------------------------------------
Array size = 10000000 (elements), Offset = 0 (elements)
Memory per array = 76.3 MiB (= 0.1 GiB).
Total memory required = 228.9 MiB (= 0.2 GiB).
Each kernel will be executed 10 times.
 The *best* time for each kernel (excluding the first iteration)
 will be used to compute the reported bandwidth.
-------------------------------------------------------------
Your clock granularity/precision appears to be 1 microseconds.
Each test below will take on the order of 27217 microseconds.
   (= 27217 clock ticks)
Increase the size of the arrays if this shows that
you are not getting at least 20 clock ticks per test.
-------------------------------------------------------------
WARNING -- The above is only a rough guideline.
For best results, please be sure you know the
precision of your system timer.
-------------------------------------------------------------
Function    Best Rate MB/s  Avg time     Min time     Max time
Copy:            4042.7     0.044214     0.039578     0.045582
Scale:           4122.5     0.043461     0.038811     0.045088
Add:             4428.4     0.061629     0.054196     0.064037
Triad:           5127.1     0.060913     0.046810     0.065913
-------------------------------------------------------------
Solution Validates: avg error less than 1.000000e-13 on all three arrays
-------------------------------------------------------------
-------------------------------------------------------------
STREAM version $Revision: 5.10 $
-------------------------------------------------------------
This system uses 8 bytes per array element.
-------------------------------------------------------------
Array size = 10000000 (elements), Offset = 0 (elements)
Memory per array = 76.3 MiB (= 0.1 GiB).
Total memory required = 228.9 MiB (= 0.2 GiB).
Each kernel will be executed 10 times.
 The *best* time for each kernel (excluding the first iteration)
 will be used to compute the reported bandwidth.
-------------------------------------------------------------
Your clock granularity/precision appears to be 1 microseconds.
Each test below will take on the order of 29291 microseconds.
   (= 29291 clock ticks)
Increase the size of the arrays if this shows that
you are not getting at least 20 clock ticks per test.
-------------------------------------------------------------
WARNING -- The above is only a rough guideline.
For best results, please be sure you know the
precision of your system timer.
-------------------------------------------------------------
Function    Best Rate MB/s  Avg time     Min time     Max time
Copy:            4252.8     0.042089     0.037622     0.043245
Scale:           4228.6     0.043654     0.037838     0.045997
Add:             5549.5     0.060783     0.043247     0.066350
Triad:           7725.7     0.058376     0.031065     0.064381
-------------------------------------------------------------
Solution Validates: avg error less than 1.000000e-13 on all three arrays
-------------------------------------------------------------
-------------------------------------------------------------
STREAM version $Revision: 5.10 $
-------------------------------------------------------------
This system uses 8 bytes per array element.
-------------------------------------------------------------
Array size = 10000000 (elements), Offset = 0 (elements)
Memory per array = 76.3 MiB (= 0.1 GiB).
-------------------------------------------------------------
Total memory required = 228.9 MiB (= 0.2 GiB).
STREAM version $Revision: 5.10 $
Each kernel will be executed 10 times.
-------------------------------------------------------------
 The *best* time for each kernel (excluding the first iteration)
This system uses 8 bytes per array element.
 will be used to compute the reported bandwidth.
-------------------------------------------------------------
-------------------------------------------------------------
Array size = 10000000 (elements), Offset = 0 (elements)
Your clock granularity/precision appears to be 1 microseconds.
Memory per array = 76.3 MiB (= 0.1 GiB).
Each test below will take on the order of 28384 microseconds.
Total memory required = 228.9 MiB (= 0.2 GiB).
   (= 28384 clock ticks)
Each kernel will be executed 10 times.
Increase the size of the arrays if this shows that
 The *best* time for each kernel (excluding the first iteration)
you are not getting at least 20 clock ticks per test.
 will be used to compute the reported bandwidth.
-------------------------------------------------------------
-------------------------------------------------------------
WARNING -- The above is only a rough guideline.
Your clock granularity/precision appears to be 1 microseconds.
For best results, please be sure you know the
Each test below will take on the order of 28995 microseconds.
precision of your system timer.
   (= 28995 clock ticks)
-------------------------------------------------------------
Increase the size of the arrays if this shows that
Function    Best Rate MB/s  Avg time     Min time     Max time
you are not getting at least 20 clock ticks per test.
Copy:            4236.4     0.043504     0.037768     0.045015
-------------------------------------------------------------
Scale:           4503.3     0.042622     0.035529     0.045927
WARNING -- The above is only a rough guideline.
Add:             6470.1     0.059154     0.037094     0.064587
For best results, please be sure you know the
Triad:           8556.2     0.057768     0.028050     0.063154
precision of your system timer.
-------------------------------------------------------------
-------------------------------------------------------------
Solution Validates: avg error less than 1.000000e-13 on all three arrays
Function    Best Rate MB/s  Avg time     Min time     Max time
-------------------------------------------------------------
Copy:            4156.6     0.043845     0.038493     0.045685
Scale:           4677.1     0.042532     0.034209     0.045871
Add:             6979.7     0.059109     0.034385     0.064686
Triad:           9288.7     0.057841     0.025838     0.063667
-------------------------------------------------------------
Solution Validates: avg error less than 1.000000e-13 on all three arrays
-------------------------------------------------------------
-------------------------------------------------------------
STREAM version $Revision: 5.10 $
-------------------------------------------------------------
This system uses 8 bytes per array element.
-------------------------------------------------------------
Array size = 10000000 (elements), Offset = 0 (elements)
Memory per array = 76.3 MiB (= 0.1 GiB).
Total memory required = 228.9 MiB (= 0.2 GiB).
Each kernel will be executed 10 times.
 The *best* time for each kernel (excluding the first iteration)
 will be used to compute the reported bandwidth.
-------------------------------------------------------------
Your clock granularity/precision appears to be 1 microseconds.
Each test below will take on the order of 28797 microseconds.
   (= 28797 clock ticks)
Increase the size of the arrays if this shows that
you are not getting at least 20 clock ticks per test.
-------------------------------------------------------------
WARNING -- The above is only a rough guideline.
For best results, please be sure you know the
precision of your system timer.
-------------------------------------------------------------
Function    Best Rate MB/s  Avg time     Min time     Max time
Copy:            4218.3     0.043460     0.037930     0.044933
Scale:           4454.3     0.042768     0.035920     0.045942
Add:             4864.2     0.060607     0.049340     0.064806
Triad:           9664.6     0.057480     0.024833     0.063414
-------------------------------------------------------------
Solution Validates: avg error less than 1.000000e-13 on all three arrays
-------------------------------------------------------------
-------------------------------------------------------------
STREAM version $Revision: 5.10 $
-------------------------------------------------------------
This system uses 8 bytes per array element.
-------------------------------------------------------------
Array size = 10000000 (elements), Offset = 0 (elements)
Memory per array = 76.3 MiB (= 0.1 GiB).
Total memory required = 228.9 MiB (= 0.2 GiB).
Each kernel will be executed 10 times.
 The *best* time for each kernel (excluding the first iteration)
 will be used to compute the reported bandwidth.
-------------------------------------------------------------
Your clock granularity/precision appears to be 1 microseconds.
Each test below will take on the order of 30509 microseconds.
   (= 30509 clock ticks)
Increase the size of the arrays if this shows that
you are not getting at least 20 clock ticks per test.
-------------------------------------------------------------
WARNING -- The above is only a rough guideline.
For best results, please be sure you know the
precision of your system timer.
-------------------------------------------------------------
Function    Best Rate MB/s  Avg time     Min time     Max time
Copy:            4248.8     0.043513     0.037658     0.045936
Scale:           4809.6     0.043042     0.033267     0.046863
Add:             6949.7     0.059228     0.034534     0.064205
Triad:           8998.2     0.057471     0.026672     0.062646
-------------------------------------------------------------
Solution Validates: avg error less than 1.000000e-13 on all three arrays
-------------------------------------------------------------
-------------------------------------------------------------
STREAM version $Revision: 5.10 $
-------------------------------------------------------------
This system uses 8 bytes per array element.
-------------------------------------------------------------
Array size = 10000000 (elements), Offset = 0 (elements)
Memory per array = 76.3 MiB (= 0.1 GiB).
-------------------------------------------------------------
Total memory required = 228.9 MiB (= 0.2 GiB).
STREAM version $Revision: 5.10 $
Each kernel will be executed 10 times.
-------------------------------------------------------------
 The *best* time for each kernel (excluding the first iteration)
This system uses 8 bytes per array element.
 will be used to compute the reported bandwidth.
-------------------------------------------------------------
-------------------------------------------------------------
Array size = 10000000 (elements), Offset = 0 (elements)
Your clock granularity/precision appears to be 1 microseconds.
Memory per array = 76.3 MiB (= 0.1 GiB).
Each test below will take on the order of 30147 microseconds.
Total memory required = 228.9 MiB (= 0.2 GiB).
   (= 30147 clock ticks)
Each kernel will be executed 10 times.
Increase the size of the arrays if this shows that
 The *best* time for each kernel (excluding the first iteration)
you are not getting at least 20 clock ticks per test.
 will be used to compute the reported bandwidth.
-------------------------------------------------------------
-------------------------------------------------------------
WARNING -- The above is only a rough guideline.
Your clock granularity/precision appears to be 1 microseconds.
For best results, please be sure you know the
Each test below will take on the order of 30466 microseconds.
precision of your system timer.
   (= 30466 clock ticks)
-------------------------------------------------------------
Increase the size of the arrays if this shows that
Function    Best Rate MB/s  Avg time     Min time     Max time
you are not getting at least 20 clock ticks per test.
Copy:            4252.8     0.043306     0.037622     0.045203
-------------------------------------------------------------
Scale:           4649.0     0.043157     0.034416     0.046698
WARNING -- The above is only a rough guideline.
Add:             6314.3     0.059611     0.038009     0.064472
For best results, please be sure you know the
Triad:           8573.0     0.057546     0.027995     0.062845
precision of your system timer.
-------------------------------------------------------------
-------------------------------------------------------------
Solution Validates: avg error less than 1.000000e-13 on all three arrays
Function    Best Rate MB/s  Avg time     Min time     Max time
-------------------------------------------------------------
Copy:            4241.8     0.043683     0.037720     0.046141
Scale:           4758.5     0.043148     0.033624     0.046600
Add:             7020.4     0.059163     0.034186     0.064189
Triad:           9008.4     0.057590     0.026642     0.062852
-------------------------------------------------------------
Solution Validates: avg error less than 1.000000e-13 on all three arrays
-------------------------------------------------------------
-------------------------------------------------------------
STREAM version $Revision: 5.10 $
-------------------------------------------------------------
This system uses 8 bytes per array element.
-------------------------------------------------------------
Array size = 10000000 (elements), Offset = 0 (elements)
Memory per array = 76.3 MiB (= 0.1 GiB).
Total memory required = 228.9 MiB (= 0.2 GiB).
Each kernel will be executed 10 times.
 The *best* time for each kernel (excluding the first iteration)
 will be used to compute the reported bandwidth.
-------------------------------------------------------------
Your clock granularity/precision appears to be 1 microseconds.
Each test below will take on the order of 28588 microseconds.
   (= 28588 clock ticks)
Increase the size of the arrays if this shows that
you are not getting at least 20 clock ticks per test.
-------------------------------------------------------------
WARNING -- The above is only a rough guideline.
For best results, please be sure you know the
precision of your system timer.
-------------------------------------------------------------
Function    Best Rate MB/s  Avg time     Min time     Max time
Copy:            4251.8     0.043673     0.037631     0.046661
Scale:           4830.8     0.042682     0.033121     0.046526
Add:             6875.8     0.059032     0.034905     0.064240
Triad:           9109.1     0.057640     0.026347     0.062842
-------------------------------------------------------------
Solution Validates: avg error less than 1.000000e-13 on all three arrays
-------------------------------------------------------------
START OF JOBSPEC
{"resources": [{"type": "node", "count": 1, "exclusive": true, "with": [{"type": "slot", "count": 56, "with": [{"type": "core", "count": 1}], "label": "task"}]}], "tasks": [{"command": ["singularity", "exec", "/opt/containers/metric-stream_rocky-8.sif", "stream_c.exe"], "slot": "task", "count": {"per_slot": 1}}], "attributes": {"system": {"duration": 0, "cwd": "/home/sochat1_llnl_gov", "shell": {"options": {"rlimit": {"cpu": -1, "fsize": -1, "data": -1, "stack": 8388608, "core": 0, "nofile": 262144, "as": -1, "rss": -1, "nproc": 1803560}, "cpu-affinity": "per-task"}}, "constraints": {"hostlist": ["flux-073"]}}, "user": {"study_id": "stream-1-iter-2-node-73"}}, "version": 1}
START OF EVENTLOG
{"timestamp":1724813471.545505,"name":"init"}
{"timestamp":1724813471.5467639,"name":"starting"}
{"timestamp":1724813471.5641944,"name":"shell.init","context":{"service":"1356918789-shell-fLnVR7u1","leader-rank":72,"size":1}}
{"timestamp":1724813471.698225,"name":"shell.start","context":{"taskmap":{"version":1,"map":[[0,1,56,1]]}}}
{"timestamp":1724813472.8254113,"name":"shell.task-exit","context":{"localid":24,"rank":24,"state":"Exited","pid":6843,"wait_status":0,"signaled":0,"exitcode":0}}
{"timestamp":1724813474.2255046,"name":"complete","context":{"status":0}}
{"timestamp":1724813474.2255204,"name":"done"}

