 STREAM Benchmark implementation in CUDA
 Array size (double precision) = 536.87 MB
 using 192 threads per block, 349526 blocks
 output in IEC units (KiB = 1024 B)

Function      Rate (GiB/s)  Avg time(s)  Min time(s)  Max time(s)
-----------------------------------------------------------------
Copy:         750.1885      0.00133374   0.00133300   0.00133705
Scale:        750.8600      0.00133428   0.00133181   0.00134802
Add:          783.2988      0.00191665   0.00191498   0.00191903
Triad:        783.2988      0.00191749   0.00191498   0.00193405
 STREAM Benchmark implementation in CUDA
 Array size (double precision) = 536.87 MB
 using 192 threads per block, 349526 blocks
 output in IEC units (KiB = 1024 B)

Function      Rate (GiB/s)  Avg time(s)  Min time(s)  Max time(s)
-----------------------------------------------------------------
Copy:         750.1885      0.00133499   0.00133300   0.00134492
Scale:        750.1885      0.00133571   0.00133300   0.00134683
Add:          784.1775      0.00191691   0.00191283   0.00193214
Triad:        783.7867      0.00191799   0.00191379   0.00193119
 STREAM Benchmark implementation in CUDA
 Array size (double precision) = 536.87 MB
 using 192 threads per block, 349526 blocks
 output in IEC units (KiB = 1024 B)

Function      Rate (GiB/s)  Avg time(s)  Min time(s)  Max time(s)
-----------------------------------------------------------------
Copy:         750.1885      0.00133576   0.00133300   0.00136399
Scale:        750.1885      0.00133420   0.00133300   0.00133681
Add:          784.1775      0.00191374   0.00191283   0.00191593
Triad:        784.0798      0.00191394   0.00191307   0.00191522
 STREAM Benchmark implementation in CUDA
 Array size (double precision) = 536.87 MB
 using 192 threads per block, 349526 blocks
 output in IEC units (KiB = 1024 B)

Function      Rate (GiB/s)  Avg time(s)  Min time(s)  Max time(s)
-----------------------------------------------------------------
Copy:         749.6522      0.00134030   0.00133395   0.00143695
Scale:        749.6522      0.00133596   0.00133395   0.00135088
Add:          784.1775      0.00191438   0.00191283   0.00191617
Triad:        784.0798      0.00191431   0.00191307   0.00191689
 STREAM Benchmark implementation in CUDA
 Array size (double precision) = 536.87 MB
 using 192 threads per block, 349526 blocks
 output in IEC units (KiB = 1024 B)

Function      Rate (GiB/s)  Avg time(s)  Min time(s)  Max time(s)
-----------------------------------------------------------------
Copy:         750.1885      0.00133482   0.00133300   0.00133705
Scale:        750.1885      0.00133440   0.00133300   0.00133705
Add:          784.1775      0.00191489   0.00191283   0.00191712
Triad:        783.6891      0.00191522   0.00191402   0.00191712
 STREAM Benchmark implementation in CUDA
 Array size (double precision) = 536.87 MB
 using 192 threads per block, 349526 blocks
 output in IEC units (KiB = 1024 B)

Function      Rate (GiB/s)  Avg time(s)  Min time(s)  Max time(s)
-----------------------------------------------------------------
Copy:         750.1885      0.00133556   0.00133300   0.00135612
Scale:        750.1885      0.00133401   0.00133300   0.00133586
Add:          783.7867      0.00191502   0.00191379   0.00191593
Triad:        783.6891      0.00191542   0.00191402   0.00192499
 STREAM Benchmark implementation in CUDA
 Array size (double precision) = 536.87 MB
 using 192 threads per block, 349526 blocks
 output in IEC units (KiB = 1024 B)

Function      Rate (GiB/s)  Avg time(s)  Min time(s)  Max time(s)
-----------------------------------------------------------------
Copy:         750.7256      0.00133440   0.00133204   0.00134015
Scale:        750.1885      0.00133460   0.00133300   0.00134706
Add:          782.9089      0.00191685   0.00191593   0.00191903
Triad:        783.2988      0.00191657   0.00191498   0.00191903
 STREAM Benchmark implementation in CUDA
 Array size (double precision) = 536.87 MB
 using 192 threads per block, 349526 blocks
 output in IEC units (KiB = 1024 B)

Function      Rate (GiB/s)  Avg time(s)  Min time(s)  Max time(s)
-----------------------------------------------------------------
Copy:         749.6522      0.00133577   0.00133395   0.00134611
Scale:        749.6522      0.00133567   0.00133395   0.00133801
Add:          784.0798      0.00191466   0.00191307   0.00191712
Triad:        783.6891      0.00191515   0.00191402   0.00191712
 STREAM Benchmark implementation in CUDA
 Array size (double precision) = 536.87 MB
 using 192 threads per block, 349526 blocks
 output in IEC units (KiB = 1024 B)

Function      Rate (GiB/s)  Avg time(s)  Min time(s)  Max time(s)
-----------------------------------------------------------------
Copy:         750.1885      0.00133464   0.00133300   0.00134206
Scale:        750.1885      0.00133556   0.00133300   0.00135112
Add:          784.5686      0.00191509   0.00191188   0.00191808
Triad:        783.6891      0.00191616   0.00191402   0.00191998
 STREAM Benchmark implementation in CUDA
 Array size (double precision) = 536.87 MB
 using 192 threads per block, 349526 blocks
 output in IEC units (KiB = 1024 B)

Function      Rate (GiB/s)  Avg time(s)  Min time(s)  Max time(s)
-----------------------------------------------------------------
Copy:         750.1885      0.00133406   0.00133300   0.00133586
Scale:        750.1885      0.00133477   0.00133300   0.00134301
Add:          784.1775      0.00191441   0.00191283   0.00191712
Triad:        784.0798      0.00191465   0.00191307   0.00191712
 STREAM Benchmark implementation in CUDA
 Array size (double precision) = 536.87 MB
 using 192 threads per block, 349526 blocks
 output in IEC units (KiB = 1024 B)

Function      Rate (GiB/s)  Avg time(s)  Min time(s)  Max time(s)
-----------------------------------------------------------------
Copy:         750.1885      0.00134492   0.00133300   0.00151014
Scale:        750.1885      0.00133460   0.00133300   0.00133586
Add:          782.9089      0.00191822   0.00191593   0.00192809
Triad:        782.9089      0.00191754   0.00191593   0.00192308
 STREAM Benchmark implementation in CUDA
 STREAM Benchmark implementation in CUDA
 Array size (double precision) = 536.87 MB
 Array size (double precision) = 536.87 MB
 using 192 threads per block, 349526 blocks
 using 192 threads per block, 349526 blocks
 output in IEC units (KiB = 1024 B)
 output in IEC units (KiB = 1024 B)


Function      Rate (GiB/s)  Avg time(s)  Min time(s)  Max time(s)
Function      Rate (GiB/s)  Avg time(s)  Min time(s)  Max time(s)
-----------------------------------------------------------------
-----------------------------------------------------------------
Copy:         749.6522      0.00141523   0.00133395   0.00287294
Copy:         750.1885      0.00133414   0.00133300   0.00134277
Scale:        750.1885      0.00133468   0.00133300   0.00133705
Scale:        750.7256      0.00133374   0.00133204   0.00133586
 STREAM Benchmark implementation in CUDA
Add:          782.9089      0.00191707   0.00191593   0.00191808
Add:          782.9089      0.00191754   0.00191593   0.00192904
 Array size (double precision) = 536.87 MB
Triad:        782.8115      0.00191724   0.00191617   0.00191879
Triad:        782.9089      0.00191675   0.00191593   0.00191808
 using 192 threads per block, 349526 blocks
 output in IEC units (KiB = 1024 B)

Function      Rate (GiB/s)  Avg time(s)  Min time(s)  Max time(s)
-----------------------------------------------------------------
Copy:         750.1885      0.00143026   0.00133300   0.00312400
Scale:        750.1885      0.00133470   0.00133300   0.00133991
Add:          784.1775      0.00194066   0.00191283   0.00241518
Triad:        784.0798      0.00191558   0.00191307   0.00192285
 STREAM Benchmark implementation in CUDA
 Array size (double precision) = 536.87 MB
 using 192 threads per block, 349526 blocks
 output in IEC units (KiB = 1024 B)

Function      Rate (GiB/s)  Avg time(s)  Min time(s)  Max time(s)
-----------------------------------------------------------------
Copy:         750.1885      0.00133496   0.00133300   0.00134706
Scale:        750.1885      0.00133496   0.00133300   0.00134110
Add:          784.1775      0.00191602   0.00191283   0.00192904
Triad:        783.6891      0.00191589   0.00191402   0.00191808
 STREAM Benchmark implementation in CUDA
 Array size (double precision) = 536.87 MB
 using 192 threads per block, 349526 blocks
 output in IEC units (KiB = 1024 B)

Function      Rate (GiB/s)  Avg time(s)  Min time(s)  Max time(s)
-----------------------------------------------------------------
Copy:         750.1885      0.00133366   0.00133300   0.00133514
Scale:        750.1885      0.00133371   0.00133300   0.00133586
Add:          782.9089      0.00191753   0.00191593   0.00193119
Triad:        783.2988      0.00191704   0.00191498   0.00192809
 STREAM Benchmark implementation in CUDA
 Array size (double precision) = 536.87 MB
 using 192 threads per block, 349526 blocks
 output in IEC units (KiB = 1024 B)

Function      Rate (GiB/s)  Avg time(s)  Min time(s)  Max time(s)
-----------------------------------------------------------------
Copy:         750.1885      0.00133476   0.00133300   0.00134397
Scale:        750.1885      0.00133435   0.00133300   0.00133514
Add:          783.6891      0.00191549   0.00191402   0.00192094
Triad:        783.6891      0.00191572   0.00191402   0.00191998
 STREAM Benchmark implementation in CUDA
 Array size (double precision) = 536.87 MB
 using 192 threads per block, 349526 blocks
 output in IEC units (KiB = 1024 B)

Function      Rate (GiB/s)  Avg time(s)  Min time(s)  Max time(s)
-----------------------------------------------------------------
Copy:         749.6522      0.00142308   0.00133395   0.00300598
Scale:        749.6522      0.00133610   0.00133395   0.00135303
Add:          783.6891      0.00191474   0.00191402   0.00191617
Triad:        783.7867      0.00191509   0.00191379   0.00191712
 STREAM Benchmark implementation in CUDA
 Array size (double precision) = 536.87 MB
 using 192 threads per block, 349526 blocks
 output in IEC units (KiB = 1024 B)

Function      Rate (GiB/s)  Avg time(s)  Min time(s)  Max time(s)
-----------------------------------------------------------------
Copy:         749.6522      0.00133498   0.00133395   0.00133801
Scale:        749.6522      0.00133519   0.00133395   0.00133705
Add:          784.0798      0.00191458   0.00191307   0.00191593
Triad:        783.7867      0.00191461   0.00191379   0.00191689
 STREAM Benchmark implementation in CUDA
 Array size (double precision) = 536.87 MB
 using 192 threads per block, 349526 blocks
 output in IEC units (KiB = 1024 B)

Function      Rate (GiB/s)  Avg time(s)  Min time(s)  Max time(s)
-----------------------------------------------------------------
Copy:         749.6522      0.00133474   0.00133395   0.00133610
Scale:        750.1885      0.00133492   0.00133300   0.00133801
Add:          783.7867      0.00191504   0.00191379   0.00191712
Triad:        783.6891      0.00191552   0.00191402   0.00192308
 STREAM Benchmark implementation in CUDA
 Array size (double precision) = 536.87 MB
 using 192 threads per block, 349526 blocks
 output in IEC units (KiB = 1024 B)

Function      Rate (GiB/s)  Avg time(s)  Min time(s)  Max time(s)
-----------------------------------------------------------------
Copy:         750.7256      0.00133326   0.00133204   0.00133514
Scale:        750.7256      0.00133380   0.00133204   0.00133514
Add:          783.2988      0.00191632   0.00191498   0.00191998
Triad:        783.2988      0.00191616   0.00191498   0.00191808
 STREAM Benchmark implementation in CUDA
 Array size (double precision) = 536.87 MB
 using 192 threads per block, 349526 blocks
 output in IEC units (KiB = 1024 B)

Function      Rate (GiB/s)  Avg time(s)  Min time(s)  Max time(s)
-----------------------------------------------------------------
Copy:         750.1885      0.00133376   0.00133300   0.00133586
Scale:        750.1885      0.00133504   0.00133300   0.00134516
Add:          784.1775      0.00191435   0.00191283   0.00191617
Triad:        784.0798      0.00199475   0.00191307   0.00342607
 STREAM Benchmark implementation in CUDA
 Array size (double precision) = 536.87 MB
 using 192 threads per block, 349526 blocks
 output in IEC units (KiB = 1024 B)

Function      Rate (GiB/s)  Avg time(s)  Min time(s)  Max time(s)
-----------------------------------------------------------------
Copy:         750.1885      0.00133405   0.00133300   0.00133705
Scale:        750.1885      0.00133481   0.00133300   0.00133991
Add:          784.1775      0.00191415   0.00191283   0.00191712
Triad:        784.5686      0.00191473   0.00191188   0.00192285
 STREAM Benchmark implementation in CUDA
 STREAM Benchmark implementation in CUDA
 Array size (double precision) = 536.87 MB
 Array size (double precision) = 536.87 MB
 using 192 threads per block, 349526 blocks
 using 192 threads per block, 349526 blocks
 output in IEC units (KiB = 1024 B)
 output in IEC units (KiB = 1024 B)


Function      Rate (GiB/s)  Avg time(s)  Min time(s)  Max time(s)
Function      Rate (GiB/s)  Avg time(s)  Min time(s)  Max time(s)
-----------------------------------------------------------------
-----------------------------------------------------------------
Copy:         750.1885      0.00133467   0.00133300   0.00134706
Copy:         750.1885      0.00133424   0.00133300   0.00134015
Scale:        750.1885      0.00133606   0.00133300   0.00134897
Scale:        750.1885      0.00133398   0.00133300   0.00133514
Add:          782.9089      0.00191776   0.00191593   0.00192404
Add:          783.2988      0.00191995   0.00191498   0.00196600
Triad:        782.9089      0.00191810   0.00191593   0.00192714
Triad:        782.9089      0.00191710   0.00191593   0.00191998
 STREAM Benchmark implementation in CUDA
 Array size (double precision) = 536.87 MB
 using 192 threads per block, 349526 blocks
 STREAM Benchmark implementation in CUDA
 output in IEC units (KiB = 1024 B)
 Array size (double precision) = 536.87 MB

 using 192 threads per block, 349526 blocks
Function      Rate (GiB/s)  Avg time(s)  Min time(s)  Max time(s)
 output in IEC units (KiB = 1024 B)
-----------------------------------------------------------------

Copy:         749.6522      0.00133553   0.00133395   0.00134516
Function      Rate (GiB/s)  Avg time(s)  Min time(s)  Max time(s)
Scale:        749.6522      0.00133622   0.00133395   0.00134611
-----------------------------------------------------------------
Add:          783.6891      0.00191786   0.00191402   0.00194693
Copy:         749.6522      0.00133522   0.00133395   0.00134015
Triad:        783.6891      0.00191657   0.00191402   0.00193501
Scale:        749.6522      0.00133508   0.00133395   0.00133705
Add:          784.1775      0.00191450   0.00191283   0.00191689
Triad:        784.1775      0.00191568   0.00191283   0.00192690
 STREAM Benchmark implementation in CUDA
 Array size (double precision) = 536.87 MB
 using 192 threads per block, 349526 blocks
 output in IEC units (KiB = 1024 B)

Function      Rate (GiB/s)  Avg time(s)  Min time(s)  Max time(s)
-----------------------------------------------------------------
Copy:         750.1885      0.00133454   0.00133300   0.00133801
Scale:        750.1885      0.00133516   0.00133300   0.00134492
Add:          784.1775      0.00191396   0.00191283   0.00191522
Triad:        784.1775      0.00191439   0.00191283   0.00191689
 STREAM Benchmark implementation in CUDA
 Array size (double precision) = 536.87 MB
 using 192 threads per block, 349526 blocks
 output in IEC units (KiB = 1024 B)

Function      Rate (GiB/s)  Avg time(s)  Min time(s)  Max time(s)
-----------------------------------------------------------------
Copy:         749.6522      0.00133497   0.00133395   0.00133610
Scale:        749.6522      0.00133509   0.00133395   0.00133801
Add:          783.7867      0.00200274   0.00191379   0.00357008
Triad:        784.1775      0.00191599   0.00191283   0.00192285
 STREAM Benchmark implementation in CUDA
 Array size (double precision) = 536.87 MB
 using 192 threads per block, 349526 blocks
 output in IEC units (KiB = 1024 B)

Function      Rate (GiB/s)  Avg time(s)  Min time(s)  Max time(s)
-----------------------------------------------------------------
Copy:         750.1885      0.00133440   0.00133300   0.00133705
Scale:        750.7256      0.00133420   0.00133204   0.00133610
Add:          784.0798      0.00191464   0.00191307   0.00191689
Triad:        784.0798      0.00199681   0.00191307   0.00345802
 STREAM Benchmark implementation in CUDA
 Array size (double precision) = 536.87 MB
 using 192 threads per block, 349526 blocks
 output in IEC units (KiB = 1024 B)

Function      Rate (GiB/s)  Avg time(s)  Min time(s)  Max time(s)
-----------------------------------------------------------------
Copy:         750.1885      0.00133434   0.00133300   0.00133705
Scale:        750.1885      0.00133527   0.00133300   0.00134492
Add:          784.1775      0.00191494   0.00191283   0.00192595
Triad:        784.1775      0.00191508   0.00191283   0.00193095
 STREAM Benchmark implementation in CUDA
 Array size (double precision) = 536.87 MB
 using 192 threads per block, 349526 blocks
 output in IEC units (KiB = 1024 B)

Function      Rate (GiB/s)  Avg time(s)  Min time(s)  Max time(s)
-----------------------------------------------------------------
Copy:         750.1885      0.00133408   0.00133300   0.00133586
Scale:        750.1885      0.00133371   0.00133300   0.00133491
Add:          782.9089      0.00191784   0.00191593   0.00193405
Triad:        782.9089      0.00191663   0.00191593   0.00191808
 STREAM Benchmark implementation in CUDA
 Array size (double precision) = 536.87 MB
 using 192 threads per block, 349526 blocks
 output in IEC units (KiB = 1024 B)

Function      Rate (GiB/s)  Avg time(s)  Min time(s)  Max time(s)
-----------------------------------------------------------------
Copy:         750.1885      0.00133595   0.00133300   0.00135088
Scale:        750.1885      0.00133562   0.00133300   0.00134492
Add:          784.1775      0.00193132   0.00191283   0.00217605
Triad:        784.1775      0.00191770   0.00191283   0.00195789
 STREAM Benchmark implementation in CUDA
 Array size (double precision) = 536.87 MB
 using 192 threads per block, 349526 blocks
 output in IEC units (KiB = 1024 B)

Function      Rate (GiB/s)  Avg time(s)  Min time(s)  Max time(s)
-----------------------------------------------------------------
Copy:         749.6522      0.00133563   0.00133395   0.00134516
Scale:        749.6522      0.00133492   0.00133395   0.00133705
Add:          784.0798      0.00199742   0.00191307   0.00348592
Triad:        783.6891      0.00191562   0.00191402   0.00192380
 STREAM Benchmark implementation in CUDA
 Array size (double precision) = 536.87 MB
 using 192 threads per block, 349526 blocks
 output in IEC units (KiB = 1024 B)

Function      Rate (GiB/s)  Avg time(s)  Min time(s)  Max time(s)
-----------------------------------------------------------------
Copy:         750.1885      0.00133507   0.00133300   0.00134110
Scale:        750.1885      0.00133640   0.00133300   0.00135112
Add:          783.7867      0.00191604   0.00191379   0.00192714
Triad:        783.6891      0.00191586   0.00191402   0.00191808
 STREAM Benchmark implementation in CUDA
 Array size (double precision) = 536.87 MB
 using 192 threads per block, 349526 blocks
 output in IEC units (KiB = 1024 B)

Function      Rate (GiB/s)  Avg time(s)  Min time(s)  Max time(s)
-----------------------------------------------------------------
Copy:         750.1885      0.00133437   0.00133300   0.00133586
Scale:        750.1885      0.00133540   0.00133300   0.00135303
Add:          784.1775      0.00191480   0.00191283   0.00191712
Triad:        784.1775      0.00191533   0.00191283   0.00192595
 STREAM Benchmark implementation in CUDA
 Array size (double precision) = 536.87 MB
 using 192 threads per block, 349526 blocks
 output in IEC units (KiB = 1024 B)

Function      Rate (GiB/s)  Avg time(s)  Min time(s)  Max time(s)
-----------------------------------------------------------------
Copy:         750.1885      0.00133406   0.00133300   0.00133610
Scale:        750.1885      0.00133992   0.00133300   0.00143886
Add:          782.9089      0.00191732   0.00191593   0.00192404
Triad:        782.9089      0.00200518   0.00191593   0.00359201
 STREAM Benchmark implementation in CUDA
 Array size (double precision) = 536.87 MB
 using 192 threads per block, 349526 blocks
 output in IEC units (KiB = 1024 B)

 STREAM Benchmark implementation in CUDA
Function      Rate (GiB/s)  Avg time(s)  Min time(s)  Max time(s)
 Array size (double precision) = 536.87 MB
-----------------------------------------------------------------
 using 192 threads per block, 349526 blocks
Copy:         750.1885      0.00133578   0.00133300   0.00134587
 output in IEC units (KiB = 1024 B)
Scale:        749.6522      0.00133467   0.00133395   0.00133514

Add:          783.7867      0.00191549   0.00191379   0.00192595
Function      Rate (GiB/s)  Avg time(s)  Min time(s)  Max time(s)
Triad:        783.6891      0.00191515   0.00191402   0.00191808
-----------------------------------------------------------------
 STREAM Benchmark implementation in CUDA
Copy:         750.1885      0.00133384   0.00133300   0.00133610
 Array size (double precision) = 536.87 MB
Scale:        750.1885      0.00133408   0.00133300   0.00133681
 using 192 threads per block, 349526 blocks
Add:          784.0798      0.00191505   0.00191307   0.00192904
 output in IEC units (KiB = 1024 B)
Triad:        784.4708      0.00199666   0.00191212   0.00348496

Function      Rate (GiB/s)  Avg time(s)  Min time(s)  Max time(s)
-----------------------------------------------------------------
Copy:         750.1885      0.00133622   0.00133300   0.00134802
Scale:        750.1885      0.00133494   0.00133300   0.00133610
Add:          784.1775      0.00191533   0.00191283   0.00192094
Triad:        784.0798      0.00191572   0.00191307   0.00192404
 STREAM Benchmark implementation in CUDA
 Array size (double precision) = 536.87 MB
 using 192 threads per block, 349526 blocks
 output in IEC units (KiB = 1024 B)

Function      Rate (GiB/s)  Avg time(s)  Min time(s)  Max time(s)
-----------------------------------------------------------------
Copy:         749.6522      0.00133503   0.00133395   0.00134706
Scale:        750.1885      0.00133627   0.00133300   0.00136900
Add:          784.0798      0.00191465   0.00191307   0.00191712
Triad:        784.1775      0.00191489   0.00191283   0.00192094
 STREAM Benchmark implementation in CUDA
 STREAM Benchmark implementation in CUDA
 Array size (double precision) = 536.87 MB
 Array size (double precision) = 536.87 MB
 using 192 threads per block, 349526 blocks
 using 192 threads per block, 349526 blocks
 output in IEC units (KiB = 1024 B)
 output in IEC units (KiB = 1024 B)


Function      Rate (GiB/s)  Avg time(s)  Min time(s)  Max time(s)
Function      Rate (GiB/s)  Avg time(s)  Min time(s)  Max time(s)
-----------------------------------------------------------------
-----------------------------------------------------------------
Copy:         750.7256      0.00133415   0.00133204   0.00133681
Copy:         749.6522      0.00133445   0.00133395   0.00133610
Scale:        750.1885      0.00133470   0.00133300   0.00134110
Scale:        749.6522      0.00133555   0.00133395   0.00134206
Add:          784.1775      0.00191419   0.00191283   0.00191784
Add:          784.0798      0.00191499   0.00191307   0.00192094
Triad:        784.1775      0.00191522   0.00191283   0.00192904
Triad:        784.0798      0.00191533   0.00191307   0.00192094
 STREAM Benchmark implementation in CUDA
 Array size (double precision) = 536.87 MB
 using 192 threads per block, 349526 blocks
 output in IEC units (KiB = 1024 B)

Function      Rate (GiB/s)  Avg time(s)  Min time(s)  Max time(s)
-----------------------------------------------------------------
Copy:         750.1885      0.00133443   0.00133300   0.00133705
Scale:        750.1885      0.00133460   0.00133300   0.00133610
Add:          784.0798      0.00191464   0.00191307   0.00191808
Triad:        783.6891      0.00192573   0.00191402   0.00211382
 STREAM Benchmark implementation in CUDA
 Array size (double precision) = 536.87 MB
 using 192 threads per block, 349526 blocks
 output in IEC units (KiB = 1024 B)

Function      Rate (GiB/s)  Avg time(s)  Min time(s)  Max time(s)
-----------------------------------------------------------------
Copy:         750.1885      0.00133439   0.00133300   0.00133610
Scale:        750.1885      0.00133501   0.00133300   0.00134492
Add:          783.7867      0.00191579   0.00191379   0.00191808
Triad:        783.6891      0.00191592   0.00191402   0.00191879
 STREAM Benchmark implementation in CUDA
 Array size (double precision) = 536.87 MB
 using 192 threads per block, 349526 blocks
 output in IEC units (KiB = 1024 B)

Function      Rate (GiB/s)  Avg time(s)  Min time(s)  Max time(s)
-----------------------------------------------------------------
Copy:         750.1885      0.00133469   0.00133300   0.00133896
Scale:        749.6522      0.00133527   0.00133395   0.00134206
Add:          783.7867      0.00191544   0.00191379   0.00191712
Triad:        783.6891      0.00191576   0.00191402   0.00191903
 STREAM Benchmark implementation in CUDA
 Array size (double precision) = 536.87 MB
 using 192 threads per block, 349526 blocks
 output in IEC units (KiB = 1024 B)

Function      Rate (GiB/s)  Avg time(s)  Min time(s)  Max time(s)
-----------------------------------------------------------------
Copy:         750.1885      0.00133519   0.00133300   0.00134587
Scale:        750.1885      0.00133449   0.00133300   0.00133610
Add:          783.6891      0.00191594   0.00191402   0.00191808
Triad:        783.6891      0.00191601   0.00191402   0.00191998
 STREAM Benchmark implementation in CUDA
 Array size (double precision) = 536.87 MB
 using 192 threads per block, 349526 blocks
 output in IEC units (KiB = 1024 B)

Function      Rate (GiB/s)  Avg time(s)  Min time(s)  Max time(s)
-----------------------------------------------------------------
Copy:         750.7256      0.00133464   0.00133204   0.00134706
Scale:        750.1885      0.00133487   0.00133300   0.00134611
Add:          784.0798      0.00191433   0.00191307   0.00191712
Triad:        784.0798      0.00191468   0.00191307   0.00191998
 STREAM Benchmark implementation in CUDA
 Array size (double precision) = 536.87 MB
 using 192 threads per block, 349526 blocks
 output in IEC units (KiB = 1024 B)

Function      Rate (GiB/s)  Avg time(s)  Min time(s)  Max time(s)
-----------------------------------------------------------------
Copy:         750.1885      0.00133444   0.00133300   0.00133610
Scale:        750.1885      0.00133477   0.00133300   0.00133681
Add:          783.6891      0.00191561   0.00191402   0.00191808
Triad:        783.6891      0.00192572   0.00191402   0.00209689
 STREAM Benchmark implementation in CUDA
 Array size (double precision) = 536.87 MB
 using 192 threads per block, 349526 blocks
 output in IEC units (KiB = 1024 B)

Function      Rate (GiB/s)  Avg time(s)  Min time(s)  Max time(s)
-----------------------------------------------------------------
Copy:         749.6522      0.00142125   0.00133395   0.00297308
Scale:        749.6522      0.00133498   0.00133395   0.00133705
Add:          783.7867      0.00191589   0.00191379   0.00192809
Triad:        784.0798      0.00191825   0.00191307   0.00198412
 STREAM Benchmark implementation in CUDA
 Array size (double precision) = 536.87 MB
 using 192 threads per block, 349526 blocks
 output in IEC units (KiB = 1024 B)

Function      Rate (GiB/s)  Avg time(s)  Min time(s)  Max time(s)
-----------------------------------------------------------------
Copy:         750.7256      0.00133346   0.00133204   0.00133419
Scale:        750.7256      0.00133395   0.00133204   0.00134015
Add:          782.9089      0.00191663   0.00191593   0.00192189
Triad:        783.2988      0.00191732   0.00191498   0.00193405
 STREAM Benchmark implementation in CUDA
 Array size (double precision) = 536.87 MB
 using 192 threads per block, 349526 blocks
 output in IEC units (KiB = 1024 B)

Function      Rate (GiB/s)  Avg time(s)  Min time(s)  Max time(s)
-----------------------------------------------------------------
Copy:         750.1885      0.00133412   0.00133300   0.00133705
Scale:        750.1885      0.00133390   0.00133300   0.00133586
Add:          782.9089      0.00191668   0.00191593   0.00191808
Triad:        783.2988      0.00200036   0.00191498   0.00349116
 STREAM Benchmark implementation in CUDA
 Array size (double precision) = 536.87 MB
 using 192 threads per block, 349526 blocks
 STREAM Benchmark implementation in CUDA
 output in IEC units (KiB = 1024 B)
 Array size (double precision) = 536.87 MB

 using 192 threads per block, 349526 blocks
Function      Rate (GiB/s)  Avg time(s)  Min time(s)  Max time(s)
 output in IEC units (KiB = 1024 B)
-----------------------------------------------------------------

Copy:         749.6522      0.00133484   0.00133395   0.00134087
Function      Rate (GiB/s)  Avg time(s)  Min time(s)  Max time(s)
Scale:        749.6522      0.00133532   0.00133395   0.00133896
-----------------------------------------------------------------
Add:          783.7867      0.00191492   0.00191379   0.00191593
Copy:         750.8600      0.00133449   0.00133181   0.00133801
Triad:        783.6891      0.00191562   0.00191402   0.00192404
Scale:        750.1885      0.00133507   0.00133300   0.00134301
 STREAM Benchmark implementation in CUDA
Add:          785.3521      0.00191338   0.00190997   0.00192595
 Array size (double precision) = 536.87 MB
Triad:        784.0798      0.00191563   0.00191307   0.00193810
 using 192 threads per block, 349526 blocks
 output in IEC units (KiB = 1024 B)

Function      Rate (GiB/s)  Avg time(s)  Min time(s)  Max time(s)
-----------------------------------------------------------------
Copy:         750.7256      0.00133447   0.00133204   0.00133801
Scale:        750.1885      0.00133445   0.00133300   0.00133586
Add:          783.6891      0.00191620   0.00191402   0.00191998
Triad:        783.7867      0.00200295   0.00191379   0.00357604
 STREAM Benchmark implementation in CUDA
 Array size (double precision) = 536.87 MB
 using 192 threads per block, 349526 blocks
 output in IEC units (KiB = 1024 B)

Function      Rate (GiB/s)  Avg time(s)  Min time(s)  Max time(s)
-----------------------------------------------------------------
Copy:         750.1885      0.00133463   0.00133300   0.00134611
Scale:        750.7256      0.00133410   0.00133204   0.00134087
Add:          782.9089      0.00191675   0.00191593   0.00191808
Triad:        782.9089      0.00191795   0.00191593   0.00193310
 STREAM Benchmark implementation in CUDA
 Array size (double precision) = 536.87 MB
 using 192 threads per block, 349526 blocks
 output in IEC units (KiB = 1024 B)

Function      Rate (GiB/s)  Avg time(s)  Min time(s)  Max time(s)
-----------------------------------------------------------------
Copy:         749.6522      0.00133521   0.00133395   0.00134015
Scale:        749.6522      0.00133534   0.00133395   0.00133920
Add:          783.7867      0.00199994   0.00191379   0.00354004
Triad:        784.0798      0.00191435   0.00191307   0.00191689
 STREAM Benchmark implementation in CUDA
 Array size (double precision) = 536.87 MB
 using 192 threads per block, 349526 blocks
 output in IEC units (KiB = 1024 B)

Function      Rate (GiB/s)  Avg time(s)  Min time(s)  Max time(s)
-----------------------------------------------------------------
Copy:         750.1885      0.00133452   0.00133300   0.00133610
Scale:        750.1885      0.00133444   0.00133300   0.00133586
Add:          784.1775      0.00191591   0.00191283   0.00192499
Triad:        784.1775      0.00199629   0.00191283   0.00345802
 STREAM Benchmark implementation in CUDA
 Array size (double precision) = 536.87 MB
 using 192 threads per block, 349526 blocks
 output in IEC units (KiB = 1024 B)

Function      Rate (GiB/s)  Avg time(s)  Min time(s)  Max time(s)
-----------------------------------------------------------------
Copy:         750.1885      0.00133444   0.00133300   0.00133586
Scale:        750.1885      0.00133477   0.00133300   0.00133610
Add:          784.0798      0.00191455   0.00191307   0.00191784
Triad:        784.1775      0.00191528   0.00191283   0.00193095
 STREAM Benchmark implementation in CUDA
 Array size (double precision) = 536.87 MB
 using 192 threads per block, 349526 blocks
 output in IEC units (KiB = 1024 B)

Function      Rate (GiB/s)  Avg time(s)  Min time(s)  Max time(s)
-----------------------------------------------------------------
Copy:         749.6522      0.00133511   0.00133395   0.00133896
Scale:        750.1885      0.00133481   0.00133300   0.00133610
Add:          783.7867      0.00191487   0.00191379   0.00191689
Triad:        783.6891      0.00191558   0.00191402   0.00192308
 STREAM Benchmark implementation in CUDA
 Array size (double precision) = 536.87 MB
 using 192 threads per block, 349526 blocks
 output in IEC units (KiB = 1024 B)

Function      Rate (GiB/s)  Avg time(s)  Min time(s)  Max time(s)
-----------------------------------------------------------------
Copy:         749.6522      0.00133587   0.00133395   0.00134611
Scale:        749.5182      0.00133619   0.00133419   0.00134492
Add:          783.7867      0.00200348   0.00191379   0.00357985
Triad:        784.0798      0.00191547   0.00191307   0.00191808
 STREAM Benchmark implementation in CUDA
 Array size (double precision) = 536.87 MB
 using 192 threads per block, 349526 blocks
 output in IEC units (KiB = 1024 B)

Function      Rate (GiB/s)  Avg time(s)  Min time(s)  Max time(s)
-----------------------------------------------------------------
Copy:         750.1885      0.00142168   0.00133300   0.00298786
Scale:        750.1885      0.00133603   0.00133300   0.00135112
Add:          783.7867      0.00191749   0.00191379   0.00192809
Triad:        783.6891      0.00191749   0.00191402   0.00192714
 STREAM Benchmark implementation in CUDA
 Array size (double precision) = 536.87 MB
 using 192 threads per block, 349526 blocks
 output in IEC units (KiB = 1024 B)

Function      Rate (GiB/s)  Avg time(s)  Min time(s)  Max time(s)
-----------------------------------------------------------------
Copy:         750.1885      0.00133388   0.00133300   0.00133586
Scale:        750.1885      0.00133472   0.00133300   0.00134301
Add:          784.4708      0.00191411   0.00191212   0.00192308
Triad:        784.4708      0.00191382   0.00191212   0.00191498
 STREAM Benchmark implementation in CUDA
 Array size (double precision) = 536.87 MB
 using 192 threads per block, 349526 blocks
 output in IEC units (KiB = 1024 B)

Function      Rate (GiB/s)  Avg time(s)  Min time(s)  Max time(s)
-----------------------------------------------------------------
Copy:         750.1885      0.00133537   0.00133300   0.00134587
Scale:        750.1885      0.00141503   0.00133300   0.00286984
Add:          784.1775      0.00191379   0.00191283   0.00191498
Triad:        784.1775      0.00191487   0.00191283   0.00192118
START OF JOBSPEC
{"resources": [{"type": "node", "count": 8, "with": [{"type": "slot", "count": 8, "with": [{"type": "core", "count": 1}, {"type": "gpu", "count": 1}], "label": "task"}]}], "tasks": [{"command": ["stream"], "slot": "task", "count": {"per_slot": 1}}], "attributes": {"system": {"duration": 0, "cwd": "/opt/stream", "shell": {"options": {"rlimit": {"cpu": -1, "fsize": -1, "data": -1, "stack": 8388608, "core": -1, "nofile": 1048576, "as": -1, "rss": -1, "nproc": -1}, "gpu-affinity": "per-task", "cpu-affinity": "per-task"}}}, "user": {"study_id": "stream-1-iter-2"}}, "version": 1}
START OF EVENTLOG
{"timestamp":1724991556.7656431,"name":"init"}
{"timestamp":1724991556.766551,"name":"starting"}
{"timestamp":1724991556.784205,"name":"shell.init","context":{"service":"0-shell-fnbNjypT","leader-rank":0,"size":8}}
{"timestamp":1724991556.8029604,"name":"shell.start","context":{"taskmap":{"version":1,"map":[[0,8,8,1]]}}}
{"timestamp":1724991558.8428748,"name":"shell.task-exit","context":{"localid":0,"rank":48,"state":"Exited","pid":120,"wait_status":0,"signaled":0,"exitcode":0}}
{"timestamp":1724991559.3680546,"name":"complete","context":{"status":0}}
{"timestamp":1724991559.3680842,"name":"done"}

