 STREAM Benchmark implementation in CUDA
 Array size (double precision) = 536.87 MB
 using 192 threads per block, 349526 blocks
 output in IEC units (KiB = 1024 B)

Function      Rate (GiB/s)  Avg time(s)  Min time(s)  Max time(s)
-----------------------------------------------------------------
Copy:         744.5951      0.00134434   0.00134301   0.00134802
Scale:        745.2566      0.00134424   0.00134182   0.00134897
Add:          748.8937      0.00200667   0.00200295   0.00201988
Triad:        748.1812      0.00200711   0.00200486   0.00201201
 STREAM Benchmark implementation in CUDA
 Array size (double precision) = 536.87 MB
 using 192 threads per block, 349526 blocks
 output in IEC units (KiB = 1024 B)

Function      Rate (GiB/s)  Avg time(s)  Min time(s)  Max time(s)
-----------------------------------------------------------------
Copy:         744.7273      0.00134412   0.00134277   0.00134802
Scale:        745.1242      0.00134325   0.00134206   0.00134516
Add:          748.5373      0.00200558   0.00200391   0.00200701
Triad:        748.5373      0.00200663   0.00200391   0.00200987
 STREAM Benchmark implementation in CUDA
 Array size (double precision) = 536.87 MB
 using 192 threads per block, 349526 blocks
 output in IEC units (KiB = 1024 B)

Function      Rate (GiB/s)  Avg time(s)  Min time(s)  Max time(s)
-----------------------------------------------------------------
Copy:         745.1242      0.00134343   0.00134206   0.00134516
Scale:        744.5951      0.00140400   0.00134301   0.00248504
Add:          748.5373      0.00200617   0.00200391   0.00200891
Triad:        748.1812      0.00200700   0.00200486   0.00200915
 STREAM Benchmark implementation in CUDA
 Array size (double precision) = 536.87 MB
 using 192 threads per block, 349526 blocks
 output in IEC units (KiB = 1024 B)

Function      Rate (GiB/s)  Avg time(s)  Min time(s)  Max time(s)
-----------------------------------------------------------------
Copy:         745.2566      0.00134383   0.00134182   0.00134516
Scale:        744.5951      0.00134418   0.00134301   0.00134611
Add:          748.8937      0.00206207   0.00200295   0.00306392
Triad:        748.1812      0.00200741   0.00200486   0.00200915
 STREAM Benchmark implementation in CUDA
 Array size (double precision) = 536.87 MB
 using 192 threads per block, 349526 blocks
 output in IEC units (KiB = 1024 B)

Function      Rate (GiB/s)  Avg time(s)  Min time(s)  Max time(s)
-----------------------------------------------------------------
Copy:         745.2566      0.00134292   0.00134182   0.00134492
Scale:        745.1242      0.00134370   0.00134206   0.00134516
Add:          748.8937      0.00200580   0.00200295   0.00200796
Triad:        748.0923      0.00200653   0.00200510   0.00200891
 STREAM Benchmark implementation in CUDA
 Array size (double precision) = 536.87 MB
 using 192 threads per block, 349526 blocks
 output in IEC units (KiB = 1024 B)

Function      Rate (GiB/s)  Avg time(s)  Min time(s)  Max time(s)
-----------------------------------------------------------------
Copy:         745.1242      0.00139830   0.00134206   0.00239110
Scale:        745.2566      0.00134346   0.00134182   0.00134611
Add:          748.8937      0.00200585   0.00200295   0.00200820
Triad:        748.0923      0.00200713   0.00200510   0.00201797
 STREAM Benchmark implementation in CUDA
 Array size (double precision) = 536.87 MB
 using 192 threads per block, 349526 blocks
 output in IEC units (KiB = 1024 B)

Function      Rate (GiB/s)  Avg time(s)  Min time(s)  Max time(s)
-----------------------------------------------------------------
Copy:         745.1242      0.00134369   0.00134206   0.00135303
Scale:        745.1242      0.00134321   0.00134206   0.00134683
Add:          748.8937      0.00200515   0.00200295   0.00200796
Triad:        748.1812      0.00200612   0.00200486   0.00200796
 STREAM Benchmark implementation in CUDA
 Array size (double precision) = 536.87 MB
 using 192 threads per block, 349526 blocks
 output in IEC units (KiB = 1024 B)

Function      Rate (GiB/s)  Avg time(s)  Min time(s)  Max time(s)
-----------------------------------------------------------------
Copy:         745.1242      0.00134407   0.00134206   0.00134516
Scale:        745.1242      0.00140543   0.00134206   0.00251889
Add:          748.8937      0.00200556   0.00200295   0.00200796
Triad:        748.1812      0.00200694   0.00200486   0.00200987
START OF JOBSPEC
{"resources": [{"type": "node", "count": 1, "with": [{"type": "slot", "count": 8, "with": [{"type": "core", "count": 1}, {"type": "gpu", "count": 1}], "label": "task"}]}], "tasks": [{"command": ["stream"], "slot": "task", "count": {"per_slot": 1}}], "attributes": {"system": {"duration": 0, "cwd": "/opt/stream", "shell": {"options": {"rlimit": {"cpu": -1, "fsize": -1, "data": -1, "stack": 10485760, "core": -1, "nofile": 1048576, "as": -1, "rss": -1, "nproc": -1}, "gpu-affinity": "per-task", "cpu-affinity": "per-task"}}, "constraints": {"hostlist": ["flux-sample-14"]}}, "user": {"study_id": "stream-1-node-14-iter-3"}}, "version": 1}
START OF EVENTLOG
{"timestamp":1724812163.3095031,"name":"init"}
{"timestamp":1724812163.3103456,"name":"starting"}
{"timestamp":1724812163.3243334,"name":"shell.init","context":{"service":"0-shell-f2PzEuWLF","leader-rank":14,"size":1}}
{"timestamp":1724812163.3387175,"name":"shell.start","context":{"taskmap":{"version":1,"map":[[0,1,8,1]]}}}
{"timestamp":1724812164.5376463,"name":"shell.task-exit","context":{"localid":5,"rank":5,"state":"Exited","pid":127,"wait_status":0,"signaled":0,"exitcode":0}}
{"timestamp":1724812164.8744025,"name":"complete","context":{"status":0}}
{"timestamp":1724812164.8744252,"name":"done"}

