 STREAM Benchmark implementation in CUDA
 Array size (double precision) = 536.87 MB
 using 192 threads per block, 349526 blocks
 output in IEC units (KiB = 1024 B)

Function      Rate (GiB/s)  Avg time(s)  Min time(s)  Max time(s)
-----------------------------------------------------------------
Copy:         744.5951      0.00134384   0.00134301   0.00134492
Scale:        745.2566      0.00134361   0.00134182   0.00134611
Add:          749.2504      0.00200475   0.00200200   0.00200701
Triad:        748.5373      0.00200669   0.00200391   0.00200915
 STREAM Benchmark implementation in CUDA
 Array size (double precision) = 536.87 MB
 using 192 threads per block, 349526 blocks
 output in IEC units (KiB = 1024 B)

Function      Rate (GiB/s)  Avg time(s)  Min time(s)  Max time(s)
-----------------------------------------------------------------
Copy:         733.7831      0.00136399   0.00136280   0.00136805
Scale:        734.1684      0.00136378   0.00136209   0.00136614
Add:          759.4708      0.00197662   0.00197506   0.00197792
Triad:        759.5625      0.00197554   0.00197482   0.00197697
 STREAM Benchmark implementation in CUDA
 Array size (double precision) = 536.87 MB
 using 192 threads per block, 349526 blocks
 output in IEC units (KiB = 1024 B)

Function      Rate (GiB/s)  Avg time(s)  Min time(s)  Max time(s)
-----------------------------------------------------------------
Copy:         745.1242      0.00134354   0.00134206   0.00134516
Scale:        745.2566      0.00134348   0.00134182   0.00134516
Add:          748.5373      0.00200551   0.00200391   0.00200796
Triad:        748.1812      0.00200710   0.00200486   0.00200987
 STREAM Benchmark implementation in CUDA
 Array size (double precision) = 536.87 MB
 using 192 threads per block, 349526 blocks
 output in IEC units (KiB = 1024 B)

Function      Rate (GiB/s)  Avg time(s)  Min time(s)  Max time(s)
-----------------------------------------------------------------
Copy:         744.5951      0.00134394   0.00134301   0.00134587
Scale:        744.5951      0.00134388   0.00134301   0.00134611
Add:          748.8937      0.00200538   0.00200295   0.00200701
Triad:        747.8255      0.00200707   0.00200582   0.00200987
 STREAM Benchmark implementation in CUDA
 Array size (double precision) = 536.87 MB
 using 192 threads per block, 349526 blocks
 output in IEC units (KiB = 1024 B)

Function      Rate (GiB/s)  Avg time(s)  Min time(s)  Max time(s)
-----------------------------------------------------------------
Copy:         745.7866      0.00134300   0.00134087   0.00134492
Scale:        745.2566      0.00134323   0.00134182   0.00134420
Add:          748.8937      0.00200555   0.00200295   0.00200915
Triad:        748.1812      0.00200718   0.00200486   0.00201797
 STREAM Benchmark implementation in CUDA
 Array size (double precision) = 536.87 MB
 using 192 threads per block, 349526 blocks
 output in IEC units (KiB = 1024 B)

Function      Rate (GiB/s)  Avg time(s)  Min time(s)  Max time(s)
-----------------------------------------------------------------
Copy:         744.5951      0.00134435   0.00134301   0.00135088
Scale:        744.5951      0.00134390   0.00134301   0.00134587
Add:          748.4483      0.00200597   0.00200415   0.00200796
Triad:        748.1812      0.00200636   0.00200486   0.00200796
 STREAM Benchmark implementation in CUDA
 Array size (double precision) = 536.87 MB
 using 192 threads per block, 349526 blocks
 output in IEC units (KiB = 1024 B)

Function      Rate (GiB/s)  Avg time(s)  Min time(s)  Max time(s)
-----------------------------------------------------------------
Copy:         745.1242      0.00134361   0.00134206   0.00134516
Scale:        745.1242      0.00134395   0.00134206   0.00134516
Add:          748.4483      0.00200636   0.00200415   0.00201201
Triad:        748.5373      0.00200706   0.00200391   0.00201082
 STREAM Benchmark implementation in CUDA
 Array size (double precision) = 536.87 MB
 using 192 threads per block, 349526 blocks
 output in IEC units (KiB = 1024 B)

Function      Rate (GiB/s)  Avg time(s)  Min time(s)  Max time(s)
-----------------------------------------------------------------
Copy:         733.7831      0.00136393   0.00136280   0.00136614
Scale:        733.1418      0.00136453   0.00136399   0.00136614
Add:          758.7381      0.00197795   0.00197697   0.00197911
Triad:        759.4708      0.00197621   0.00197506   0.00197697
START OF JOBSPEC
{"resources": [{"type": "node", "count": 1, "with": [{"type": "slot", "count": 8, "with": [{"type": "core", "count": 1}, {"type": "gpu", "count": 1}], "label": "task"}]}], "tasks": [{"command": ["stream"], "slot": "task", "count": {"per_slot": 1}}], "attributes": {"system": {"duration": 0, "cwd": "/opt/stream", "shell": {"options": {"rlimit": {"cpu": -1, "fsize": -1, "data": -1, "stack": 10485760, "core": -1, "nofile": 1048576, "as": -1, "rss": -1, "nproc": -1}, "gpu-affinity": "per-task", "cpu-affinity": "per-task"}}, "constraints": {"hostlist": ["flux-sample-12"]}}, "user": {"study_id": "stream-1-node-12-iter-5"}}, "version": 1}
START OF EVENTLOG
{"timestamp":1724812167.2753379,"name":"init"}
{"timestamp":1724812167.2763014,"name":"starting"}
{"timestamp":1724812167.2891915,"name":"shell.init","context":{"service":"0-shell-f2RjbCQhV","leader-rank":12,"size":1}}
{"timestamp":1724812167.3039582,"name":"shell.start","context":{"taskmap":{"version":1,"map":[[0,1,8,1]]}}}
{"timestamp":1724812168.550771,"name":"shell.task-exit","context":{"localid":1,"rank":1,"state":"Exited","pid":171,"wait_status":0,"signaled":0,"exitcode":0}}
{"timestamp":1724812168.8483913,"name":"complete","context":{"status":0}}
{"timestamp":1724812168.8484085,"name":"done"}

