Warning: OMB could not identify the local rank of the process.
Warning: OMB could not identify the local rank of the process.
Warning: OMB could not identify the local rank of the process.
Warning: OMB could not identify the local rank of the process.
Warning: OMB could not identify the local rank of the process.
Warning: OMB could not identify the local rank of the process.
Warning: OMB could not identify the local rank of the process.
         This can lead to multiple processes using the same GPU.
         This can lead to multiple processes using the same GPU.
         This can lead to multiple processes using the same GPU.
         This can lead to multiple processes using the same GPU.
         This can lead to multiple processes using the same GPU.
         This can lead to multiple processes using the same GPU.
         This can lead to multiple processes using the same GPU.
         Please use the get_local_rank script in the OMB repo for this.
         Please use the get_local_rank script in the OMB repo for this.
         Please use the get_local_rank script in the OMB repo for this.
         Please use the get_local_rank script in the OMB repo for this.
         Please use the get_local_rank script in the OMB repo for this.
         Please use the get_local_rank script in the OMB repo for this.
         Please use the get_local_rank script in the OMB repo for this.
Warning: OMB could not identify the local rank of the process.
Warning: OMB could not identify the local rank of the process.
Warning: OMB could not identify the local rank of the process.
Warning: OMB could not identify the local rank of the process.
Warning: OMB could not identify the local rank of the process.
Warning: OMB could not identify the local rank of the process.
Warning: OMB could not identify the local rank of the process.
Warning: OMB could not identify the local rank of the process.
Warning: OMB could not identify the local rank of the process.
Warning: OMB could not identify the local rank of the process.
Warning: OMB could not identify the local rank of the process.
Warning: OMB could not identify the local rank of the process.
Warning: OMB could not identify the local rank of the process.
Warning: OMB could not identify the local rank of the process.
Warning: OMB could not identify the local rank of the process.
         This can lead to multiple processes using the same GPU.
Warning: OMB could not identify the local rank of the process.
Warning: OMB could not identify the local rank of the process.
         This can lead to multiple processes using the same GPU.
         This can lead to multiple processes using the same GPU.
Warning: OMB could not identify the local rank of the process.
         This can lead to multiple processes using the same GPU.
         This can lead to multiple processes using the same GPU.
Warning: OMB could not identify the local rank of the process.
         This can lead to multiple processes using the same GPU.
         This can lead to multiple processes using the same GPU.
Warning: OMB could not identify the local rank of the process.
         This can lead to multiple processes using the same GPU.
         This can lead to multiple processes using the same GPU.
Warning: OMB could not identify the local rank of the process.
         This can lead to multiple processes using the same GPU.
         This can lead to multiple processes using the same GPU.
         This can lead to multiple processes using the same GPU.
         This can lead to multiple processes using the same GPU.
         This can lead to multiple processes using the same GPU.
         This can lead to multiple processes using the same GPU.
         Please use the get_local_rank script in the OMB repo for this.
         This can lead to multiple processes using the same GPU.
         This can lead to multiple processes using the same GPU.
         Please use the get_local_rank script in the OMB repo for this.
         Please use the get_local_rank script in the OMB repo for this.
         This can lead to multiple processes using the same GPU.
         Please use the get_local_rank script in the OMB repo for this.
Warning: OMB could not identify the local rank of the process.
         Please use the get_local_rank script in the OMB repo for this.
         This can lead to multiple processes using the same GPU.
         This can lead to multiple processes using the same GPU.
         Please use the get_local_rank script in the OMB repo for this.
         Please use the get_local_rank script in the OMB repo for this.
         Please use the get_local_rank script in the OMB repo for this.
         This can lead to multiple processes using the same GPU.
         Please use the get_local_rank script in the OMB repo for this.
         Please use the get_local_rank script in the OMB repo for this.
         This can lead to multiple processes using the same GPU.
         Please use the get_local_rank script in the OMB repo for this.
         Please use the get_local_rank script in the OMB repo for this.
         Please use the get_local_rank script in the OMB repo for this.
         Please use the get_local_rank script in the OMB repo for this.
         Please use the get_local_rank script in the OMB repo for this.
         Please use the get_local_rank script in the OMB repo for this.
Warning: OMB could not identify the local rank of the process.
         Please use the get_local_rank script in the OMB repo for this.
         Please use the get_local_rank script in the OMB repo for this.
         This can lead to multiple processes using the same GPU.
Warning: OMB could not identify the local rank of the process.
         Please use the get_local_rank script in the OMB repo for this.
         Please use the get_local_rank script in the OMB repo for this.
         This can lead to multiple processes using the same GPU.
         Please use the get_local_rank script in the OMB repo for this.
         Please use the get_local_rank script in the OMB repo for this.
         Please use the get_local_rank script in the OMB repo for this.
         Please use the get_local_rank script in the OMB repo for this.
Warning: OMB could not identify the local rank of the process.
         This can lead to multiple processes using the same GPU.
         Please use the get_local_rank script in the OMB repo for this.

# OSU MPI-CUDA Allreduce Latency Test v5.8
# Size       Avg Latency(us)
4                     144.63
8                     140.97
16                    141.30
32                    145.43
64                    144.82
128                   249.90
256                   251.15
512                   247.97
1024                  275.27
2048                  304.15
4096                  300.49
8192                  315.67
16384                 343.73
32768                 395.13
65536                 476.42
131072                654.61
262144               1022.78
524288               1728.12
1048576              3531.27
START OF JOBSPEC
{"resources": [{"type": "node", "count": 4, "with": [{"type": "slot", "count": 8, "with": [{"type": "core", "count": 1}, {"type": "gpu", "count": 1}], "label": "task"}]}], "tasks": [{"command": ["/opt/osu-benchmark/build.openmpi/mpi/collective/osu_allreduce", "-d", "cuda", "H", "H"], "slot": "task", "count": {"per_slot": 1}}], "attributes": {"system": {"duration": 0, "cwd": "/opt", "shell": {"options": {"rlimit": {"cpu": -1, "fsize": -1, "data": -1, "stack": 8388608, "core": -1, "nofile": 1048576, "as": -1, "rss": -1, "nproc": -1}, "cpu-affinity": "per-task", "gpu-affinity": "per-task"}}}, "user": {"study_id": "osu-4-iter-2"}}, "version": 1}
START OF EVENTLOG
{"timestamp":1725003961.6136146,"name":"init"}
{"timestamp":1725003961.6146553,"name":"starting"}
{"timestamp":1725003961.6341054,"name":"shell.init","context":{"service":"0-shell-f2ocj3biX","leader-rank":0,"size":4}}
{"timestamp":1725003961.6577272,"name":"shell.start","context":{"taskmap":{"version":1,"map":[[0,4,8,1]]}}}
{"timestamp":1725003971.8851247,"name":"shell.task-exit","context":{"localid":2,"rank":2,"state":"Exited","pid":194,"wait_status":0,"signaled":0,"exitcode":0}}
{"timestamp":1725003972.1975126,"name":"complete","context":{"status":0}}
{"timestamp":1725003972.1975353,"name":"done"}

