# OSU MPI Latency Test v5.8
# Size          Latency (us)
0                      16.41
1                      16.44
2                      16.40
4                      16.42
8                      17.02
16                     17.03
32                     17.04
64                     17.10
128                    17.14
256                    17.17
512                    17.24
1024                   17.40
2048                   17.69
4096                   18.64
8192                   20.94
16384                  21.81
32768                  23.53
65536                  26.78
131072                 70.86
262144                 83.64
524288                145.85
1048576               271.15
2097152               520.16
4194304               986.20
START OF JOBSPEC
{"resources": [{"type": "node", "count": 2, "with": [{"type": "slot", "count": 1, "with": [{"type": "core", "count": 1}], "label": "task"}]}], "tasks": [{"command": ["/opt/osu-benchmark/build.openmpi/mpi/pt2pt/osu_latency"], "slot": "task", "count": {"per_slot": 1}}], "attributes": {"system": {"duration": 0, "cwd": "/opt", "shell": {"options": {"rlimit": {"cpu": -1, "fsize": -1, "data": -1, "stack": 10485760, "core": -1, "nofile": 1048576, "as": -1, "rss": -1, "nproc": -1}, "cpu-affinity": "per-task"}}, "constraints": {"hostlist": ["flux-sample-46,flux-sample-16"]}}, "user": {"study_id": "osu-2-iter-19"}}, "version": 1}
START OF EVENTLOG
{"timestamp":1724369840.7221003,"name":"init"}
{"timestamp":1724369840.7234259,"name":"starting"}
{"timestamp":1724369840.747833,"name":"shell.init","context":{"service":"0-shell-f3ekTZ6aK","leader-rank":16,"size":2}}
{"timestamp":1724369840.7507162,"name":"shell.start","context":{"taskmap":{"version":1,"map":[[0,2,1,1]]}}}
{"timestamp":1724369851.6823289,"name":"shell.task-exit","context":{"localid":0,"rank":0,"state":"Exited","pid":88,"wait_status":0,"signaled":0,"exitcode":0}}
{"timestamp":1724369851.6901875,"name":"complete","context":{"status":0}}
{"timestamp":1724369851.6902425,"name":"done"}

