# OSU MPI Latency Test v5.8
# Size          Latency (us)
0                      15.61
1                      15.62
2                      15.59
4                      15.60
8                      16.28
16                     16.31
32                     16.33
64                     16.39
128                    16.41
256                    16.44
512                    16.53
1024                   16.73
2048                   17.04
4096                   18.00
8192                   20.29
16384                  21.21
32768                  22.89
65536                  26.14
131072                 68.60
262144                 81.66
524288                142.76
1048576               265.43
2097152               510.68
4194304               969.44
START OF JOBSPEC
{"resources": [{"type": "node", "count": 2, "with": [{"type": "slot", "count": 1, "with": [{"type": "core", "count": 1}], "label": "task"}]}], "tasks": [{"command": ["/opt/osu-benchmark/build.openmpi/mpi/pt2pt/osu_latency"], "slot": "task", "count": {"per_slot": 1}}], "attributes": {"system": {"duration": 0, "cwd": "/opt", "shell": {"options": {"rlimit": {"cpu": -1, "fsize": -1, "data": -1, "stack": 10485760, "core": -1, "nofile": 1048576, "as": -1, "rss": -1, "nproc": -1}, "cpu-affinity": "per-task"}}, "constraints": {"hostlist": ["flux-sample-3,flux-sample-42"]}}, "user": {"study_id": "osu-2-iter-22"}}, "version": 1}
START OF EVENTLOG
{"timestamp":1724356263.0759642,"name":"init"}
{"timestamp":1724356263.0767455,"name":"starting"}
{"timestamp":1724356263.097419,"name":"shell.init","context":{"service":"0-shell-f3u9yWM1h","leader-rank":3,"size":2}}
{"timestamp":1724356263.0997305,"name":"shell.start","context":{"taskmap":{"version":1,"map":[[0,2,1,1]]}}}
{"timestamp":1724356273.7235756,"name":"shell.task-exit","context":{"localid":0,"rank":0,"state":"Exited","pid":94,"wait_status":0,"signaled":0,"exitcode":0}}
{"timestamp":1724356273.7292106,"name":"complete","context":{"status":0}}
{"timestamp":1724356273.7292383,"name":"done"}

