 OMP_NUM_THREADS=1
      creating/filling mesh...0.052721s, total time: 0.052722
generating matrix structure...0.0460699s, total time: 0.0987918
         assembling FE data...0.0114069s, total time: 0.110199
      imposing Dirichlet BC...0.00179601s, total time: 0.111995
      imposing Dirichlet BC...2.14577e-06s, total time: 0.111997
making matrix indices local...0.0472641s, total time: 0.159261
Starting CG solver ... 
Initial Residual = 231.002
Iteration = 20   Residual = 0.10957
Iteration = 40   Residual = 0.0258357
Iteration = 60   Residual = 0.127257
Iteration = 80   Residual = 0.00543257
Iteration = 100   Residual = 0.012467
Iteration = 120   Residual = 0.00119681
Iteration = 140   Residual = 0.00062059
Iteration = 160   Residual = 0.00147972
Iteration = 180   Residual = 0.000125255
Iteration = 200   Residual = 1.4724e-05
Final Resid Norm: 1.4724e-05
START OF JOBSPEC
{"resources": [{"type": "node", "count": 8, "with": [{"type": "slot", "count": 2, "with": [{"type": "core", "count": 1}, {"type": "gpu", "count": 1}], "label": "task"}]}], "tasks": [{"command": ["miniFE.x", "nx=230", "ny=230", "nz=230", "num_devices=8", "use_locking=1", "elem_group_size=10", "use_elem_mat_fields=300", "verify_solution=0"], "slot": "task", "count": {"per_slot": 1}}], "attributes": {"system": {"duration": 0, "cwd": "/opt/minife", "shell": {"options": {"rlimit": {"cpu": -1, "fsize": -1, "data": -1, "stack": 8388608, "core": -1, "nofile": 1048576, "as": -1, "rss": -1, "nproc": -1}, "cpu-affinity": "per-task", "gpu-affinity": "per-task"}}}, "user": {"study_id": "minife-8-iter-10"}}, "version": 1}
START OF EVENTLOG
{"timestamp":1725079265.520618,"name":"init"}
{"timestamp":1725079265.5213754,"name":"starting"}
{"timestamp":1725079265.5398571,"name":"shell.init","context":{"service":"0-shell-fPoqgB6X","leader-rank":0,"size":8}}
{"timestamp":1725079265.5498979,"name":"shell.start","context":{"taskmap":{"version":1,"map":[[0,8,2,1]]}}}
{"timestamp":1725079267.2097602,"name":"shell.task-exit","context":{"localid":0,"rank":0,"state":"Exited","pid":263,"wait_status":0,"signaled":0,"exitcode":0}}
{"timestamp":1725079267.2638187,"name":"complete","context":{"status":0}}
{"timestamp":1725079267.2638478,"name":"done"}

