Warning: OMB could not identify the local rank of the process.
         This can lead to multiple processes using the same GPU.
         Please use the get_local_rank script in the OMB repo for this.
Warning: OMB could not identify the local rank of the process.
         This can lead to multiple processes using the same GPU.
         Please use the get_local_rank script in the OMB repo for this.
# OSU MPI-CUDA Latency Test v5.8
# Send Buffer on HOST (H) and Receive Buffer on HOST (H)
# Size          Latency (us)
0                      43.07
1                      42.49
2                      41.94
4                      48.33
8                      64.01
16                    167.46
32                    128.10
64                    144.79
128                    57.72
256                    59.23
512                    68.10
1024                   55.72
2048                   50.42
4096                   43.51
8192                   51.29
16384                  64.96
32768                  89.60
65536                 251.08
131072                264.00
262144                319.45
524288                447.95
1048576               574.07
2097152               962.06
4194304              1789.22
START OF JOBSPEC
{"resources": [{"type": "node", "count": 2, "with": [{"type": "slot", "count": 1, "with": [{"type": "core", "count": 1}, {"type": "gpu", "count": 1}], "label": "task"}]}], "tasks": [{"command": ["singularity", "exec", "--nv", "/opt/containers/metric-osu-gpu_google-gpu.sif", "/opt/osu-benchmark/build.openmpi/mpi/pt2pt/osu_latency", "-d", "cuda", "H", "H"], "slot": "task", "count": {"per_slot": 1}}], "attributes": {"system": {"duration": 0, "cwd": "/home/sochat1_llnl_gov", "shell": {"options": {"rlimit": {"cpu": -1, "fsize": -1, "data": -1, "stack": 8388608, "core": 0, "nofile": 1048576, "as": -1, "rss": -1, "nproc": -1}, "cpu-affinity": "per-task", "gpu-affinity": "per-task"}}, "constraints": {"hostlist": ["flux-022,flux-019"]}}, "user": {"study_id": "osu-2-iter-12"}}, "version": 1}
START OF EVENTLOG
{"timestamp":1725850057.311173,"name":"init"}
{"timestamp":1725850057.3123424,"name":"starting"}
{"timestamp":1725850057.3324859,"name":"shell.init","context":{"service":"501043911-shell-fKmXBgmV","leader-rank":18,"size":2}}
{"timestamp":1725850057.3365681,"name":"shell.start","context":{"taskmap":{"version":1,"map":[[0,2,1,1]]}}}
{"timestamp":1725850090.5214148,"name":"shell.task-exit","context":{"localid":0,"rank":1,"state":"Exited","pid":23558,"wait_status":0,"signaled":0,"exitcode":0}}
{"timestamp":1725850090.5352859,"name":"complete","context":{"status":0}}
{"timestamp":1725850090.535316,"name":"done"}

