Warning: OMB could not identify the local rank of the process.
         This can lead to multiple processes using the same GPU.
         Please use the get_local_rank script in the OMB repo for this.
Warning: OMB could not identify the local rank of the process.
         This can lead to multiple processes using the same GPU.
         Please use the get_local_rank script in the OMB repo for this.
# OSU MPI-CUDA Latency Test v5.8
# Send Buffer on HOST (H) and Receive Buffer on HOST (H)
# Size          Latency (us)
0                      29.40
1                      35.59
2                      41.78
4                      43.58
8                      47.13
16                     46.80
32                     48.30
64                     52.99
128                    53.42
256                    38.62
512                    32.16
1024                   29.38
2048                   33.89
4096                   36.07
8192                   42.50
16384                  55.82
32768                  85.78
65536                 209.97
131072                215.71
262144                272.13
524288                387.83
1048576               587.33
2097152               885.85
4194304              1533.35
START OF JOBSPEC
{"resources": [{"type": "node", "count": 2, "with": [{"type": "slot", "count": 1, "with": [{"type": "core", "count": 1}, {"type": "gpu", "count": 1}], "label": "task"}]}], "tasks": [{"command": ["singularity", "exec", "--nv", "/opt/containers/metric-osu-gpu_google-gpu.sif", "/opt/osu-benchmark/build.openmpi/mpi/pt2pt/osu_latency", "-d", "cuda", "H", "H"], "slot": "task", "count": {"per_slot": 1}}], "attributes": {"system": {"duration": 0, "cwd": "/home/sochat1_llnl_gov", "shell": {"options": {"rlimit": {"cpu": -1, "fsize": -1, "data": -1, "stack": 8388608, "core": 0, "nofile": 1048576, "as": -1, "rss": -1, "nproc": -1}, "cpu-affinity": "per-task", "gpu-affinity": "per-task"}}, "constraints": {"hostlist": ["flux-013,flux-019"]}}, "user": {"study_id": "osu-2-iter-6"}}, "version": 1}
START OF EVENTLOG
{"timestamp":1725850045.1541636,"name":"init"}
{"timestamp":1725850045.1554971,"name":"starting"}
{"timestamp":1725850045.1780274,"name":"shell.init","context":{"service":"501043911-shell-fJwN51qq","leader-rank":18,"size":2}}
{"timestamp":1725850045.1824486,"name":"shell.start","context":{"taskmap":{"version":1,"map":[[0,2,1,1]]}}}
{"timestamp":1725850069.4017017,"name":"shell.task-exit","context":{"localid":0,"rank":0,"state":"Exited","pid":23119,"wait_status":0,"signaled":0,"exitcode":0}}
{"timestamp":1725850069.4073246,"name":"complete","context":{"status":0}}
{"timestamp":1725850069.4073601,"name":"done"}

