 OMP_NUM_THREADS=2
      creating/filling mesh...0.022831s, total time: 0.022831
generating matrix structure...0.047682s, total time: 0.070513
         assembling FE data...0.00716782s, total time: 0.0776808
      imposing Dirichlet BC...0.000873089s, total time: 0.0785539
      imposing Dirichlet BC...1.90735e-06s, total time: 0.0785558
making matrix indices local...0.017313s, total time: 0.0958688
Starting CG solver ... 
Initial Residual = 231.002
Iteration = 20   Residual = 0.0648013
Iteration = 40   Residual = 0.137569
Iteration = 60   Residual = 0.00918412
Iteration = 80   Residual = 0.0209747
Iteration = 100   Residual = 0.00116334
Iteration = 120   Residual = 0.000429695
Iteration = 140   Residual = 0.000171088
Iteration = 160   Residual = 6.30129e-05
Iteration = 180   Residual = 0.000114071
Iteration = 200   Residual = 1.46977e-06
Final Resid Norm: 1.46977e-06
START OF JOBSPEC
{"resources": [{"type": "node", "count": 4, "with": [{"type": "slot", "count": 8, "with": [{"type": "core", "count": 1}, {"type": "gpu", "count": 1}], "label": "task"}]}], "tasks": [{"command": ["miniFE.x", "nx=230", "ny=230", "nz=230", "num_devices=8", "use_locking=1", "elem_group_size=10", "use_elem_mat_fields=300", "verify_solution=0"], "slot": "task", "count": {"per_slot": 1}}], "attributes": {"system": {"duration": 0, "cwd": "/opt/minife", "shell": {"options": {"rlimit": {"cpu": -1, "fsize": -1, "data": -1, "stack": 10485760, "core": -1, "nofile": 1048576, "as": -1, "rss": -1, "nproc": -1}, "cpu-affinity": "per-task", "gpu-affinity": "per-task"}}}, "user": {"study_id": "minife-4-iter-11"}}, "version": 1}
START OF EVENTLOG
{"timestamp":1724703190.8126178,"name":"init"}
{"timestamp":1724703190.8132427,"name":"starting"}
{"timestamp":1724703190.8253496,"name":"shell.init","context":{"service":"0-shell-f24dfyKCT","leader-rank":0,"size":4}}
{"timestamp":1724703190.8385708,"name":"shell.start","context":{"taskmap":{"version":1,"map":[[0,4,8,1]]}}}
{"timestamp":1724703193.7471814,"name":"shell.task-exit","context":{"localid":0,"rank":24,"state":"Exited","pid":234,"wait_status":0,"signaled":0,"exitcode":0}}
{"timestamp":1724703194.1186974,"name":"complete","context":{"status":0}}
{"timestamp":1724703194.1187165,"name":"done"}

