# OSU MPI Bandwidth Test v5.8
# Size      Bandwidth (MB/s)
1                       0.50
2                       0.88
4                       1.61
8                       3.99
16                      7.72
32                     13.00
64                     28.70
128                    59.67
256                   108.77
512                   231.75
1024                  457.15
2048                  797.50
4096                 1510.71
8192                 2161.09
16384                2973.17
32768                2444.24
65536                2351.77
131072               2444.07
262144               2304.74
524288               2543.07
1048576              2897.97
2097152              2735.87
4194304              4694.84
START OF JOBSPEC
{"resources": [{"type": "node", "count": 2, "with": [{"type": "slot", "count": 1, "with": [{"type": "core", "count": 1}], "label": "task"}]}], "tasks": [{"command": ["/opt/osu-benchmark/build.openmpi/mpi/pt2pt/osu_bw"], "slot": "task", "count": {"per_slot": 1}}], "attributes": {"system": {"duration": 0, "cwd": "/opt", "shell": {"options": {"rlimit": {"cpu": -1, "fsize": -1, "data": -1, "stack": 10485760, "core": -1, "nofile": 1048576, "as": -1, "rss": -1, "nproc": -1}, "cpu-affinity": "per-task"}}, "constraints": {"hostlist": ["flux-sample-63,flux-sample-209"]}}, "user": {"study_id": "osu-2-iter-22"}}, "version": 1}
START OF EVENTLOG
{"timestamp":1725155279.1806133,"name":"init"}
{"timestamp":1725155279.1821051,"name":"starting"}
{"timestamp":1725155279.2114778,"name":"shell.init","context":{"service":"0-shell-fgRpuBu1","leader-rank":63,"size":2}}
{"timestamp":1725155279.215971,"name":"shell.start","context":{"taskmap":{"version":1,"map":[[0,2,1,1]]}}}
{"timestamp":1725155284.3636854,"name":"shell.task-exit","context":{"localid":0,"rank":1,"state":"Exited","pid":98,"wait_status":0,"signaled":0,"exitcode":0}}
{"timestamp":1725155284.3771994,"name":"complete","context":{"status":0}}
{"timestamp":1725155284.3772218,"name":"done"}

