Warning: OMB could not identify the local rank of the process.
         This can lead to multiple processes using the same GPU.
         Please use the get_local_rank script in the OMB repo for this.
Warning: OMB could not identify the local rank of the process.
         This can lead to multiple processes using the same GPU.
         Please use the get_local_rank script in the OMB repo for this.
# OSU MPI-CUDA Bandwidth Test v5.8
# Send Buffer on HOST (H) and Receive Buffer on HOST (H)
# Size      Bandwidth (MB/s)
1                       0.23
2                       0.43
4                       0.64
8                       1.27
16                      4.59
32                      9.21
64                     19.92
128                    39.59
256                    71.85
512                   143.21
1024                  277.54
2048                  483.56
4096                  761.75
8192                 1184.23
16384                1647.02
32768                2180.68
65536                2367.78
131072               2864.77
262144               2114.66
524288               1968.95
1048576              1839.24
2097152              1806.68
4194304              1765.49
START OF JOBSPEC
{"resources": [{"type": "node", "count": 2, "with": [{"type": "slot", "count": 1, "with": [{"type": "core", "count": 1}, {"type": "gpu", "count": 1}], "label": "task"}]}], "tasks": [{"command": ["singularity", "exec", "--nv", "/opt/containers/metric-osu-gpu_google-gpu.sif", "/opt/osu-benchmark/build.openmpi/mpi/pt2pt/osu_bw", "-d", "cuda", "H", "H"], "slot": "task", "count": {"per_slot": 1}}], "attributes": {"system": {"duration": 0, "cwd": "/home/sochat1_llnl_gov", "shell": {"options": {"rlimit": {"cpu": -1, "fsize": -1, "data": -1, "stack": 8388608, "core": 0, "nofile": 1048576, "as": -1, "rss": -1, "nproc": -1}, "cpu-affinity": "per-task", "gpu-affinity": "per-task"}}, "constraints": {"hostlist": ["flux-012,flux-016"]}}, "user": {"study_id": "osu-2-iter-2"}}, "version": 1}
START OF EVENTLOG
{"timestamp":1725838681.6125827,"name":"init"}
{"timestamp":1725838681.6135314,"name":"starting"}
{"timestamp":1725838681.6322029,"name":"shell.init","context":{"service":"501043911-shell-fvtLJzJj","leader-rank":11,"size":2}}
{"timestamp":1725838681.6360323,"name":"shell.start","context":{"taskmap":{"version":1,"map":[[0,2,1,1]]}}}
{"timestamp":1725838690.4172888,"name":"shell.task-exit","context":{"localid":0,"rank":0,"state":"Exited","pid":21141,"wait_status":0,"signaled":0,"exitcode":0}}
{"timestamp":1725838690.4232516,"name":"complete","context":{"status":0}}
{"timestamp":1725838690.4232845,"name":"done"}

