 STREAM Benchmark implementation in CUDA
 Array size (double precision) = 536.87 MB
 using 192 threads per block, 349526 blocks
 output in IEC units (KiB = 1024 B)

Function      Rate (GiB/s)  Avg time(s)  Min time(s)  Max time(s)
-----------------------------------------------------------------
Copy:         733.6547      0.00136452   0.00136304   0.00136614
Scale:        733.1418      0.00136452   0.00136399   0.00136614
Add:          759.1042      0.00197714   0.00197601   0.00197816
Triad:        759.4708      0.00197636   0.00197506   0.00197697
 STREAM Benchmark implementation in CUDA
 Array size (double precision) = 536.87 MB
 using 192 threads per block, 349526 blocks
 output in IEC units (KiB = 1024 B)

Function      Rate (GiB/s)  Avg time(s)  Min time(s)  Max time(s)
-----------------------------------------------------------------
Copy:         733.6547      0.00136422   0.00136304   0.00136518
Scale:        733.6547      0.00136468   0.00136304   0.00137210
Add:          759.1042      0.00197732   0.00197601   0.00197816
Triad:        759.4708      0.00197650   0.00197506   0.00197792
 STREAM Benchmark implementation in CUDA
 Array size (double precision) = 536.87 MB
 using 192 threads per block, 349526 blocks
 output in IEC units (KiB = 1024 B)

Function      Rate (GiB/s)  Avg time(s)  Min time(s)  Max time(s)
-----------------------------------------------------------------
Copy:         745.1242      0.00134398   0.00134206   0.00134993
Scale:        745.2566      0.00134306   0.00134182   0.00134516
Add:          749.2504      0.00200560   0.00200200   0.00200796
Triad:        748.1812      0.00200678   0.00200486   0.00200796
 STREAM Benchmark implementation in CUDA
 Array size (double precision) = 536.87 MB
 using 192 threads per block, 349526 blocks
 output in IEC units (KiB = 1024 B)

Function      Rate (GiB/s)  Avg time(s)  Min time(s)  Max time(s)
-----------------------------------------------------------------
Copy:         733.7831      0.00136431   0.00136280   0.00136709
Scale:        733.6547      0.00136443   0.00136304   0.00136685
Add:          759.1042      0.00197694   0.00197601   0.00198102
Triad:        759.4708      0.00197621   0.00197506   0.00197721
 STREAM Benchmark implementation in CUDA
 Array size (double precision) = 536.87 MB
 using 192 threads per block, 349526 blocks
 output in IEC units (KiB = 1024 B)

Function      Rate (GiB/s)  Avg time(s)  Min time(s)  Max time(s)
-----------------------------------------------------------------
Copy:         733.7831      0.00136409   0.00136280   0.00136518
Scale:        733.1418      0.00136444   0.00136399   0.00136614
Add:          759.1042      0.00197697   0.00197601   0.00198007
Triad:        759.5625      0.00197581   0.00197482   0.00197697
 STREAM Benchmark implementation in CUDA
 Array size (double precision) = 536.87 MB
 using 192 threads per block, 349526 blocks
 output in IEC units (KiB = 1024 B)

Function      Rate (GiB/s)  Avg time(s)  Min time(s)  Max time(s)
-----------------------------------------------------------------
Copy:         745.2566      0.00134376   0.00134182   0.00134516
Scale:        745.2566      0.00134339   0.00134182   0.00134420
Add:          748.8937      0.00200513   0.00200295   0.00200820
Triad:        748.1812      0.00200636   0.00200486   0.00200820
 STREAM Benchmark implementation in CUDA
 Array size (double precision) = 536.87 MB
 using 192 threads per block, 349526 blocks
 output in IEC units (KiB = 1024 B)

Function      Rate (GiB/s)  Avg time(s)  Min time(s)  Max time(s)
-----------------------------------------------------------------
Copy:         733.7831      0.00136441   0.00136280   0.00136685
Scale:        733.1418      0.00136414   0.00136399   0.00136495
Add:          759.1042      0.00197702   0.00197601   0.00197816
Triad:        759.5625      0.00197628   0.00197482   0.00197721
 STREAM Benchmark implementation in CUDA
 Array size (double precision) = 536.87 MB
 using 192 threads per block, 349526 blocks
 output in IEC units (KiB = 1024 B)

Function      Rate (GiB/s)  Avg time(s)  Min time(s)  Max time(s)
-----------------------------------------------------------------
Copy:         745.1242      0.00134348   0.00134206   0.00134587
Scale:        745.2566      0.00134350   0.00134182   0.00134492
Add:          748.5373      0.00200600   0.00200391   0.00200796
Triad:        748.5373      0.00200644   0.00200391   0.00200820
START OF JOBSPEC
{"resources": [{"type": "node", "count": 1, "with": [{"type": "slot", "count": 8, "with": [{"type": "core", "count": 1}, {"type": "gpu", "count": 1}], "label": "task"}]}], "tasks": [{"command": ["stream"], "slot": "task", "count": {"per_slot": 1}}], "attributes": {"system": {"duration": 0, "cwd": "/opt/stream", "shell": {"options": {"rlimit": {"cpu": -1, "fsize": -1, "data": -1, "stack": 10485760, "core": -1, "nofile": 1048576, "as": -1, "rss": -1, "nproc": -1}, "gpu-affinity": "per-task", "cpu-affinity": "per-task"}}, "constraints": {"hostlist": ["flux-sample-10"]}}, "user": {"study_id": "stream-1-node-10-iter-11"}}, "version": 1}
START OF EVENTLOG
{"timestamp":1724812179.7277827,"name":"init"}
{"timestamp":1724812179.7290723,"name":"starting"}
{"timestamp":1724812179.7424641,"name":"shell.init","context":{"service":"0-shell-f2XDsrDmH","leader-rank":10,"size":1}}
{"timestamp":1724812179.7566576,"name":"shell.start","context":{"taskmap":{"version":1,"map":[[0,1,8,1]]}}}
{"timestamp":1724812181.0138664,"name":"shell.task-exit","context":{"localid":1,"rank":1,"state":"Exited","pid":321,"wait_status":0,"signaled":0,"exitcode":0}}
{"timestamp":1724812181.3130291,"name":"complete","context":{"status":0}}
{"timestamp":1724812181.313045,"name":"done"}

