-------------------------------------------------------------
STREAM version $Revision: 5.10 $
-------------------------------------------------------------
This system uses 8 bytes per array element.
-------------------------------------------------------------
Array size = 10000000 (elements), Offset = 0 (elements)
Memory per array = 76.3 MiB (= 0.1 GiB).
Total memory required = 228.9 MiB (= 0.2 GiB).
Each kernel will be executed 10 times.
 The *best* time for each kernel (excluding the first iteration)
 will be used to compute the reported bandwidth.
-------------------------------------------------------------
Your clock granularity/precision appears to be 1 microseconds.
Each test below will take on the order of 20583 microseconds.
   (= 20583 clock ticks)
Increase the size of the arrays if this shows that
you are not getting at least 20 clock ticks per test.
-------------------------------------------------------------
WARNING -- The above is only a rough guideline.
For best results, please be sure you know the
precision of your system timer.
-------------------------------------------------------------
Function    Best Rate MB/s  Avg time     Min time     Max time
Copy:           11129.5     0.018264     0.014376     0.035154
Scale:          10388.4     0.019274     0.015402     0.035714
Add:            11962.9     0.025688     0.020062     0.052452
Triad:          12091.4     0.022604     0.019849     0.038237
-------------------------------------------------------------
Solution Validates: avg error less than 1.000000e-13 on all three arrays
-------------------------------------------------------------
-------------------------------------------------------------
STREAM version $Revision: 5.10 $
-------------------------------------------------------------
This system uses 8 bytes per array element.
-------------------------------------------------------------
Array size = 10000000 (elements), Offset = 0 (elements)
Memory per array = 76.3 MiB (= 0.1 GiB).
Total memory required = 228.9 MiB (= 0.2 GiB).
Each kernel will be executed 10 times.
 The *best* time for each kernel (excluding the first iteration)
 will be used to compute the reported bandwidth.
-------------------------------------------------------------
Your clock granularity/precision appears to be 1 microseconds.
Each test below will take on the order of 20849 microseconds.
   (= 20849 clock ticks)
Increase the size of the arrays if this shows that
you are not getting at least 20 clock ticks per test.
-------------------------------------------------------------
WARNING -- The above is only a rough guideline.
For best results, please be sure you know the
precision of your system timer.
-------------------------------------------------------------
Function    Best Rate MB/s  Avg time     Min time     Max time
Copy:           10538.8     0.025554     0.015182     0.036853
Scale:          10471.9     0.024962     0.015279     0.036504
Add:            11723.3     0.036264     0.020472     0.053294
Triad:          11257.0     0.038021     0.021320     0.053889
-------------------------------------------------------------
Solution Validates: avg error less than 1.000000e-13 on all three arrays
-------------------------------------------------------------
-------------------------------------------------------------
STREAM version $Revision: 5.10 $
-------------------------------------------------------------
This system uses 8 bytes per array element.
-------------------------------------------------------------
Array size = 10000000 (elements), Offset = 0 (elements)
Memory per array = 76.3 MiB (= 0.1 GiB).
Total memory required = 228.9 MiB (= 0.2 GiB).
Each kernel will be executed 10 times.
 The *best* time for each kernel (excluding the first iteration)
 will be used to compute the reported bandwidth.
-------------------------------------------------------------
Your clock granularity/precision appears to be 1 microseconds.
Each test below will take on the order of 13220 microseconds.
   (= 13220 clock ticks)
Increase the size of the arrays if this shows that
you are not getting at least 20 clock ticks per test.
-------------------------------------------------------------
WARNING -- The above is only a rough guideline.
For best results, please be sure you know the
precision of your system timer.
-------------------------------------------------------------
Function    Best Rate MB/s  Avg time     Min time     Max time
Copy:           10006.2     0.028511     0.015990     0.036641
Scale:          10006.8     0.028184     0.015989     0.036167
Add:            11786.7     0.040129     0.020362     0.052956
Triad:           7173.0     0.043453     0.033459     0.054569
-------------------------------------------------------------
Solution Validates: avg error less than 1.000000e-13 on all three arrays
-------------------------------------------------------------
-------------------------------------------------------------
STREAM version $Revision: 5.10 $
-------------------------------------------------------------
This system uses 8 bytes per array element.
-------------------------------------------------------------
Array size = 10000000 (elements), Offset = 0 (elements)
Memory per array = 76.3 MiB (= 0.1 GiB).
Total memory required = 228.9 MiB (= 0.2 GiB).
Each kernel will be executed 10 times.
 The *best* time for each kernel (excluding the first iteration)
 will be used to compute the reported bandwidth.
-------------------------------------------------------------
Your clock granularity/precision appears to be 1 microseconds.
Each test below will take on the order of 15269 microseconds.
   (= 15269 clock ticks)
Increase the size of the arrays if this shows that
you are not getting at least 20 clock ticks per test.
-------------------------------------------------------------
WARNING -- The above is only a rough guideline.
For best results, please be sure you know the
precision of your system timer.
-------------------------------------------------------------
Function    Best Rate MB/s  Avg time     Min time     Max time
Copy:           13076.3     0.029339     0.012236     0.036119
Scale:          12492.1     0.029230     0.012808     0.036826
Add:            15412.2     0.041492     0.015572     0.053976
Triad:          15548.1     0.039734     0.015436     0.053020
-------------------------------------------------------------
Solution Validates: avg error less than 1.000000e-13 on all three arrays
-------------------------------------------------------------
-------------------------------------------------------------
STREAM version $Revision: 5.10 $
-------------------------------------------------------------
This system uses 8 bytes per array element.
-------------------------------------------------------------
Array size = 10000000 (elements), Offset = 0 (elements)
Memory per array = 76.3 MiB (= 0.1 GiB).
Total memory required = 228.9 MiB (= 0.2 GiB).
Each kernel will be executed 10 times.
 The *best* time for each kernel (excluding the first iteration)
 will be used to compute the reported bandwidth.
-------------------------------------------------------------
Your clock granularity/precision appears to be 1 microseconds.
Each test below will take on the order of 23957 microseconds.
   (= 23957 clock ticks)
Increase the size of the arrays if this shows that
you are not getting at least 20 clock ticks per test.
-------------------------------------------------------------
WARNING -- The above is only a rough guideline.
For best results, please be sure you know the
precision of your system timer.
-------------------------------------------------------------
Function    Best Rate MB/s  Avg time     Min time     Max time
Copy:            9318.6     0.034350     0.017170     0.037485
Scale:           7091.6     0.035179     0.022562     0.037515
Add:             6068.4     0.049164     0.039549     0.052433
Triad:          11462.5     0.045333     0.020938     0.053755
-------------------------------------------------------------
Solution Validates: avg error less than 1.000000e-13 on all three arrays
-------------------------------------------------------------
-------------------------------------------------------------
STREAM version $Revision: 5.10 $
-------------------------------------------------------------
This system uses 8 bytes per array element.
-------------------------------------------------------------
Array size = 10000000 (elements), Offset = 0 (elements)
Memory per array = 76.3 MiB (= 0.1 GiB).
Total memory required = 228.9 MiB (= 0.2 GiB).
Each kernel will be executed 10 times.
 The *best* time for each kernel (excluding the first iteration)
 will be used to compute the reported bandwidth.
-------------------------------------------------------------
Your clock granularity/precision appears to be 1 microseconds.
Each test below will take on the order of 24408 microseconds.
   (= 24408 clock ticks)
Increase the size of the arrays if this shows that
you are not getting at least 20 clock ticks per test.
-------------------------------------------------------------
WARNING -- The above is only a rough guideline.
For best results, please be sure you know the
precision of your system timer.
-------------------------------------------------------------
Function    Best Rate MB/s  Avg time     Min time     Max time
Copy:           10659.6     0.034030     0.015010     0.037366
Scale:           4920.0     0.035840     0.032520     0.037331
Add:             7932.6     0.049603     0.030255     0.053864
Triad:          10971.4     0.048433     0.021875     0.053599
-------------------------------------------------------------
Solution Validates: avg error less than 1.000000e-13 on all three arrays
-------------------------------------------------------------
-------------------------------------------------------------
STREAM version $Revision: 5.10 $
-------------------------------------------------------------
This system uses 8 bytes per array element.
-------------------------------------------------------------
Array size = 10000000 (elements), Offset = 0 (elements)
Memory per array = 76.3 MiB (= 0.1 GiB).
Total memory required = 228.9 MiB (= 0.2 GiB).
Each kernel will be executed 10 times.
 The *best* time for each kernel (excluding the first iteration)
 will be used to compute the reported bandwidth.
-------------------------------------------------------------
Your clock granularity/precision appears to be 1 microseconds.
Each test below will take on the order of 23850 microseconds.
   (= 23850 clock ticks)
Increase the size of the arrays if this shows that
you are not getting at least 20 clock ticks per test.
-------------------------------------------------------------
WARNING -- The above is only a rough guideline.
For best results, please be sure you know the
precision of your system timer.
-------------------------------------------------------------
Function    Best Rate MB/s  Avg time     Min time     Max time
Copy:            4598.5     0.035679     0.034794     0.036356
Scale:           5279.5     0.035670     0.030306     0.037047
Add:            11408.0     0.050391     0.021038     0.055425
Triad:           5389.6     0.050834     0.044530     0.053416
-------------------------------------------------------------
Solution Validates: avg error less than 1.000000e-13 on all three arrays
-------------------------------------------------------------
-------------------------------------------------------------
STREAM version $Revision: 5.10 $
-------------------------------------------------------------
This system uses 8 bytes per array element.
-------------------------------------------------------------
Array size = 10000000 (elements), Offset = 0 (elements)
Memory per array = 76.3 MiB (= 0.1 GiB).
Total memory required = 228.9 MiB (= 0.2 GiB).
Each kernel will be executed 10 times.
 The *best* time for each kernel (excluding the first iteration)
 will be used to compute the reported bandwidth.
-------------------------------------------------------------
Your clock granularity/precision appears to be 1 microseconds.
Each test below will take on the order of 20699 microseconds.
   (= 20699 clock ticks)
Increase the size of the arrays if this shows that
you are not getting at least 20 clock ticks per test.
-------------------------------------------------------------
WARNING -- The above is only a rough guideline.
For best results, please be sure you know the
precision of your system timer.
-------------------------------------------------------------
Function    Best Rate MB/s  Avg time     Min time     Max time
Copy:            4842.0     0.036330     0.033044     0.037873
Scale:           4577.6     0.036431     0.034953     0.037448
Add:             6319.6     0.050399     0.037977     0.053252
Triad:          10825.9     0.050212     0.022169     0.054317
-------------------------------------------------------------
Solution Validates: avg error less than 1.000000e-13 on all three arrays
-------------------------------------------------------------
-------------------------------------------------------------
STREAM version $Revision: 5.10 $
-------------------------------------------------------------
This system uses 8 bytes per array element.
-------------------------------------------------------------
Array size = 10000000 (elements), Offset = 0 (elements)
Memory per array = 76.3 MiB (= 0.1 GiB).
Total memory required = 228.9 MiB (= 0.2 GiB).
Each kernel will be executed 10 times.
 The *best* time for each kernel (excluding the first iteration)
 will be used to compute the reported bandwidth.
-------------------------------------------------------------
Your clock granularity/precision appears to be 1 microseconds.
Each test below will take on the order of 29036 microseconds.
   (= 29036 clock ticks)
-------------------------------------------------------------
-------------------------------------------------------------
Increase the size of the arrays if this shows that
STREAM version $Revision: 5.10 $
STREAM version $Revision: 5.10 $
you are not getting at least 20 clock ticks per test.
-------------------------------------------------------------
-------------------------------------------------------------
-------------------------------------------------------------
This system uses 8 bytes per array element.
This system uses 8 bytes per array element.
WARNING -- The above is only a rough guideline.
-------------------------------------------------------------
-------------------------------------------------------------
For best results, please be sure you know the
Array size = 10000000 (elements), Offset = 0 (elements)
Array size = 10000000 (elements), Offset = 0 (elements)
precision of your system timer.
Memory per array = 76.3 MiB (= 0.1 GiB).
Memory per array = 76.3 MiB (= 0.1 GiB).
-------------------------------------------------------------
Total memory required = 228.9 MiB (= 0.2 GiB).
Total memory required = 228.9 MiB (= 0.2 GiB).
Function    Best Rate MB/s  Avg time     Min time     Max time
Each kernel will be executed 10 times.
Each kernel will be executed 10 times.
Copy:            4807.8     0.041288     0.033279     0.043350
 The *best* time for each kernel (excluding the first iteration)
 The *best* time for each kernel (excluding the first iteration)
Scale:           4797.6     0.041545     0.033350     0.044292
 will be used to compute the reported bandwidth.
 will be used to compute the reported bandwidth.
-------------------------------------------------------------
Add:             5888.0     0.056670     0.040761     0.064716
-------------------------------------------------------------
-------------------------------------------------------------
STREAM version $Revision: 5.10 $
Triad:           5348.2     0.056125     0.044875     0.062560
-------------------------------------------------------------
Your clock granularity/precision appears to be 1 microseconds.
-------------------------------------------------------------
Your clock granularity/precision appears to be 1 microseconds.
-------------------------------------------------------------
-------------------------------------------------------------
-------------------------------------------------------------
STREAM version $Revision: 5.10 $
Each test below will take on the order of 29150 microseconds.
STREAM version $Revision: 5.10 $
Each test below will take on the order of 26479 microseconds.
This system uses 8 bytes per array element.
STREAM version $Revision: 5.10 $
-------------------------------------------------------------
Solution Validates: avg error less than 1.000000e-13 on all three arrays
-------------------------------------------------------------
   (= 29150 clock ticks)
-------------------------------------------------------------
   (= 26479 clock ticks)
-------------------------------------------------------------
-------------------------------------------------------------
STREAM version $Revision: 5.10 $
-------------------------------------------------------------
-------------------------------------------------------------
This system uses 8 bytes per array element.
Increase the size of the arrays if this shows that
This system uses 8 bytes per array element.
Increase the size of the arrays if this shows that
Array size = 10000000 (elements), Offset = 0 (elements)
This system uses 8 bytes per array element.
-------------------------------------------------------------
STREAM version $Revision: 5.10 $
-------------------------------------------------------------
you are not getting at least 20 clock ticks per test.
-------------------------------------------------------------
you are not getting at least 20 clock ticks per test.
Memory per array = 76.3 MiB (= 0.1 GiB).
-------------------------------------------------------------
This system uses 8 bytes per array element.
-------------------------------------------------------------
Array size = 10000000 (elements), Offset = 0 (elements)
-------------------------------------------------------------
Array size = 10000000 (elements), Offset = 0 (elements)
-------------------------------------------------------------
Total memory required = 228.9 MiB (= 0.2 GiB).
Array size = 10000000 (elements), Offset = 0 (elements)
-------------------------------------------------------------
This system uses 8 bytes per array element.
Memory per array = 76.3 MiB (= 0.1 GiB).
WARNING -- The above is only a rough guideline.
Memory per array = 76.3 MiB (= 0.1 GiB).
WARNING -- The above is only a rough guideline.
-------------------------------------------------------------
Each kernel will be executed 10 times.
Memory per array = 76.3 MiB (= 0.1 GiB).
Array size = 10000000 (elements), Offset = 0 (elements)
-------------------------------------------------------------
Total memory required = 228.9 MiB (= 0.2 GiB).
For best results, please be sure you know the
Total memory required = 228.9 MiB (= 0.2 GiB).
For best results, please be sure you know the
STREAM version $Revision: 5.10 $
 The *best* time for each kernel (excluding the first iteration)
Total memory required = 228.9 MiB (= 0.2 GiB).
Memory per array = 76.3 MiB (= 0.1 GiB).
Array size = 10000000 (elements), Offset = 0 (elements)
Each kernel will be executed 10 times.
precision of your system timer.
Each kernel will be executed 10 times.
precision of your system timer.
-------------------------------------------------------------
 will be used to compute the reported bandwidth.
Each kernel will be executed 10 times.
Total memory required = 228.9 MiB (= 0.2 GiB).
Memory per array = 76.3 MiB (= 0.1 GiB).
 The *best* time for each kernel (excluding the first iteration)
-------------------------------------------------------------
 The *best* time for each kernel (excluding the first iteration)
-------------------------------------------------------------
This system uses 8 bytes per array element.
-------------------------------------------------------------
 The *best* time for each kernel (excluding the first iteration)
Each kernel will be executed 10 times.
Total memory required = 228.9 MiB (= 0.2 GiB).
 will be used to compute the reported bandwidth.
Function    Best Rate MB/s  Avg time     Min time     Max time
 will be used to compute the reported bandwidth.
Function    Best Rate MB/s  Avg time     Min time     Max time
-------------------------------------------------------------
Your clock granularity/precision appears to be 1 microseconds.
 will be used to compute the reported bandwidth.
 The *best* time for each kernel (excluding the first iteration)
Each kernel will be executed 10 times.
-------------------------------------------------------------
Copy:            4812.1     0.041033     0.033250     0.043210
-------------------------------------------------------------
Copy:            4950.2     0.041296     0.032322     0.047386
-------------------------------------------------------------
Array size = 10000000 (elements), Offset = 0 (elements)
-------------------------------------------------------------
Each test below will take on the order of 29483 microseconds.
-------------------------------------------------------------
 will be used to compute the reported bandwidth.
 The *best* time for each kernel (excluding the first iteration)
Your clock granularity/precision appears to be 1 microseconds.
Scale:           4820.5     0.041494     0.033192     0.044281
Your clock granularity/precision appears to be 1 microseconds.
Scale:           4822.2     0.041710     0.033180     0.047985
STREAM version $Revision: 5.10 $
Memory per array = 76.3 MiB (= 0.1 GiB).
STREAM version $Revision: 5.10 $
   (= 29483 clock ticks)
Your clock granularity/precision appears to be 1 microseconds.
-------------------------------------------------------------
 will be used to compute the reported bandwidth.
Each test below will take on the order of 29305 microseconds.
Add:             5802.0     0.056966     0.041365     0.065225
Each test below will take on the order of 29149 microseconds.
Add:             5387.1     0.058274     0.044551     0.066562
-------------------------------------------------------------
Total memory required = 228.9 MiB (= 0.2 GiB).
-------------------------------------------------------------
Increase the size of the arrays if this shows that
Each test below will take on the order of 29458 microseconds.
Your clock granularity/precision appears to be 1 microseconds.
-------------------------------------------------------------
   (= 29305 clock ticks)
Triad:           5168.3     0.056384     0.046437     0.062581
   (= 29149 clock ticks)
Triad:           5434.4     0.056082     0.044163     0.065610
This system uses 8 bytes per array element.
Each kernel will be executed 10 times.
This system uses 8 bytes per array element.
you are not getting at least 20 clock ticks per test.
   (= 29458 clock ticks)
Each test below will take on the order of 29185 microseconds.
Your clock granularity/precision appears to be 1 microseconds.
Increase the size of the arrays if this shows that
-------------------------------------------------------------
Increase the size of the arrays if this shows that
-------------------------------------------------------------
-------------------------------------------------------------
 The *best* time for each kernel (excluding the first iteration)
-------------------------------------------------------------
-------------------------------------------------------------
Increase the size of the arrays if this shows that
   (= 29185 clock ticks)
Each test below will take on the order of 29243 microseconds.
you are not getting at least 20 clock ticks per test.
Solution Validates: avg error less than 1.000000e-13 on all three arrays
you are not getting at least 20 clock ticks per test.
Solution Validates: avg error less than 1.000000e-13 on all three arrays
Array size = 10000000 (elements), Offset = 0 (elements)
 will be used to compute the reported bandwidth.
Array size = 10000000 (elements), Offset = 0 (elements)
WARNING -- The above is only a rough guideline.
you are not getting at least 20 clock ticks per test.
Increase the size of the arrays if this shows that
   (= 29243 clock ticks)
-------------------------------------------------------------
-------------------------------------------------------------
-------------------------------------------------------------
-------------------------------------------------------------
Memory per array = 76.3 MiB (= 0.1 GiB).
-------------------------------------------------------------
Memory per array = 76.3 MiB (= 0.1 GiB).
For best results, please be sure you know the
-------------------------------------------------------------
you are not getting at least 20 clock ticks per test.
Increase the size of the arrays if this shows that
WARNING -- The above is only a rough guideline.
WARNING -- The above is only a rough guideline.
Total memory required = 228.9 MiB (= 0.2 GiB).
Your clock granularity/precision appears to be 1 microseconds.
Total memory required = 228.9 MiB (= 0.2 GiB).
precision of your system timer.
WARNING -- The above is only a rough guideline.
-------------------------------------------------------------
you are not getting at least 20 clock ticks per test.
For best results, please be sure you know the
For best results, please be sure you know the
Each kernel will be executed 10 times.
Each test below will take on the order of 26938 microseconds.
Each kernel will be executed 10 times.
-------------------------------------------------------------
For best results, please be sure you know the
WARNING -- The above is only a rough guideline.
-------------------------------------------------------------
precision of your system timer.
precision of your system timer.
 The *best* time for each kernel (excluding the first iteration)
   (= 26938 clock ticks)
 The *best* time for each kernel (excluding the first iteration)
Function    Best Rate MB/s  Avg time     Min time     Max time
precision of your system timer.
For best results, please be sure you know the
WARNING -- The above is only a rough guideline.
-------------------------------------------------------------
-------------------------------------------------------------
 will be used to compute the reported bandwidth.
Increase the size of the arrays if this shows that
 will be used to compute the reported bandwidth.
Copy:            4982.2     0.041178     0.032114     0.043586
-------------------------------------------------------------
precision of your system timer.
For best results, please be sure you know the
Function    Best Rate MB/s  Avg time     Min time     Max time
Function    Best Rate MB/s  Avg time     Min time     Max time
-------------------------------------------------------------
you are not getting at least 20 clock ticks per test.
-------------------------------------------------------------
Scale:           4772.3     0.041670     0.033527     0.044924
Function    Best Rate MB/s  Avg time     Min time     Max time
-------------------------------------------------------------
precision of your system timer.
Copy:            4801.1     0.041088     0.033326     0.043152
Copy:            4777.0     0.040969     0.033494     0.043049
Your clock granularity/precision appears to be 1 microseconds.
-------------------------------------------------------------
Your clock granularity/precision appears to be 1 microseconds.
Add:             5307.3     0.057097     0.045221     0.064564
Copy:            4537.2     0.041511     0.035264     0.043613
Function    Best Rate MB/s  Avg time     Min time     Max time
-------------------------------------------------------------
Scale:           4795.7     0.041459     0.033363     0.044037
Scale:           4769.8     0.041385     0.033544     0.043498
Each test below will take on the order of 26033 microseconds.
WARNING -- The above is only a rough guideline.
Each test below will take on the order of 27376 microseconds.
Triad:           5273.2     0.056521     0.045513     0.063245
Scale:           4766.5     0.041572     0.033568     0.044654
Copy:            5011.1     0.040940     0.031929     0.042992
Function    Best Rate MB/s  Avg time     Min time     Max time
Add:             5056.2     0.058977     0.047466     0.065787
Add:             4941.0     0.058168     0.048573     0.064814
-------------------------------------------------------------
   (= 26033 clock ticks)
For best results, please be sure you know the
   (= 27376 clock ticks)
-------------------------------------------------------------
Add:             5236.9     0.057348     0.045829     0.065038
Scale:           4785.4     0.041479     0.033435     0.044022
Copy:            4547.8     0.041421     0.035182     0.043389
Triad:           5408.7     0.055824     0.044373     0.062261
Triad:           5067.8     0.056518     0.047358     0.061640
STREAM version $Revision: 5.10 $
Increase the size of the arrays if this shows that
precision of your system timer.
Increase the size of the arrays if this shows that
Solution Validates: avg error less than 1.000000e-13 on all three arrays
Triad:           5237.8     0.056308     0.045821     0.062809
Add:             5000.1     0.058061     0.047999     0.065802
Scale:           4746.9     0.041620     0.033706     0.044684
-------------------------------------------------------------
-------------------------------------------------------------
-------------------------------------------------------------
you are not getting at least 20 clock ticks per test.
-------------------------------------------------------------
you are not getting at least 20 clock ticks per test.
-------------------------------------------------------------
-------------------------------------------------------------
Triad:           4981.7     0.056687     0.048176     0.062642
Add:             4924.3     0.057968     0.048738     0.064995
Solution Validates: avg error less than 1.000000e-13 on all three arrays
Solution Validates: avg error less than 1.000000e-13 on all three arrays
This system uses 8 bytes per array element.
-------------------------------------------------------------
Function    Best Rate MB/s  Avg time     Min time     Max time
-------------------------------------------------------------
Solution Validates: avg error less than 1.000000e-13 on all three arrays
-------------------------------------------------------------
Triad:           5095.5     0.056592     0.047100     0.062629
-------------------------------------------------------------
-------------------------------------------------------------
-------------------------------------------------------------
-------------------------------------------------------------
WARNING -- The above is only a rough guideline.
Copy:            4823.5     0.041794     0.033171     0.047682
WARNING -- The above is only a rough guideline.
-------------------------------------------------------------
Solution Validates: avg error less than 1.000000e-13 on all three arrays
-------------------------------------------------------------
Array size = 10000000 (elements), Offset = 0 (elements)
-------------------------------------------------------------
STREAM version $Revision: 5.10 $
For best results, please be sure you know the
Scale:           4773.6     0.041697     0.033518     0.048000
For best results, please be sure you know the
-------------------------------------------------------------
Solution Validates: avg error less than 1.000000e-13 on all three arrays
Memory per array = 76.3 MiB (= 0.1 GiB).
STREAM version $Revision: 5.10 $
-------------------------------------------------------------
precision of your system timer.
Add:             5292.2     0.058149     0.045350     0.066073
precision of your system timer.
-------------------------------------------------------------
Total memory required = 228.9 MiB (= 0.2 GiB).
-------------------------------------------------------------
-------------------------------------------------------------
This system uses 8 bytes per array element.
-------------------------------------------------------------
Triad:           5075.8     0.057288     0.047283     0.065669
-------------------------------------------------------------
Each kernel will be executed 10 times.
STREAM version $Revision: 5.10 $
This system uses 8 bytes per array element.
-------------------------------------------------------------
Function    Best Rate MB/s  Avg time     Min time     Max time
-------------------------------------------------------------
Function    Best Rate MB/s  Avg time     Min time     Max time
 The *best* time for each kernel (excluding the first iteration)
-------------------------------------------------------------
-------------------------------------------------------------
Array size = 10000000 (elements), Offset = 0 (elements)
Copy:            4827.0     0.042053     0.033147     0.048230
Solution Validates: avg error less than 1.000000e-13 on all three arrays
Copy:            4881.2     0.041822     0.032779     0.048077
 will be used to compute the reported bandwidth.
This system uses 8 bytes per array element.
Array size = 10000000 (elements), Offset = 0 (elements)
Memory per array = 76.3 MiB (= 0.1 GiB).
Scale:           4734.8     0.041574     0.033792     0.047737
-------------------------------------------------------------
Scale:           4751.4     0.041824     0.033674     0.048047
-------------------------------------------------------------
-------------------------------------------------------------
Memory per array = 76.3 MiB (= 0.1 GiB).
Total memory required = 228.9 MiB (= 0.2 GiB).
Add:             5112.1     0.059823     0.046947     0.066082
Add:             5132.5     0.059358     0.046761     0.066057
Your clock granularity/precision appears to be 1 microseconds.
Array size = 10000000 (elements), Offset = 0 (elements)
Total memory required = 228.9 MiB (= 0.2 GiB).
Each kernel will be executed 10 times.
Triad:           5469.6     0.056317     0.043879     0.066795
Triad:           5097.3     0.057407     0.047084     0.065893
Each test below will take on the order of 31477 microseconds.
Memory per array = 76.3 MiB (= 0.1 GiB).
Each kernel will be executed 10 times.
 The *best* time for each kernel (excluding the first iteration)
-------------------------------------------------------------
-------------------------------------------------------------
   (= 31477 clock ticks)
Total memory required = 228.9 MiB (= 0.2 GiB).
 The *best* time for each kernel (excluding the first iteration)
 will be used to compute the reported bandwidth.
Solution Validates: avg error less than 1.000000e-13 on all three arrays
Solution Validates: avg error less than 1.000000e-13 on all three arrays
Increase the size of the arrays if this shows that
Each kernel will be executed 10 times.
 will be used to compute the reported bandwidth.
-------------------------------------------------------------
-------------------------------------------------------------
-------------------------------------------------------------
you are not getting at least 20 clock ticks per test.
 The *best* time for each kernel (excluding the first iteration)
-------------------------------------------------------------
Your clock granularity/precision appears to be 1 microseconds.
-------------------------------------------------------------
 will be used to compute the reported bandwidth.
Your clock granularity/precision appears to be 1 microseconds.
Each test below will take on the order of 31105 microseconds.
WARNING -- The above is only a rough guideline.
-------------------------------------------------------------
Each test below will take on the order of 29963 microseconds.
   (= 31105 clock ticks)
For best results, please be sure you know the
Your clock granularity/precision appears to be 1 microseconds.
   (= 29963 clock ticks)
Increase the size of the arrays if this shows that
Each test below will take on the order of 30726 microseconds.
Increase the size of the arrays if this shows that
you are not getting at least 20 clock ticks per test.
-------------------------------------------------------------
precision of your system timer.
you are not getting at least 20 clock ticks per test.
-------------------------------------------------------------
STREAM version $Revision: 5.10 $
-------------------------------------------------------------
   (= 30726 clock ticks)
-------------------------------------------------------------
WARNING -- The above is only a rough guideline.
-------------------------------------------------------------
STREAM version $Revision: 5.10 $
Increase the size of the arrays if this shows that
Function    Best Rate MB/s  Avg time     Min time     Max time
-------------------------------------------------------------
For best results, please be sure you know the
This system uses 8 bytes per array element.
-------------------------------------------------------------
you are not getting at least 20 clock ticks per test.
Copy:            4877.6     0.041350     0.032803     0.047572
WARNING -- The above is only a rough guideline.
precision of your system timer.
-------------------------------------------------------------
This system uses 8 bytes per array element.
-------------------------------------------------------------
-------------------------------------------------------------
Scale:           4751.6     0.042050     0.033673     0.047590
For best results, please be sure you know the
Array size = 10000000 (elements), Offset = 0 (elements)
-------------------------------------------------------------
STREAM version $Revision: 5.10 $
-------------------------------------------------------------
-------------------------------------------------------------
-------------------------------------------------------------
WARNING -- The above is only a rough guideline.
-------------------------------------------------------------
Add:             5327.4     0.057089     0.045050     0.066407
precision of your system timer.
Memory per array = 76.3 MiB (= 0.1 GiB).
Array size = 10000000 (elements), Offset = 0 (elements)
-------------------------------------------------------------
STREAM version $Revision: 5.10 $
STREAM version $Revision: 5.10 $
STREAM version $Revision: 5.10 $
For best results, please be sure you know the
Function    Best Rate MB/s  Avg time     Min time     Max time
Triad:           5379.1     0.056061     0.044617     0.067502
-------------------------------------------------------------
-------------------------------------------------------------
Total memory required = 228.9 MiB (= 0.2 GiB).
Memory per array = 76.3 MiB (= 0.1 GiB).
-------------------------------------------------------------
This system uses 8 bytes per array element.
-------------------------------------------------------------
-------------------------------------------------------------
-------------------------------------------------------------
precision of your system timer.
Copy:            4753.7     0.041611     0.033658     0.047367
-------------------------------------------------------------
Function    Best Rate MB/s  Avg time     Min time     Max time
STREAM version $Revision: 5.10 $
-------------------------------------------------------------
Each kernel will be executed 10 times.
Total memory required = 228.9 MiB (= 0.2 GiB).
STREAM version $Revision: 5.10 $
-------------------------------------------------------------
-------------------------------------------------------------
-------------------------------------------------------------
This system uses 8 bytes per array element.
-------------------------------------------------------------
This system uses 8 bytes per array element.
This system uses 8 bytes per array element.
-------------------------------------------------------------
Scale:           4775.1     0.041941     0.033507     0.047582
Solution Validates: avg error less than 1.000000e-13 on all three arrays
Copy:            4764.0     0.041698     0.033585     0.047522
-------------------------------------------------------------
-------------------------------------------------------------
STREAM version $Revision: 5.10 $
 The *best* time for each kernel (excluding the first iteration)
Each kernel will be executed 10 times.
-------------------------------------------------------------
Array size = 10000000 (elements), Offset = 0 (elements)
-------------------------------------------------------------
-------------------------------------------------------------
STREAM version $Revision: 5.10 $
STREAM version $Revision: 5.10 $
-------------------------------------------------------------
STREAM version $Revision: 5.10 $
-------------------------------------------------------------
-------------------------------------------------------------
Function    Best Rate MB/s  Avg time     Min time     Max time
Add:             5281.0     0.057216     0.045446     0.066191
-------------------------------------------------------------
Scale:           4768.4     0.042154     0.033554     0.048016
This system uses 8 bytes per array element.
-------------------------------------------------------------
-------------------------------------------------------------
STREAM version $Revision: 5.10 $
-------------------------------------------------------------
 will be used to compute the reported bandwidth.
-------------------------------------------------------------
 The *best* time for each kernel (excluding the first iteration)
This system uses 8 bytes per array element.
Memory per array = 76.3 MiB (= 0.1 GiB).
STREAM version $Revision: 5.10 $
STREAM version $Revision: 5.10 $
-------------------------------------------------------------
-------------------------------------------------------------
-------------------------------------------------------------
Array size = 10000000 (elements), Offset = 0 (elements)
-------------------------------------------------------------
Array size = 10000000 (elements), Offset = 0 (elements)
Array size = 10000000 (elements), Offset = 0 (elements)
Copy:            4836.0     0.041893     0.033085     0.047674
Triad:           5097.3     0.056932     0.047084     0.067584
Add:             5469.1     0.057331     0.043883     0.066319
-------------------------------------------------------------
-------------------------------------------------------------
STREAM version $Revision: 5.10 $
STREAM version $Revision: 5.10 $
-------------------------------------------------------------
This system uses 8 bytes per array element.
-------------------------------------------------------------
STREAM version $Revision: 5.10 $
 will be used to compute the reported bandwidth.
-------------------------------------------------------------
Total memory required = 228.9 MiB (= 0.2 GiB).
-------------------------------------------------------------
-------------------------------------------------------------
This system uses 8 bytes per array element.
This system uses 8 bytes per array element.
STREAM version $Revision: 5.10 $
Memory per array = 76.3 MiB (= 0.1 GiB).
This system uses 8 bytes per array element.
Memory per array = 76.3 MiB (= 0.1 GiB).
Memory per array = 76.3 MiB (= 0.1 GiB).
Scale:           4833.3     0.041462     0.033104     0.047221
-------------------------------------------------------------
Triad:           5138.4     0.057011     0.046707     0.066967
-------------------------------------------------------------
STREAM version $Revision: 5.10 $
Array size = 10000000 (elements), Offset = 0 (elements)
-------------------------------------------------------------
-------------------------------------------------------------
This system uses 8 bytes per array element.
-------------------------------------------------------------
Your clock granularity/precision appears to be 1 microseconds.
-------------------------------------------------------------
-------------------------------------------------------------
Array size = 10000000 (elements), Offset = 0 (elements)
Each kernel will be executed 10 times.
This system uses 8 bytes per array element.
This system uses 8 bytes per array element.
-------------------------------------------------------------
-------------------------------------------------------------
-------------------------------------------------------------
Total memory required = 228.9 MiB (= 0.2 GiB).
-------------------------------------------------------------
Total memory required = 228.9 MiB (= 0.2 GiB).
Total memory required = 228.9 MiB (= 0.2 GiB).
Add:             5311.9     0.058588     0.045182     0.066292
Solution Validates: avg error less than 1.000000e-13 on all three arrays
-------------------------------------------------------------
STREAM version $Revision: 5.10 $
-------------------------------------------------------------
-------------------------------------------------------------
Memory per array = 76.3 MiB (= 0.1 GiB).
This system uses 8 bytes per array element.
This system uses 8 bytes per array element.
-------------------------------------------------------------
Array size = 10000000 (elements), Offset = 0 (elements)
Each test below will take on the order of 23087 microseconds.
This system uses 8 bytes per array element.
Your clock granularity/precision appears to be 1 microseconds.
Memory per array = 76.3 MiB (= 0.1 GiB).
 The *best* time for each kernel (excluding the first iteration)
-------------------------------------------------------------
-------------------------------------------------------------
Array size = 10000000 (elements), Offset = 0 (elements)
Array size = 10000000 (elements), Offset = 0 (elements)
This system uses 8 bytes per array element.
Each kernel will be executed 10 times.
Array size = 10000000 (elements), Offset = 0 (elements)
Each kernel will be executed 10 times.
Each kernel will be executed 10 times.
Triad:           5954.2     0.056258     0.040308     0.067998
-------------------------------------------------------------
Solution Validates: avg error less than 1.000000e-13 on all three arrays
-------------------------------------------------------------
This system uses 8 bytes per array element.
STREAM version $Revision: 5.10 $
Total memory required = 228.9 MiB (= 0.2 GiB).
-------------------------------------------------------------
-------------------------------------------------------------
Array size = 10000000 (elements), Offset = 0 (elements)
Memory per array = 76.3 MiB (= 0.1 GiB).
   (= 23087 clock ticks)
-------------------------------------------------------------
Each test below will take on the order of 27764 microseconds.
Total memory required = 228.9 MiB (= 0.2 GiB).
 will be used to compute the reported bandwidth.
Array size = 10000000 (elements), Offset = 0 (elements)
Array size = 10000000 (elements), Offset = 0 (elements)
Memory per array = 76.3 MiB (= 0.1 GiB).
Memory per array = 76.3 MiB (= 0.1 GiB).
-------------------------------------------------------------
 The *best* time for each kernel (excluding the first iteration)
Memory per array = 76.3 MiB (= 0.1 GiB).
 The *best* time for each kernel (excluding the first iteration)
 The *best* time for each kernel (excluding the first iteration)
-------------------------------------------------------------
-------------------------------------------------------------
This system uses 8 bytes per array element.
-------------------------------------------------------------
-------------------------------------------------------------
Each kernel will be executed 10 times.
Array size = 10000000 (elements), Offset = 0 (elements)
Array size = 10000000 (elements), Offset = 0 (elements)
Memory per array = 76.3 MiB (= 0.1 GiB).
Total memory required = 228.9 MiB (= 0.2 GiB).
Increase the size of the arrays if this shows that
Array size = 10000000 (elements), Offset = 0 (elements)
   (= 27764 clock ticks)
Each kernel will be executed 10 times.
-------------------------------------------------------------
Memory per array = 76.3 MiB (= 0.1 GiB).
Memory per array = 76.3 MiB (= 0.1 GiB).
Total memory required = 228.9 MiB (= 0.2 GiB).
Total memory required = 228.9 MiB (= 0.2 GiB).
Array size = 10000000 (elements), Offset = 0 (elements)
 will be used to compute the reported bandwidth.
Total memory required = 228.9 MiB (= 0.2 GiB).
 will be used to compute the reported bandwidth.
 will be used to compute the reported bandwidth.
Solution Validates: avg error less than 1.000000e-13 on all three arrays
-------------------------------------------------------------
Array size = 10000000 (elements), Offset = 0 (elements)
This system uses 8 bytes per array element.
 The *best* time for each kernel (excluding the first iteration)
Memory per array = 76.3 MiB (= 0.1 GiB).
Memory per array = 76.3 MiB (= 0.1 GiB).
Total memory required = 228.9 MiB (= 0.2 GiB).
Each kernel will be executed 10 times.
you are not getting at least 20 clock ticks per test.
Memory per array = 76.3 MiB (= 0.1 GiB).
Increase the size of the arrays if this shows that
 The *best* time for each kernel (excluding the first iteration)
Your clock granularity/precision appears to be 1 microseconds.
Total memory required = 228.9 MiB (= 0.2 GiB).
Total memory required = 228.9 MiB (= 0.2 GiB).
Each kernel will be executed 10 times.
Each kernel will be executed 10 times.
Memory per array = 76.3 MiB (= 0.1 GiB).
-------------------------------------------------------------
Each kernel will be executed 10 times.
-------------------------------------------------------------
-------------------------------------------------------------
-------------------------------------------------------------
Array size = 10000000 (elements), Offset = 0 (elements)
Memory per array = 76.3 MiB (= 0.1 GiB).
-------------------------------------------------------------
 will be used to compute the reported bandwidth.
Total memory required = 228.9 MiB (= 0.2 GiB).
Total memory required = 228.9 MiB (= 0.2 GiB).
Each kernel will be executed 10 times.
 The *best* time for each kernel (excluding the first iteration)
-------------------------------------------------------------
Total memory required = 228.9 MiB (= 0.2 GiB).
you are not getting at least 20 clock ticks per test.
 will be used to compute the reported bandwidth.
Each test below will take on the order of 28638 microseconds.
Each kernel will be executed 10 times.
Each kernel will be executed 10 times.
 The *best* time for each kernel (excluding the first iteration)
 The *best* time for each kernel (excluding the first iteration)
Total memory required = 228.9 MiB (= 0.2 GiB).
Your clock granularity/precision appears to be 1 microseconds.
 The *best* time for each kernel (excluding the first iteration)
Your clock granularity/precision appears to be 1 microseconds.
Your clock granularity/precision appears to be 1 microseconds.
Memory per array = 76.3 MiB (= 0.1 GiB).
Total memory required = 228.9 MiB (= 0.2 GiB).
Array size = 10000000 (elements), Offset = 0 (elements)
-------------------------------------------------------------
Each kernel will be executed 10 times.
Each kernel will be executed 10 times.
 The *best* time for each kernel (excluding the first iteration)
 will be used to compute the reported bandwidth.
WARNING -- The above is only a rough guideline.
Each kernel will be executed 10 times.
-------------------------------------------------------------
-------------------------------------------------------------
   (= 28638 clock ticks)
 The *best* time for each kernel (excluding the first iteration)
 The *best* time for each kernel (excluding the first iteration)
 will be used to compute the reported bandwidth.
 will be used to compute the reported bandwidth.
Each kernel will be executed 10 times.
Each test below will take on the order of 31039 microseconds.
 will be used to compute the reported bandwidth.
Each test below will take on the order of 30748 microseconds.
Each test below will take on the order of 30594 microseconds.
Total memory required = 228.9 MiB (= 0.2 GiB).
Each kernel will be executed 10 times.
Memory per array = 76.3 MiB (= 0.1 GiB).
Your clock granularity/precision appears to be 1 microseconds.
 The *best* time for each kernel (excluding the first iteration)
 The *best* time for each kernel (excluding the first iteration)
 will be used to compute the reported bandwidth.
-------------------------------------------------------------
For best results, please be sure you know the
 The *best* time for each kernel (excluding the first iteration)
WARNING -- The above is only a rough guideline.
Your clock granularity/precision appears to be 1 microseconds.
Increase the size of the arrays if this shows that
 will be used to compute the reported bandwidth.
 will be used to compute the reported bandwidth.
-------------------------------------------------------------
-------------------------------------------------------------
 The *best* time for each kernel (excluding the first iteration)
   (= 31039 clock ticks)
-------------------------------------------------------------
   (= 30748 clock ticks)
   (= 30594 clock ticks)
Each kernel will be executed 10 times.
 The *best* time for each kernel (excluding the first iteration)
Total memory required = 228.9 MiB (= 0.2 GiB).
Each test below will take on the order of 30648 microseconds.
 will be used to compute the reported bandwidth.
 will be used to compute the reported bandwidth.
-------------------------------------------------------------
Your clock granularity/precision appears to be 1 microseconds.
precision of your system timer.
 will be used to compute the reported bandwidth.
For best results, please be sure you know the
Each test below will take on the order of 26043 microseconds.
you are not getting at least 20 clock ticks per test.
-------------------------------------------------------------
-------------------------------------------------------------
Your clock granularity/precision appears to be 1 microseconds.
Your clock granularity/precision appears to be 1 microseconds.
 will be used to compute the reported bandwidth.
Increase the size of the arrays if this shows that
Your clock granularity/precision appears to be 1 microseconds.
Increase the size of the arrays if this shows that
Increase the size of the arrays if this shows that
 The *best* time for each kernel (excluding the first iteration)
 will be used to compute the reported bandwidth.
Each kernel will be executed 10 times.
   (= 30648 clock ticks)
-------------------------------------------------------------
-------------------------------------------------------------
Your clock granularity/precision appears to be 1 microseconds.
Each test below will take on the order of 28554 microseconds.
-------------------------------------------------------------
-------------------------------------------------------------
precision of your system timer.
   (= 26043 clock ticks)
-------------------------------------------------------------
Your clock granularity/precision appears to be 1 microseconds.
Your clock granularity/precision appears to be 1 microseconds.
Each test below will take on the order of 31177 microseconds.
Each test below will take on the order of 30950 microseconds.
-------------------------------------------------------------
you are not getting at least 20 clock ticks per test.
Each test below will take on the order of 30698 microseconds.
you are not getting at least 20 clock ticks per test.
you are not getting at least 20 clock ticks per test.
 will be used to compute the reported bandwidth.
-------------------------------------------------------------
 The *best* time for each kernel (excluding the first iteration)
Increase the size of the arrays if this shows that
Your clock granularity/precision appears to be 1 microseconds.
Your clock granularity/precision appears to be 1 microseconds.
Each test below will take on the order of 29132 microseconds.
   (= 28554 clock ticks)
Function    Best Rate MB/s  Avg time     Min time     Max time
Your clock granularity/precision appears to be 1 microseconds.
-------------------------------------------------------------
Increase the size of the arrays if this shows that
WARNING -- The above is only a rough guideline.
Each test below will take on the order of 28640 microseconds.
Each test below will take on the order of 31495 microseconds.
   (= 31177 clock ticks)
   (= 30950 clock ticks)
Your clock granularity/precision appears to be 1 microseconds.
-------------------------------------------------------------
   (= 30698 clock ticks)
-------------------------------------------------------------
-------------------------------------------------------------
-------------------------------------------------------------
Your clock granularity/precision appears to be 1 microseconds.
 will be used to compute the reported bandwidth.
you are not getting at least 20 clock ticks per test.
Each test below will take on the order of 30637 microseconds.
Each test below will take on the order of 30713 microseconds.
   (= 29132 clock ticks)
Increase the size of the arrays if this shows that
Copy:            4254.0     0.042006     0.037612     0.044600
Each test below will take on the order of 29229 microseconds.
Function    Best Rate MB/s  Avg time     Min time     Max time
you are not getting at least 20 clock ticks per test.
For best results, please be sure you know the
   (= 28640 clock ticks)
   (= 31495 clock ticks)
Increase the size of the arrays if this shows that
Increase the size of the arrays if this shows that
Each test below will take on the order of 30725 microseconds.
WARNING -- The above is only a rough guideline.
Increase the size of the arrays if this shows that
WARNING -- The above is only a rough guideline.
WARNING -- The above is only a rough guideline.
Your clock granularity/precision appears to be 1 microseconds.
Each test below will take on the order of 31177 microseconds.
-------------------------------------------------------------
-------------------------------------------------------------
   (= 30637 clock ticks)
   (= 30713 clock ticks)
Increase the size of the arrays if this shows that
you are not getting at least 20 clock ticks per test.
Scale:           4067.2     0.044101     0.039339     0.047616
   (= 29229 clock ticks)
Copy:            4138.5     0.043147     0.038661     0.045973
-------------------------------------------------------------
precision of your system timer.
Increase the size of the arrays if this shows that
Increase the size of the arrays if this shows that
you are not getting at least 20 clock ticks per test.
you are not getting at least 20 clock ticks per test.
   (= 30725 clock ticks)
For best results, please be sure you know the
you are not getting at least 20 clock ticks per test.
For best results, please be sure you know the
For best results, please be sure you know the
Each test below will take on the order of 31136 microseconds.
   (= 31177 clock ticks)
Your clock granularity/precision appears to be 1 microseconds.
WARNING -- The above is only a rough guideline.
Increase the size of the arrays if this shows that
Increase the size of the arrays if this shows that
you are not getting at least 20 clock ticks per test.
-------------------------------------------------------------
Add:             4230.3     0.063502     0.056734     0.068174
Increase the size of the arrays if this shows that
Scale:           4058.8     0.044002     0.039420     0.047264
WARNING -- The above is only a rough guideline.
-------------------------------------------------------------
you are not getting at least 20 clock ticks per test.
you are not getting at least 20 clock ticks per test.
-------------------------------------------------------------
-------------------------------------------------------------
Increase the size of the arrays if this shows that
precision of your system timer.
-------------------------------------------------------------
precision of your system timer.
precision of your system timer.
   (= 31136 clock ticks)
Increase the size of the arrays if this shows that
Each test below will take on the order of 31067 microseconds.
For best results, please be sure you know the
you are not getting at least 20 clock ticks per test.
you are not getting at least 20 clock ticks per test.
-------------------------------------------------------------
WARNING -- The above is only a rough guideline.
Triad:           4645.5     0.060648     0.051663     0.065539
you are not getting at least 20 clock ticks per test.
Add:             4356.8     0.062049     0.055086     0.066390
For best results, please be sure you know the
Function    Best Rate MB/s  Avg time     Min time     Max time
-------------------------------------------------------------
-------------------------------------------------------------
WARNING -- The above is only a rough guideline.
WARNING -- The above is only a rough guideline.
you are not getting at least 20 clock ticks per test.
-------------------------------------------------------------
WARNING -- The above is only a rough guideline.
-------------------------------------------------------------
-------------------------------------------------------------
Increase the size of the arrays if this shows that
you are not getting at least 20 clock ticks per test.
   (= 31067 clock ticks)
precision of your system timer.
-------------------------------------------------------------
-------------------------------------------------------------
WARNING -- The above is only a rough guideline.
For best results, please be sure you know the
-------------------------------------------------------------
-------------------------------------------------------------
Triad:           4989.1     0.059869     0.048105     0.065386
precision of your system timer.
Copy:            4155.1     0.043225     0.038507     0.046094
WARNING -- The above is only a rough guideline.
WARNING -- The above is only a rough guideline.
For best results, please be sure you know the
For best results, please be sure you know the
-------------------------------------------------------------
Function    Best Rate MB/s  Avg time     Min time     Max time
For best results, please be sure you know the
Function    Best Rate MB/s  Avg time     Min time     Max time
Function    Best Rate MB/s  Avg time     Min time     Max time
you are not getting at least 20 clock ticks per test.
-------------------------------------------------------------
Increase the size of the arrays if this shows that
-------------------------------------------------------------
WARNING -- The above is only a rough guideline.
WARNING -- The above is only a rough guideline.
For best results, please be sure you know the
precision of your system timer.
Solution Validates: avg error less than 1.000000e-13 on all three arrays
WARNING -- The above is only a rough guideline.
-------------------------------------------------------------
-------------------------------------------------------------
Scale:           4062.5     0.043758     0.039385     0.046909
For best results, please be sure you know the
For best results, please be sure you know the
precision of your system timer.
precision of your system timer.
WARNING -- The above is only a rough guideline.
Copy:            4061.6     0.044096     0.039393     0.046783
precision of your system timer.
Copy:            4114.3     0.043611     0.038889     0.046097
Copy:            4095.4     0.043640     0.039068     0.046398
-------------------------------------------------------------
WARNING -- The above is only a rough guideline.
you are not getting at least 20 clock ticks per test.
Function    Best Rate MB/s  Avg time     Min time     Max time
For best results, please be sure you know the
For best results, please be sure you know the
precision of your system timer.
-------------------------------------------------------------
-------------------------------------------------------------
For best results, please be sure you know the
Solution Validates: avg error less than 1.000000e-13 on all three arrays
Function    Best Rate MB/s  Avg time     Min time     Max time
Add:             4364.0     0.061858     0.054996     0.066248
precision of your system timer.
precision of your system timer.
-------------------------------------------------------------
-------------------------------------------------------------
For best results, please be sure you know the
Scale:           4147.8     0.043732     0.038575     0.046232
-------------------------------------------------------------
Scale:           4067.5     0.043830     0.039336     0.046353
Scale:           4068.9     0.043853     0.039323     0.046634
WARNING -- The above is only a rough guideline.
For best results, please be sure you know the
-------------------------------------------------------------
Copy:            4082.0     0.043809     0.039196     0.045983
precision of your system timer.
precision of your system timer.
-------------------------------------------------------------
Function    Best Rate MB/s  Avg time     Min time     Max time
precision of your system timer.
-------------------------------------------------------------
Copy:            4078.6     0.043957     0.039229     0.047130
Triad:           4802.6     0.059797     0.049973     0.065127
-------------------------------------------------------------
-------------------------------------------------------------
Function    Best Rate MB/s  Avg time     Min time     Max time
Function    Best Rate MB/s  Avg time     Min time     Max time
precision of your system timer.
Add:             5573.7     0.058723     0.043059     0.063370
Function    Best Rate MB/s  Avg time     Min time     Max time
Add:             5233.7     0.058826     0.045857     0.063279
Add:             5222.9     0.059031     0.045952     0.063381
For best results, please be sure you know the
precision of your system timer.
WARNING -- The above is only a rough guideline.
Scale:           4104.3     0.044056     0.038983     0.046550
-------------------------------------------------------------
-------------------------------------------------------------
Function    Best Rate MB/s  Avg time     Min time     Max time
Copy:            4068.9     0.043835     0.039323     0.046822
-------------------------------------------------------------
Scale:           4088.5     0.043197     0.039134     0.046399
-------------------------------------------------------------
Function    Best Rate MB/s  Avg time     Min time     Max time
Function    Best Rate MB/s  Avg time     Min time     Max time
Copy:            4047.7     0.044099     0.039529     0.046686
Copy:            4122.3     0.043638     0.038813     0.046354
-------------------------------------------------------------
Triad:           6681.4     0.058183     0.035921     0.062687
Copy:            4082.6     0.043741     0.039191     0.046259
Triad:           6311.8     0.058122     0.038024     0.062346
Triad:           6390.1     0.058092     0.037558     0.062197
precision of your system timer.
-------------------------------------------------------------
For best results, please be sure you know the
Add:             5720.7     0.058945     0.041953     0.063517
Function    Best Rate MB/s  Avg time     Min time     Max time
Function    Best Rate MB/s  Avg time     Min time     Max time
Copy:            4066.7     0.044037     0.039344     0.047451
Scale:           4065.5     0.043629     0.039356     0.046966
Function    Best Rate MB/s  Avg time     Min time     Max time
Add:             4463.0     0.061194     0.053776     0.065727
Solution Validates: avg error less than 1.000000e-13 on all three arrays
Copy:            4048.2     0.044116     0.039524     0.046966
Copy:            4029.0     0.044253     0.039712     0.047225
Scale:           4115.5     0.043958     0.038877     0.046355
Scale:           4079.8     0.043976     0.039218     0.046543
Function    Best Rate MB/s  Avg time     Min time     Max time
-------------------------------------------------------------
Scale:           4034.9     0.044129     0.039654     0.046584
-------------------------------------------------------------
-------------------------------------------------------------
-------------------------------------------------------------
Function    Best Rate MB/s  Avg time     Min time     Max time
precision of your system timer.
Triad:           6849.5     0.058060     0.035039     0.062668
Copy:            4061.4     0.043684     0.039395     0.046047
Copy:            4099.0     0.043682     0.039034     0.045945
Scale:           4091.1     0.043421     0.039109     0.046699
Add:             4420.0     0.061669     0.054299     0.066194
Copy:            4057.5     0.044121     0.039433     0.047418
Triad:           5472.4     0.059608     0.043856     0.065806
-------------------------------------------------------------
Scale:           4041.8     0.044044     0.039586     0.047519
Scale:           4106.4     0.043990     0.038964     0.046384
Add:             5407.4     0.058828     0.044384     0.063639
Add:             5028.7     0.059370     0.047726     0.063722
Copy:            4041.5     0.044056     0.039589     0.046836
Solution Validates: avg error less than 1.000000e-13 on all three arrays
Add:             4396.0     0.060396     0.054595     0.063366
Solution Validates: avg error less than 1.000000e-13 on all three arrays
Solution Validates: avg error less than 1.000000e-13 on all three arrays
Function    Best Rate MB/s  Avg time     Min time     Max time
Copy:            4018.3     0.044240     0.039818     0.047045
-------------------------------------------------------------
-------------------------------------------------------------
Scale:           4085.0     0.044120     0.039168     0.046655
Scale:           4102.8     0.044004     0.038998     0.046304
Add:             4450.5     0.061435     0.053926     0.066081
Triad:           5423.8     0.059736     0.044249     0.065896
Scale:           4079.8     0.043489     0.039218     0.046714
-------------------------------------------------------------
Add:             4388.6     0.062063     0.054687     0.066854
Add:             5587.4     0.058792     0.042954     0.063821
Triad:           6510.6     0.058298     0.036863     0.062773
Triad:           6119.3     0.058336     0.039220     0.062435
Scale:           4095.3     0.043872     0.039069     0.046349
-------------------------------------------------------------
Triad:           6779.1     0.057899     0.035403     0.062145
-------------------------------------------------------------
-------------------------------------------------------------
Copy:            4026.1     0.044271     0.039741     0.046897
Scale:           4141.0     0.044130     0.038638     0.046278
Function    Best Rate MB/s  Avg time     Min time     Max time
Solution Validates: avg error less than 1.000000e-13 on all three arrays
Add:             4996.7     0.059752     0.048032     0.063639
Add:             5133.3     0.059333     0.046753     0.063262
Triad:           5600.0     0.059602     0.042857     0.065892
-------------------------------------------------------------
Add:             4443.0     0.061611     0.054018     0.066228
Solution Validates: avg error less than 1.000000e-13 on all three arrays
Triad:           5064.8     0.060334     0.047386     0.065961
Triad:           6583.5     0.058458     0.036455     0.063475
-------------------------------------------------------------
-------------------------------------------------------------
Add:             4889.7     0.059374     0.049083     0.063355
-------------------------------------------------------------
Scale:           4181.7     0.043942     0.038262     0.045983
Add:             5850.5     0.058753     0.041022     0.063450
Copy:            4036.4     0.044167     0.039639     0.046869
-------------------------------------------------------------
Triad:           6724.6     0.058083     0.035690     0.062821
Triad:           6418.8     0.058337     0.037390     0.062644
-------------------------------------------------------------
Solution Validates: avg error less than 1.000000e-13 on all three arrays
Triad:           5321.4     0.059927     0.045101     0.065967
-------------------------------------------------------------
-------------------------------------------------------------
-------------------------------------------------------------
Solution Validates: avg error less than 1.000000e-13 on all three arrays
Solution Validates: avg error less than 1.000000e-13 on all three arrays
Triad:           6149.3     0.058412     0.039029     0.062572
Solution Validates: avg error less than 1.000000e-13 on all three arrays
Add:             5843.7     0.058851     0.041070     0.063488
Triad:           6727.6     0.058547     0.035674     0.063783
Scale:           4148.1     0.044084     0.038572     0.046100
-------------------------------------------------------------
-------------------------------------------------------------
Solution Validates: avg error less than 1.000000e-13 on all three arrays
-------------------------------------------------------------
-------------------------------------------------------------
Solution Validates: avg error less than 1.000000e-13 on all three arrays
Solution Validates: avg error less than 1.000000e-13 on all three arrays
-------------------------------------------------------------
-------------------------------------------------------------
-------------------------------------------------------------
-------------------------------------------------------------
Triad:           6682.1     0.058657     0.035917     0.063844
-------------------------------------------------------------
Add:             5440.6     0.059166     0.044113     0.063356
Solution Validates: avg error less than 1.000000e-13 on all three arrays
Solution Validates: avg error less than 1.000000e-13 on all three arrays
-------------------------------------------------------------
Solution Validates: avg error less than 1.000000e-13 on all three arrays
-------------------------------------------------------------
-------------------------------------------------------------
Solution Validates: avg error less than 1.000000e-13 on all three arrays
-------------------------------------------------------------
Solution Validates: avg error less than 1.000000e-13 on all three arrays
Triad:           6370.6     0.058591     0.037673     0.063355
-------------------------------------------------------------
-------------------------------------------------------------
-------------------------------------------------------------
-------------------------------------------------------------
Solution Validates: avg error less than 1.000000e-13 on all three arrays
-------------------------------------------------------------
-------------------------------------------------------------
-------------------------------------------------------------
Solution Validates: avg error less than 1.000000e-13 on all three arrays
-------------------------------------------------------------
-------------------------------------------------------------
STREAM version $Revision: 5.10 $
-------------------------------------------------------------
This system uses 8 bytes per array element.
-------------------------------------------------------------
Array size = 10000000 (elements), Offset = 0 (elements)
Memory per array = 76.3 MiB (= 0.1 GiB).
Total memory required = 228.9 MiB (= 0.2 GiB).
Each kernel will be executed 10 times.
 The *best* time for each kernel (excluding the first iteration)
 will be used to compute the reported bandwidth.
-------------------------------------------------------------
Your clock granularity/precision appears to be 1 microseconds.
Each test below will take on the order of 31081 microseconds.
   (= 31081 clock ticks)
Increase the size of the arrays if this shows that
you are not getting at least 20 clock ticks per test.
-------------------------------------------------------------
WARNING -- The above is only a rough guideline.
For best results, please be sure you know the
precision of your system timer.
-------------------------------------------------------------
Function    Best Rate MB/s  Avg time     Min time     Max time
-------------------------------------------------------------
Copy:            4053.8     0.044003     0.039469     0.046502
STREAM version $Revision: 5.10 $
Scale:           4132.7     0.044122     0.038716     0.046591
-------------------------------------------------------------
Add:             4981.4     0.059543     0.048179     0.063606
This system uses 8 bytes per array element.
Triad:           5834.7     0.058837     0.041133     0.063077
-------------------------------------------------------------
-------------------------------------------------------------
Array size = 10000000 (elements), Offset = 0 (elements)
Solution Validates: avg error less than 1.000000e-13 on all three arrays
Memory per array = 76.3 MiB (= 0.1 GiB).
-------------------------------------------------------------
Total memory required = 228.9 MiB (= 0.2 GiB).
Each kernel will be executed 10 times.
 The *best* time for each kernel (excluding the first iteration)
 will be used to compute the reported bandwidth.
-------------------------------------------------------------
Your clock granularity/precision appears to be 1 microseconds.
Each test below will take on the order of 31826 microseconds.
   (= 31826 clock ticks)
Increase the size of the arrays if this shows that
you are not getting at least 20 clock ticks per test.
-------------------------------------------------------------
WARNING -- The above is only a rough guideline.
For best results, please be sure you know the
precision of your system timer.
-------------------------------------------------------------
Function    Best Rate MB/s  Avg time     Min time     Max time
Copy:            3950.1     0.044842     0.040505     0.047865
Scale:           4471.5     0.043113     0.035782     0.045295
Add:             5512.7     0.059522     0.043536     0.063673
Triad:           6766.9     0.059828     0.035467     0.066082
-------------------------------------------------------------
Solution Validates: avg error less than 1.000000e-13 on all three arrays
-------------------------------------------------------------
-------------------------------------------------------------
-------------------------------------------------------------
STREAM version $Revision: 5.10 $
STREAM version $Revision: 5.10 $
-------------------------------------------------------------
-------------------------------------------------------------
This system uses 8 bytes per array element.
This system uses 8 bytes per array element.
-------------------------------------------------------------
-------------------------------------------------------------
-------------------------------------------------------------
Array size = 10000000 (elements), Offset = 0 (elements)
Array size = 10000000 (elements), Offset = 0 (elements)
STREAM version $Revision: 5.10 $
Memory per array = 76.3 MiB (= 0.1 GiB).
Memory per array = 76.3 MiB (= 0.1 GiB).
-------------------------------------------------------------
Total memory required = 228.9 MiB (= 0.2 GiB).
Total memory required = 228.9 MiB (= 0.2 GiB).
This system uses 8 bytes per array element.
Each kernel will be executed 10 times.
Each kernel will be executed 10 times.
-------------------------------------------------------------
 The *best* time for each kernel (excluding the first iteration)
 The *best* time for each kernel (excluding the first iteration)
Array size = 10000000 (elements), Offset = 0 (elements)
 will be used to compute the reported bandwidth.
 will be used to compute the reported bandwidth.
Memory per array = 76.3 MiB (= 0.1 GiB).
-------------------------------------------------------------
-------------------------------------------------------------
Total memory required = 228.9 MiB (= 0.2 GiB).
Your clock granularity/precision appears to be 1 microseconds.
Your clock granularity/precision appears to be 1 microseconds.
Each kernel will be executed 10 times.
Each test below will take on the order of 31072 microseconds.
Each test below will take on the order of 30650 microseconds.
 The *best* time for each kernel (excluding the first iteration)
   (= 31072 clock ticks)
   (= 30650 clock ticks)
 will be used to compute the reported bandwidth.
Increase the size of the arrays if this shows that
Increase the size of the arrays if this shows that
-------------------------------------------------------------
you are not getting at least 20 clock ticks per test.
you are not getting at least 20 clock ticks per test.
Your clock granularity/precision appears to be 1 microseconds.
-------------------------------------------------------------
-------------------------------------------------------------
Each test below will take on the order of 30479 microseconds.
WARNING -- The above is only a rough guideline.
WARNING -- The above is only a rough guideline.
   (= 30479 clock ticks)
For best results, please be sure you know the
For best results, please be sure you know the
Increase the size of the arrays if this shows that
precision of your system timer.
precision of your system timer.
you are not getting at least 20 clock ticks per test.
-------------------------------------------------------------
-------------------------------------------------------------
-------------------------------------------------------------
Function    Best Rate MB/s  Avg time     Min time     Max time
Function    Best Rate MB/s  Avg time     Min time     Max time
WARNING -- The above is only a rough guideline.
Copy:            4079.1     0.043699     0.039224     0.046770
Copy:            4105.9     0.043708     0.038968     0.047003
For best results, please be sure you know the
Scale:           4211.8     0.043484     0.037988     0.047217
Scale:           4233.5     0.043141     0.037794     0.046638
precision of your system timer.
Add:             5663.9     0.058960     0.042374     0.065519
Add:             5661.6     0.058728     0.042391     0.065024
-------------------------------------------------------------
Triad:           7264.1     0.058177     0.033039     0.066260
Triad:           7278.3     0.058109     0.032975     0.066426
Function    Best Rate MB/s  Avg time     Min time     Max time
-------------------------------------------------------------
-------------------------------------------------------------
Copy:            4155.9     0.042914     0.038499     0.046144
Solution Validates: avg error less than 1.000000e-13 on all three arrays
Solution Validates: avg error less than 1.000000e-13 on all three arrays
Scale:           4140.4     0.043643     0.038644     0.046932
-------------------------------------------------------------
-------------------------------------------------------------
Add:             4490.4     0.060750     0.053447     0.066062
Triad:           6574.8     0.058237     0.036503     0.065987
-------------------------------------------------------------
Solution Validates: avg error less than 1.000000e-13 on all three arrays
-------------------------------------------------------------
-------------------------------------------------------------
STREAM version $Revision: 5.10 $
-------------------------------------------------------------
This system uses 8 bytes per array element.
-------------------------------------------------------------
Array size = 10000000 (elements), Offset = 0 (elements)
Memory per array = 76.3 MiB (= 0.1 GiB).
Total memory required = 228.9 MiB (= 0.2 GiB).
Each kernel will be executed 10 times.
 The *best* time for each kernel (excluding the first iteration)
 will be used to compute the reported bandwidth.
-------------------------------------------------------------
Your clock granularity/precision appears to be 1 microseconds.
Each test below will take on the order of 29002 microseconds.
   (= 29002 clock ticks)
Increase the size of the arrays if this shows that
you are not getting at least 20 clock ticks per test.
-------------------------------------------------------------
WARNING -- The above is only a rough guideline.
For best results, please be sure you know the
precision of your system timer.
-------------------------------------------------------------
Function    Best Rate MB/s  Avg time     Min time     Max time
Copy:            4113.5     0.043659     0.038896     0.046847
Scale:           4290.6     0.042567     0.037291     0.046294
Add:             5582.3     0.058718     0.042993     0.065173
Triad:           7361.3     0.058314     0.032603     0.066876
-------------------------------------------------------------
Solution Validates: avg error less than 1.000000e-13 on all three arrays
-------------------------------------------------------------
-------------------------------------------------------------
STREAM version $Revision: 5.10 $
-------------------------------------------------------------
This system uses 8 bytes per array element.
-------------------------------------------------------------
Array size = 10000000 (elements), Offset = 0 (elements)
Memory per array = 76.3 MiB (= 0.1 GiB).
Total memory required = 228.9 MiB (= 0.2 GiB).
Each kernel will be executed 10 times.
 The *best* time for each kernel (excluding the first iteration)
 will be used to compute the reported bandwidth.
-------------------------------------------------------------
Your clock granularity/precision appears to be 1 microseconds.
Each test below will take on the order of 28923 microseconds.
   (= 28923 clock ticks)
Increase the size of the arrays if this shows that
you are not getting at least 20 clock ticks per test.
-------------------------------------------------------------
WARNING -- The above is only a rough guideline.
For best results, please be sure you know the
precision of your system timer.
-------------------------------------------------------------
Function    Best Rate MB/s  Avg time     Min time     Max time
Copy:            4194.3     0.042913     0.038147     0.046040
Scale:           4545.3     0.042820     0.035201     0.046630
Add:             6633.3     0.058852     0.036181     0.066213
Triad:           7905.6     0.058088     0.030358     0.066810
-------------------------------------------------------------
Solution Validates: avg error less than 1.000000e-13 on all three arrays
-------------------------------------------------------------
-------------------------------------------------------------
STREAM version $Revision: 5.10 $
-------------------------------------------------------------
This system uses 8 bytes per array element.
-------------------------------------------------------------
Array size = 10000000 (elements), Offset = 0 (elements)
Memory per array = 76.3 MiB (= 0.1 GiB).
Total memory required = 228.9 MiB (= 0.2 GiB).
Each kernel will be executed 10 times.
 The *best* time for each kernel (excluding the first iteration)
 will be used to compute the reported bandwidth.
-------------------------------------------------------------
Your clock granularity/precision appears to be 1 microseconds.
Each test below will take on the order of 29892 microseconds.
   (= 29892 clock ticks)
Increase the size of the arrays if this shows that
you are not getting at least 20 clock ticks per test.
-------------------------------------------------------------
WARNING -- The above is only a rough guideline.
For best results, please be sure you know the
precision of your system timer.
-------------------------------------------------------------
Function    Best Rate MB/s  Avg time     Min time     Max time
Copy:            4218.9     0.042235     0.037925     0.045250
Scale:           4216.5     0.043430     0.037946     0.046986
Add:             4348.8     0.061456     0.055187     0.066488
Triad:           7729.5     0.057726     0.031050     0.066337
-------------------------------------------------------------
Solution Validates: avg error less than 1.000000e-13 on all three arrays
-------------------------------------------------------------
-------------------------------------------------------------
STREAM version $Revision: 5.10 $
-------------------------------------------------------------
This system uses 8 bytes per array element.
-------------------------------------------------------------
Array size = 10000000 (elements), Offset = 0 (elements)
Memory per array = 76.3 MiB (= 0.1 GiB).
Total memory required = 228.9 MiB (= 0.2 GiB).
Each kernel will be executed 10 times.
 The *best* time for each kernel (excluding the first iteration)
 will be used to compute the reported bandwidth.
-------------------------------------------------------------
Your clock granularity/precision appears to be 1 microseconds.
Each test below will take on the order of 27873 microseconds.
   (= 27873 clock ticks)
Increase the size of the arrays if this shows that
you are not getting at least 20 clock ticks per test.
-------------------------------------------------------------
WARNING -- The above is only a rough guideline.
For best results, please be sure you know the
precision of your system timer.
-------------------------------------------------------------
Function    Best Rate MB/s  Avg time     Min time     Max time
Copy:            4217.2     0.043586     0.037940     0.047103
Scale:           5166.4     0.041225     0.030969     0.045457
Add:             7450.0     0.058048     0.032215     0.066154
Triad:           9024.9     0.058347     0.026593     0.067592
-------------------------------------------------------------
Solution Validates: avg error less than 1.000000e-13 on all three arrays
-------------------------------------------------------------
-------------------------------------------------------------
STREAM version $Revision: 5.10 $
-------------------------------------------------------------
This system uses 8 bytes per array element.
-------------------------------------------------------------
Array size = 10000000 (elements), Offset = 0 (elements)
Memory per array = 76.3 MiB (= 0.1 GiB).
Total memory required = 228.9 MiB (= 0.2 GiB).
Each kernel will be executed 10 times.
 The *best* time for each kernel (excluding the first iteration)
 will be used to compute the reported bandwidth.
-------------------------------------------------------------
Your clock granularity/precision appears to be 1 microseconds.
Each test below will take on the order of 28373 microseconds.
   (= 28373 clock ticks)
Increase the size of the arrays if this shows that
you are not getting at least 20 clock ticks per test.
-------------------------------------------------------------
WARNING -- The above is only a rough guideline.
For best results, please be sure you know the
precision of your system timer.
-------------------------------------------------------------
Function    Best Rate MB/s  Avg time     Min time     Max time
Copy:            4210.5     0.043510     0.038000     0.046866
Scale:           4908.9     0.041706     0.032594     0.045701
Add:             5395.9     0.059407     0.044478     0.066493
Triad:           9481.0     0.057912     0.025314     0.067298
-------------------------------------------------------------
Solution Validates: avg error less than 1.000000e-13 on all three arrays
-------------------------------------------------------------
START OF JOBSPEC
{"resources": [{"type": "node", "count": 1, "exclusive": true, "with": [{"type": "slot", "count": 56, "with": [{"type": "core", "count": 1}], "label": "task"}]}], "tasks": [{"command": ["singularity", "exec", "/opt/containers/metric-stream_rocky-8.sif", "stream_c.exe"], "slot": "task", "count": {"per_slot": 1}}], "attributes": {"system": {"duration": 0, "cwd": "/home/sochat1_llnl_gov", "shell": {"options": {"rlimit": {"cpu": -1, "fsize": -1, "data": -1, "stack": 8388608, "core": 0, "nofile": 262144, "as": -1, "rss": -1, "nproc": 1803560}, "cpu-affinity": "per-task"}}, "constraints": {"hostlist": ["flux-107"]}}, "user": {"study_id": "stream-1-iter-1-node-107"}}, "version": 1}
START OF EVENTLOG
{"timestamp":1724813456.1651509,"name":"init"}
{"timestamp":1724813456.1661978,"name":"starting"}
{"timestamp":1724813456.187043,"name":"shell.init","context":{"service":"1356918789-shell-fE1QqYGF","leader-rank":106,"size":1}}
{"timestamp":1724813456.3219347,"name":"shell.start","context":{"taskmap":{"version":1,"map":[[0,1,56,1]]}}}
{"timestamp":1724813457.7381182,"name":"shell.task-exit","context":{"localid":52,"rank":52,"state":"Exited","pid":5417,"wait_status":0,"signaled":0,"exitcode":0}}
{"timestamp":1724813458.8164759,"name":"complete","context":{"status":0}}
{"timestamp":1724813458.8164928,"name":"done"}

