-------------------------------------------------------------
STREAM version $Revision: 5.10 $
-------------------------------------------------------------
This system uses 8 bytes per array element.
-------------------------------------------------------------
Array size = 10000000 (elements), Offset = 0 (elements)
Memory per array = 76.3 MiB (= 0.1 GiB).
Total memory required = 228.9 MiB (= 0.2 GiB).
Each kernel will be executed 10 times.
 The *best* time for each kernel (excluding the first iteration)
 will be used to compute the reported bandwidth.
-------------------------------------------------------------
Your clock granularity/precision appears to be 1 microseconds.
Each test below will take on the order of 23617 microseconds.
   (= 23617 clock ticks)
Increase the size of the arrays if this shows that
you are not getting at least 20 clock ticks per test.
-------------------------------------------------------------
WARNING -- The above is only a rough guideline.
For best results, please be sure you know the
precision of your system timer.
-------------------------------------------------------------
Function    Best Rate MB/s  Avg time     Min time     Max time
Copy:           11179.4     0.017623     0.014312     0.037283
Scale:          10495.9     0.017950     0.015244     0.037067
Add:            12220.6     0.023701     0.019639     0.051292
Triad:          12034.3     0.023951     0.019943     0.050977
-------------------------------------------------------------
Solution Validates: avg error less than 1.000000e-13 on all three arrays
-------------------------------------------------------------
-------------------------------------------------------------
STREAM version $Revision: 5.10 $
-------------------------------------------------------------
This system uses 8 bytes per array element.
-------------------------------------------------------------
Array size = 10000000 (elements), Offset = 0 (elements)
Memory per array = 76.3 MiB (= 0.1 GiB).
Total memory required = 228.9 MiB (= 0.2 GiB).
Each kernel will be executed 10 times.
 The *best* time for each kernel (excluding the first iteration)
 will be used to compute the reported bandwidth.
-------------------------------------------------------------
Your clock granularity/precision appears to be 1 microseconds.
Each test below will take on the order of 23988 microseconds.
   (= 23988 clock ticks)
Increase the size of the arrays if this shows that
you are not getting at least 20 clock ticks per test.
-------------------------------------------------------------
WARNING -- The above is only a rough guideline.
For best results, please be sure you know the
precision of your system timer.
-------------------------------------------------------------
Function    Best Rate MB/s  Avg time     Min time     Max time
Copy:           10688.7     0.026680     0.014969     0.036805
Scale:          10428.9     0.027185     0.015342     0.037007
Add:            12068.2     0.039129     0.019887     0.056125
Triad:          12021.7     0.038740     0.019964     0.054685
-------------------------------------------------------------
Solution Validates: avg error less than 1.000000e-13 on all three arrays
-------------------------------------------------------------
-------------------------------------------------------------
STREAM version $Revision: 5.10 $
-------------------------------------------------------------
This system uses 8 bytes per array element.
-------------------------------------------------------------
Array size = 10000000 (elements), Offset = 0 (elements)
Memory per array = 76.3 MiB (= 0.1 GiB).
Total memory required = 228.9 MiB (= 0.2 GiB).
Each kernel will be executed 10 times.
-------------------------------------------------------------
 The *best* time for each kernel (excluding the first iteration)
STREAM version $Revision: 5.10 $
 will be used to compute the reported bandwidth.
-------------------------------------------------------------
-------------------------------------------------------------
This system uses 8 bytes per array element.
Your clock granularity/precision appears to be 1 microseconds.
-------------------------------------------------------------
Each test below will take on the order of 23617 microseconds.
Array size = 10000000 (elements), Offset = 0 (elements)
   (= 23617 clock ticks)
Memory per array = 76.3 MiB (= 0.1 GiB).
Increase the size of the arrays if this shows that
Total memory required = 228.9 MiB (= 0.2 GiB).
you are not getting at least 20 clock ticks per test.
Each kernel will be executed 10 times.
-------------------------------------------------------------
 The *best* time for each kernel (excluding the first iteration)
WARNING -- The above is only a rough guideline.
 will be used to compute the reported bandwidth.
For best results, please be sure you know the
-------------------------------------------------------------
precision of your system timer.
Your clock granularity/precision appears to be 1 microseconds.
-------------------------------------------------------------
Each test below will take on the order of 23622 microseconds.
Function    Best Rate MB/s  Avg time     Min time     Max time
   (= 23622 clock ticks)
Copy:            9925.0     0.028265     0.016121     0.037429
Increase the size of the arrays if this shows that
Scale:           9460.2     0.027971     0.016913     0.035994
you are not getting at least 20 clock ticks per test.
Add:            10909.1     0.043076     0.022000     0.055071
-------------------------------------------------------------
Triad:          10889.8     0.044099     0.022039     0.054938
WARNING -- The above is only a rough guideline.
-------------------------------------------------------------
For best results, please be sure you know the
Solution Validates: avg error less than 1.000000e-13 on all three arrays
precision of your system timer.
-------------------------------------------------------------
-------------------------------------------------------------
Function    Best Rate MB/s  Avg time     Min time     Max time
Copy:           10334.6     0.030692     0.015482     0.036857
Scale:          10164.6     0.030840     0.015741     0.037682
Add:            11755.5     0.043174     0.020416     0.053224
Triad:          11607.6     0.040658     0.020676     0.051618
-------------------------------------------------------------
Solution Validates: avg error less than 1.000000e-13 on all three arrays
-------------------------------------------------------------
-------------------------------------------------------------
STREAM version $Revision: 5.10 $
-------------------------------------------------------------
This system uses 8 bytes per array element.
-------------------------------------------------------------
Array size = 10000000 (elements), Offset = 0 (elements)
Memory per array = 76.3 MiB (= 0.1 GiB).
Total memory required = 228.9 MiB (= 0.2 GiB).
Each kernel will be executed 10 times.
 The *best* time for each kernel (excluding the first iteration)
 will be used to compute the reported bandwidth.
-------------------------------------------------------------
Your clock granularity/precision appears to be 1 microseconds.
Each test below will take on the order of 23503 microseconds.
   (= 23503 clock ticks)
Increase the size of the arrays if this shows that
you are not getting at least 20 clock ticks per test.
-------------------------------------------------------------
WARNING -- The above is only a rough guideline.
For best results, please be sure you know the
precision of your system timer.
-------------------------------------------------------------
Function    Best Rate MB/s  Avg time     Min time     Max time
Copy:            9361.6     0.030728     0.017091     0.036797
Scale:           7071.5     0.031441     0.022626     0.037657
Add:             7074.2     0.044382     0.033926     0.053493
Triad:          11273.0     0.042354     0.021290     0.051595
-------------------------------------------------------------
Solution Validates: avg error less than 1.000000e-13 on all three arrays
-------------------------------------------------------------
-------------------------------------------------------------
STREAM version $Revision: 5.10 $
-------------------------------------------------------------
This system uses 8 bytes per array element.
-------------------------------------------------------------
Array size = 10000000 (elements), Offset = 0 (elements)
Memory per array = 76.3 MiB (= 0.1 GiB).
Total memory required = 228.9 MiB (= 0.2 GiB).
Each kernel will be executed 10 times.
 The *best* time for each kernel (excluding the first iteration)
 will be used to compute the reported bandwidth.
-------------------------------------------------------------
Your clock granularity/precision appears to be 1 microseconds.
Each test below will take on the order of 13819 microseconds.
   (= 13819 clock ticks)
Increase the size of the arrays if this shows that
you are not getting at least 20 clock ticks per test.
-------------------------------------------------------------
WARNING -- The above is only a rough guideline.
For best results, please be sure you know the
precision of your system timer.
-------------------------------------------------------------
Function    Best Rate MB/s  Avg time     Min time     Max time
Copy:           11145.1     0.031064     0.014356     0.037199
Scale:          10311.3     0.030481     0.015517     0.036248
Add:             9552.2     0.044997     0.025125     0.055174
Triad:          11916.6     0.042241     0.020140     0.053593
-------------------------------------------------------------
Solution Validates: avg error less than 1.000000e-13 on all three arrays
-------------------------------------------------------------
-------------------------------------------------------------
STREAM version $Revision: 5.10 $
-------------------------------------------------------------
This system uses 8 bytes per array element.
-------------------------------------------------------------
Array size = 10000000 (elements), Offset = 0 (elements)
Memory per array = 76.3 MiB (= 0.1 GiB).
Total memory required = 228.9 MiB (= 0.2 GiB).
Each kernel will be executed 10 times.
 The *best* time for each kernel (excluding the first iteration)
 will be used to compute the reported bandwidth.
-------------------------------------------------------------
Your clock granularity/precision appears to be 1 microseconds.
Each test below will take on the order of 22328 microseconds.
   (= 22328 clock ticks)
Increase the size of the arrays if this shows that
you are not getting at least 20 clock ticks per test.
-------------------------------------------------------------
WARNING -- The above is only a rough guideline.
For best results, please be sure you know the
precision of your system timer.
-------------------------------------------------------------
Function    Best Rate MB/s  Avg time     Min time     Max time
Copy:            8633.3     0.032388     0.018533     0.037052
Scale:           8223.7     0.033358     0.019456     0.036883
Add:             9027.6     0.046347     0.026585     0.052984
Triad:           9024.9     0.045515     0.026593     0.054152
-------------------------------------------------------------
Solution Validates: avg error less than 1.000000e-13 on all three arrays
-------------------------------------------------------------
-------------------------------------------------------------
STREAM version $Revision: 5.10 $
-------------------------------------------------------------
This system uses 8 bytes per array element.
-------------------------------------------------------------
Array size = 10000000 (elements), Offset = 0 (elements)
Memory per array = 76.3 MiB (= 0.1 GiB).
Total memory required = 228.9 MiB (= 0.2 GiB).
Each kernel will be executed 10 times.
 The *best* time for each kernel (excluding the first iteration)
 will be used to compute the reported bandwidth.
-------------------------------------------------------------
Your clock granularity/precision appears to be 1 microseconds.
Each test below will take on the order of 24092 microseconds.
   (= 24092 clock ticks)
Increase the size of the arrays if this shows that
you are not getting at least 20 clock ticks per test.
-------------------------------------------------------------
WARNING -- The above is only a rough guideline.
For best results, please be sure you know the
precision of your system timer.
-------------------------------------------------------------
Function    Best Rate MB/s  Avg time     Min time     Max time
Copy:            8596.5     0.032481     0.018612     0.037142
Scale:           8247.5     0.033367     0.019400     0.037076
Add:             9061.0     0.045925     0.026487     0.052876
Triad:           9063.8     0.045630     0.026479     0.054315
-------------------------------------------------------------
Solution Validates: avg error less than 1.000000e-13 on all three arrays
-------------------------------------------------------------
-------------------------------------------------------------
STREAM version $Revision: 5.10 $
-------------------------------------------------------------
-------------------------------------------------------------
STREAM version $Revision: 5.10 $
This system uses 8 bytes per array element.
-------------------------------------------------------------
-------------------------------------------------------------
This system uses 8 bytes per array element.
Array size = 10000000 (elements), Offset = 0 (elements)
-------------------------------------------------------------
Memory per array = 76.3 MiB (= 0.1 GiB).
Array size = 10000000 (elements), Offset = 0 (elements)
-------------------------------------------------------------
Total memory required = 228.9 MiB (= 0.2 GiB).
Memory per array = 76.3 MiB (= 0.1 GiB).
STREAM version $Revision: 5.10 $
Each kernel will be executed 10 times.
Total memory required = 228.9 MiB (= 0.2 GiB).
-------------------------------------------------------------
 The *best* time for each kernel (excluding the first iteration)
Each kernel will be executed 10 times.
This system uses 8 bytes per array element.
 will be used to compute the reported bandwidth.
 The *best* time for each kernel (excluding the first iteration)
-------------------------------------------------------------
-------------------------------------------------------------
 will be used to compute the reported bandwidth.
Array size = 10000000 (elements), Offset = 0 (elements)
Your clock granularity/precision appears to be 1 microseconds.
-------------------------------------------------------------
Memory per array = 76.3 MiB (= 0.1 GiB).
Each test below will take on the order of 29296 microseconds.
Your clock granularity/precision appears to be 1 microseconds.
Total memory required = 228.9 MiB (= 0.2 GiB).
-------------------------------------------------------------
   (= 29296 clock ticks)
Each test below will take on the order of 29074 microseconds.
Each kernel will be executed 10 times.
STREAM version $Revision: 5.10 $
Increase the size of the arrays if this shows that
   (= 29074 clock ticks)
 The *best* time for each kernel (excluding the first iteration)
-------------------------------------------------------------
you are not getting at least 20 clock ticks per test.
Increase the size of the arrays if this shows that
 will be used to compute the reported bandwidth.
This system uses 8 bytes per array element.
-------------------------------------------------------------
you are not getting at least 20 clock ticks per test.
-------------------------------------------------------------
-------------------------------------------------------------
WARNING -- The above is only a rough guideline.
-------------------------------------------------------------
Your clock granularity/precision appears to be 1 microseconds.
Array size = 10000000 (elements), Offset = 0 (elements)
For best results, please be sure you know the
WARNING -- The above is only a rough guideline.
Each test below will take on the order of 29546 microseconds.
Memory per array = 76.3 MiB (= 0.1 GiB).
precision of your system timer.
For best results, please be sure you know the
   (= 29546 clock ticks)
Total memory required = 228.9 MiB (= 0.2 GiB).
-------------------------------------------------------------
precision of your system timer.
Increase the size of the arrays if this shows that
Each kernel will be executed 10 times.
-------------------------------------------------------------
Function    Best Rate MB/s  Avg time     Min time     Max time
-------------------------------------------------------------
you are not getting at least 20 clock ticks per test.
 The *best* time for each kernel (excluding the first iteration)
STREAM version $Revision: 5.10 $
Copy:            4849.5     0.042271     0.032993     0.046758
Function    Best Rate MB/s  Avg time     Min time     Max time
-------------------------------------------------------------
 will be used to compute the reported bandwidth.
-------------------------------------------------------------
Scale:           4740.5     0.042584     0.033752     0.047348
Copy:            4860.4     0.042186     0.032919     0.046699
WARNING -- The above is only a rough guideline.
-------------------------------------------------------------
This system uses 8 bytes per array element.
Add:             5190.8     0.057808     0.046236     0.065951
Scale:           4768.2     0.042569     0.033556     0.047335
For best results, please be sure you know the
Your clock granularity/precision appears to be 1 microseconds.
-------------------------------------------------------------
Triad:           5249.9     0.056789     0.045715     0.065662
Add:             5162.2     0.058062     0.046492     0.065896
precision of your system timer.
Each test below will take on the order of 29587 microseconds.
Array size = 10000000 (elements), Offset = 0 (elements)
-------------------------------------------------------------
Triad:           5225.1     0.056849     0.045932     0.065420
-------------------------------------------------------------
   (= 29587 clock ticks)
Memory per array = 76.3 MiB (= 0.1 GiB).
-------------------------------------------------------------
-------------------------------------------------------------
-------------------------------------------------------------
-------------------------------------------------------------
Solution Validates: avg error less than 1.000000e-13 on all three arrays
-------------------------------------------------------------
Function    Best Rate MB/s  Avg time     Min time     Max time
Increase the size of the arrays if this shows that
Total memory required = 228.9 MiB (= 0.2 GiB).
STREAM version $Revision: 5.10 $
STREAM version $Revision: 5.10 $
STREAM version $Revision: 5.10 $
STREAM version $Revision: 5.10 $
-------------------------------------------------------------
Solution Validates: avg error less than 1.000000e-13 on all three arrays
Copy:            4829.2     0.042210     0.033132     0.046446
you are not getting at least 20 clock ticks per test.
Each kernel will be executed 10 times.
-------------------------------------------------------------
-------------------------------------------------------------
-------------------------------------------------------------
-------------------------------------------------------------
-------------------------------------------------------------
Scale:           4747.9     0.042521     0.033699     0.047289
-------------------------------------------------------------
 The *best* time for each kernel (excluding the first iteration)
This system uses 8 bytes per array element.
This system uses 8 bytes per array element.
This system uses 8 bytes per array element.
This system uses 8 bytes per array element.
Add:             5062.1     0.058107     0.047411     0.065485
WARNING -- The above is only a rough guideline.
 will be used to compute the reported bandwidth.
-------------------------------------------------------------
-------------------------------------------------------------
-------------------------------------------------------------
-------------------------------------------------------------
Triad:           5114.2     0.057085     0.046928     0.065395
For best results, please be sure you know the
-------------------------------------------------------------
Array size = 10000000 (elements), Offset = 0 (elements)
Array size = 10000000 (elements), Offset = 0 (elements)
Array size = 10000000 (elements), Offset = 0 (elements)
Array size = 10000000 (elements), Offset = 0 (elements)
-------------------------------------------------------------
precision of your system timer.
Your clock granularity/precision appears to be 1 microseconds.
Memory per array = 76.3 MiB (= 0.1 GiB).
Memory per array = 76.3 MiB (= 0.1 GiB).
Memory per array = 76.3 MiB (= 0.1 GiB).
Memory per array = 76.3 MiB (= 0.1 GiB).
Solution Validates: avg error less than 1.000000e-13 on all three arrays
-------------------------------------------------------------
Each test below will take on the order of 13566 microseconds.
Total memory required = 228.9 MiB (= 0.2 GiB).
Total memory required = 228.9 MiB (= 0.2 GiB).
Total memory required = 228.9 MiB (= 0.2 GiB).
Total memory required = 228.9 MiB (= 0.2 GiB).
-------------------------------------------------------------
Function    Best Rate MB/s  Avg time     Min time     Max time
   (= 13566 clock ticks)
Each kernel will be executed 10 times.
Each kernel will be executed 10 times.
Each kernel will be executed 10 times.
Each kernel will be executed 10 times.
Copy:            4812.6     0.042576     0.033246     0.047127
Increase the size of the arrays if this shows that
 The *best* time for each kernel (excluding the first iteration)
 The *best* time for each kernel (excluding the first iteration)
 The *best* time for each kernel (excluding the first iteration)
 The *best* time for each kernel (excluding the first iteration)
Scale:           4712.8     0.042399     0.033950     0.047414
you are not getting at least 20 clock ticks per test.
 will be used to compute the reported bandwidth.
 will be used to compute the reported bandwidth.
 will be used to compute the reported bandwidth.
 will be used to compute the reported bandwidth.
Add:             4986.3     0.058372     0.048132     0.065748
-------------------------------------------------------------
-------------------------------------------------------------
-------------------------------------------------------------
-------------------------------------------------------------
-------------------------------------------------------------
Triad:           5135.1     0.057532     0.046737     0.065439
WARNING -- The above is only a rough guideline.
-------------------------------------------------------------
Your clock granularity/precision appears to be 1 microseconds.
Your clock granularity/precision appears to be 1 microseconds.
Your clock granularity/precision appears to be 1 microseconds.
Your clock granularity/precision appears to be 1 microseconds.
-------------------------------------------------------------
-------------------------------------------------------------
For best results, please be sure you know the
STREAM version $Revision: 5.10 $
Each test below will take on the order of 29397 microseconds.
Each test below will take on the order of 29137 microseconds.
Each test below will take on the order of 28336 microseconds.
Each test below will take on the order of 28843 microseconds.
Solution Validates: avg error less than 1.000000e-13 on all three arrays
STREAM version $Revision: 5.10 $
precision of your system timer.
-------------------------------------------------------------
-------------------------------------------------------------
   (= 29397 clock ticks)
   (= 29137 clock ticks)
   (= 28336 clock ticks)
   (= 28843 clock ticks)
-------------------------------------------------------------
-------------------------------------------------------------
-------------------------------------------------------------
This system uses 8 bytes per array element.
STREAM version $Revision: 5.10 $
Increase the size of the arrays if this shows that
Increase the size of the arrays if this shows that
Increase the size of the arrays if this shows that
Increase the size of the arrays if this shows that
This system uses 8 bytes per array element.
Function    Best Rate MB/s  Avg time     Min time     Max time
-------------------------------------------------------------
-------------------------------------------------------------
you are not getting at least 20 clock ticks per test.
you are not getting at least 20 clock ticks per test.
you are not getting at least 20 clock ticks per test.
you are not getting at least 20 clock ticks per test.
-------------------------------------------------------------
Copy:            4250.9     0.042041     0.037639     0.044360
Array size = 10000000 (elements), Offset = 0 (elements)
This system uses 8 bytes per array element.
-------------------------------------------------------------
-------------------------------------------------------------
-------------------------------------------------------------
-------------------------------------------------------------
Array size = 10000000 (elements), Offset = 0 (elements)
Scale:           4268.3     0.042129     0.037486     0.044587
Memory per array = 76.3 MiB (= 0.1 GiB).
-------------------------------------------------------------
WARNING -- The above is only a rough guideline.
WARNING -- The above is only a rough guideline.
WARNING -- The above is only a rough guideline.
WARNING -- The above is only a rough guideline.
Memory per array = 76.3 MiB (= 0.1 GiB).
Add:             4188.6     0.064603     0.057299     0.068163
Total memory required = 228.9 MiB (= 0.2 GiB).
Array size = 10000000 (elements), Offset = 0 (elements)
For best results, please be sure you know the
For best results, please be sure you know the
For best results, please be sure you know the
For best results, please be sure you know the
Total memory required = 228.9 MiB (= 0.2 GiB).
Triad:           4317.9     0.062417     0.055582     0.066942
Each kernel will be executed 10 times.
Memory per array = 76.3 MiB (= 0.1 GiB).
precision of your system timer.
precision of your system timer.
precision of your system timer.
precision of your system timer.
Each kernel will be executed 10 times.
-------------------------------------------------------------
 The *best* time for each kernel (excluding the first iteration)
Total memory required = 228.9 MiB (= 0.2 GiB).
-------------------------------------------------------------
-------------------------------------------------------------
-------------------------------------------------------------
-------------------------------------------------------------
 The *best* time for each kernel (excluding the first iteration)
Solution Validates: avg error less than 1.000000e-13 on all three arrays
 will be used to compute the reported bandwidth.
Each kernel will be executed 10 times.
Function    Best Rate MB/s  Avg time     Min time     Max time
Function    Best Rate MB/s  Avg time     Min time     Max time
Function    Best Rate MB/s  Avg time     Min time     Max time
Function    Best Rate MB/s  Avg time     Min time     Max time
 will be used to compute the reported bandwidth.
-------------------------------------------------------------
-------------------------------------------------------------
 The *best* time for each kernel (excluding the first iteration)
Copy:            4916.1     0.042377     0.032546     0.047290
Copy:            4766.2     0.042723     0.033570     0.047307
Copy:            4832.4     0.042309     0.033110     0.046901
Copy:            4786.0     0.042602     0.033431     0.047212
-------------------------------------------------------------
Your clock granularity/precision appears to be 1 microseconds.
 will be used to compute the reported bandwidth.
Scale:           4756.4     0.041738     0.033639     0.047448
Scale:           4765.6     0.041808     0.033574     0.047523
Scale:           4764.0     0.042082     0.033585     0.047731
Scale:           4759.1     0.041853     0.033620     0.047605
Your clock granularity/precision appears to be 1 microseconds.
Each test below will take on the order of 30537 microseconds.
-------------------------------------------------------------
Add:             5314.3     0.056799     0.045161     0.065994
Add:             5264.7     0.056982     0.045587     0.065969
Add:             5032.2     0.058076     0.047693     0.066211
Add:             5103.1     0.057513     0.047030     0.066074
Each test below will take on the order of 30834 microseconds.
   (= 30537 clock ticks)
Your clock granularity/precision appears to be 1 microseconds.
Triad:           5401.1     0.057668     0.044435     0.065707
Triad:           5285.5     0.057969     0.045407     0.065905
Triad:           5135.7     0.058243     0.046732     0.065737
Triad:           5140.7     0.058256     0.046686     0.065568
   (= 30834 clock ticks)
Increase the size of the arrays if this shows that
Each test below will take on the order of 30587 microseconds.
-------------------------------------------------------------
-------------------------------------------------------------
-------------------------------------------------------------
-------------------------------------------------------------
Increase the size of the arrays if this shows that
you are not getting at least 20 clock ticks per test.
   (= 30587 clock ticks)
Solution Validates: avg error less than 1.000000e-13 on all three arrays
Solution Validates: avg error less than 1.000000e-13 on all three arrays
Solution Validates: avg error less than 1.000000e-13 on all three arrays
Solution Validates: avg error less than 1.000000e-13 on all three arrays
-------------------------------------------------------------
you are not getting at least 20 clock ticks per test.
-------------------------------------------------------------
Increase the size of the arrays if this shows that
-------------------------------------------------------------
-------------------------------------------------------------
-------------------------------------------------------------
-------------------------------------------------------------
STREAM version $Revision: 5.10 $
-------------------------------------------------------------
WARNING -- The above is only a rough guideline.
you are not getting at least 20 clock ticks per test.
-------------------------------------------------------------
-------------------------------------------------------------
WARNING -- The above is only a rough guideline.
For best results, please be sure you know the
-------------------------------------------------------------
STREAM version $Revision: 5.10 $
This system uses 8 bytes per array element.
For best results, please be sure you know the
precision of your system timer.
WARNING -- The above is only a rough guideline.
-------------------------------------------------------------
-------------------------------------------------------------
precision of your system timer.
-------------------------------------------------------------
For best results, please be sure you know the
This system uses 8 bytes per array element.
Array size = 10000000 (elements), Offset = 0 (elements)
-------------------------------------------------------------
Function    Best Rate MB/s  Avg time     Min time     Max time
precision of your system timer.
-------------------------------------------------------------
Memory per array = 76.3 MiB (= 0.1 GiB).
Function    Best Rate MB/s  Avg time     Min time     Max time
Copy:            4215.8     0.042950     0.037953     0.045663
-------------------------------------------------------------
Array size = 10000000 (elements), Offset = 0 (elements)
Total memory required = 228.9 MiB (= 0.2 GiB).
Copy:            4199.1     0.043129     0.038103     0.045672
Scale:           4125.8     0.043548     0.038780     0.045882
Function    Best Rate MB/s  Avg time     Min time     Max time
Memory per array = 76.3 MiB (= 0.1 GiB).
Each kernel will be executed 10 times.
Scale:           4126.0     0.043578     0.038778     0.046068
Add:             4422.8     0.061666     0.054264     0.065988
Copy:            4151.7     0.043419     0.038538     0.046232
Total memory required = 228.9 MiB (= 0.2 GiB).
 The *best* time for each kernel (excluding the first iteration)
Add:             4389.1     0.061700     0.054681     0.066035
Triad:           4941.5     0.060660     0.048568     0.065956
Scale:           4159.1     0.043275     0.038470     0.046609
Each kernel will be executed 10 times.
-------------------------------------------------------------
 will be used to compute the reported bandwidth.
Triad:           5305.5     0.060553     0.045236     0.066394
-------------------------------------------------------------
Add:             4407.8     0.062065     0.054449     0.066736
 The *best* time for each kernel (excluding the first iteration)
STREAM version $Revision: 5.10 $
-------------------------------------------------------------
-------------------------------------------------------------
Solution Validates: avg error less than 1.000000e-13 on all three arrays
Triad:           5710.6     0.060536     0.042027     0.066364
 will be used to compute the reported bandwidth.
-------------------------------------------------------------
Your clock granularity/precision appears to be 1 microseconds.
Solution Validates: avg error less than 1.000000e-13 on all three arrays
-------------------------------------------------------------
-------------------------------------------------------------
-------------------------------------------------------------
This system uses 8 bytes per array element.
Each test below will take on the order of 30082 microseconds.
-------------------------------------------------------------
Solution Validates: avg error less than 1.000000e-13 on all three arrays
Your clock granularity/precision appears to be 1 microseconds.
-------------------------------------------------------------
   (= 30082 clock ticks)
-------------------------------------------------------------
Each test below will take on the order of 30319 microseconds.
Array size = 10000000 (elements), Offset = 0 (elements)
Increase the size of the arrays if this shows that
   (= 30319 clock ticks)
Memory per array = 76.3 MiB (= 0.1 GiB).
you are not getting at least 20 clock ticks per test.
Increase the size of the arrays if this shows that
Total memory required = 228.9 MiB (= 0.2 GiB).
-------------------------------------------------------------
you are not getting at least 20 clock ticks per test.
Each kernel will be executed 10 times.
WARNING -- The above is only a rough guideline.
-------------------------------------------------------------
 The *best* time for each kernel (excluding the first iteration)
For best results, please be sure you know the
WARNING -- The above is only a rough guideline.
 will be used to compute the reported bandwidth.
precision of your system timer.
For best results, please be sure you know the
-------------------------------------------------------------
-------------------------------------------------------------
precision of your system timer.
Your clock granularity/precision appears to be 1 microseconds.
Function    Best Rate MB/s  Avg time     Min time     Max time
-------------------------------------------------------------
Each test below will take on the order of 29556 microseconds.
Copy:            4197.8     0.042917     0.038115     0.045635
Function    Best Rate MB/s  Avg time     Min time     Max time
   (= 29556 clock ticks)
Scale:           4041.1     0.044533     0.039593     0.047404
Copy:            4162.2     0.043506     0.038441     0.046052
Increase the size of the arrays if this shows that
Add:             4342.2     0.062376     0.055272     0.066684
Scale:           4022.4     0.044360     0.039777     0.047251
you are not getting at least 20 clock ticks per test.
Triad:           4964.6     0.060017     0.048342     0.065293
Add:             4409.0     0.061832     0.054434     0.066342
-------------------------------------------------------------
-------------------------------------------------------------
Triad:           5503.0     0.059684     0.043613     0.065344
WARNING -- The above is only a rough guideline.
Solution Validates: avg error less than 1.000000e-13 on all three arrays
-------------------------------------------------------------
-------------------------------------------------------------
For best results, please be sure you know the
-------------------------------------------------------------
Solution Validates: avg error less than 1.000000e-13 on all three arrays
STREAM version $Revision: 5.10 $
precision of your system timer.
-------------------------------------------------------------
-------------------------------------------------------------
-------------------------------------------------------------
This system uses 8 bytes per array element.
Function    Best Rate MB/s  Avg time     Min time     Max time
-------------------------------------------------------------
Copy:            4103.0     0.043939     0.038996     0.046413
Array size = 10000000 (elements), Offset = 0 (elements)
Scale:           4075.4     0.043911     0.039260     0.047206
Memory per array = 76.3 MiB (= 0.1 GiB).
Add:             4444.2     0.061304     0.054003     0.065946
Total memory required = 228.9 MiB (= 0.2 GiB).
Triad:           5577.0     0.059803     0.043034     0.065565
Each kernel will be executed 10 times.
-------------------------------------------------------------
 The *best* time for each kernel (excluding the first iteration)
Solution Validates: avg error less than 1.000000e-13 on all three arrays
 will be used to compute the reported bandwidth.
-------------------------------------------------------------
-------------------------------------------------------------
Your clock granularity/precision appears to be 1 microseconds.
Each test below will take on the order of 27310 microseconds.
   (= 27310 clock ticks)
Increase the size of the arrays if this shows that
you are not getting at least 20 clock ticks per test.
-------------------------------------------------------------
WARNING -- The above is only a rough guideline.
For best results, please be sure you know the
precision of your system timer.
-------------------------------------------------------------
Function    Best Rate MB/s  Avg time     Min time     Max time
Copy:            4040.0     0.044609     0.039604     0.047112
Scale:           4178.6     0.042825     0.038290     0.046024
Add:             4737.5     0.060554     0.050660     0.065379
Triad:           6570.5     0.059983     0.036527     0.066745
-------------------------------------------------------------
Solution Validates: avg error less than 1.000000e-13 on all three arrays
-------------------------------------------------------------
-------------------------------------------------------------
STREAM version $Revision: 5.10 $
-------------------------------------------------------------
This system uses 8 bytes per array element.
-------------------------------------------------------------
Array size = 10000000 (elements), Offset = 0 (elements)
Memory per array = 76.3 MiB (= 0.1 GiB).
Total memory required = 228.9 MiB (= 0.2 GiB).
Each kernel will be executed 10 times.
 The *best* time for each kernel (excluding the first iteration)
 will be used to compute the reported bandwidth.
-------------------------------------------------------------
Your clock granularity/precision appears to be 1 microseconds.
Each test below will take on the order of 30076 microseconds.
   (= 30076 clock ticks)
Increase the size of the arrays if this shows that
you are not getting at least 20 clock ticks per test.
-------------------------------------------------------------
WARNING -- The above is only a rough guideline.
For best results, please be sure you know the
precision of your system timer.
-------------------------------------------------------------
Function    Best Rate MB/s  Avg time     Min time     Max time
Copy:            4162.2     0.042853     0.038441     0.046194
Scale:           4241.6     0.042789     0.037722     0.046154
Add:             5751.2     0.059363     0.041730     0.065688
Triad:           7661.6     0.058273     0.031325     0.065234
-------------------------------------------------------------
Solution Validates: avg error less than 1.000000e-13 on all three arrays
-------------------------------------------------------------
-------------------------------------------------------------
STREAM version $Revision: 5.10 $
-------------------------------------------------------------
This system uses 8 bytes per array element.
-------------------------------------------------------------
Array size = 10000000 (elements), Offset = 0 (elements)
Memory per array = 76.3 MiB (= 0.1 GiB).
Total memory required = 228.9 MiB (= 0.2 GiB).
Each kernel will be executed 10 times.
 The *best* time for each kernel (excluding the first iteration)
 will be used to compute the reported bandwidth.
-------------------------------------------------------------
Your clock granularity/precision appears to be 1 microseconds.
Each test below will take on the order of 29767 microseconds.
   (= 29767 clock ticks)
Increase the size of the arrays if this shows that
you are not getting at least 20 clock ticks per test.
-------------------------------------------------------------
WARNING -- The above is only a rough guideline.
For best results, please be sure you know the
precision of your system timer.
-------------------------------------------------------------
Function    Best Rate MB/s  Avg time     Min time     Max time
Copy:            4197.3     0.042686     0.038120     0.045679
Scale:           4205.1     0.042946     0.038049     0.046388
Add:             5037.0     0.059870     0.047647     0.065495
Triad:           7216.9     0.058479     0.033255     0.065013
-------------------------------------------------------------
Solution Validates: avg error less than 1.000000e-13 on all three arrays
-------------------------------------------------------------
-------------------------------------------------------------
STREAM version $Revision: 5.10 $
-------------------------------------------------------------
This system uses 8 bytes per array element.
-------------------------------------------------------------
Array size = 10000000 (elements), Offset = 0 (elements)
Memory per array = 76.3 MiB (= 0.1 GiB).
Total memory required = 228.9 MiB (= 0.2 GiB).
Each kernel will be executed 10 times.
 The *best* time for each kernel (excluding the first iteration)
 will be used to compute the reported bandwidth.
-------------------------------------------------------------
Your clock granularity/precision appears to be 1 microseconds.
Each test below will take on the order of 29798 microseconds.
   (= 29798 clock ticks)
Increase the size of the arrays if this shows that
you are not getting at least 20 clock ticks per test.
-------------------------------------------------------------
WARNING -- The above is only a rough guideline.
For best results, please be sure you know the
precision of your system timer.
-------------------------------------------------------------
Function    Best Rate MB/s  Avg time     Min time     Max time
Copy:            4179.5     0.042742     0.038282     0.045754
Scale:           4179.4     0.043220     0.038283     0.046319
Add:             5368.5     0.059679     0.044705     0.065727
Triad:           7119.7     0.058629     0.033709     0.065259
-------------------------------------------------------------
Solution Validates: avg error less than 1.000000e-13 on all three arrays
-------------------------------------------------------------
-------------------------------------------------------------
STREAM version $Revision: 5.10 $
-------------------------------------------------------------
This system uses 8 bytes per array element.
-------------------------------------------------------------
Array size = 10000000 (elements), Offset = 0 (elements)
Memory per array = 76.3 MiB (= 0.1 GiB).
Total memory required = 228.9 MiB (= 0.2 GiB).
Each kernel will be executed 10 times.
 The *best* time for each kernel (excluding the first iteration)
 will be used to compute the reported bandwidth.
-------------------------------------------------------------
Your clock granularity/precision appears to be 1 microseconds.
Each test below will take on the order of 30992 microseconds.
   (= 30992 clock ticks)
Increase the size of the arrays if this shows that
you are not getting at least 20 clock ticks per test.
-------------------------------------------------------------
WARNING -- The above is only a rough guideline.
For best results, please be sure you know the
precision of your system timer.
-------------------------------------------------------------
Function    Best Rate MB/s  Avg time     Min time     Max time
Copy:            4149.3     0.043332     0.038561     0.046694
Scale:           4338.6     0.043067     0.036878     0.046530
Add:             6143.8     0.059244     0.039064     0.065296
Triad:           8190.0     0.058019     0.029304     0.065620
-------------------------------------------------------------
Solution Validates: avg error less than 1.000000e-13 on all three arrays
-------------------------------------------------------------
-------------------------------------------------------------
STREAM version $Revision: 5.10 $
-------------------------------------------------------------
This system uses 8 bytes per array element.
-------------------------------------------------------------
Array size = 10000000 (elements), Offset = 0 (elements)
Memory per array = 76.3 MiB (= 0.1 GiB).
Total memory required = 228.9 MiB (= 0.2 GiB).
Each kernel will be executed 10 times.
 The *best* time for each kernel (excluding the first iteration)
 will be used to compute the reported bandwidth.
-------------------------------------------------------------
Your clock granularity/precision appears to be 1 microseconds.
Each test below will take on the order of 31010 microseconds.
   (= 31010 clock ticks)
Increase the size of the arrays if this shows that
you are not getting at least 20 clock ticks per test.
-------------------------------------------------------------
WARNING -- The above is only a rough guideline.
For best results, please be sure you know the
precision of your system timer.
-------------------------------------------------------------
Function    Best Rate MB/s  Avg time     Min time     Max time
Copy:            4167.3     0.043183     0.038394     0.046466
Scale:           4307.2     0.043151     0.037147     0.046579
Add:             5855.2     0.059509     0.040989     0.065453
Triad:           7805.9     0.058161     0.030746     0.065466
-------------------------------------------------------------
Solution Validates: avg error less than 1.000000e-13 on all three arrays
-------------------------------------------------------------
-------------------------------------------------------------
STREAM version $Revision: 5.10 $
-------------------------------------------------------------
This system uses 8 bytes per array element.
-------------------------------------------------------------
Array size = 10000000 (elements), Offset = 0 (elements)
Memory per array = 76.3 MiB (= 0.1 GiB).
Total memory required = 228.9 MiB (= 0.2 GiB).
Each kernel will be executed 10 times.
 The *best* time for each kernel (excluding the first iteration)
 will be used to compute the reported bandwidth.
-------------------------------------------------------------
Your clock granularity/precision appears to be 1 microseconds.
Each test below will take on the order of 35329 microseconds.
   (= 35329 clock ticks)
Increase the size of the arrays if this shows that
you are not getting at least 20 clock ticks per test.
-------------------------------------------------------------
WARNING -- The above is only a rough guideline.
For best results, please be sure you know the
precision of your system timer.
-------------------------------------------------------------
Function    Best Rate MB/s  Avg time     Min time     Max time
Copy:            4279.3     0.043646     0.037389     0.049060
Scale:           4735.4     0.042176     0.033788     0.050093
Add:             6952.7     0.058834     0.034519     0.067716
Triad:           9866.3     0.059023     0.024325     0.070956
-------------------------------------------------------------
-------------------------------------------------------------
Solution Validates: avg error less than 1.000000e-13 on all three arrays
STREAM version $Revision: 5.10 $
-------------------------------------------------------------
-------------------------------------------------------------
This system uses 8 bytes per array element.
-------------------------------------------------------------
Array size = 10000000 (elements), Offset = 0 (elements)
Memory per array = 76.3 MiB (= 0.1 GiB).
Total memory required = 228.9 MiB (= 0.2 GiB).
Each kernel will be executed 10 times.
 The *best* time for each kernel (excluding the first iteration)
 will be used to compute the reported bandwidth.
-------------------------------------------------------------
Your clock granularity/precision appears to be 1 microseconds.
Each test below will take on the order of 29495 microseconds.
-------------------------------------------------------------
   (= 29495 clock ticks)
STREAM version $Revision: 5.10 $
Increase the size of the arrays if this shows that
-------------------------------------------------------------
you are not getting at least 20 clock ticks per test.
This system uses 8 bytes per array element.
-------------------------------------------------------------
-------------------------------------------------------------
WARNING -- The above is only a rough guideline.
Array size = 10000000 (elements), Offset = 0 (elements)
For best results, please be sure you know the
Memory per array = 76.3 MiB (= 0.1 GiB).
precision of your system timer.
Total memory required = 228.9 MiB (= 0.2 GiB).
-------------------------------------------------------------
Each kernel will be executed 10 times.
Function    Best Rate MB/s  Avg time     Min time     Max time
 The *best* time for each kernel (excluding the first iteration)
Copy:            4140.1     0.043622     0.038646     0.046912
 will be used to compute the reported bandwidth.
Scale:           4500.8     0.042612     0.035549     0.046179
-------------------------------------------------------------
Add:             6769.3     0.058880     0.035454     0.065521
Your clock granularity/precision appears to be 1 microseconds.
Triad:           8785.7     0.058161     0.027317     0.066399
Each test below will take on the order of 30908 microseconds.
-------------------------------------------------------------
   (= 30908 clock ticks)
Solution Validates: avg error less than 1.000000e-13 on all three arrays
Increase the size of the arrays if this shows that
-------------------------------------------------------------
you are not getting at least 20 clock ticks per test.
-------------------------------------------------------------
WARNING -- The above is only a rough guideline.
For best results, please be sure you know the
precision of your system timer.
-------------------------------------------------------------
Function    Best Rate MB/s  Avg time     Min time     Max time
Copy:            4123.4     0.043548     0.038803     0.046830
Scale:           4383.0     0.043259     0.036505     0.046938
Add:             6044.6     0.059417     0.039705     0.065571
Triad:           8115.0     0.058128     0.029575     0.065914
-------------------------------------------------------------
Solution Validates: avg error less than 1.000000e-13 on all three arrays
-------------------------------------------------------------
-------------------------------------------------------------
STREAM version $Revision: 5.10 $
-------------------------------------------------------------
This system uses 8 bytes per array element.
-------------------------------------------------------------
Array size = 10000000 (elements), Offset = 0 (elements)
Memory per array = 76.3 MiB (= 0.1 GiB).
Total memory required = 228.9 MiB (= 0.2 GiB).
Each kernel will be executed 10 times.
 The *best* time for each kernel (excluding the first iteration)
 will be used to compute the reported bandwidth.
-------------------------------------------------------------
Your clock granularity/precision appears to be 1 microseconds.
Each test below will take on the order of 29365 microseconds.
   (= 29365 clock ticks)
Increase the size of the arrays if this shows that
you are not getting at least 20 clock ticks per test.
-------------------------------------------------------------
WARNING -- The above is only a rough guideline.
For best results, please be sure you know the
precision of your system timer.
-------------------------------------------------------------
Function    Best Rate MB/s  Avg time     Min time     Max time
Copy:            4459.1     0.040566     0.035882     0.044977
Scale:           4836.0     0.040873     0.033085     0.045549
Add:             5221.8     0.059457     0.045961     0.068074
Triad:           5234.7     0.056146     0.045848     0.065570
-------------------------------------------------------------
Solution Validates: avg error less than 1.000000e-13 on all three arrays
-------------------------------------------------------------
-------------------------------------------------------------
STREAM version $Revision: 5.10 $
-------------------------------------------------------------
This system uses 8 bytes per array element.
-------------------------------------------------------------
Array size = 10000000 (elements), Offset = 0 (elements)
Memory per array = 76.3 MiB (= 0.1 GiB).
Total memory required = 228.9 MiB (= 0.2 GiB).
Each kernel will be executed 10 times.
 The *best* time for each kernel (excluding the first iteration)
 will be used to compute the reported bandwidth.
-------------------------------------------------------------
Your clock granularity/precision appears to be 1 microseconds.
Each test below will take on the order of 29400 microseconds.
   (= 29400 clock ticks)
Increase the size of the arrays if this shows that
you are not getting at least 20 clock ticks per test.
-------------------------------------------------------------
WARNING -- The above is only a rough guideline.
For best results, please be sure you know the
precision of your system timer.
-------------------------------------------------------------
Function    Best Rate MB/s  Avg time     Min time     Max time
Copy:            4950.8     0.040391     0.032318     0.044572
Scale:           4779.7     0.041342     0.033475     0.046885
Add:             5202.6     0.057750     0.046131     0.065937
Triad:           5230.3     0.056162     0.045886     0.065586
-------------------------------------------------------------
Solution Validates: avg error less than 1.000000e-13 on all three arrays
-------------------------------------------------------------
-------------------------------------------------------------
STREAM version $Revision: 5.10 $
-------------------------------------------------------------
This system uses 8 bytes per array element.
-------------------------------------------------------------
Array size = 10000000 (elements), Offset = 0 (elements)
Memory per array = 76.3 MiB (= 0.1 GiB).
Total memory required = 228.9 MiB (= 0.2 GiB).
Each kernel will be executed 10 times.
 The *best* time for each kernel (excluding the first iteration)
 will be used to compute the reported bandwidth.
-------------------------------------------------------------
Your clock granularity/precision appears to be 1 microseconds.
Each test below will take on the order of 31933 microseconds.
   (= 31933 clock ticks)
Increase the size of the arrays if this shows that
you are not getting at least 20 clock ticks per test.
-------------------------------------------------------------
WARNING -- The above is only a rough guideline.
For best results, please be sure you know the
precision of your system timer.
-------------------------------------------------------------
Function    Best Rate MB/s  Avg time     Min time     Max time
Copy:            4755.7     0.040625     0.033644     0.044689
Scale:           4738.6     0.041692     0.033765     0.047872
Add:             5537.9     0.056328     0.043338     0.065446
Triad:           5446.0     0.055772     0.044069     0.065221
-------------------------------------------------------------
Solution Validates: avg error less than 1.000000e-13 on all three arrays
-------------------------------------------------------------
-------------------------------------------------------------
STREAM version $Revision: 5.10 $
-------------------------------------------------------------
This system uses 8 bytes per array element.
-------------------------------------------------------------
Array size = 10000000 (elements), Offset = 0 (elements)
Memory per array = 76.3 MiB (= 0.1 GiB).
Total memory required = 228.9 MiB (= 0.2 GiB).
Each kernel will be executed 10 times.
 The *best* time for each kernel (excluding the first iteration)
 will be used to compute the reported bandwidth.
-------------------------------------------------------------
Your clock granularity/precision appears to be 1 microseconds.
Each test below will take on the order of 14949 microseconds.
   (= 14949 clock ticks)
Increase the size of the arrays if this shows that
you are not getting at least 20 clock ticks per test.
-------------------------------------------------------------
WARNING -- The above is only a rough guideline.
For best results, please be sure you know the
precision of your system timer.
-------------------------------------------------------------
Function    Best Rate MB/s  Avg time     Min time     Max time
Copy:            4108.5     0.043520     0.038944     0.046763
Scale:           4078.7     0.043930     0.039228     0.046652
Add:             4360.5     0.061200     0.055040     0.064462
Triad:           4405.4     0.061323     0.054478     0.065986
-------------------------------------------------------------
Solution Validates: avg error less than 1.000000e-13 on all three arrays
-------------------------------------------------------------
-------------------------------------------------------------
STREAM version $Revision: 5.10 $
-------------------------------------------------------------
-------------------------------------------------------------
This system uses 8 bytes per array element.
STREAM version $Revision: 5.10 $
-------------------------------------------------------------
-------------------------------------------------------------
Array size = 10000000 (elements), Offset = 0 (elements)
This system uses 8 bytes per array element.
Memory per array = 76.3 MiB (= 0.1 GiB).
-------------------------------------------------------------
Total memory required = 228.9 MiB (= 0.2 GiB).
Array size = 10000000 (elements), Offset = 0 (elements)
Each kernel will be executed 10 times.
Memory per array = 76.3 MiB (= 0.1 GiB).
 The *best* time for each kernel (excluding the first iteration)
Total memory required = 228.9 MiB (= 0.2 GiB).
 will be used to compute the reported bandwidth.
Each kernel will be executed 10 times.
-------------------------------------------------------------
 The *best* time for each kernel (excluding the first iteration)
Your clock granularity/precision appears to be 1 microseconds.
 will be used to compute the reported bandwidth.
Each test below will take on the order of 31872 microseconds.
-------------------------------------------------------------
   (= 31872 clock ticks)
Your clock granularity/precision appears to be 1 microseconds.
Increase the size of the arrays if this shows that
Each test below will take on the order of 29654 microseconds.
you are not getting at least 20 clock ticks per test.
   (= 29654 clock ticks)
-------------------------------------------------------------
Increase the size of the arrays if this shows that
WARNING -- The above is only a rough guideline.
you are not getting at least 20 clock ticks per test.
For best results, please be sure you know the
-------------------------------------------------------------
precision of your system timer.
WARNING -- The above is only a rough guideline.
-------------------------------------------------------------
For best results, please be sure you know the
Function    Best Rate MB/s  Avg time     Min time     Max time
precision of your system timer.
Copy:            4803.9     0.040347     0.033306     0.044410
-------------------------------------------------------------
Scale:           4808.1     0.041497     0.033277     0.047729
Function    Best Rate MB/s  Avg time     Min time     Max time
Add:             5415.8     0.056727     0.044315     0.065376
Copy:            4904.4     0.040607     0.032624     0.044870
Triad:           5298.7     0.055970     0.045294     0.065028
Scale:           4705.3     0.041301     0.034004     0.046951
-------------------------------------------------------------
Add:             5073.2     0.057419     0.047307     0.065654
Solution Validates: avg error less than 1.000000e-13 on all three arrays
Triad:           5196.6     0.056506     0.046184     0.066127
-------------------------------------------------------------
-------------------------------------------------------------
Solution Validates: avg error less than 1.000000e-13 on all three arrays
-------------------------------------------------------------
-------------------------------------------------------------
STREAM version $Revision: 5.10 $
-------------------------------------------------------------
This system uses 8 bytes per array element.
-------------------------------------------------------------
Array size = 10000000 (elements), Offset = 0 (elements)
Memory per array = 76.3 MiB (= 0.1 GiB).
Total memory required = 228.9 MiB (= 0.2 GiB).
Each kernel will be executed 10 times.
 The *best* time for each kernel (excluding the first iteration)
 will be used to compute the reported bandwidth.
-------------------------------------------------------------
Your clock granularity/precision appears to be 1 microseconds.
Each test below will take on the order of 11511 microseconds.
   (= 11511 clock ticks)
Increase the size of the arrays if this shows that
-------------------------------------------------------------
you are not getting at least 20 clock ticks per test.
STREAM version $Revision: 5.10 $
-------------------------------------------------------------
-------------------------------------------------------------
WARNING -- The above is only a rough guideline.
This system uses 8 bytes per array element.
For best results, please be sure you know the
-------------------------------------------------------------
precision of your system timer.
Array size = 10000000 (elements), Offset = 0 (elements)
-------------------------------------------------------------
Memory per array = 76.3 MiB (= 0.1 GiB).
Function    Best Rate MB/s  Avg time     Min time     Max time
Total memory required = 228.9 MiB (= 0.2 GiB).
Copy:            4207.4     0.042433     0.038028     0.045203
Each kernel will be executed 10 times.
Scale:           4154.9     0.043039     0.038509     0.045644
 The *best* time for each kernel (excluding the first iteration)
Add:             4196.9     0.063694     0.057185     0.067321
 will be used to compute the reported bandwidth.
Triad:           4349.7     0.061926     0.055176     0.066131
-------------------------------------------------------------
-------------------------------------------------------------
Your clock granularity/precision appears to be 1 microseconds.
Solution Validates: avg error less than 1.000000e-13 on all three arrays
Each test below will take on the order of 15843 microseconds.
-------------------------------------------------------------
   (= 15843 clock ticks)
Increase the size of the arrays if this shows that
you are not getting at least 20 clock ticks per test.
-------------------------------------------------------------
WARNING -- The above is only a rough guideline.
For best results, please be sure you know the
precision of your system timer.
-------------------------------------------------------------
Function    Best Rate MB/s  Avg time     Min time     Max time
Copy:            4098.4     0.043570     0.039040     0.046815
Scale:           4105.1     0.043928     0.038976     0.046678
Add:             4354.5     0.061228     0.055115     0.064626
Triad:           4378.8     0.061524     0.054810     0.066104
-------------------------------------------------------------
Solution Validates: avg error less than 1.000000e-13 on all three arrays
-------------------------------------------------------------
-------------------------------------------------------------
STREAM version $Revision: 5.10 $
-------------------------------------------------------------
This system uses 8 bytes per array element.
-------------------------------------------------------------
Array size = 10000000 (elements), Offset = 0 (elements)
Memory per array = 76.3 MiB (= 0.1 GiB).
Total memory required = 228.9 MiB (= 0.2 GiB).
Each kernel will be executed 10 times.
 The *best* time for each kernel (excluding the first iteration)
 will be used to compute the reported bandwidth.
-------------------------------------------------------------
Your clock granularity/precision appears to be 1 microseconds.
Each test below will take on the order of 29633 microseconds.
   (= 29633 clock ticks)
Increase the size of the arrays if this shows that
you are not getting at least 20 clock ticks per test.
-------------------------------------------------------------
WARNING -- The above is only a rough guideline.
For best results, please be sure you know the
precision of your system timer.
-------------------------------------------------------------
Function    Best Rate MB/s  Avg time     Min time     Max time
Copy:            4626.7     0.040869     0.034582     0.044892
Scale:           4677.3     0.041418     0.034208     0.047131
Add:             5023.1     0.057518     0.047779     0.065588
Triad:           5215.5     0.056575     0.046017     0.065995
-------------------------------------------------------------
Solution Validates: avg error less than 1.000000e-13 on all three arrays
-------------------------------------------------------------
-------------------------------------------------------------
STREAM version $Revision: 5.10 $
-------------------------------------------------------------
This system uses 8 bytes per array element.
-------------------------------------------------------------
Array size = 10000000 (elements), Offset = 0 (elements)
Memory per array = 76.3 MiB (= 0.1 GiB).
Total memory required = 228.9 MiB (= 0.2 GiB).
Each kernel will be executed 10 times.
 The *best* time for each kernel (excluding the first iteration)
 will be used to compute the reported bandwidth.
-------------------------------------------------------------
Your clock granularity/precision appears to be 1 microseconds.
Each test below will take on the order of 31608 microseconds.
   (= 31608 clock ticks)
Increase the size of the arrays if this shows that
you are not getting at least 20 clock ticks per test.
-------------------------------------------------------------
WARNING -- The above is only a rough guideline.
For best results, please be sure you know the
precision of your system timer.
-------------------------------------------------------------
Function    Best Rate MB/s  Avg time     Min time     Max time
Copy:            4797.9     0.040476     0.033348     0.044383
Scale:           4782.0     0.041507     0.033459     0.047748
Add:             5400.9     0.056801     0.044437     0.065145
Triad:           5269.1     0.056140     0.045549     0.064832
-------------------------------------------------------------
Solution Validates: avg error less than 1.000000e-13 on all three arrays
-------------------------------------------------------------
-------------------------------------------------------------
STREAM version $Revision: 5.10 $
-------------------------------------------------------------
This system uses 8 bytes per array element.
-------------------------------------------------------------
Array size = 10000000 (elements), Offset = 0 (elements)
Memory per array = 76.3 MiB (= 0.1 GiB).
Total memory required = 228.9 MiB (= 0.2 GiB).
Each kernel will be executed 10 times.
 The *best* time for each kernel (excluding the first iteration)
 will be used to compute the reported bandwidth.
-------------------------------------------------------------
Your clock granularity/precision appears to be 1 microseconds.
Each test below will take on the order of 20280 microseconds.
   (= 20280 clock ticks)
Increase the size of the arrays if this shows that
you are not getting at least 20 clock ticks per test.
-------------------------------------------------------------
WARNING -- The above is only a rough guideline.
For best results, please be sure you know the
precision of your system timer.
-------------------------------------------------------------
Function    Best Rate MB/s  Avg time     Min time     Max time
Copy:            4071.3     0.043913     0.039299     0.047085
Scale:           4129.5     0.043676     0.038746     0.046535
Add:             4400.6     0.061015     0.054538     0.064276
Triad:           4429.8     0.061513     0.054179     0.066220
-------------------------------------------------------------
Solution Validates: avg error less than 1.000000e-13 on all three arrays
-------------------------------------------------------------
-------------------------------------------------------------
STREAM version $Revision: 5.10 $
-------------------------------------------------------------
This system uses 8 bytes per array element.
-------------------------------------------------------------
Array size = 10000000 (elements), Offset = 0 (elements)
Memory per array = 76.3 MiB (= 0.1 GiB).
Total memory required = 228.9 MiB (= 0.2 GiB).
Each kernel will be executed 10 times.
 The *best* time for each kernel (excluding the first iteration)
 will be used to compute the reported bandwidth.
-------------------------------------------------------------
Your clock granularity/precision appears to be 1 microseconds.
Each test below will take on the order of 31859 microseconds.
   (= 31859 clock ticks)
Increase the size of the arrays if this shows that
you are not getting at least 20 clock ticks per test.
-------------------------------------------------------------
WARNING -- The above is only a rough guideline.
For best results, please be sure you know the
precision of your system timer.
-------------------------------------------------------------
Function    Best Rate MB/s  Avg time     Min time     Max time
Copy:            4820.4     0.040562     0.033192     0.044640
Scale:           4786.7     0.041482     0.033426     0.047568
Add:             4708.3     0.058628     0.050974     0.065330
Triad:           5494.1     0.055823     0.043683     0.065343
-------------------------------------------------------------
Solution Validates: avg error less than 1.000000e-13 on all three arrays
-------------------------------------------------------------
-------------------------------------------------------------
STREAM version $Revision: 5.10 $
-------------------------------------------------------------
This system uses 8 bytes per array element.
-------------------------------------------------------------
Array size = 10000000 (elements), Offset = 0 (elements)
Memory per array = 76.3 MiB (= 0.1 GiB).
Total memory required = 228.9 MiB (= 0.2 GiB).
Each kernel will be executed 10 times.
 The *best* time for each kernel (excluding the first iteration)
 will be used to compute the reported bandwidth.
-------------------------------------------------------------
Your clock granularity/precision appears to be 1 microseconds.
Each test below will take on the order of 18285 microseconds.
   (= 18285 clock ticks)
Increase the size of the arrays if this shows that
you are not getting at least 20 clock ticks per test.
-------------------------------------------------------------
WARNING -- The above is only a rough guideline.
For best results, please be sure you know the
precision of your system timer.
-------------------------------------------------------------
Function    Best Rate MB/s  Avg time     Min time     Max time
Copy:            4032.7     0.044250     0.039676     0.047555
Scale:           4149.9     0.043807     0.038555     0.047016
Add:             4370.5     0.061449     0.054913     0.064741
Triad:           4421.1     0.062190     0.054285     0.066746
-------------------------------------------------------------
Solution Validates: avg error less than 1.000000e-13 on all three arrays
-------------------------------------------------------------
-------------------------------------------------------------
STREAM version $Revision: 5.10 $
-------------------------------------------------------------
This system uses 8 bytes per array element.
-------------------------------------------------------------
Array size = 10000000 (elements), Offset = 0 (elements)
Memory per array = 76.3 MiB (= 0.1 GiB).
Total memory required = 228.9 MiB (= 0.2 GiB).
Each kernel will be executed 10 times.
 The *best* time for each kernel (excluding the first iteration)
 will be used to compute the reported bandwidth.
-------------------------------------------------------------
Your clock granularity/precision appears to be 1 microseconds.
Each test below will take on the order of 24846 microseconds.
   (= 24846 clock ticks)
Increase the size of the arrays if this shows that
you are not getting at least 20 clock ticks per test.
-------------------------------------------------------------
WARNING -- The above is only a rough guideline.
For best results, please be sure you know the
precision of your system timer.
-------------------------------------------------------------
Function    Best Rate MB/s  Avg time     Min time     Max time
Copy:            4171.7     0.042865     0.038354     0.045548
Scale:           4146.6     0.043289     0.038586     0.045837
Add:             4316.8     0.062364     0.055597     0.066211
Triad:           4451.1     0.061542     0.053919     0.066216
-------------------------------------------------------------
Solution Validates: avg error less than 1.000000e-13 on all three arrays
-------------------------------------------------------------
-------------------------------------------------------------
STREAM version $Revision: 5.10 $
-------------------------------------------------------------
This system uses 8 bytes per array element.
-------------------------------------------------------------
Array size = 10000000 (elements), Offset = 0 (elements)
Memory per array = 76.3 MiB (= 0.1 GiB).
Total memory required = 228.9 MiB (= 0.2 GiB).
Each kernel will be executed 10 times.
 The *best* time for each kernel (excluding the first iteration)
 will be used to compute the reported bandwidth.
-------------------------------------------------------------
Your clock granularity/precision appears to be 1 microseconds.
Each test below will take on the order of 28941 microseconds.
   (= 28941 clock ticks)
-------------------------------------------------------------
Increase the size of the arrays if this shows that
STREAM version $Revision: 5.10 $
you are not getting at least 20 clock ticks per test.
-------------------------------------------------------------
-------------------------------------------------------------
This system uses 8 bytes per array element.
WARNING -- The above is only a rough guideline.
-------------------------------------------------------------
For best results, please be sure you know the
Array size = 10000000 (elements), Offset = 0 (elements)
precision of your system timer.
Memory per array = 76.3 MiB (= 0.1 GiB).
-------------------------------------------------------------
Total memory required = 228.9 MiB (= 0.2 GiB).
Function    Best Rate MB/s  Avg time     Min time     Max time
Each kernel will be executed 10 times.
Copy:            4119.4     0.043395     0.038841     0.045912
 The *best* time for each kernel (excluding the first iteration)
Scale:           4174.4     0.042502     0.038329     0.044905
 will be used to compute the reported bandwidth.
Add:             4385.2     0.061715     0.054729     0.066244
-------------------------------------------------------------
Triad:           4940.7     0.061199     0.048576     0.066860
Your clock granularity/precision appears to be 1 microseconds.
-------------------------------------------------------------
Each test below will take on the order of 28681 microseconds.
Solution Validates: avg error less than 1.000000e-13 on all three arrays
   (= 28681 clock ticks)
-------------------------------------------------------------
Increase the size of the arrays if this shows that
you are not getting at least 20 clock ticks per test.
-------------------------------------------------------------
WARNING -- The above is only a rough guideline.
For best results, please be sure you know the
precision of your system timer.
-------------------------------------------------------------
Function    Best Rate MB/s  Avg time     Min time     Max time
Copy:            4110.3     0.043479     0.038927     0.046075
Scale:           4179.6     0.042502     0.038281     0.044936
Add:             4376.1     0.061745     0.054844     0.066199
Triad:           4967.0     0.061226     0.048319     0.066819
-------------------------------------------------------------
Solution Validates: avg error less than 1.000000e-13 on all three arrays
-------------------------------------------------------------
-------------------------------------------------------------
STREAM version $Revision: 5.10 $
-------------------------------------------------------------
This system uses 8 bytes per array element.
-------------------------------------------------------------
Array size = 10000000 (elements), Offset = 0 (elements)
Memory per array = 76.3 MiB (= 0.1 GiB).
Total memory required = 228.9 MiB (= 0.2 GiB).
Each kernel will be executed 10 times.
 The *best* time for each kernel (excluding the first iteration)
 will be used to compute the reported bandwidth.
-------------------------------------------------------------
Your clock granularity/precision appears to be 1 microseconds.
Each test below will take on the order of 31489 microseconds.
   (= 31489 clock ticks)
Increase the size of the arrays if this shows that
you are not getting at least 20 clock ticks per test.
-------------------------------------------------------------
WARNING -- The above is only a rough guideline.
For best results, please be sure you know the
precision of your system timer.
-------------------------------------------------------------
Function    Best Rate MB/s  Avg time     Min time     Max time
Copy:            4150.3     0.043090     0.038551     0.046619
Scale:           4128.4     0.043488     0.038756     0.046790
Add:             5174.9     0.059407     0.046378     0.065160
Triad:           8472.5     0.056961     0.028327     0.064467
-------------------------------------------------------------
Solution Validates: avg error less than 1.000000e-13 on all three arrays
-------------------------------------------------------------
-------------------------------------------------------------
STREAM version $Revision: 5.10 $
-------------------------------------------------------------
This system uses 8 bytes per array element.
-------------------------------------------------------------
Array size = 10000000 (elements), Offset = 0 (elements)
Memory per array = 76.3 MiB (= 0.1 GiB).
-------------------------------------------------------------
Total memory required = 228.9 MiB (= 0.2 GiB).
STREAM version $Revision: 5.10 $
Each kernel will be executed 10 times.
-------------------------------------------------------------
 The *best* time for each kernel (excluding the first iteration)
This system uses 8 bytes per array element.
 will be used to compute the reported bandwidth.
-------------------------------------------------------------
-------------------------------------------------------------
Array size = 10000000 (elements), Offset = 0 (elements)
Your clock granularity/precision appears to be 1 microseconds.
Memory per array = 76.3 MiB (= 0.1 GiB).
Each test below will take on the order of 31640 microseconds.
Total memory required = 228.9 MiB (= 0.2 GiB).
   (= 31640 clock ticks)
Each kernel will be executed 10 times.
Increase the size of the arrays if this shows that
 The *best* time for each kernel (excluding the first iteration)
you are not getting at least 20 clock ticks per test.
 will be used to compute the reported bandwidth.
-------------------------------------------------------------
-------------------------------------------------------------
WARNING -- The above is only a rough guideline.
Your clock granularity/precision appears to be 1 microseconds.
For best results, please be sure you know the
Each test below will take on the order of 31863 microseconds.
precision of your system timer.
   (= 31863 clock ticks)
-------------------------------------------------------------
Increase the size of the arrays if this shows that
Function    Best Rate MB/s  Avg time     Min time     Max time
you are not getting at least 20 clock ticks per test.
Copy:            4170.6     0.043076     0.038364     0.046568
-------------------------------------------------------------
Scale:           4112.4     0.043374     0.038907     0.046540
WARNING -- The above is only a rough guideline.
Add:             5124.0     0.059474     0.046838     0.065264
For best results, please be sure you know the
Triad:           8379.0     0.056917     0.028643     0.064148
precision of your system timer.
-------------------------------------------------------------
-------------------------------------------------------------
Solution Validates: avg error less than 1.000000e-13 on all three arrays
Function    Best Rate MB/s  Avg time     Min time     Max time
-------------------------------------------------------------
Copy:            4112.5     0.043452     0.038906     0.046661
Scale:           4174.5     0.043207     0.038328     0.046483
Add:             5560.2     0.059024     0.043164     0.065338
Triad:           8570.2     0.057066     0.028004     0.064422
-------------------------------------------------------------
Solution Validates: avg error less than 1.000000e-13 on all three arrays
-------------------------------------------------------------
-------------------------------------------------------------
STREAM version $Revision: 5.10 $
-------------------------------------------------------------
This system uses 8 bytes per array element.
-------------------------------------------------------------
Array size = 10000000 (elements), Offset = 0 (elements)
Memory per array = 76.3 MiB (= 0.1 GiB).
Total memory required = 228.9 MiB (= 0.2 GiB).
Each kernel will be executed 10 times.
 The *best* time for each kernel (excluding the first iteration)
 will be used to compute the reported bandwidth.
-------------------------------------------------------------
-------------------------------------------------------------
Your clock granularity/precision appears to be 1 microseconds.
STREAM version $Revision: 5.10 $
Each test below will take on the order of 30571 microseconds.
-------------------------------------------------------------
   (= 30571 clock ticks)
This system uses 8 bytes per array element.
Increase the size of the arrays if this shows that
-------------------------------------------------------------
you are not getting at least 20 clock ticks per test.
Array size = 10000000 (elements), Offset = 0 (elements)
-------------------------------------------------------------
Memory per array = 76.3 MiB (= 0.1 GiB).
WARNING -- The above is only a rough guideline.
Total memory required = 228.9 MiB (= 0.2 GiB).
For best results, please be sure you know the
Each kernel will be executed 10 times.
precision of your system timer.
 The *best* time for each kernel (excluding the first iteration)
-------------------------------------------------------------
 will be used to compute the reported bandwidth.
Function    Best Rate MB/s  Avg time     Min time     Max time
-------------------------------------------------------------
Copy:            4072.0     0.043673     0.039293     0.046843
Your clock granularity/precision appears to be 1 microseconds.
Scale:           4235.7     0.042734     0.037774     0.045950
Each test below will take on the order of 30504 microseconds.
Add:             6166.2     0.058438     0.038922     0.065325
   (= 30504 clock ticks)
Triad:           9038.9     0.057349     0.026552     0.064826
Increase the size of the arrays if this shows that
-------------------------------------------------------------
you are not getting at least 20 clock ticks per test.
Solution Validates: avg error less than 1.000000e-13 on all three arrays
-------------------------------------------------------------
-------------------------------------------------------------
WARNING -- The above is only a rough guideline.
For best results, please be sure you know the
precision of your system timer.
-------------------------------------------------------------
Function    Best Rate MB/s  Avg time     Min time     Max time
Copy:            4168.5     0.043066     0.038383     0.046338
Scale:           4150.1     0.043514     0.038553     0.046781
Add:             5393.4     0.059601     0.044499     0.065808
Triad:           8389.3     0.057080     0.028608     0.064244
-------------------------------------------------------------
Solution Validates: avg error less than 1.000000e-13 on all three arrays
-------------------------------------------------------------
-------------------------------------------------------------
STREAM version $Revision: 5.10 $
-------------------------------------------------------------
This system uses 8 bytes per array element.
-------------------------------------------------------------
Array size = 10000000 (elements), Offset = 0 (elements)
Memory per array = 76.3 MiB (= 0.1 GiB).
Total memory required = 228.9 MiB (= 0.2 GiB).
Each kernel will be executed 10 times.
 The *best* time for each kernel (excluding the first iteration)
 will be used to compute the reported bandwidth.
-------------------------------------------------------------
Your clock granularity/precision appears to be 1 microseconds.
Each test below will take on the order of 31001 microseconds.
   (= 31001 clock ticks)
Increase the size of the arrays if this shows that
you are not getting at least 20 clock ticks per test.
-------------------------------------------------------------
WARNING -- The above is only a rough guideline.
For best results, please be sure you know the
precision of your system timer.
-------------------------------------------------------------
Function    Best Rate MB/s  Avg time     Min time     Max time
Copy:            4161.6     0.043058     0.038447     0.046431
Scale:           4138.6     0.043499     0.038660     0.046975
Add:             5143.6     0.059726     0.046660     0.065793
Triad:           8546.4     0.056969     0.028082     0.064220
-------------------------------------------------------------
Solution Validates: avg error less than 1.000000e-13 on all three arrays
-------------------------------------------------------------
-------------------------------------------------------------
STREAM version $Revision: 5.10 $
-------------------------------------------------------------
This system uses 8 bytes per array element.
-------------------------------------------------------------
Array size = 10000000 (elements), Offset = 0 (elements)
Memory per array = 76.3 MiB (= 0.1 GiB).
Total memory required = 228.9 MiB (= 0.2 GiB).
Each kernel will be executed 10 times.
 The *best* time for each kernel (excluding the first iteration)
-------------------------------------------------------------
 will be used to compute the reported bandwidth.
STREAM version $Revision: 5.10 $
-------------------------------------------------------------
-------------------------------------------------------------
Your clock granularity/precision appears to be 1 microseconds.
This system uses 8 bytes per array element.
Each test below will take on the order of 29868 microseconds.
-------------------------------------------------------------
   (= 29868 clock ticks)
Array size = 10000000 (elements), Offset = 0 (elements)
Increase the size of the arrays if this shows that
Memory per array = 76.3 MiB (= 0.1 GiB).
you are not getting at least 20 clock ticks per test.
Total memory required = 228.9 MiB (= 0.2 GiB).
-------------------------------------------------------------
Each kernel will be executed 10 times.
WARNING -- The above is only a rough guideline.
 The *best* time for each kernel (excluding the first iteration)
For best results, please be sure you know the
 will be used to compute the reported bandwidth.
precision of your system timer.
-------------------------------------------------------------
-------------------------------------------------------------
Your clock granularity/precision appears to be 1 microseconds.
Function    Best Rate MB/s  Avg time     Min time     Max time
Each test below will take on the order of 29751 microseconds.
   (= 29751 clock ticks)
Copy:            4086.6     0.043579     0.039152     0.046731
Increase the size of the arrays if this shows that
Scale:           4332.5     0.042752     0.036930     0.046251
you are not getting at least 20 clock ticks per test.
Add:             6303.9     0.058466     0.038072     0.065428
-------------------------------------------------------------
Triad:           8925.2     0.057386     0.026890     0.064867
WARNING -- The above is only a rough guideline.
-------------------------------------------------------------
For best results, please be sure you know the
Solution Validates: avg error less than 1.000000e-13 on all three arrays
precision of your system timer.
-------------------------------------------------------------
-------------------------------------------------------------
Function    Best Rate MB/s  Avg time     Min time     Max time
Copy:            4079.7     0.043799     0.039219     0.046943
Scale:           4354.3     0.042712     0.036745     0.046226
Add:             6580.4     0.058322     0.036472     0.065465
Triad:           9092.3     0.057494     0.026396     0.065097
-------------------------------------------------------------
Solution Validates: avg error less than 1.000000e-13 on all three arrays
-------------------------------------------------------------
START OF JOBSPEC
{"resources": [{"type": "node", "count": 1, "exclusive": true, "with": [{"type": "slot", "count": 56, "with": [{"type": "core", "count": 1}], "label": "task"}]}], "tasks": [{"command": ["singularity", "exec", "/opt/containers/metric-stream_rocky-8.sif", "stream_c.exe"], "slot": "task", "count": {"per_slot": 1}}], "attributes": {"system": {"duration": 0, "cwd": "/home/sochat1_llnl_gov", "shell": {"options": {"rlimit": {"cpu": -1, "fsize": -1, "data": -1, "stack": 8388608, "core": 0, "nofile": 262144, "as": -1, "rss": -1, "nproc": 1803560}, "cpu-affinity": "per-task"}}, "constraints": {"hostlist": ["flux-077"]}}, "user": {"study_id": "stream-1-iter-4-node-77"}}, "version": 1}
START OF EVENTLOG
{"timestamp":1724813514.3406327,"name":"init"}
{"timestamp":1724813514.3444946,"name":"starting"}
{"timestamp":1724813514.3610642,"name":"shell.init","context":{"service":"1356918789-shell-ffeFXGSB","leader-rank":76,"size":1}}
{"timestamp":1724813514.5054967,"name":"shell.start","context":{"taskmap":{"version":1,"map":[[0,1,56,1]]}}}
{"timestamp":1724813515.7753177,"name":"shell.task-exit","context":{"localid":26,"rank":26,"state":"Exited","pid":11768,"wait_status":0,"signaled":0,"exitcode":0}}
{"timestamp":1724813517.0236697,"name":"complete","context":{"status":0}}
{"timestamp":1724813517.0236871,"name":"done"}

