-------------------------------------------------------------
STREAM version $Revision: 5.10 $
-------------------------------------------------------------
This system uses 8 bytes per array element.
-------------------------------------------------------------
Array size = 10000000 (elements), Offset = 0 (elements)
Memory per array = 76.3 MiB (= 0.1 GiB).
Total memory required = 228.9 MiB (= 0.2 GiB).
Each kernel will be executed 10 times.
 The *best* time for each kernel (excluding the first iteration)
 will be used to compute the reported bandwidth.
-------------------------------------------------------------
Your clock granularity/precision appears to be 1 microseconds.
Each test below will take on the order of 10910 microseconds.
   (= 10910 clock ticks)
Increase the size of the arrays if this shows that
you are not getting at least 20 clock ticks per test.
-------------------------------------------------------------
WARNING -- The above is only a rough guideline.
For best results, please be sure you know the
precision of your system timer.
-------------------------------------------------------------
Function    Best Rate MB/s  Avg time     Min time     Max time
Copy:           17376.3     0.014404     0.009208     0.023986
Scale:          10225.0     0.028817     0.015648     0.039383
Add:            10986.4     0.033953     0.021845     0.052603
Triad:          11092.6     0.033631     0.021636     0.054890
-------------------------------------------------------------
Solution Validates: avg error less than 1.000000e-13 on all three arrays
-------------------------------------------------------------
-------------------------------------------------------------
STREAM version $Revision: 5.10 $
-------------------------------------------------------------
This system uses 8 bytes per array element.
-------------------------------------------------------------
Array size = 10000000 (elements), Offset = 0 (elements)
Memory per array = 76.3 MiB (= 0.1 GiB).
Total memory required = 228.9 MiB (= 0.2 GiB).
Each kernel will be executed 10 times.
 The *best* time for each kernel (excluding the first iteration)
 will be used to compute the reported bandwidth.
-------------------------------------------------------------
Your clock granularity/precision appears to be 1 microseconds.
Each test below will take on the order of 7653 microseconds.
   (= 7653 clock ticks)
Increase the size of the arrays if this shows that
you are not getting at least 20 clock ticks per test.
-------------------------------------------------------------
WARNING -- The above is only a rough guideline.
For best results, please be sure you know the
precision of your system timer.
-------------------------------------------------------------
Function    Best Rate MB/s  Avg time     Min time     Max time
Copy:           14208.3     0.018379     0.011261     0.021848
Scale:           9365.9     0.034539     0.017083     0.039228
Add:            10155.3     0.040971     0.023633     0.052099
Triad:          10606.3     0.039856     0.022628     0.050671
-------------------------------------------------------------
Solution Validates: avg error less than 1.000000e-13 on all three arrays
-------------------------------------------------------------
-------------------------------------------------------------
STREAM version $Revision: 5.10 $
-------------------------------------------------------------
This system uses 8 bytes per array element.
-------------------------------------------------------------
Array size = 10000000 (elements), Offset = 0 (elements)
Memory per array = 76.3 MiB (= 0.1 GiB).
Total memory required = 228.9 MiB (= 0.2 GiB).
Each kernel will be executed 10 times.
 The *best* time for each kernel (excluding the first iteration)
 will be used to compute the reported bandwidth.
-------------------------------------------------------------
Your clock granularity/precision appears to be 1 microseconds.
Each test below will take on the order of 13509 microseconds.
   (= 13509 clock ticks)
Increase the size of the arrays if this shows that
you are not getting at least 20 clock ticks per test.
-------------------------------------------------------------
WARNING -- The above is only a rough guideline.
For best results, please be sure you know the
precision of your system timer.
-------------------------------------------------------------
Function    Best Rate MB/s  Avg time     Min time     Max time
Copy:           14562.6     0.018005     0.010987     0.021162
Scale:           9257.7     0.030673     0.017283     0.036808
Add:            11023.4     0.042627     0.021772     0.052819
Triad:          10513.8     0.043097     0.022827     0.055514
-------------------------------------------------------------
Solution Validates: avg error less than 1.000000e-13 on all three arrays
-------------------------------------------------------------
-------------------------------------------------------------
STREAM version $Revision: 5.10 $
-------------------------------------------------------------
This system uses 8 bytes per array element.
-------------------------------------------------------------
Array size = 10000000 (elements), Offset = 0 (elements)
Memory per array = 76.3 MiB (= 0.1 GiB).
Total memory required = 228.9 MiB (= 0.2 GiB).
Each kernel will be executed 10 times.
 The *best* time for each kernel (excluding the first iteration)
 will be used to compute the reported bandwidth.
-------------------------------------------------------------
Your clock granularity/precision appears to be 1 microseconds.
Each test below will take on the order of 15357 microseconds.
   (= 15357 clock ticks)
Increase the size of the arrays if this shows that
you are not getting at least 20 clock ticks per test.
-------------------------------------------------------------
WARNING -- The above is only a rough guideline.
For best results, please be sure you know the
precision of your system timer.
-------------------------------------------------------------
Function    Best Rate MB/s  Avg time     Min time     Max time
Copy:           14509.7     0.017844     0.011027     0.022017
Scale:           9403.5     0.027473     0.017015     0.038265
Add:            10636.9     0.036318     0.022563     0.052522
Triad:           9998.8     0.037874     0.024003     0.052869
-------------------------------------------------------------
Solution Validates: avg error less than 1.000000e-13 on all three arrays
-------------------------------------------------------------
-------------------------------------------------------------
STREAM version $Revision: 5.10 $
-------------------------------------------------------------
This system uses 8 bytes per array element.
-------------------------------------------------------------
Array size = 10000000 (elements), Offset = 0 (elements)
Memory per array = 76.3 MiB (= 0.1 GiB).
Total memory required = 228.9 MiB (= 0.2 GiB).
Each kernel will be executed 10 times.
 The *best* time for each kernel (excluding the first iteration)
 will be used to compute the reported bandwidth.
-------------------------------------------------------------
Your clock granularity/precision appears to be 1 microseconds.
Each test below will take on the order of 21852 microseconds.
   (= 21852 clock ticks)
Increase the size of the arrays if this shows that
you are not getting at least 20 clock ticks per test.
-------------------------------------------------------------
WARNING -- The above is only a rough guideline.
For best results, please be sure you know the
precision of your system timer.
-------------------------------------------------------------
Function    Best Rate MB/s  Avg time     Min time     Max time
Copy:           17869.5     0.017102     0.008954     0.021866
Scale:          11269.1     0.029681     0.014198     0.038067
Add:            12761.9     0.042833     0.018806     0.052397
Triad:          13676.7     0.040331     0.017548     0.053981
-------------------------------------------------------------
Solution Validates: avg error less than 1.000000e-13 on all three arrays
-------------------------------------------------------------
-------------------------------------------------------------
STREAM version $Revision: 5.10 $
-------------------------------------------------------------
This system uses 8 bytes per array element.
-------------------------------------------------------------
Array size = 10000000 (elements), Offset = 0 (elements)
Memory per array = 76.3 MiB (= 0.1 GiB).
Total memory required = 228.9 MiB (= 0.2 GiB).
Each kernel will be executed 10 times.
 The *best* time for each kernel (excluding the first iteration)
 will be used to compute the reported bandwidth.
-------------------------------------------------------------
Your clock granularity/precision appears to be 1 microseconds.
Each test below will take on the order of 13772 microseconds.
   (= 13772 clock ticks)
Increase the size of the arrays if this shows that
you are not getting at least 20 clock ticks per test.
-------------------------------------------------------------
WARNING -- The above is only a rough guideline.
For best results, please be sure you know the
precision of your system timer.
-------------------------------------------------------------
Function    Best Rate MB/s  Avg time     Min time     Max time
Copy:           14133.2     0.018803     0.011321     0.022682
Scale:           5822.8     0.033431     0.027478     0.040381
Add:             6820.1     0.046791     0.035190     0.054800
Triad:          10145.9     0.042867     0.023655     0.052745
-------------------------------------------------------------
Solution Validates: avg error less than 1.000000e-13 on all three arrays
-------------------------------------------------------------
-------------------------------------------------------------
STREAM version $Revision: 5.10 $
-------------------------------------------------------------
This system uses 8 bytes per array element.
-------------------------------------------------------------
Array size = 10000000 (elements), Offset = 0 (elements)
Memory per array = 76.3 MiB (= 0.1 GiB).
Total memory required = 228.9 MiB (= 0.2 GiB).
Each kernel will be executed 10 times.
 The *best* time for each kernel (excluding the first iteration)
 will be used to compute the reported bandwidth.
-------------------------------------------------------------
Your clock granularity/precision appears to be 1 microseconds.
Each test below will take on the order of 9840 microseconds.
   (= 9840 clock ticks)
Increase the size of the arrays if this shows that
you are not getting at least 20 clock ticks per test.
-------------------------------------------------------------
WARNING -- The above is only a rough guideline.
For best results, please be sure you know the
precision of your system timer.
-------------------------------------------------------------
Function    Best Rate MB/s  Avg time     Min time     Max time
Copy:           10376.0     0.018830     0.015420     0.021030
Scale:           5677.8     0.033714     0.028180     0.039097
Add:             6783.3     0.048260     0.035381     0.054358
Triad:           6889.8     0.046084     0.034834     0.054809
-------------------------------------------------------------
Solution Validates: avg error less than 1.000000e-13 on all three arrays
-------------------------------------------------------------
-------------------------------------------------------------
STREAM version $Revision: 5.10 $
-------------------------------------------------------------
This system uses 8 bytes per array element.
-------------------------------------------------------------
Array size = 10000000 (elements), Offset = 0 (elements)
Memory per array = 76.3 MiB (= 0.1 GiB).
Total memory required = 228.9 MiB (= 0.2 GiB).
Each kernel will be executed 10 times.
 The *best* time for each kernel (excluding the first iteration)
 will be used to compute the reported bandwidth.
-------------------------------------------------------------
Your clock granularity/precision appears to be 1 microseconds.
Each test below will take on the order of 23152 microseconds.
   (= 23152 clock ticks)
Increase the size of the arrays if this shows that
you are not getting at least 20 clock ticks per test.
-------------------------------------------------------------
WARNING -- The above is only a rough guideline.
For best results, please be sure you know the
precision of your system timer.
-------------------------------------------------------------
Function    Best Rate MB/s  Avg time     Min time     Max time
Copy:           10350.6     0.019654     0.015458     0.021763
Scale:           6583.8     0.033177     0.024302     0.038413
Add:             6743.1     0.046393     0.035592     0.055002
Triad:           8881.1     0.044901     0.027024     0.056841
-------------------------------------------------------------
Solution Validates: avg error less than 1.000000e-13 on all three arrays
-------------------------------------------------------------
-------------------------------------------------------------
STREAM version $Revision: 5.10 $
-------------------------------------------------------------
This system uses 8 bytes per array element.
-------------------------------------------------------------
Array size = 10000000 (elements), Offset = 0 (elements)
Memory per array = 76.3 MiB (= 0.1 GiB).
Total memory required = 228.9 MiB (= 0.2 GiB).
Each kernel will be executed 10 times.
 The *best* time for each kernel (excluding the first iteration)
 will be used to compute the reported bandwidth.
-------------------------------------------------------------
Your clock granularity/precision appears to be 1 microseconds.
Each test below will take on the order of 7173 microseconds.
   (= 7173 clock ticks)
Increase the size of the arrays if this shows that
you are not getting at least 20 clock ticks per test.
-------------------------------------------------------------
WARNING -- The above is only a rough guideline.
For best results, please be sure you know the
precision of your system timer.
-------------------------------------------------------------
Function    Best Rate MB/s  Avg time     Min time     Max time
Copy:            6938.2     0.025791     0.023061     0.027356
Scale:           4191.4     0.042327     0.038173     0.045106
Add:             4213.2     0.064567     0.056963     0.069788
Triad:           4134.3     0.064861     0.058051     0.069771
-------------------------------------------------------------
Solution Validates: avg error less than 1.000000e-13 on all three arrays
-------------------------------------------------------------
-------------------------------------------------------------
STREAM version $Revision: 5.10 $
-------------------------------------------------------------
This system uses 8 bytes per array element.
-------------------------------------------------------------
Array size = 10000000 (elements), Offset = 0 (elements)
Memory per array = 76.3 MiB (= 0.1 GiB).
Total memory required = 228.9 MiB (= 0.2 GiB).
Each kernel will be executed 10 times.
 The *best* time for each kernel (excluding the first iteration)
 will be used to compute the reported bandwidth.
-------------------------------------------------------------
Your clock granularity/precision appears to be 1 microseconds.
Each test below will take on the order of 7390 microseconds.
   (= 7390 clock ticks)
Increase the size of the arrays if this shows that
you are not getting at least 20 clock ticks per test.
-------------------------------------------------------------
WARNING -- The above is only a rough guideline.
For best results, please be sure you know the
precision of your system timer.
-------------------------------------------------------------
Function    Best Rate MB/s  Avg time     Min time     Max time
Copy:            6769.4     0.026202     0.023636     0.027920
Scale:           4144.4     0.042704     0.038606     0.045565
Add:             4221.6     0.064414     0.056850     0.069166
Triad:           4148.9     0.064998     0.057847     0.069796
-------------------------------------------------------------
Solution Validates: avg error less than 1.000000e-13 on all three arrays
-------------------------------------------------------------
-------------------------------------------------------------
STREAM version $Revision: 5.10 $
-------------------------------------------------------------
This system uses 8 bytes per array element.
-------------------------------------------------------------
Array size = 10000000 (elements), Offset = 0 (elements)
Memory per array = 76.3 MiB (= 0.1 GiB).
Total memory required = 228.9 MiB (= 0.2 GiB).
Each kernel will be executed 10 times.
 The *best* time for each kernel (excluding the first iteration)
 will be used to compute the reported bandwidth.
-------------------------------------------------------------
Your clock granularity/precision appears to be 1 microseconds.
Each test below will take on the order of 19952 microseconds.
   (= 19952 clock ticks)
Increase the size of the arrays if this shows that
you are not getting at least 20 clock ticks per test.
-------------------------------------------------------------
WARNING -- The above is only a rough guideline.
For best results, please be sure you know the
precision of your system timer.
-------------------------------------------------------------
Function    Best Rate MB/s  Avg time     Min time     Max time
Copy:            7779.8     0.023664     0.020566     0.025825
Scale:           4017.7     0.044909     0.039824     0.047921
Add:             4369.0     0.065882     0.054932     0.071755
Triad:           5662.5     0.059976     0.042384     0.066241
-------------------------------------------------------------
Solution Validates: avg error less than 1.000000e-13 on all three arrays
-------------------------------------------------------------
-------------------------------------------------------------
STREAM version $Revision: 5.10 $
-------------------------------------------------------------
This system uses 8 bytes per array element.
-------------------------------------------------------------
Array size = 10000000 (elements), Offset = 0 (elements)
Memory per array = 76.3 MiB (= 0.1 GiB).
Total memory required = 228.9 MiB (= 0.2 GiB).
Each kernel will be executed 10 times.
 The *best* time for each kernel (excluding the first iteration)
 will be used to compute the reported bandwidth.
-------------------------------------------------------------
Your clock granularity/precision appears to be 1 microseconds.
Each test below will take on the order of 24375 microseconds.
   (= 24375 clock ticks)
Increase the size of the arrays if this shows that
you are not getting at least 20 clock ticks per test.
-------------------------------------------------------------
WARNING -- The above is only a rough guideline.
For best results, please be sure you know the
precision of your system timer.
-------------------------------------------------------------
Function    Best Rate MB/s  Avg time     Min time     Max time
Copy:            7358.3     0.024588     0.021744     0.026460
Scale:           4172.3     0.042441     0.038348     0.045702
Add:             4647.7     0.065444     0.051638     0.071515
Triad:           8463.2     0.059954     0.028358     0.067811
-------------------------------------------------------------
Solution Validates: avg error less than 1.000000e-13 on all three arrays
-------------------------------------------------------------
-------------------------------------------------------------
STREAM version $Revision: 5.10 $
-------------------------------------------------------------
This system uses 8 bytes per array element.
-------------------------------------------------------------
Array size = 10000000 (elements), Offset = 0 (elements)
Memory per array = 76.3 MiB (= 0.1 GiB).
Total memory required = 228.9 MiB (= 0.2 GiB).
Each kernel will be executed 10 times.
 The *best* time for each kernel (excluding the first iteration)
 will be used to compute the reported bandwidth.
-------------------------------------------------------------
Your clock granularity/precision appears to be 1 microseconds.
Each test below will take on the order of 11831 microseconds.
   (= 11831 clock ticks)
Increase the size of the arrays if this shows that
you are not getting at least 20 clock ticks per test.
-------------------------------------------------------------
WARNING -- The above is only a rough guideline.
For best results, please be sure you know the
precision of your system timer.
-------------------------------------------------------------
Function    Best Rate MB/s  Avg time     Min time     Max time
Copy:            7117.7     0.025546     0.022479     0.027417
Scale:           3782.2     0.048178     0.042303     0.051670
Add:             4197.9     0.063539     0.057172     0.068212
Triad:           4437.1     0.060794     0.054089     0.065362
-------------------------------------------------------------
Solution Validates: avg error less than 1.000000e-13 on all three arrays
-------------------------------------------------------------
-------------------------------------------------------------
STREAM version $Revision: 5.10 $
-------------------------------------------------------------
This system uses 8 bytes per array element.
-------------------------------------------------------------
Array size = 10000000 (elements), Offset = 0 (elements)
Memory per array = 76.3 MiB (= 0.1 GiB).
Total memory required = 228.9 MiB (= 0.2 GiB).
Each kernel will be executed 10 times.
 The *best* time for each kernel (excluding the first iteration)
 will be used to compute the reported bandwidth.
-------------------------------------------------------------
Your clock granularity/precision appears to be 1 microseconds.
Each test below will take on the order of 7211 microseconds.
   (= 7211 clock ticks)
Increase the size of the arrays if this shows that
you are not getting at least 20 clock ticks per test.
-------------------------------------------------------------
WARNING -- The above is only a rough guideline.
For best results, please be sure you know the
precision of your system timer.
-------------------------------------------------------------
Function    Best Rate MB/s  Avg time     Min time     Max time
Copy:            6406.7     0.027796     0.024974     0.029784
Scale:           4018.7     0.044183     0.039814     0.047599
Add:             4370.0     0.061886     0.054920     0.066551
Triad:           4152.5     0.064921     0.057797     0.068995
-------------------------------------------------------------
Solution Validates: avg error less than 1.000000e-13 on all three arrays
-------------------------------------------------------------
-------------------------------------------------------------
STREAM version $Revision: 5.10 $
-------------------------------------------------------------
This system uses 8 bytes per array element.
-------------------------------------------------------------
Array size = 10000000 (elements), Offset = 0 (elements)
Memory per array = 76.3 MiB (= 0.1 GiB).
Total memory required = 228.9 MiB (= 0.2 GiB).
Each kernel will be executed 10 times.
 The *best* time for each kernel (excluding the first iteration)
 will be used to compute the reported bandwidth.
-------------------------------------------------------------
Your clock granularity/precision appears to be 1 microseconds.
Each test below will take on the order of 13203 microseconds.
   (= 13203 clock ticks)
Increase the size of the arrays if this shows that
you are not getting at least 20 clock ticks per test.
-------------------------------------------------------------
WARNING -- The above is only a rough guideline.
For best results, please be sure you know the
precision of your system timer.
-------------------------------------------------------------
Function    Best Rate MB/s  Avg time     Min time     Max time
Copy:            7085.0     0.025670     0.022583     0.027161
Scale:           3777.7     0.048277     0.042354     0.051757
Add:             4251.6     0.062569     0.056449     0.067289
Triad:           4423.7     0.061557     0.054253     0.066357
-------------------------------------------------------------
Solution Validates: avg error less than 1.000000e-13 on all three arrays
-------------------------------------------------------------
-------------------------------------------------------------
STREAM version $Revision: 5.10 $
-------------------------------------------------------------
This system uses 8 bytes per array element.
-------------------------------------------------------------
Array size = 10000000 (elements), Offset = 0 (elements)
Memory per array = 76.3 MiB (= 0.1 GiB).
Total memory required = 228.9 MiB (= 0.2 GiB).
Each kernel will be executed 10 times.
 The *best* time for each kernel (excluding the first iteration)
 will be used to compute the reported bandwidth.
-------------------------------------------------------------
Your clock granularity/precision appears to be 1 microseconds.
Each test below will take on the order of 7666 microseconds.
   (= 7666 clock ticks)
Increase the size of the arrays if this shows that
you are not getting at least 20 clock ticks per test.
-------------------------------------------------------------
WARNING -- The above is only a rough guideline.
For best results, please be sure you know the
precision of your system timer.
-------------------------------------------------------------
Function    Best Rate MB/s  Avg time     Min time     Max time
Copy:            6572.7     0.027790     0.024343     0.030362
Scale:           4049.7     0.043606     0.039509     0.046855
Add:             4359.5     0.061886     0.055052     0.066018
Triad:           4139.4     0.065397     0.057979     0.069482
-------------------------------------------------------------
Solution Validates: avg error less than 1.000000e-13 on all three arrays
-------------------------------------------------------------
-------------------------------------------------------------
STREAM version $Revision: 5.10 $
-------------------------------------------------------------
This system uses 8 bytes per array element.
-------------------------------------------------------------
Array size = 10000000 (elements), Offset = 0 (elements)
Memory per array = 76.3 MiB (= 0.1 GiB).
Total memory required = 228.9 MiB (= 0.2 GiB).
Each kernel will be executed 10 times.
 The *best* time for each kernel (excluding the first iteration)
 will be used to compute the reported bandwidth.
-------------------------------------------------------------
Your clock granularity/precision appears to be 1 microseconds.
Each test below will take on the order of 19532 microseconds.
   (= 19532 clock ticks)
Increase the size of the arrays if this shows that
you are not getting at least 20 clock ticks per test.
-------------------------------------------------------------
WARNING -- The above is only a rough guideline.
For best results, please be sure you know the
precision of your system timer.
-------------------------------------------------------------
Function    Best Rate MB/s  Avg time     Min time     Max time
Copy:            6941.1     0.026284     0.023051     0.028045
Scale:           4028.0     0.044822     0.039722     0.047895
Add:             4361.4     0.061437     0.055028     0.065994
Triad:           4478.0     0.064677     0.053595     0.070231
-------------------------------------------------------------
Solution Validates: avg error less than 1.000000e-13 on all three arrays
-------------------------------------------------------------
-------------------------------------------------------------
STREAM version $Revision: 5.10 $
-------------------------------------------------------------
This system uses 8 bytes per array element.
-------------------------------------------------------------
Array size = 10000000 (elements), Offset = 0 (elements)
Memory per array = 76.3 MiB (= 0.1 GiB).
Total memory required = 228.9 MiB (= 0.2 GiB).
Each kernel will be executed 10 times.
 The *best* time for each kernel (excluding the first iteration)
 will be used to compute the reported bandwidth.
-------------------------------------------------------------
Your clock granularity/precision appears to be 1 microseconds.
Each test below will take on the order of 22337 microseconds.
   (= 22337 clock ticks)
Increase the size of the arrays if this shows that
you are not getting at least 20 clock ticks per test.
-------------------------------------------------------------
WARNING -- The above is only a rough guideline.
For best results, please be sure you know the
precision of your system timer.
-------------------------------------------------------------
Function    Best Rate MB/s  Avg time     Min time     Max time
Copy:            6985.1     0.025962     0.022906     0.027863
Scale:           4142.1     0.043044     0.038628     0.046236
Add:             4383.6     0.061153     0.054750     0.065308
Triad:           4743.3     0.065692     0.050598     0.072074
-------------------------------------------------------------
Solution Validates: avg error less than 1.000000e-13 on all three arrays
-------------------------------------------------------------
-------------------------------------------------------------
STREAM version $Revision: 5.10 $
-------------------------------------------------------------
This system uses 8 bytes per array element.
-------------------------------------------------------------
Array size = 10000000 (elements), Offset = 0 (elements)
Memory per array = 76.3 MiB (= 0.1 GiB).
Total memory required = 228.9 MiB (= 0.2 GiB).
Each kernel will be executed 10 times.
 The *best* time for each kernel (excluding the first iteration)
 will be used to compute the reported bandwidth.
-------------------------------------------------------------
Your clock granularity/precision appears to be 1 microseconds.
Each test below will take on the order of 33014 microseconds.
   (= 33014 clock ticks)
Increase the size of the arrays if this shows that
you are not getting at least 20 clock ticks per test.
-------------------------------------------------------------
WARNING -- The above is only a rough guideline.
For best results, please be sure you know the
precision of your system timer.
-------------------------------------------------------------
Function    Best Rate MB/s  Avg time     Min time     Max time
Copy:            7819.8     0.025521     0.020461     0.030617
Scale:           4727.8     0.040934     0.033842     0.046332
Add:             5234.0     0.056645     0.045854     0.065414
Triad:           5318.3     0.055826     0.045127     0.066655
-------------------------------------------------------------
Solution Validates: avg error less than 1.000000e-13 on all three arrays
-------------------------------------------------------------
-------------------------------------------------------------
STREAM version $Revision: 5.10 $
-------------------------------------------------------------
This system uses 8 bytes per array element.
-------------------------------------------------------------
Array size = 10000000 (elements), Offset = 0 (elements)
Memory per array = 76.3 MiB (= 0.1 GiB).
Total memory required = 228.9 MiB (= 0.2 GiB).
Each kernel will be executed 10 times.
 The *best* time for each kernel (excluding the first iteration)
 will be used to compute the reported bandwidth.
-------------------------------------------------------------
Your clock granularity/precision appears to be 1 microseconds.
Each test below will take on the order of 24046 microseconds.
   (= 24046 clock ticks)
Increase the size of the arrays if this shows that
you are not getting at least 20 clock ticks per test.
-------------------------------------------------------------
WARNING -- The above is only a rough guideline.
For best results, please be sure you know the
precision of your system timer.
-------------------------------------------------------------
Function    Best Rate MB/s  Avg time     Min time     Max time
Copy:            7056.6     0.026402     0.022674     0.030080
Scale:           4677.4     0.042105     0.034207     0.048460
Add:             5322.5     0.057048     0.045092     0.066125
Triad:           5623.5     0.055245     0.042678     0.065450
-------------------------------------------------------------
Solution Validates: avg error less than 1.000000e-13 on all three arrays
-------------------------------------------------------------
-------------------------------------------------------------
STREAM version $Revision: 5.10 $
-------------------------------------------------------------
This system uses 8 bytes per array element.
-------------------------------------------------------------
Array size = 10000000 (elements), Offset = 0 (elements)
Memory per array = 76.3 MiB (= 0.1 GiB).
Total memory required = 228.9 MiB (= 0.2 GiB).
Each kernel will be executed 10 times.
 The *best* time for each kernel (excluding the first iteration)
 will be used to compute the reported bandwidth.
-------------------------------------------------------------
Your clock granularity/precision appears to be 1 microseconds.
Each test below will take on the order of 26552 microseconds.
   (= 26552 clock ticks)
Increase the size of the arrays if this shows that
you are not getting at least 20 clock ticks per test.
-------------------------------------------------------------
WARNING -- The above is only a rough guideline.
For best results, please be sure you know the
precision of your system timer.
-------------------------------------------------------------
Function    Best Rate MB/s  Avg time     Min time     Max time
Copy:            7045.7     0.027342     0.022709     0.032189
Scale:           4687.4     0.041135     0.034134     0.047985
Add:             5384.9     0.056365     0.044569     0.066021
Triad:           5756.9     0.056303     0.041689     0.067452
-------------------------------------------------------------
Solution Validates: avg error less than 1.000000e-13 on all three arrays
-------------------------------------------------------------
-------------------------------------------------------------
STREAM version $Revision: 5.10 $
-------------------------------------------------------------
This system uses 8 bytes per array element.
-------------------------------------------------------------
Array size = 10000000 (elements), Offset = 0 (elements)
Memory per array = 76.3 MiB (= 0.1 GiB).
Total memory required = 228.9 MiB (= 0.2 GiB).
Each kernel will be executed 10 times.
 The *best* time for each kernel (excluding the first iteration)
 will be used to compute the reported bandwidth.
-------------------------------------------------------------
Your clock granularity/precision appears to be 1 microseconds.
-------------------------------------------------------------
Each test below will take on the order of 32825 microseconds.
STREAM version $Revision: 5.10 $
   (= 32825 clock ticks)
-------------------------------------------------------------
Increase the size of the arrays if this shows that
This system uses 8 bytes per array element.
you are not getting at least 20 clock ticks per test.
-------------------------------------------------------------
-------------------------------------------------------------
Array size = 10000000 (elements), Offset = 0 (elements)
WARNING -- The above is only a rough guideline.
Memory per array = 76.3 MiB (= 0.1 GiB).
For best results, please be sure you know the
Total memory required = 228.9 MiB (= 0.2 GiB).
precision of your system timer.
Each kernel will be executed 10 times.
-------------------------------------------------------------
 The *best* time for each kernel (excluding the first iteration)
Function    Best Rate MB/s  Avg time     Min time     Max time
 will be used to compute the reported bandwidth.
Copy:            7662.8     0.025974     0.020880     0.031872
-------------------------------------------------------------
Scale:           4775.0     0.040741     0.033508     0.047206
Your clock granularity/precision appears to be 1 microseconds.
Add:             5418.7     0.055790     0.044291     0.065277
Each test below will take on the order of 34672 microseconds.
Triad:           5315.6     0.055925     0.045150     0.066292
   (= 34672 clock ticks)
-------------------------------------------------------------
Increase the size of the arrays if this shows that
Solution Validates: avg error less than 1.000000e-13 on all three arrays
you are not getting at least 20 clock ticks per test.
-------------------------------------------------------------
-------------------------------------------------------------
WARNING -- The above is only a rough guideline.
For best results, please be sure you know the
precision of your system timer.
-------------------------------------------------------------
Function    Best Rate MB/s  Avg time     Min time     Max time
Copy:            7438.4     0.026039     0.021510     0.031122
Scale:           4711.9     0.040323     0.033957     0.046301
Add:             5107.2     0.057007     0.046992     0.066756
Triad:           5426.7     0.056750     0.044226     0.069091
-------------------------------------------------------------
Solution Validates: avg error less than 1.000000e-13 on all three arrays
-------------------------------------------------------------
-------------------------------------------------------------
STREAM version $Revision: 5.10 $
-------------------------------------------------------------
This system uses 8 bytes per array element.
-------------------------------------------------------------
Array size = 10000000 (elements), Offset = 0 (elements)
-------------------------------------------------------------
Memory per array = 76.3 MiB (= 0.1 GiB).
STREAM version $Revision: 5.10 $
Total memory required = 228.9 MiB (= 0.2 GiB).
-------------------------------------------------------------
Each kernel will be executed 10 times.
This system uses 8 bytes per array element.
 The *best* time for each kernel (excluding the first iteration)
-------------------------------------------------------------
 will be used to compute the reported bandwidth.
Array size = 10000000 (elements), Offset = 0 (elements)
-------------------------------------------------------------
Memory per array = 76.3 MiB (= 0.1 GiB).
Your clock granularity/precision appears to be 1 microseconds.
Total memory required = 228.9 MiB (= 0.2 GiB).
Each test below will take on the order of 27731 microseconds.
Each kernel will be executed 10 times.
   (= 27731 clock ticks)
 The *best* time for each kernel (excluding the first iteration)
Increase the size of the arrays if this shows that
 will be used to compute the reported bandwidth.
you are not getting at least 20 clock ticks per test.
-------------------------------------------------------------
-------------------------------------------------------------
Your clock granularity/precision appears to be 1 microseconds.
WARNING -- The above is only a rough guideline.
Each test below will take on the order of 33266 microseconds.
For best results, please be sure you know the
   (= 33266 clock ticks)
precision of your system timer.
Increase the size of the arrays if this shows that
-------------------------------------------------------------
you are not getting at least 20 clock ticks per test.
Function    Best Rate MB/s  Avg time     Min time     Max time
-------------------------------------------------------------
Copy:            7241.2     0.028023     0.022096     0.034069
WARNING -- The above is only a rough guideline.
Scale:           4739.3     0.040926     0.033760     0.047884
For best results, please be sure you know the
Add:             5424.1     0.055870     0.044247     0.065564
precision of your system timer.
Triad:           5396.3     0.055428     0.044475     0.065284
-------------------------------------------------------------
-------------------------------------------------------------
Function    Best Rate MB/s  Avg time     Min time     Max time
Solution Validates: avg error less than 1.000000e-13 on all three arrays
Copy:            7698.2     0.025753     0.020784     0.030654
-------------------------------------------------------------
Scale:           4696.1     0.040640     0.034071     0.047314
Add:             5378.7     0.056566     0.044620     0.070466
Triad:           5458.5     0.056128     0.043968     0.067583
-------------------------------------------------------------
Solution Validates: avg error less than 1.000000e-13 on all three arrays
-------------------------------------------------------------
-------------------------------------------------------------
STREAM version $Revision: 5.10 $
-------------------------------------------------------------
This system uses 8 bytes per array element.
-------------------------------------------------------------
Array size = 10000000 (elements), Offset = 0 (elements)
Memory per array = 76.3 MiB (= 0.1 GiB).
Total memory required = 228.9 MiB (= 0.2 GiB).
Each kernel will be executed 10 times.
 The *best* time for each kernel (excluding the first iteration)
 will be used to compute the reported bandwidth.
-------------------------------------------------------------
Your clock granularity/precision appears to be 1 microseconds.
Each test below will take on the order of 28739 microseconds.
   (= 28739 clock ticks)
Increase the size of the arrays if this shows that
you are not getting at least 20 clock ticks per test.
-------------------------------------------------------------
WARNING -- The above is only a rough guideline.
For best results, please be sure you know the
precision of your system timer.
-------------------------------------------------------------
Function    Best Rate MB/s  Avg time     Min time     Max time
Copy:            7793.1     0.027250     0.020531     0.034235
Scale:           4694.6     0.041078     0.034082     0.047492
Add:             5331.9     0.057451     0.045012     0.066077
Triad:           6306.8     0.056447     0.038054     0.065601
-------------------------------------------------------------
Solution Validates: avg error less than 1.000000e-13 on all three arrays
-------------------------------------------------------------
-------------------------------------------------------------
STREAM version $Revision: 5.10 $
-------------------------------------------------------------
This system uses 8 bytes per array element.
-------------------------------------------------------------
Array size = 10000000 (elements), Offset = 0 (elements)
Memory per array = 76.3 MiB (= 0.1 GiB).
Total memory required = 228.9 MiB (= 0.2 GiB).
Each kernel will be executed 10 times.
 The *best* time for each kernel (excluding the first iteration)
 will be used to compute the reported bandwidth.
-------------------------------------------------------------
Your clock granularity/precision appears to be 1 microseconds.
Each test below will take on the order of 18353 microseconds.
   (= 18353 clock ticks)
Increase the size of the arrays if this shows that
you are not getting at least 20 clock ticks per test.
-------------------------------------------------------------
WARNING -- The above is only a rough guideline.
For best results, please be sure you know the
precision of your system timer.
-------------------------------------------------------------
Function    Best Rate MB/s  Avg time     Min time     Max time
Copy:            7696.0     0.023790     0.020790     0.025401
Scale:           4171.7     0.044092     0.038354     0.048887
Add:             4424.5     0.067169     0.054243     0.073858
Triad:           8052.9     0.057968     0.029803     0.065857
-------------------------------------------------------------
Solution Validates: avg error less than 1.000000e-13 on all three arrays
-------------------------------------------------------------
-------------------------------------------------------------
STREAM version $Revision: 5.10 $
-------------------------------------------------------------
This system uses 8 bytes per array element.
-------------------------------------------------------------
Array size = 10000000 (elements), Offset = 0 (elements)
Memory per array = 76.3 MiB (= 0.1 GiB).
Total memory required = 228.9 MiB (= 0.2 GiB).
Each kernel will be executed 10 times.
 The *best* time for each kernel (excluding the first iteration)
 will be used to compute the reported bandwidth.
-------------------------------------------------------------
Your clock granularity/precision appears to be 1 microseconds.
Each test below will take on the order of 13912 microseconds.
   (= 13912 clock ticks)
Increase the size of the arrays if this shows that
you are not getting at least 20 clock ticks per test.
-------------------------------------------------------------
WARNING -- The above is only a rough guideline.
For best results, please be sure you know the
precision of your system timer.
-------------------------------------------------------------
Function    Best Rate MB/s  Avg time     Min time     Max time
Copy:            8496.2     0.022700     0.018832     0.025408
Scale:           5144.8     0.042569     0.031099     0.050075
Add:             5029.2     0.060608     0.047721     0.071358
Triad:           5200.3     0.057343     0.046151     0.065003
-------------------------------------------------------------
Solution Validates: avg error less than 1.000000e-13 on all three arrays
-------------------------------------------------------------
-------------------------------------------------------------
STREAM version $Revision: 5.10 $
-------------------------------------------------------------
This system uses 8 bytes per array element.
-------------------------------------------------------------
Array size = 10000000 (elements), Offset = 0 (elements)
Memory per array = 76.3 MiB (= 0.1 GiB).
Total memory required = 228.9 MiB (= 0.2 GiB).
Each kernel will be executed 10 times.
 The *best* time for each kernel (excluding the first iteration)
 will be used to compute the reported bandwidth.
-------------------------------------------------------------
Your clock granularity/precision appears to be 1 microseconds.
Each test below will take on the order of 26005 microseconds.
   (= 26005 clock ticks)
Increase the size of the arrays if this shows that
you are not getting at least 20 clock ticks per test.
-------------------------------------------------------------
WARNING -- The above is only a rough guideline.
For best results, please be sure you know the
precision of your system timer.
-------------------------------------------------------------
Function    Best Rate MB/s  Avg time     Min time     Max time
Copy:            7742.5     0.027852     0.020665     0.031564
Scale:           4745.4     0.043100     0.033717     0.046806
Add:             8256.5     0.059018     0.029068     0.069070
Triad:           9457.7     0.060674     0.025376     0.069409
-------------------------------------------------------------
Solution Validates: avg error less than 1.000000e-13 on all three arrays
-------------------------------------------------------------
-------------------------------------------------------------
STREAM version $Revision: 5.10 $
-------------------------------------------------------------
This system uses 8 bytes per array element.
-------------------------------------------------------------
Array size = 10000000 (elements), Offset = 0 (elements)
Memory per array = 76.3 MiB (= 0.1 GiB).
Total memory required = 228.9 MiB (= 0.2 GiB).
Each kernel will be executed 10 times.
 The *best* time for each kernel (excluding the first iteration)
 will be used to compute the reported bandwidth.
-------------------------------------------------------------
Your clock granularity/precision appears to be 1 microseconds.
Each test below will take on the order of 29325 microseconds.
   (= 29325 clock ticks)
Increase the size of the arrays if this shows that
you are not getting at least 20 clock ticks per test.
-------------------------------------------------------------
WARNING -- The above is only a rough guideline.
For best results, please be sure you know the
precision of your system timer.
-------------------------------------------------------------
Function    Best Rate MB/s  Avg time     Min time     Max time
Copy:            7986.5     0.024862     0.020034     0.029514
Scale:           4647.4     0.040853     0.034428     0.046729
Add:             5285.1     0.057126     0.045411     0.064560
Triad:           5649.9     0.058281     0.042479     0.071761
-------------------------------------------------------------
Solution Validates: avg error less than 1.000000e-13 on all three arrays
-------------------------------------------------------------
-------------------------------------------------------------
STREAM version $Revision: 5.10 $
-------------------------------------------------------------
This system uses 8 bytes per array element.
-------------------------------------------------------------
Array size = 10000000 (elements), Offset = 0 (elements)
Memory per array = 76.3 MiB (= 0.1 GiB).
Total memory required = 228.9 MiB (= 0.2 GiB).
Each kernel will be executed 10 times.
 The *best* time for each kernel (excluding the first iteration)
-------------------------------------------------------------
 will be used to compute the reported bandwidth.
STREAM version $Revision: 5.10 $
-------------------------------------------------------------
-------------------------------------------------------------
-------------------------------------------------------------
STREAM version $Revision: 5.10 $
Your clock granularity/precision appears to be 1 microseconds.
This system uses 8 bytes per array element.
-------------------------------------------------------------
Each test below will take on the order of 27782 microseconds.
-------------------------------------------------------------
This system uses 8 bytes per array element.
   (= 27782 clock ticks)
Array size = 10000000 (elements), Offset = 0 (elements)
-------------------------------------------------------------
Increase the size of the arrays if this shows that
Memory per array = 76.3 MiB (= 0.1 GiB).
Array size = 10000000 (elements), Offset = 0 (elements)
you are not getting at least 20 clock ticks per test.
Total memory required = 228.9 MiB (= 0.2 GiB).
Memory per array = 76.3 MiB (= 0.1 GiB).
-------------------------------------------------------------
Each kernel will be executed 10 times.
Total memory required = 228.9 MiB (= 0.2 GiB).
WARNING -- The above is only a rough guideline.
 The *best* time for each kernel (excluding the first iteration)
Each kernel will be executed 10 times.
For best results, please be sure you know the
 will be used to compute the reported bandwidth.
 The *best* time for each kernel (excluding the first iteration)
precision of your system timer.
-------------------------------------------------------------
 will be used to compute the reported bandwidth.
-------------------------------------------------------------
Your clock granularity/precision appears to be 1 microseconds.
-------------------------------------------------------------
Function    Best Rate MB/s  Avg time     Min time     Max time
Each test below will take on the order of 21866 microseconds.
Your clock granularity/precision appears to be 1 microseconds.
Copy:            7730.2     0.025229     0.020698     0.030026
   (= 21866 clock ticks)
Each test below will take on the order of 10051 microseconds.
Scale:           4691.4     0.040862     0.034105     0.046728
Increase the size of the arrays if this shows that
   (= 10051 clock ticks)
-------------------------------------------------------------
you are not getting at least 20 clock ticks per test.
Increase the size of the arrays if this shows that
Add:             5334.5     0.057171     0.044990     0.065644
STREAM version $Revision: 5.10 $
-------------------------------------------------------------
you are not getting at least 20 clock ticks per test.
Triad:           5689.2     0.059626     0.042185     0.070469
-------------------------------------------------------------
WARNING -- The above is only a rough guideline.
-------------------------------------------------------------
-------------------------------------------------------------
This system uses 8 bytes per array element.
For best results, please be sure you know the
WARNING -- The above is only a rough guideline.
Solution Validates: avg error less than 1.000000e-13 on all three arrays
-------------------------------------------------------------
precision of your system timer.
For best results, please be sure you know the
-------------------------------------------------------------
Array size = 10000000 (elements), Offset = 0 (elements)
-------------------------------------------------------------
precision of your system timer.
Memory per array = 76.3 MiB (= 0.1 GiB).
Function    Best Rate MB/s  Avg time     Min time     Max time
-------------------------------------------------------------
Total memory required = 228.9 MiB (= 0.2 GiB).
Copy:            7621.2     0.025921     0.020994     0.031203
Function    Best Rate MB/s  Avg time     Min time     Max time
Each kernel will be executed 10 times.
Scale:           4605.5     0.042267     0.034741     0.050551
Copy:            7564.6     0.024306     0.021151     0.025845
 The *best* time for each kernel (excluding the first iteration)
Add:             5118.8     0.058349     0.046886     0.066296
Scale:           3966.3     0.046444     0.040340     0.050849
 will be used to compute the reported bandwidth.
Triad:           5544.6     0.058250     0.043285     0.069856
Add:             3979.5     0.066227     0.060309     0.070522
-------------------------------------------------------------
-------------------------------------------------------------
Triad:           4535.6     0.061016     0.052915     0.069155
Your clock granularity/precision appears to be 1 microseconds.
Solution Validates: avg error less than 1.000000e-13 on all three arrays
-------------------------------------------------------------
Each test below will take on the order of 30184 microseconds.
-------------------------------------------------------------
Solution Validates: avg error less than 1.000000e-13 on all three arrays
   (= 30184 clock ticks)
-------------------------------------------------------------
Increase the size of the arrays if this shows that
you are not getting at least 20 clock ticks per test.
-------------------------------------------------------------
WARNING -- The above is only a rough guideline.
For best results, please be sure you know the
precision of your system timer.
-------------------------------------------------------------
-------------------------------------------------------------
STREAM version $Revision: 5.10 $
Function    Best Rate MB/s  Avg time     Min time     Max time
-------------------------------------------------------------
Copy:            6977.1     0.027170     0.022932     0.031241
This system uses 8 bytes per array element.
Scale:           5447.4     0.044346     0.029372     0.050520
-------------------------------------------------------------
Add:             8464.7     0.057369     0.028353     0.064722
Array size = 10000000 (elements), Offset = 0 (elements)
Triad:           9628.2     0.056250     0.024927     0.064899
Memory per array = 76.3 MiB (= 0.1 GiB).
-------------------------------------------------------------
Total memory required = 228.9 MiB (= 0.2 GiB).
Solution Validates: avg error less than 1.000000e-13 on all three arrays
Each kernel will be executed 10 times.
-------------------------------------------------------------
 The *best* time for each kernel (excluding the first iteration)
-------------------------------------------------------------
 will be used to compute the reported bandwidth.
STREAM version $Revision: 5.10 $
-------------------------------------------------------------
-------------------------------------------------------------
Your clock granularity/precision appears to be 1 microseconds.
This system uses 8 bytes per array element.
Each test below will take on the order of 24464 microseconds.
-------------------------------------------------------------
   (= 24464 clock ticks)
Array size = 10000000 (elements), Offset = 0 (elements)
Increase the size of the arrays if this shows that
Memory per array = 76.3 MiB (= 0.1 GiB).
you are not getting at least 20 clock ticks per test.
Total memory required = 228.9 MiB (= 0.2 GiB).
-------------------------------------------------------------
Each kernel will be executed 10 times.
WARNING -- The above is only a rough guideline.
 The *best* time for each kernel (excluding the first iteration)
For best results, please be sure you know the
 will be used to compute the reported bandwidth.
precision of your system timer.
-------------------------------------------------------------
-------------------------------------------------------------
Your clock granularity/precision appears to be 1 microseconds.
Function    Best Rate MB/s  Avg time     Min time     Max time
Each test below will take on the order of 31852 microseconds.
Copy:            6538.6     0.027254     0.024470     0.029942
   (= 31852 clock ticks)
Scale:           5508.9     0.044720     0.029044     0.050264
Increase the size of the arrays if this shows that
Add:             8547.6     0.057791     0.028078     0.065709
you are not getting at least 20 clock ticks per test.
Triad:           8314.9     0.056808     0.028864     0.068684
-------------------------------------------------------------
-------------------------------------------------------------
WARNING -- The above is only a rough guideline.
Solution Validates: avg error less than 1.000000e-13 on all three arrays
For best results, please be sure you know the
-------------------------------------------------------------
precision of your system timer.
-------------------------------------------------------------
Function    Best Rate MB/s  Avg time     Min time     Max time
Copy:            6933.9     0.027251     0.023075     0.031418
Scale:           5642.3     0.043613     0.028357     0.048762
Add:             8743.5     0.057353     0.027449     0.066587
Triad:           8695.0     0.057169     0.027602     0.065799
-------------------------------------------------------------
Solution Validates: avg error less than 1.000000e-13 on all three arrays
-------------------------------------------------------------
-------------------------------------------------------------
STREAM version $Revision: 5.10 $
-------------------------------------------------------------
This system uses 8 bytes per array element.
-------------------------------------------------------------
Array size = 10000000 (elements), Offset = 0 (elements)
Memory per array = 76.3 MiB (= 0.1 GiB).
Total memory required = 228.9 MiB (= 0.2 GiB).
Each kernel will be executed 10 times.
 The *best* time for each kernel (excluding the first iteration)
 will be used to compute the reported bandwidth.
-------------------------------------------------------------
Your clock granularity/precision appears to be 1 microseconds.
Each test below will take on the order of 22032 microseconds.
   (= 22032 clock ticks)
Increase the size of the arrays if this shows that
you are not getting at least 20 clock ticks per test.
-------------------------------------------------------------
WARNING -- The above is only a rough guideline.
For best results, please be sure you know the
precision of your system timer.
-------------------------------------------------------------
Function    Best Rate MB/s  Avg time     Min time     Max time
Copy:            7294.3     0.025443     0.021935     0.029132
Scale:           3814.8     0.045263     0.041942     0.048547
Add:             4438.3     0.061234     0.054075     0.066563
Triad:           5026.7     0.063486     0.047745     0.070967
-------------------------------------------------------------
Solution Validates: avg error less than 1.000000e-13 on all three arrays
-------------------------------------------------------------
-------------------------------------------------------------
STREAM version $Revision: 5.10 $
-------------------------------------------------------------
This system uses 8 bytes per array element.
-------------------------------------------------------------
Array size = 10000000 (elements), Offset = 0 (elements)
Memory per array = 76.3 MiB (= 0.1 GiB).
Total memory required = 228.9 MiB (= 0.2 GiB).
Each kernel will be executed 10 times.
 The *best* time for each kernel (excluding the first iteration)
 will be used to compute the reported bandwidth.
-------------------------------------------------------------
Your clock granularity/precision appears to be 1 microseconds.
Each test below will take on the order of 34016 microseconds.
-------------------------------------------------------------
   (= 34016 clock ticks)
STREAM version $Revision: 5.10 $
Increase the size of the arrays if this shows that
-------------------------------------------------------------
you are not getting at least 20 clock ticks per test.
This system uses 8 bytes per array element.
-------------------------------------------------------------
-------------------------------------------------------------
WARNING -- The above is only a rough guideline.
Array size = 10000000 (elements), Offset = 0 (elements)
-------------------------------------------------------------
For best results, please be sure you know the
Memory per array = 76.3 MiB (= 0.1 GiB).
STREAM version $Revision: 5.10 $
precision of your system timer.
Total memory required = 228.9 MiB (= 0.2 GiB).
-------------------------------------------------------------
-------------------------------------------------------------
Each kernel will be executed 10 times.
This system uses 8 bytes per array element.
Function    Best Rate MB/s  Avg time     Min time     Max time
 The *best* time for each kernel (excluding the first iteration)
-------------------------------------------------------------
Copy:            8061.7     0.027079     0.019847     0.031520
 will be used to compute the reported bandwidth.
Array size = 10000000 (elements), Offset = 0 (elements)
Scale:           6839.1     0.042334     0.023395     0.048590
-------------------------------------------------------------
Memory per array = 76.3 MiB (= 0.1 GiB).
Add:             9244.7     0.057122     0.025961     0.065401
Your clock granularity/precision appears to be 1 microseconds.
Total memory required = 228.9 MiB (= 0.2 GiB).
Triad:           9404.4     0.057174     0.025520     0.066716
Each test below will take on the order of 33215 microseconds.
Each kernel will be executed 10 times.
-------------------------------------------------------------
   (= 33215 clock ticks)
 The *best* time for each kernel (excluding the first iteration)
Solution Validates: avg error less than 1.000000e-13 on all three arrays
Increase the size of the arrays if this shows that
 will be used to compute the reported bandwidth.
-------------------------------------------------------------
you are not getting at least 20 clock ticks per test.
-------------------------------------------------------------
-------------------------------------------------------------
Your clock granularity/precision appears to be 1 microseconds.
WARNING -- The above is only a rough guideline.
Each test below will take on the order of 26791 microseconds.
For best results, please be sure you know the
   (= 26791 clock ticks)
precision of your system timer.
Increase the size of the arrays if this shows that
-------------------------------------------------------------
you are not getting at least 20 clock ticks per test.
Function    Best Rate MB/s  Avg time     Min time     Max time
-------------------------------------------------------------
Copy:            7919.3     0.027250     0.020204     0.031948
WARNING -- The above is only a rough guideline.
Scale:           7129.2     0.042583     0.022443     0.048893
For best results, please be sure you know the
Add:             9318.5     0.057336     0.025755     0.065640
precision of your system timer.
Triad:           9383.8     0.057048     0.025576     0.065731
-------------------------------------------------------------
-------------------------------------------------------------
Function    Best Rate MB/s  Avg time     Min time     Max time
Solution Validates: avg error less than 1.000000e-13 on all three arrays
Copy:            7180.0     0.025916     0.022284     0.030122
-------------------------------------------------------------
Scale:           6303.7     0.044840     0.025382     0.051524
Add:             9244.6     0.058135     0.025961     0.066478
Triad:           8054.2     0.056739     0.029798     0.065587
-------------------------------------------------------------
Solution Validates: avg error less than 1.000000e-13 on all three arrays
-------------------------------------------------------------
-------------------------------------------------------------
STREAM version $Revision: 5.10 $
-------------------------------------------------------------
This system uses 8 bytes per array element.
-------------------------------------------------------------
Array size = 10000000 (elements), Offset = 0 (elements)
Memory per array = 76.3 MiB (= 0.1 GiB).
Total memory required = 228.9 MiB (= 0.2 GiB).
Each kernel will be executed 10 times.
 The *best* time for each kernel (excluding the first iteration)
 will be used to compute the reported bandwidth.
-------------------------------------------------------------
Your clock granularity/precision appears to be 1 microseconds.
Each test below will take on the order of 30678 microseconds.
-------------------------------------------------------------
   (= 30678 clock ticks)
STREAM version $Revision: 5.10 $
Increase the size of the arrays if this shows that
-------------------------------------------------------------
you are not getting at least 20 clock ticks per test.
This system uses 8 bytes per array element.
-------------------------------------------------------------
-------------------------------------------------------------
WARNING -- The above is only a rough guideline.
Array size = 10000000 (elements), Offset = 0 (elements)
For best results, please be sure you know the
Memory per array = 76.3 MiB (= 0.1 GiB).
precision of your system timer.
Total memory required = 228.9 MiB (= 0.2 GiB).
-------------------------------------------------------------
Each kernel will be executed 10 times.
Function    Best Rate MB/s  Avg time     Min time     Max time
 The *best* time for each kernel (excluding the first iteration)
Copy:            7812.5     0.024956     0.020480     0.030029
 will be used to compute the reported bandwidth.
Scale:           4830.8     0.041859     0.033121     0.048553
-------------------------------------------------------------
Add:             5195.7     0.056960     0.046192     0.066662
Your clock granularity/precision appears to be 1 microseconds.
Triad:           5434.2     0.057641     0.044165     0.069628
Each test below will take on the order of 11899 microseconds.
-------------------------------------------------------------
   (= 11899 clock ticks)
Solution Validates: avg error less than 1.000000e-13 on all three arrays
-------------------------------------------------------------
Increase the size of the arrays if this shows that
-------------------------------------------------------------
STREAM version $Revision: 5.10 $
you are not getting at least 20 clock ticks per test.
-------------------------------------------------------------
-------------------------------------------------------------
This system uses 8 bytes per array element.
WARNING -- The above is only a rough guideline.
-------------------------------------------------------------
For best results, please be sure you know the
Array size = 10000000 (elements), Offset = 0 (elements)
precision of your system timer.
Memory per array = 76.3 MiB (= 0.1 GiB).
-------------------------------------------------------------
Total memory required = 228.9 MiB (= 0.2 GiB).
Function    Best Rate MB/s  Avg time     Min time     Max time
Each kernel will be executed 10 times.
Copy:            6747.4     0.025873     0.023713     0.029385
 The *best* time for each kernel (excluding the first iteration)
Scale:           4145.7     0.044870     0.038594     0.051000
 will be used to compute the reported bandwidth.
Add:             4390.2     0.064941     0.054667     0.095086
-------------------------------------------------------------
-------------------------------------------------------------
Triad:           5896.4     0.065260     0.040703     0.084926
STREAM version $Revision: 5.10 $
Your clock granularity/precision appears to be 1 microseconds.
-------------------------------------------------------------
-------------------------------------------------------------
Each test below will take on the order of 27430 microseconds.
Solution Validates: avg error less than 1.000000e-13 on all three arrays
-------------------------------------------------------------
This system uses 8 bytes per array element.
   (= 27430 clock ticks)
-------------------------------------------------------------
STREAM version $Revision: 5.10 $
-------------------------------------------------------------
Increase the size of the arrays if this shows that
-------------------------------------------------------------
Array size = 10000000 (elements), Offset = 0 (elements)
you are not getting at least 20 clock ticks per test.
This system uses 8 bytes per array element.
Memory per array = 76.3 MiB (= 0.1 GiB).
-------------------------------------------------------------
-------------------------------------------------------------
-------------------------------------------------------------
Total memory required = 228.9 MiB (= 0.2 GiB).
STREAM version $Revision: 5.10 $
WARNING -- The above is only a rough guideline.
Array size = 10000000 (elements), Offset = 0 (elements)
Each kernel will be executed 10 times.
-------------------------------------------------------------
For best results, please be sure you know the
Memory per array = 76.3 MiB (= 0.1 GiB).
 The *best* time for each kernel (excluding the first iteration)
This system uses 8 bytes per array element.
precision of your system timer.
Total memory required = 228.9 MiB (= 0.2 GiB).
 will be used to compute the reported bandwidth.
-------------------------------------------------------------
-------------------------------------------------------------
Each kernel will be executed 10 times.
-------------------------------------------------------------
Array size = 10000000 (elements), Offset = 0 (elements)
Function    Best Rate MB/s  Avg time     Min time     Max time
 The *best* time for each kernel (excluding the first iteration)
Your clock granularity/precision appears to be 1 microseconds.
Memory per array = 76.3 MiB (= 0.1 GiB).
Copy:            9723.5     0.025733     0.016455     0.033507
 will be used to compute the reported bandwidth.
Each test below will take on the order of 23164 microseconds.
Total memory required = 228.9 MiB (= 0.2 GiB).
Scale:           7938.9     0.041755     0.020154     0.052004
-------------------------------------------------------------
   (= 23164 clock ticks)
Each kernel will be executed 10 times.
Add:             9329.8     0.057864     0.025724     0.065920
Your clock granularity/precision appears to be 1 microseconds.
Increase the size of the arrays if this shows that
 The *best* time for each kernel (excluding the first iteration)
Triad:          10374.3     0.062599     0.023134     0.073843
Each test below will take on the order of 29000 microseconds.
you are not getting at least 20 clock ticks per test.
 will be used to compute the reported bandwidth.
-------------------------------------------------------------
   (= 29000 clock ticks)
-------------------------------------------------------------
-------------------------------------------------------------
Solution Validates: avg error less than 1.000000e-13 on all three arrays
Increase the size of the arrays if this shows that
WARNING -- The above is only a rough guideline.
Your clock granularity/precision appears to be 1 microseconds.
-------------------------------------------------------------
you are not getting at least 20 clock ticks per test.
For best results, please be sure you know the
Each test below will take on the order of 22555 microseconds.
-------------------------------------------------------------
precision of your system timer.
   (= 22555 clock ticks)
WARNING -- The above is only a rough guideline.
-------------------------------------------------------------
Increase the size of the arrays if this shows that
For best results, please be sure you know the
Function    Best Rate MB/s  Avg time     Min time     Max time
you are not getting at least 20 clock ticks per test.
precision of your system timer.
Copy:            6995.1     0.025823     0.022873     0.029495
-------------------------------------------------------------
-------------------------------------------------------------
Scale:           4772.1     0.043330     0.033528     0.052385
WARNING -- The above is only a rough guideline.
Function    Best Rate MB/s  Avg time     Min time     Max time
Add:             5171.4     0.057561     0.046409     0.066438
For best results, please be sure you know the
Copy:            7745.5     0.024571     0.020657     0.028564
Triad:           5492.2     0.057220     0.043698     0.066523
precision of your system timer.
Scale:           4771.4     0.041535     0.033533     0.047395
-------------------------------------------------------------
-------------------------------------------------------------
Add:             5215.1     0.056777     0.046020     0.066655
Solution Validates: avg error less than 1.000000e-13 on all three arrays
Function    Best Rate MB/s  Avg time     Min time     Max time
Triad:           5544.3     0.059622     0.043288     0.072609
-------------------------------------------------------------
Copy:            7032.3     0.026272     0.022752     0.030200
-------------------------------------------------------------
Scale:           4769.1     0.043392     0.033549     0.051358
Solution Validates: avg error less than 1.000000e-13 on all three arrays
Add:             5208.3     0.057755     0.046080     0.066383
-------------------------------------------------------------
Triad:           5574.1     0.056857     0.043056     0.067221
-------------------------------------------------------------
Solution Validates: avg error less than 1.000000e-13 on all three arrays
-------------------------------------------------------------
-------------------------------------------------------------
STREAM version $Revision: 5.10 $
-------------------------------------------------------------
This system uses 8 bytes per array element.
-------------------------------------------------------------
Array size = 10000000 (elements), Offset = 0 (elements)
Memory per array = 76.3 MiB (= 0.1 GiB).
Total memory required = 228.9 MiB (= 0.2 GiB).
Each kernel will be executed 10 times.
 The *best* time for each kernel (excluding the first iteration)
 will be used to compute the reported bandwidth.
-------------------------------------------------------------
Your clock granularity/precision appears to be 1 microseconds.
Each test below will take on the order of 25977 microseconds.
   (= 25977 clock ticks)
Increase the size of the arrays if this shows that
you are not getting at least 20 clock ticks per test.
-------------------------------------------------------------
WARNING -- The above is only a rough guideline.
For best results, please be sure you know the
precision of your system timer.
-------------------------------------------------------------
Function    Best Rate MB/s  Avg time     Min time     Max time
Copy:            6707.5     0.025930     0.023854     0.028557
Scale:           4041.3     0.043057     0.039591     0.046911
Add:             4344.3     0.061243     0.055245     0.066240
Triad:           4629.3     0.066003     0.051844     0.074425
-------------------------------------------------------------
Solution Validates: avg error less than 1.000000e-13 on all three arrays
-------------------------------------------------------------
-------------------------------------------------------------
STREAM version $Revision: 5.10 $
-------------------------------------------------------------
This system uses 8 bytes per array element.
-------------------------------------------------------------
Array size = 10000000 (elements), Offset = 0 (elements)
Memory per array = 76.3 MiB (= 0.1 GiB).
Total memory required = 228.9 MiB (= 0.2 GiB).
Each kernel will be executed 10 times.
 The *best* time for each kernel (excluding the first iteration)
 will be used to compute the reported bandwidth.
-------------------------------------------------------------
Your clock granularity/precision appears to be 1 microseconds.
Each test below will take on the order of 29712 microseconds.
   (= 29712 clock ticks)
Increase the size of the arrays if this shows that
you are not getting at least 20 clock ticks per test.
-------------------------------------------------------------
WARNING -- The above is only a rough guideline.
For best results, please be sure you know the
precision of your system timer.
-------------------------------------------------------------
Function    Best Rate MB/s  Avg time     Min time     Max time
Copy:           10792.5     0.026202     0.014825     0.033706
Scale:           7718.6     0.041421     0.020729     0.048579
Add:             9150.2     0.058329     0.026229     0.067056
Triad:          11143.1     0.060907     0.021538     0.075347
-------------------------------------------------------------
Solution Validates: avg error less than 1.000000e-13 on all three arrays
-------------------------------------------------------------
-------------------------------------------------------------
STREAM version $Revision: 5.10 $
-------------------------------------------------------------
This system uses 8 bytes per array element.
-------------------------------------------------------------
Array size = 10000000 (elements), Offset = 0 (elements)
Memory per array = 76.3 MiB (= 0.1 GiB).
Total memory required = 228.9 MiB (= 0.2 GiB).
Each kernel will be executed 10 times.
 The *best* time for each kernel (excluding the first iteration)
 will be used to compute the reported bandwidth.
-------------------------------------------------------------
Your clock granularity/precision appears to be 1 microseconds.
Each test below will take on the order of 23803 microseconds.
   (= 23803 clock ticks)
Increase the size of the arrays if this shows that
you are not getting at least 20 clock ticks per test.
-------------------------------------------------------------
WARNING -- The above is only a rough guideline.
For best results, please be sure you know the
precision of your system timer.
-------------------------------------------------------------
Function    Best Rate MB/s  Avg time     Min time     Max time
Copy:            7131.0     0.026170     0.022437     0.030482
Scale:           4567.8     0.046582     0.035028     0.051218
Add:             7260.2     0.059164     0.033057     0.067650
Triad:           9048.4     0.056532     0.026524     0.065738
-------------------------------------------------------------
Solution Validates: avg error less than 1.000000e-13 on all three arrays
-------------------------------------------------------------
-------------------------------------------------------------
STREAM version $Revision: 5.10 $
-------------------------------------------------------------
This system uses 8 bytes per array element.
-------------------------------------------------------------
Array size = 10000000 (elements), Offset = 0 (elements)
Memory per array = 76.3 MiB (= 0.1 GiB).
Total memory required = 228.9 MiB (= 0.2 GiB).
Each kernel will be executed 10 times.
 The *best* time for each kernel (excluding the first iteration)
 will be used to compute the reported bandwidth.
-------------------------------------------------------------
Your clock granularity/precision appears to be 1 microseconds.
Each test below will take on the order of 31191 microseconds.
   (= 31191 clock ticks)
Increase the size of the arrays if this shows that
you are not getting at least 20 clock ticks per test.
-------------------------------------------------------------
WARNING -- The above is only a rough guideline.
For best results, please be sure you know the
precision of your system timer.
-------------------------------------------------------------
Function    Best Rate MB/s  Avg time     Min time     Max time
Copy:            7128.5     0.026583     0.022445     0.031113
Scale:           4967.9     0.045020     0.032207     0.050058
Add:             7641.6     0.058349     0.031407     0.066447
Triad:           9038.6     0.057495     0.026553     0.067037
-------------------------------------------------------------
Solution Validates: avg error less than 1.000000e-13 on all three arrays
-------------------------------------------------------------
-------------------------------------------------------------
STREAM version $Revision: 5.10 $
-------------------------------------------------------------
This system uses 8 bytes per array element.
-------------------------------------------------------------
Array size = 10000000 (elements), Offset = 0 (elements)
Memory per array = 76.3 MiB (= 0.1 GiB).
Total memory required = 228.9 MiB (= 0.2 GiB).
Each kernel will be executed 10 times.
 The *best* time for each kernel (excluding the first iteration)
 will be used to compute the reported bandwidth.
-------------------------------------------------------------
Your clock granularity/precision appears to be 1 microseconds.
Each test below will take on the order of 30852 microseconds.
   (= 30852 clock ticks)
Increase the size of the arrays if this shows that
you are not getting at least 20 clock ticks per test.
-------------------------------------------------------------
WARNING -- The above is only a rough guideline.
For best results, please be sure you know the
precision of your system timer.
-------------------------------------------------------------
Function    Best Rate MB/s  Avg time     Min time     Max time
Copy:            7364.5     0.026344     0.021726     0.031806
Scale:           6299.9     0.041151     0.025397     0.047670
Add:             8994.1     0.058725     0.026684     0.076622
Triad:           9795.1     0.062892     0.024502     0.085826
-------------------------------------------------------------
Solution Validates: avg error less than 1.000000e-13 on all three arrays
-------------------------------------------------------------
-------------------------------------------------------------
STREAM version $Revision: 5.10 $
-------------------------------------------------------------
This system uses 8 bytes per array element.
-------------------------------------------------------------
Array size = 10000000 (elements), Offset = 0 (elements)
Memory per array = 76.3 MiB (= 0.1 GiB).
Total memory required = 228.9 MiB (= 0.2 GiB).
Each kernel will be executed 10 times.
 The *best* time for each kernel (excluding the first iteration)
 will be used to compute the reported bandwidth.
-------------------------------------------------------------
Your clock granularity/precision appears to be 1 microseconds.
Each test below will take on the order of 23296 microseconds.
   (= 23296 clock ticks)
Increase the size of the arrays if this shows that
you are not getting at least 20 clock ticks per test.
-------------------------------------------------------------
WARNING -- The above is only a rough guideline.
For best results, please be sure you know the
precision of your system timer.
-------------------------------------------------------------
Function    Best Rate MB/s  Avg time     Min time     Max time
Copy:            6978.7     0.027844     0.022927     0.033949
Scale:           5673.0     0.044223     0.028204     0.050053
Add:             8539.7     0.058370     0.028104     0.067133
Triad:           9376.2     0.059821     0.025597     0.068974
-------------------------------------------------------------
Solution Validates: avg error less than 1.000000e-13 on all three arrays
-------------------------------------------------------------
-------------------------------------------------------------
STREAM version $Revision: 5.10 $
-------------------------------------------------------------
This system uses 8 bytes per array element.
-------------------------------------------------------------
Array size = 10000000 (elements), Offset = 0 (elements)
Memory per array = 76.3 MiB (= 0.1 GiB).
Total memory required = 228.9 MiB (= 0.2 GiB).
Each kernel will be executed 10 times.
-------------------------------------------------------------
 The *best* time for each kernel (excluding the first iteration)
STREAM version $Revision: 5.10 $
 will be used to compute the reported bandwidth.
-------------------------------------------------------------
-------------------------------------------------------------
This system uses 8 bytes per array element.
Your clock granularity/precision appears to be 1 microseconds.
-------------------------------------------------------------
Each test below will take on the order of 30720 microseconds.
Array size = 10000000 (elements), Offset = 0 (elements)
   (= 30720 clock ticks)
Memory per array = 76.3 MiB (= 0.1 GiB).
Increase the size of the arrays if this shows that
Total memory required = 228.9 MiB (= 0.2 GiB).
you are not getting at least 20 clock ticks per test.
Each kernel will be executed 10 times.
-------------------------------------------------------------
 The *best* time for each kernel (excluding the first iteration)
WARNING -- The above is only a rough guideline.
 will be used to compute the reported bandwidth.
For best results, please be sure you know the
-------------------------------------------------------------
precision of your system timer.
Your clock granularity/precision appears to be 1 microseconds.
-------------------------------------------------------------
Each test below will take on the order of 27411 microseconds.
Function    Best Rate MB/s  Avg time     Min time     Max time
   (= 27411 clock ticks)
Copy:            7425.3     0.028833     0.021548     0.031475
Increase the size of the arrays if this shows that
Scale:           6098.7     0.043065     0.026235     0.048574
you are not getting at least 20 clock ticks per test.
Add:             8702.9     0.057918     0.027577     0.066279
-------------------------------------------------------------
Triad:           9140.1     0.057220     0.026258     0.066553
WARNING -- The above is only a rough guideline.
-------------------------------------------------------------
For best results, please be sure you know the
Solution Validates: avg error less than 1.000000e-13 on all three arrays
precision of your system timer.
-------------------------------------------------------------
-------------------------------------------------------------
Function    Best Rate MB/s  Avg time     Min time     Max time
Copy:            6902.1     0.029317     0.023181     0.031432
Scale:           6074.0     0.043905     0.026342     0.049339
Add:             8773.2     0.057889     0.027356     0.066435
Triad:           9166.0     0.056719     0.026184     0.066125
-------------------------------------------------------------
Solution Validates: avg error less than 1.000000e-13 on all three arrays
-------------------------------------------------------------
-------------------------------------------------------------
STREAM version $Revision: 5.10 $
-------------------------------------------------------------
This system uses 8 bytes per array element.
-------------------------------------------------------------
Array size = 10000000 (elements), Offset = 0 (elements)
Memory per array = 76.3 MiB (= 0.1 GiB).
Total memory required = 228.9 MiB (= 0.2 GiB).
Each kernel will be executed 10 times.
 The *best* time for each kernel (excluding the first iteration)
 will be used to compute the reported bandwidth.
-------------------------------------------------------------
Your clock granularity/precision appears to be 1 microseconds.
Each test below will take on the order of 25391 microseconds.
   (= 25391 clock ticks)
Increase the size of the arrays if this shows that
you are not getting at least 20 clock ticks per test.
-------------------------------------------------------------
WARNING -- The above is only a rough guideline.
For best results, please be sure you know the
precision of your system timer.
-------------------------------------------------------------
Function    Best Rate MB/s  Avg time     Min time     Max time
Copy:            7336.5     0.030503     0.021809     0.036688
Scale:           6495.4     0.042602     0.024633     0.051715
Add:             8879.7     0.057593     0.027028     0.066371
Triad:           9505.0     0.057924     0.025250     0.069027
-------------------------------------------------------------
Solution Validates: avg error less than 1.000000e-13 on all three arrays
-------------------------------------------------------------
-------------------------------------------------------------
STREAM version $Revision: 5.10 $
-------------------------------------------------------------
This system uses 8 bytes per array element.
-------------------------------------------------------------
Array size = 10000000 (elements), Offset = 0 (elements)
Memory per array = 76.3 MiB (= 0.1 GiB).
Total memory required = 228.9 MiB (= 0.2 GiB).
Each kernel will be executed 10 times.
 The *best* time for each kernel (excluding the first iteration)
 will be used to compute the reported bandwidth.
-------------------------------------------------------------
Your clock granularity/precision appears to be 1 microseconds.
Each test below will take on the order of 33509 microseconds.
   (= 33509 clock ticks)
Increase the size of the arrays if this shows that
you are not getting at least 20 clock ticks per test.
-------------------------------------------------------------
WARNING -- The above is only a rough guideline.
For best results, please be sure you know the
precision of your system timer.
-------------------------------------------------------------
Function    Best Rate MB/s  Avg time     Min time     Max time
Copy:            8851.5     0.027637     0.018076     0.030338
Scale:           6863.7     0.041855     0.023311     0.047125
Add:             8724.7     0.057824     0.027508     0.066197
Triad:           8526.7     0.060285     0.028147     0.069173
-------------------------------------------------------------
Solution Validates: avg error less than 1.000000e-13 on all three arrays
-------------------------------------------------------------
START OF JOBSPEC
{"resources": [{"type": "node", "count": 1, "with": [{"type": "slot", "count": 56, "with": [{"type": "core", "count": 1}], "label": "task"}]}], "tasks": [{"command": ["stream_c.exe"], "slot": "task", "count": {"per_slot": 1}}], "attributes": {"system": {"duration": 0, "cwd": "/opt/stream", "shell": {"options": {"rlimit": {"cpu": -1, "fsize": -1, "data": -1, "stack": 8388608, "core": -1, "nofile": 1048576, "as": -1, "rss": -1, "nproc": -1}, "cpu-affinity": "per-task"}}, "constraints": {"hostlist": ["flux-sample-38"]}}, "user": {"study_id": "stream-1-iter-1-node-38"}}, "version": 1}
START OF EVENTLOG
{"timestamp":1724393247.6055937,"name":"init"}
{"timestamp":1724393247.6063421,"name":"starting"}
{"timestamp":1724393247.6213779,"name":"shell.init","context":{"service":"0-shell-fQAsoz2K","leader-rank":38,"size":1}}
{"timestamp":1724393247.7815816,"name":"shell.start","context":{"taskmap":{"version":1,"map":[[0,1,56,1]]}}}
{"timestamp":1724393249.0231104,"name":"shell.task-exit","context":{"localid":25,"rank":25,"state":"Exited","pid":93,"wait_status":0,"signaled":0,"exitcode":0}}
{"timestamp":1724393250.1601322,"name":"complete","context":{"status":0}}
{"timestamp":1724393250.1601524,"name":"done"}

