flux-sample-0
flux-sample-14
flux-sample-15
flux-sample-13
flux-sample-8
flux-sample-9
flux-sample-1
flux-sample-12
flux-sample-11
flux-sample-3
flux-sample-4
flux-sample-5
flux-sample-2
flux-sample-7
flux-sample-6
flux-sample-10
START OF JOBSPEC
{"resources": [{"type": "node", "count": 16, "exclusive": true, "with": [{"type": "slot", "count": 1, "with": [{"type": "core", "count": 1}], "label": "task"}]}], "tasks": [{"command": ["hostname"], "slot": "task", "count": {"per_slot": 1}}], "attributes": {"system": {"duration": 0, "cwd": "/opt", "shell": {"options": {"rlimit": {"cpu": -1, "fsize": -1, "data": -1, "stack": 8388608, "core": -1, "nofile": 1048576, "as": -1, "rss": -1, "nproc": -1}}}}}, "version": 1}
START OF EVENTLOG
{"timestamp":1725091715.9575248,"name":"init"}
{"timestamp":1725091715.9582593,"name":"starting"}
{"timestamp":1725091715.978137,"name":"shell.init","context":{"service":"0-shell-fSYuZ7nP","leader-rank":0,"size":16}}
{"timestamp":1725091715.9808297,"name":"shell.start","context":{"taskmap":{"version":1,"map":[[0,16,1,1]]}}}
{"timestamp":1725091715.9816897,"name":"shell.task-exit","context":{"localid":0,"rank":0,"state":"Exited","pid":142,"wait_status":0,"signaled":0,"exitcode":0}}
{"timestamp":1725091715.9854627,"name":"complete","context":{"status":0}}
{"timestamp":1725091715.9854851,"name":"done"}

