-------------------------------------------------------------
STREAM version $Revision: 5.10 $
-------------------------------------------------------------
This system uses 8 bytes per array element.
-------------------------------------------------------------
Array size = 10000000 (elements), Offset = 0 (elements)
Memory per array = 76.3 MiB (= 0.1 GiB).
Total memory required = 228.9 MiB (= 0.2 GiB).
Each kernel will be executed 10 times.
 The *best* time for each kernel (excluding the first iteration)
 will be used to compute the reported bandwidth.
-------------------------------------------------------------
Your clock granularity/precision appears to be 1 microseconds.
Each test below will take on the order of 10257 microseconds.
   (= 10257 clock ticks)
Increase the size of the arrays if this shows that
you are not getting at least 20 clock ticks per test.
-------------------------------------------------------------
WARNING -- The above is only a rough guideline.
For best results, please be sure you know the
precision of your system timer.
-------------------------------------------------------------
Function    Best Rate MB/s  Avg time     Min time     Max time
Copy:           18223.2     0.012991     0.008780     0.021741
Scale:          11219.4     0.021387     0.014261     0.037072
Add:            12748.3     0.025924     0.018826     0.051607
Triad:          11107.4     0.027071     0.021607     0.050642
-------------------------------------------------------------
Solution Validates: avg error less than 1.000000e-13 on all three arrays
-------------------------------------------------------------
-------------------------------------------------------------
STREAM version $Revision: 5.10 $
-------------------------------------------------------------
This system uses 8 bytes per array element.
-------------------------------------------------------------
Array size = 10000000 (elements), Offset = 0 (elements)
Memory per array = 76.3 MiB (= 0.1 GiB).
Total memory required = 228.9 MiB (= 0.2 GiB).
Each kernel will be executed 10 times.
 The *best* time for each kernel (excluding the first iteration)
 will be used to compute the reported bandwidth.
-------------------------------------------------------------
Your clock granularity/precision appears to be 1 microseconds.
Each test below will take on the order of 24585 microseconds.
   (= 24585 clock ticks)
Increase the size of the arrays if this shows that
you are not getting at least 20 clock ticks per test.
-------------------------------------------------------------
WARNING -- The above is only a rough guideline.
For best results, please be sure you know the
precision of your system timer.
-------------------------------------------------------------
Function    Best Rate MB/s  Avg time     Min time     Max time
Copy:           14631.8     0.013693     0.010935     0.023055
Scale:           9479.2     0.022412     0.016879     0.036207
Add:            11042.1     0.028785     0.021735     0.050649
Triad:          11282.5     0.026164     0.021272     0.049509
-------------------------------------------------------------
Solution Validates: avg error less than 1.000000e-13 on all three arrays
-------------------------------------------------------------
-------------------------------------------------------------
STREAM version $Revision: 5.10 $
-------------------------------------------------------------
This system uses 8 bytes per array element.
-------------------------------------------------------------
Array size = 10000000 (elements), Offset = 0 (elements)
Memory per array = 76.3 MiB (= 0.1 GiB).
Total memory required = 228.9 MiB (= 0.2 GiB).
Each kernel will be executed 10 times.
 The *best* time for each kernel (excluding the first iteration)
 will be used to compute the reported bandwidth.
-------------------------------------------------------------
Your clock granularity/precision appears to be 1 microseconds.
Each test below will take on the order of 15716 microseconds.
   (= 15716 clock ticks)
Increase the size of the arrays if this shows that
you are not getting at least 20 clock ticks per test.
-------------------------------------------------------------
WARNING -- The above is only a rough guideline.
For best results, please be sure you know the
precision of your system timer.
-------------------------------------------------------------
Function    Best Rate MB/s  Avg time     Min time     Max time
Copy:           14154.4     0.018054     0.011304     0.022304
Scale:           9410.7     0.030393     0.017002     0.035401
Add:             9867.6     0.041873     0.024322     0.051004
Triad:          10984.0     0.040473     0.021850     0.054484
-------------------------------------------------------------
Solution Validates: avg error less than 1.000000e-13 on all three arrays
-------------------------------------------------------------
-------------------------------------------------------------
STREAM version $Revision: 5.10 $
-------------------------------------------------------------
This system uses 8 bytes per array element.
-------------------------------------------------------------
Array size = 10000000 (elements), Offset = 0 (elements)
Memory per array = 76.3 MiB (= 0.1 GiB).
Total memory required = 228.9 MiB (= 0.2 GiB).
Each kernel will be executed 10 times.
 The *best* time for each kernel (excluding the first iteration)
 will be used to compute the reported bandwidth.
-------------------------------------------------------------
Your clock granularity/precision appears to be 1 microseconds.
Each test below will take on the order of 9024 microseconds.
   (= 9024 clock ticks)
Increase the size of the arrays if this shows that
you are not getting at least 20 clock ticks per test.
-------------------------------------------------------------
WARNING -- The above is only a rough guideline.
For best results, please be sure you know the
precision of your system timer.
-------------------------------------------------------------
Function    Best Rate MB/s  Avg time     Min time     Max time
Copy:           10399.8     0.017516     0.015385     0.020986
Scale:           5869.0     0.031829     0.027262     0.036963
Add:             6037.1     0.048357     0.039754     0.055047
Triad:           7344.2     0.043618     0.032679     0.052150
-------------------------------------------------------------
Solution Validates: avg error less than 1.000000e-13 on all three arrays
-------------------------------------------------------------
-------------------------------------------------------------
STREAM version $Revision: 5.10 $
-------------------------------------------------------------
This system uses 8 bytes per array element.
-------------------------------------------------------------
Array size = 10000000 (elements), Offset = 0 (elements)
Memory per array = 76.3 MiB (= 0.1 GiB).
Total memory required = 228.9 MiB (= 0.2 GiB).
Each kernel will be executed 10 times.
 The *best* time for each kernel (excluding the first iteration)
 will be used to compute the reported bandwidth.
-------------------------------------------------------------
Your clock granularity/precision appears to be 1 microseconds.
Each test below will take on the order of 19593 microseconds.
   (= 19593 clock ticks)
Increase the size of the arrays if this shows that
you are not getting at least 20 clock ticks per test.
-------------------------------------------------------------
WARNING -- The above is only a rough guideline.
For best results, please be sure you know the
precision of your system timer.
-------------------------------------------------------------
Function    Best Rate MB/s  Avg time     Min time     Max time
Copy:           10269.0     0.018561     0.015581     0.021832
Scale:           5982.2     0.032248     0.026746     0.035853
Add:             6987.7     0.044191     0.034346     0.051580
Triad:           8712.3     0.045060     0.027547     0.054343
-------------------------------------------------------------
Solution Validates: avg error less than 1.000000e-13 on all three arrays
-------------------------------------------------------------
-------------------------------------------------------------
STREAM version $Revision: 5.10 $
-------------------------------------------------------------
This system uses 8 bytes per array element.
-------------------------------------------------------------
Array size = 10000000 (elements), Offset = 0 (elements)
Memory per array = 76.3 MiB (= 0.1 GiB).
Total memory required = 228.9 MiB (= 0.2 GiB).
Each kernel will be executed 10 times.
 The *best* time for each kernel (excluding the first iteration)
 will be used to compute the reported bandwidth.
-------------------------------------------------------------
Your clock granularity/precision appears to be 1 microseconds.
Each test below will take on the order of 20877 microseconds.
   (= 20877 clock ticks)
Increase the size of the arrays if this shows that
you are not getting at least 20 clock ticks per test.
-------------------------------------------------------------
WARNING -- The above is only a rough guideline.
For best results, please be sure you know the
precision of your system timer.
-------------------------------------------------------------
Function    Best Rate MB/s  Avg time     Min time     Max time
Copy:           14099.4     0.017077     0.011348     0.023602
Scale:           9291.5     0.032172     0.017220     0.040823
Add:             9825.6     0.041112     0.024426     0.050890
Triad:          10807.9     0.038535     0.022206     0.049836
-------------------------------------------------------------
Solution Validates: avg error less than 1.000000e-13 on all three arrays
-------------------------------------------------------------
-------------------------------------------------------------
STREAM version $Revision: 5.10 $
-------------------------------------------------------------
This system uses 8 bytes per array element.
-------------------------------------------------------------
Array size = 10000000 (elements), Offset = 0 (elements)
Memory per array = 76.3 MiB (= 0.1 GiB).
Total memory required = 228.9 MiB (= 0.2 GiB).
Each kernel will be executed 10 times.
 The *best* time for each kernel (excluding the first iteration)
 will be used to compute the reported bandwidth.
-------------------------------------------------------------
Your clock granularity/precision appears to be 1 microseconds.
Each test below will take on the order of 26118 microseconds.
   (= 26118 clock ticks)
Increase the size of the arrays if this shows that
you are not getting at least 20 clock ticks per test.
-------------------------------------------------------------
WARNING -- The above is only a rough guideline.
For best results, please be sure you know the
precision of your system timer.
-------------------------------------------------------------
Function    Best Rate MB/s  Avg time     Min time     Max time
Copy:           13206.8     0.019512     0.012115     0.022842
Scale:           6885.6     0.032303     0.023237     0.036132
Add:             9103.7     0.041770     0.026363     0.050375
Triad:          11082.8     0.043494     0.021655     0.054129
-------------------------------------------------------------
Solution Validates: avg error less than 1.000000e-13 on all three arrays
-------------------------------------------------------------
-------------------------------------------------------------
STREAM version $Revision: 5.10 $
-------------------------------------------------------------
This system uses 8 bytes per array element.
-------------------------------------------------------------
Array size = 10000000 (elements), Offset = 0 (elements)
Memory per array = 76.3 MiB (= 0.1 GiB).
Total memory required = 228.9 MiB (= 0.2 GiB).
Each kernel will be executed 10 times.
 The *best* time for each kernel (excluding the first iteration)
 will be used to compute the reported bandwidth.
-------------------------------------------------------------
Your clock granularity/precision appears to be 1 microseconds.
Each test below will take on the order of 21519 microseconds.
   (= 21519 clock ticks)
Increase the size of the arrays if this shows that
you are not getting at least 20 clock ticks per test.
-------------------------------------------------------------
WARNING -- The above is only a rough guideline.
For best results, please be sure you know the
precision of your system timer.
-------------------------------------------------------------
Function    Best Rate MB/s  Avg time     Min time     Max time
Copy:           10994.2     0.020269     0.014553     0.024280
Scale:           6625.0     0.033703     0.024151     0.039757
Add:            10175.9     0.041607     0.023585     0.050425
Triad:          10712.4     0.043713     0.022404     0.052082
-------------------------------------------------------------
Solution Validates: avg error less than 1.000000e-13 on all three arrays
-------------------------------------------------------------
-------------------------------------------------------------
STREAM version $Revision: 5.10 $
-------------------------------------------------------------
This system uses 8 bytes per array element.
-------------------------------------------------------------
Array size = 10000000 (elements), Offset = 0 (elements)
Memory per array = 76.3 MiB (= 0.1 GiB).
Total memory required = 228.9 MiB (= 0.2 GiB).
Each kernel will be executed 10 times.
 The *best* time for each kernel (excluding the first iteration)
 will be used to compute the reported bandwidth.
-------------------------------------------------------------
Your clock granularity/precision appears to be 1 microseconds.
Each test below will take on the order of 9800 microseconds.
   (= 9800 clock ticks)
Increase the size of the arrays if this shows that
you are not getting at least 20 clock ticks per test.
-------------------------------------------------------------
WARNING -- The above is only a rough guideline.
For best results, please be sure you know the
precision of your system timer.
-------------------------------------------------------------
Function    Best Rate MB/s  Avg time     Min time     Max time
Copy:            8830.6     0.024301     0.018119     0.026980
Scale:           4886.1     0.042001     0.032746     0.045975
Add:             5195.5     0.061978     0.046194     0.068234
Triad:           5706.8     0.063755     0.042055     0.080618
-------------------------------------------------------------
Solution Validates: avg error less than 1.000000e-13 on all three arrays
-------------------------------------------------------------
-------------------------------------------------------------
STREAM version $Revision: 5.10 $
-------------------------------------------------------------
This system uses 8 bytes per array element.
-------------------------------------------------------------
Array size = 10000000 (elements), Offset = 0 (elements)
Memory per array = 76.3 MiB (= 0.1 GiB).
Total memory required = 228.9 MiB (= 0.2 GiB).
Each kernel will be executed 10 times.
 The *best* time for each kernel (excluding the first iteration)
 will be used to compute the reported bandwidth.
-------------------------------------------------------------
Your clock granularity/precision appears to be 1 microseconds.
Each test below will take on the order of 7266 microseconds.
   (= 7266 clock ticks)
-------------------------------------------------------------
Increase the size of the arrays if this shows that
STREAM version $Revision: 5.10 $
you are not getting at least 20 clock ticks per test.
-------------------------------------------------------------
-------------------------------------------------------------
This system uses 8 bytes per array element.
WARNING -- The above is only a rough guideline.
-------------------------------------------------------------
For best results, please be sure you know the
Array size = 10000000 (elements), Offset = 0 (elements)
precision of your system timer.
Memory per array = 76.3 MiB (= 0.1 GiB).
-------------------------------------------------------------
Total memory required = 228.9 MiB (= 0.2 GiB).
Function    Best Rate MB/s  Avg time     Min time     Max time
Each kernel will be executed 10 times.
Copy:            6988.8     0.025562     0.022894     0.027242
 The *best* time for each kernel (excluding the first iteration)
Scale:           4150.4     0.043350     0.038550     0.046652
 will be used to compute the reported bandwidth.
Add:             4081.3     0.066189     0.058805     0.072210
-------------------------------------------------------------
Triad:           4246.7     0.062670     0.056515     0.069076
Your clock granularity/precision appears to be 1 microseconds.
-------------------------------------------------------------
Each test below will take on the order of 7198 microseconds.
Solution Validates: avg error less than 1.000000e-13 on all three arrays
   (= 7198 clock ticks)
-------------------------------------------------------------
Increase the size of the arrays if this shows that
you are not getting at least 20 clock ticks per test.
-------------------------------------------------------------
WARNING -- The above is only a rough guideline.
For best results, please be sure you know the
precision of your system timer.
-------------------------------------------------------------
Function    Best Rate MB/s  Avg time     Min time     Max time
Copy:            6925.5     0.025395     0.023103     0.026698
Scale:           4179.9     0.042919     0.038278     0.045379
Add:             4086.6     0.065880     0.058728     0.071338
Triad:           4249.1     0.062539     0.056482     0.068006
-------------------------------------------------------------
Solution Validates: avg error less than 1.000000e-13 on all three arrays
-------------------------------------------------------------
-------------------------------------------------------------
STREAM version $Revision: 5.10 $
-------------------------------------------------------------
This system uses 8 bytes per array element.
-------------------------------------------------------------
Array size = 10000000 (elements), Offset = 0 (elements)
Memory per array = 76.3 MiB (= 0.1 GiB).
Total memory required = 228.9 MiB (= 0.2 GiB).
Each kernel will be executed 10 times.
 The *best* time for each kernel (excluding the first iteration)
 will be used to compute the reported bandwidth.
-------------------------------------------------------------
Your clock granularity/precision appears to be 1 microseconds.
Each test below will take on the order of 7300 microseconds.
   (= 7300 clock ticks)
Increase the size of the arrays if this shows that
you are not getting at least 20 clock ticks per test.
-------------------------------------------------------------
WARNING -- The above is only a rough guideline.
For best results, please be sure you know the
precision of your system timer.
-------------------------------------------------------------
Function    Best Rate MB/s  Avg time     Min time     Max time
Copy:            7482.9     0.024068     0.021382     0.025453
Scale:           4368.8     0.045980     0.036623     0.048978
Add:             4030.6     0.068327     0.059544     0.072874
Triad:           4281.9     0.063268     0.056050     0.066361
-------------------------------------------------------------
Solution Validates: avg error less than 1.000000e-13 on all three arrays
-------------------------------------------------------------
-------------------------------------------------------------
STREAM version $Revision: 5.10 $
-------------------------------------------------------------
This system uses 8 bytes per array element.
-------------------------------------------------------------
-------------------------------------------------------------
Array size = 10000000 (elements), Offset = 0 (elements)
STREAM version $Revision: 5.10 $
Memory per array = 76.3 MiB (= 0.1 GiB).
-------------------------------------------------------------
Total memory required = 228.9 MiB (= 0.2 GiB).
This system uses 8 bytes per array element.
Each kernel will be executed 10 times.
-------------------------------------------------------------
 The *best* time for each kernel (excluding the first iteration)
Array size = 10000000 (elements), Offset = 0 (elements)
 will be used to compute the reported bandwidth.
Memory per array = 76.3 MiB (= 0.1 GiB).
-------------------------------------------------------------
Total memory required = 228.9 MiB (= 0.2 GiB).
Your clock granularity/precision appears to be 1 microseconds.
Each kernel will be executed 10 times.
Each test below will take on the order of 7466 microseconds.
 The *best* time for each kernel (excluding the first iteration)
   (= 7466 clock ticks)
 will be used to compute the reported bandwidth.
Increase the size of the arrays if this shows that
-------------------------------------------------------------
you are not getting at least 20 clock ticks per test.
Your clock granularity/precision appears to be 1 microseconds.
-------------------------------------------------------------
Each test below will take on the order of 8827 microseconds.
WARNING -- The above is only a rough guideline.
   (= 8827 clock ticks)
For best results, please be sure you know the
Increase the size of the arrays if this shows that
precision of your system timer.
you are not getting at least 20 clock ticks per test.
-------------------------------------------------------------
-------------------------------------------------------------
Function    Best Rate MB/s  Avg time     Min time     Max time
WARNING -- The above is only a rough guideline.
Copy:            7603.5     0.024872     0.021043     0.026547
For best results, please be sure you know the
Scale:           3732.3     0.047069     0.042869     0.049500
precision of your system timer.
Add:             4211.9     0.065171     0.056981     0.068798
-------------------------------------------------------------
Triad:           4330.2     0.064196     0.055425     0.067702
Function    Best Rate MB/s  Avg time     Min time     Max time
-------------------------------------------------------------
Copy:            8045.1     0.027733     0.019888     0.030197
Solution Validates: avg error less than 1.000000e-13 on all three arrays
-------------------------------------------------------------
Scale:           3772.2     0.047253     0.042416     0.049941
-------------------------------------------------------------
STREAM version $Revision: 5.10 $
Add:             4281.4     0.063520     0.056056     0.067014
-------------------------------------------------------------
Triad:           4320.0     0.063249     0.055556     0.066414
This system uses 8 bytes per array element.
-------------------------------------------------------------
-------------------------------------------------------------
Solution Validates: avg error less than 1.000000e-13 on all three arrays
Array size = 10000000 (elements), Offset = 0 (elements)
-------------------------------------------------------------
Memory per array = 76.3 MiB (= 0.1 GiB).
Total memory required = 228.9 MiB (= 0.2 GiB).
Each kernel will be executed 10 times.
 The *best* time for each kernel (excluding the first iteration)
 will be used to compute the reported bandwidth.
-------------------------------------------------------------
Your clock granularity/precision appears to be 1 microseconds.
Each test below will take on the order of 9048 microseconds.
   (= 9048 clock ticks)
Increase the size of the arrays if this shows that
you are not getting at least 20 clock ticks per test.
-------------------------------------------------------------
WARNING -- The above is only a rough guideline.
For best results, please be sure you know the
precision of your system timer.
-------------------------------------------------------------
Function    Best Rate MB/s  Avg time     Min time     Max time
Copy:            8226.6     0.028319     0.019449     0.030580
Scale:           4307.7     0.046448     0.037143     0.049452
Add:             4314.3     0.063298     0.055629     0.067058
Triad:           4307.2     0.063665     0.055721     0.071555
-------------------------------------------------------------
Solution Validates: avg error less than 1.000000e-13 on all three arrays
-------------------------------------------------------------
-------------------------------------------------------------
STREAM version $Revision: 5.10 $
-------------------------------------------------------------
This system uses 8 bytes per array element.
-------------------------------------------------------------
Array size = 10000000 (elements), Offset = 0 (elements)
Memory per array = 76.3 MiB (= 0.1 GiB).
Total memory required = 228.9 MiB (= 0.2 GiB).
Each kernel will be executed 10 times.
 The *best* time for each kernel (excluding the first iteration)
 will be used to compute the reported bandwidth.
-------------------------------------------------------------
Your clock granularity/precision appears to be 1 microseconds.
Each test below will take on the order of 25460 microseconds.
   (= 25460 clock ticks)
Increase the size of the arrays if this shows that
you are not getting at least 20 clock ticks per test.
-------------------------------------------------------------
WARNING -- The above is only a rough guideline.
For best results, please be sure you know the
precision of your system timer.
-------------------------------------------------------------
Function    Best Rate MB/s  Avg time     Min time     Max time
Copy:            7037.3     0.025480     0.022736     0.027266
Scale:           4114.0     0.042856     0.038892     0.046439
Add:             4434.8     0.065267     0.054118     0.071633
Triad:           5666.8     0.060078     0.042352     0.067270
-------------------------------------------------------------
Solution Validates: avg error less than 1.000000e-13 on all three arrays
-------------------------------------------------------------
-------------------------------------------------------------
STREAM version $Revision: 5.10 $
-------------------------------------------------------------
This system uses 8 bytes per array element.
-------------------------------------------------------------
Array size = 10000000 (elements), Offset = 0 (elements)
Memory per array = 76.3 MiB (= 0.1 GiB).
Total memory required = 228.9 MiB (= 0.2 GiB).
Each kernel will be executed 10 times.
 The *best* time for each kernel (excluding the first iteration)
 will be used to compute the reported bandwidth.
-------------------------------------------------------------
Your clock granularity/precision appears to be 1 microseconds.
Each test below will take on the order of 22881 microseconds.
   (= 22881 clock ticks)
Increase the size of the arrays if this shows that
you are not getting at least 20 clock ticks per test.
-------------------------------------------------------------
WARNING -- The above is only a rough guideline.
For best results, please be sure you know the
precision of your system timer.
-------------------------------------------------------------
Function    Best Rate MB/s  Avg time     Min time     Max time
Copy:            7011.7     0.025436     0.022819     0.027554
Scale:           4138.8     0.042596     0.038658     0.045760
Add:             4527.1     0.065269     0.053014     0.071765
Triad:           6277.5     0.059937     0.038232     0.067540
-------------------------------------------------------------
Solution Validates: avg error less than 1.000000e-13 on all three arrays
-------------------------------------------------------------
-------------------------------------------------------------
STREAM version $Revision: 5.10 $
-------------------------------------------------------------
This system uses 8 bytes per array element.
-------------------------------------------------------------
Array size = 10000000 (elements), Offset = 0 (elements)
-------------------------------------------------------------
Memory per array = 76.3 MiB (= 0.1 GiB).
STREAM version $Revision: 5.10 $
Total memory required = 228.9 MiB (= 0.2 GiB).
-------------------------------------------------------------
Each kernel will be executed 10 times.
This system uses 8 bytes per array element.
 The *best* time for each kernel (excluding the first iteration)
-------------------------------------------------------------
 will be used to compute the reported bandwidth.
Array size = 10000000 (elements), Offset = 0 (elements)
-------------------------------------------------------------
Memory per array = 76.3 MiB (= 0.1 GiB).
Your clock granularity/precision appears to be 1 microseconds.
Total memory required = 228.9 MiB (= 0.2 GiB).
Each test below will take on the order of 12593 microseconds.
Each kernel will be executed 10 times.
   (= 12593 clock ticks)
 The *best* time for each kernel (excluding the first iteration)
Increase the size of the arrays if this shows that
 will be used to compute the reported bandwidth.
you are not getting at least 20 clock ticks per test.
-------------------------------------------------------------
-------------------------------------------------------------
Your clock granularity/precision appears to be 1 microseconds.
WARNING -- The above is only a rough guideline.
Each test below will take on the order of 15259 microseconds.
For best results, please be sure you know the
   (= 15259 clock ticks)
precision of your system timer.
Increase the size of the arrays if this shows that
-------------------------------------------------------------
you are not getting at least 20 clock ticks per test.
Function    Best Rate MB/s  Avg time     Min time     Max time
-------------------------------------------------------------
Copy:            7215.6     0.024989     0.022174     0.027124
WARNING -- The above is only a rough guideline.
Scale:           3959.8     0.045379     0.040406     0.049304
For best results, please be sure you know the
Add:             4071.9     0.064903     0.058940     0.069310
precision of your system timer.
Triad:           4387.1     0.060992     0.054706     0.065707
-------------------------------------------------------------
-------------------------------------------------------------
Function    Best Rate MB/s  Avg time     Min time     Max time
Solution Validates: avg error less than 1.000000e-13 on all three arrays
Copy:            7557.1     0.025153     0.021172     0.026960
-------------------------------------------------------------
-------------------------------------------------------------
Scale:           4163.4     0.043484     0.038430     0.045594
STREAM version $Revision: 5.10 $
Add:             4327.6     0.062906     0.055458     0.065682
-------------------------------------------------------------
Triad:           4331.0     0.069828     0.055415     0.074805
This system uses 8 bytes per array element.
-------------------------------------------------------------
-------------------------------------------------------------
Solution Validates: avg error less than 1.000000e-13 on all three arrays
Array size = 10000000 (elements), Offset = 0 (elements)
-------------------------------------------------------------
Memory per array = 76.3 MiB (= 0.1 GiB).
Total memory required = 228.9 MiB (= 0.2 GiB).
Each kernel will be executed 10 times.
 The *best* time for each kernel (excluding the first iteration)
 will be used to compute the reported bandwidth.
-------------------------------------------------------------
Your clock granularity/precision appears to be 1 microseconds.
Each test below will take on the order of 13761 microseconds.
   (= 13761 clock ticks)
Increase the size of the arrays if this shows that
you are not getting at least 20 clock ticks per test.
-------------------------------------------------------------
WARNING -- The above is only a rough guideline.
For best results, please be sure you know the
precision of your system timer.
-------------------------------------------------------------
Function    Best Rate MB/s  Avg time     Min time     Max time
Copy:            7318.0     0.024924     0.021864     0.026642
Scale:           4015.2     0.045173     0.039849     0.048329
Add:             4322.6     0.063020     0.055522     0.065873
Triad:           4478.7     0.068293     0.053587     0.080001
-------------------------------------------------------------
Solution Validates: avg error less than 1.000000e-13 on all three arrays
-------------------------------------------------------------
-------------------------------------------------------------
STREAM version $Revision: 5.10 $
-------------------------------------------------------------
-------------------------------------------------------------
-------------------------------------------------------------
STREAM version $Revision: 5.10 $
STREAM version $Revision: 5.10 $
This system uses 8 bytes per array element.
-------------------------------------------------------------
-------------------------------------------------------------
-------------------------------------------------------------
This system uses 8 bytes per array element.
This system uses 8 bytes per array element.
Array size = 10000000 (elements), Offset = 0 (elements)
-------------------------------------------------------------
-------------------------------------------------------------
Memory per array = 76.3 MiB (= 0.1 GiB).
Array size = 10000000 (elements), Offset = 0 (elements)
Array size = 10000000 (elements), Offset = 0 (elements)
Total memory required = 228.9 MiB (= 0.2 GiB).
Memory per array = 76.3 MiB (= 0.1 GiB).
Memory per array = 76.3 MiB (= 0.1 GiB).
Each kernel will be executed 10 times.
Total memory required = 228.9 MiB (= 0.2 GiB).
-------------------------------------------------------------
Total memory required = 228.9 MiB (= 0.2 GiB).
-------------------------------------------------------------
-------------------------------------------------------------
-------------------------------------------------------------
-------------------------------------------------------------
-------------------------------------------------------------
-------------------------------------------------------------
 The *best* time for each kernel (excluding the first iteration)
-------------------------------------------------------------
Each kernel will be executed 10 times.
-------------------------------------------------------------
STREAM version $Revision: 5.10 $
Each kernel will be executed 10 times.
-------------------------------------------------------------
-------------------------------------------------------------
-------------------------------------------------------------
-------------------------------------------------------------
STREAM version $Revision: 5.10 $
STREAM version $Revision: 5.10 $
STREAM version $Revision: 5.10 $
STREAM version $Revision: 5.10 $
-------------------------------------------------------------
-------------------------------------------------------------
-------------------------------------------------------------
STREAM version $Revision: 5.10 $
STREAM version $Revision: 5.10 $
 will be used to compute the reported bandwidth.
STREAM version $Revision: 5.10 $
 The *best* time for each kernel (excluding the first iteration)
-------------------------------------------------------------
STREAM version $Revision: 5.10 $
-------------------------------------------------------------
 The *best* time for each kernel (excluding the first iteration)
STREAM version $Revision: 5.10 $
STREAM version $Revision: 5.10 $
STREAM version $Revision: 5.10 $
STREAM version $Revision: 5.10 $
-------------------------------------------------------------
-------------------------------------------------------------
-------------------------------------------------------------
-------------------------------------------------------------
-------------------------------------------------------------
STREAM version $Revision: 5.10 $
STREAM version $Revision: 5.10 $
 will be used to compute the reported bandwidth.
STREAM version $Revision: 5.10 $
STREAM version $Revision: 5.10 $
-------------------------------------------------------------
This system uses 8 bytes per array element.
-------------------------------------------------------------
-------------------------------------------------------------
 will be used to compute the reported bandwidth.
-------------------------------------------------------------
-------------------------------------------------------------
-------------------------------------------------------------
-------------------------------------------------------------
-------------------------------------------------------------
This system uses 8 bytes per array element.
This system uses 8 bytes per array element.
This system uses 8 bytes per array element.
This system uses 8 bytes per array element.
-------------------------------------------------------------
-------------------------------------------------------------
-------------------------------------------------------------
-------------------------------------------------------------
-------------------------------------------------------------
-------------------------------------------------------------
-------------------------------------------------------------
-------------------------------------------------------------
-------------------------------------------------------------
-------------------------------------------------------------
-------------------------------------------------------------
This system uses 8 bytes per array element.
-------------------------------------------------------------
This system uses 8 bytes per array element.
-------------------------------------------------------------
This system uses 8 bytes per array element.
-------------------------------------------------------------
Your clock granularity/precision appears to be 1 microseconds.
This system uses 8 bytes per array element.
This system uses 8 bytes per array element.
This system uses 8 bytes per array element.
-------------------------------------------------------------
This system uses 8 bytes per array element.
This system uses 8 bytes per array element.
-------------------------------------------------------------
-------------------------------------------------------------
-------------------------------------------------------------
-------------------------------------------------------------
STREAM version $Revision: 5.10 $
STREAM version $Revision: 5.10 $
STREAM version $Revision: 5.10 $
STREAM version $Revision: 5.10 $
STREAM version $Revision: 5.10 $
STREAM version $Revision: 5.10 $
STREAM version $Revision: 5.10 $
STREAM version $Revision: 5.10 $
This system uses 8 bytes per array element.
This system uses 8 bytes per array element.
-------------------------------------------------------------
Array size = 10000000 (elements), Offset = 0 (elements)
-------------------------------------------------------------
This system uses 8 bytes per array element.
-------------------------------------------------------------
Your clock granularity/precision appears to be 1 microseconds.
Each test below will take on the order of 12742 microseconds.
-------------------------------------------------------------
This system uses 8 bytes per array element.
-------------------------------------------------------------
-------------------------------------------------------------
Your clock granularity/precision appears to be 1 microseconds.
-------------------------------------------------------------
-------------------------------------------------------------
Array size = 10000000 (elements), Offset = 0 (elements)
Array size = 10000000 (elements), Offset = 0 (elements)
Array size = 10000000 (elements), Offset = 0 (elements)
Array size = 10000000 (elements), Offset = 0 (elements)
-------------------------------------------------------------
-------------------------------------------------------------
-------------------------------------------------------------
-------------------------------------------------------------
-------------------------------------------------------------
-------------------------------------------------------------
-------------------------------------------------------------
-------------------------------------------------------------
-------------------------------------------------------------
-------------------------------------------------------------
Array size = 10000000 (elements), Offset = 0 (elements)
Memory per array = 76.3 MiB (= 0.1 GiB).
Array size = 10000000 (elements), Offset = 0 (elements)
-------------------------------------------------------------
Array size = 10000000 (elements), Offset = 0 (elements)
Each test below will take on the order of 11620 microseconds.
   (= 12742 clock ticks)
Array size = 10000000 (elements), Offset = 0 (elements)
-------------------------------------------------------------
Array size = 10000000 (elements), Offset = 0 (elements)
Array size = 10000000 (elements), Offset = 0 (elements)
Each test below will take on the order of 17367 microseconds.
Array size = 10000000 (elements), Offset = 0 (elements)
Array size = 10000000 (elements), Offset = 0 (elements)
Memory per array = 76.3 MiB (= 0.1 GiB).
Memory per array = 76.3 MiB (= 0.1 GiB).
Memory per array = 76.3 MiB (= 0.1 GiB).
Memory per array = 76.3 MiB (= 0.1 GiB).
This system uses 8 bytes per array element.
This system uses 8 bytes per array element.
This system uses 8 bytes per array element.
This system uses 8 bytes per array element.
This system uses 8 bytes per array element.
This system uses 8 bytes per array element.
This system uses 8 bytes per array element.
This system uses 8 bytes per array element.
Array size = 10000000 (elements), Offset = 0 (elements)
Array size = 10000000 (elements), Offset = 0 (elements)
Memory per array = 76.3 MiB (= 0.1 GiB).
Total memory required = 228.9 MiB (= 0.2 GiB).
Memory per array = 76.3 MiB (= 0.1 GiB).
Array size = 10000000 (elements), Offset = 0 (elements)
Memory per array = 76.3 MiB (= 0.1 GiB).
   (= 11620 clock ticks)
Increase the size of the arrays if this shows that
Memory per array = 76.3 MiB (= 0.1 GiB).
Array size = 10000000 (elements), Offset = 0 (elements)
Memory per array = 76.3 MiB (= 0.1 GiB).
Memory per array = 76.3 MiB (= 0.1 GiB).
   (= 17367 clock ticks)
Memory per array = 76.3 MiB (= 0.1 GiB).
Memory per array = 76.3 MiB (= 0.1 GiB).
Total memory required = 228.9 MiB (= 0.2 GiB).
Total memory required = 228.9 MiB (= 0.2 GiB).
Total memory required = 228.9 MiB (= 0.2 GiB).
Total memory required = 228.9 MiB (= 0.2 GiB).
-------------------------------------------------------------
-------------------------------------------------------------
-------------------------------------------------------------
-------------------------------------------------------------
-------------------------------------------------------------
-------------------------------------------------------------
-------------------------------------------------------------
-------------------------------------------------------------
Memory per array = 76.3 MiB (= 0.1 GiB).
Memory per array = 76.3 MiB (= 0.1 GiB).
Total memory required = 228.9 MiB (= 0.2 GiB).
Each kernel will be executed 10 times.
Total memory required = 228.9 MiB (= 0.2 GiB).
Memory per array = 76.3 MiB (= 0.1 GiB).
Total memory required = 228.9 MiB (= 0.2 GiB).
Increase the size of the arrays if this shows that
you are not getting at least 20 clock ticks per test.
Total memory required = 228.9 MiB (= 0.2 GiB).
Memory per array = 76.3 MiB (= 0.1 GiB).
Total memory required = 228.9 MiB (= 0.2 GiB).
Total memory required = 228.9 MiB (= 0.2 GiB).
Increase the size of the arrays if this shows that
Total memory required = 228.9 MiB (= 0.2 GiB).
Total memory required = 228.9 MiB (= 0.2 GiB).
Each kernel will be executed 10 times.
Each kernel will be executed 10 times.
Each kernel will be executed 10 times.
Each kernel will be executed 10 times.
Array size = 10000000 (elements), Offset = 0 (elements)
Array size = 10000000 (elements), Offset = 0 (elements)
Array size = 10000000 (elements), Offset = 0 (elements)
Array size = 10000000 (elements), Offset = 0 (elements)
Array size = 10000000 (elements), Offset = 0 (elements)
Array size = 10000000 (elements), Offset = 0 (elements)
Array size = 10000000 (elements), Offset = 0 (elements)
Array size = 10000000 (elements), Offset = 0 (elements)
Total memory required = 228.9 MiB (= 0.2 GiB).
Total memory required = 228.9 MiB (= 0.2 GiB).
Each kernel will be executed 10 times.
 The *best* time for each kernel (excluding the first iteration)
Each kernel will be executed 10 times.
Total memory required = 228.9 MiB (= 0.2 GiB).
Each kernel will be executed 10 times.
you are not getting at least 20 clock ticks per test.
-------------------------------------------------------------
Each kernel will be executed 10 times.
Total memory required = 228.9 MiB (= 0.2 GiB).
Each kernel will be executed 10 times.
Each kernel will be executed 10 times.
you are not getting at least 20 clock ticks per test.
Each kernel will be executed 10 times.
Each kernel will be executed 10 times.
 The *best* time for each kernel (excluding the first iteration)
 The *best* time for each kernel (excluding the first iteration)
 The *best* time for each kernel (excluding the first iteration)
 The *best* time for each kernel (excluding the first iteration)
Memory per array = 76.3 MiB (= 0.1 GiB).
Memory per array = 76.3 MiB (= 0.1 GiB).
Memory per array = 76.3 MiB (= 0.1 GiB).
Memory per array = 76.3 MiB (= 0.1 GiB).
Memory per array = 76.3 MiB (= 0.1 GiB).
Memory per array = 76.3 MiB (= 0.1 GiB).
Memory per array = 76.3 MiB (= 0.1 GiB).
Memory per array = 76.3 MiB (= 0.1 GiB).
Each kernel will be executed 10 times.
Each kernel will be executed 10 times.
 The *best* time for each kernel (excluding the first iteration)
 will be used to compute the reported bandwidth.
 The *best* time for each kernel (excluding the first iteration)
Each kernel will be executed 10 times.
 The *best* time for each kernel (excluding the first iteration)
-------------------------------------------------------------
WARNING -- The above is only a rough guideline.
 The *best* time for each kernel (excluding the first iteration)
Each kernel will be executed 10 times.
 The *best* time for each kernel (excluding the first iteration)
 The *best* time for each kernel (excluding the first iteration)
-------------------------------------------------------------
 The *best* time for each kernel (excluding the first iteration)
 The *best* time for each kernel (excluding the first iteration)
 will be used to compute the reported bandwidth.
 will be used to compute the reported bandwidth.
 will be used to compute the reported bandwidth.
 will be used to compute the reported bandwidth.
Total memory required = 228.9 MiB (= 0.2 GiB).
Total memory required = 228.9 MiB (= 0.2 GiB).
Total memory required = 228.9 MiB (= 0.2 GiB).
Total memory required = 228.9 MiB (= 0.2 GiB).
Total memory required = 228.9 MiB (= 0.2 GiB).
Total memory required = 228.9 MiB (= 0.2 GiB).
Total memory required = 228.9 MiB (= 0.2 GiB).
Total memory required = 228.9 MiB (= 0.2 GiB).
 will be used to compute the reported bandwidth.
 The *best* time for each kernel (excluding the first iteration)
 The *best* time for each kernel (excluding the first iteration)
-------------------------------------------------------------
 will be used to compute the reported bandwidth.
 The *best* time for each kernel (excluding the first iteration)
 will be used to compute the reported bandwidth.
WARNING -- The above is only a rough guideline.
For best results, please be sure you know the
 will be used to compute the reported bandwidth.
 The *best* time for each kernel (excluding the first iteration)
 will be used to compute the reported bandwidth.
 will be used to compute the reported bandwidth.
WARNING -- The above is only a rough guideline.
 will be used to compute the reported bandwidth.
 will be used to compute the reported bandwidth.
-------------------------------------------------------------
-------------------------------------------------------------
-------------------------------------------------------------
-------------------------------------------------------------
Each kernel will be executed 10 times.
Each kernel will be executed 10 times.
Each kernel will be executed 10 times.
Each kernel will be executed 10 times.
Each kernel will be executed 10 times.
Each kernel will be executed 10 times.
Each kernel will be executed 10 times.
Each kernel will be executed 10 times.
-------------------------------------------------------------
 will be used to compute the reported bandwidth.
 will be used to compute the reported bandwidth.
Your clock granularity/precision appears to be 1 microseconds.
-------------------------------------------------------------
 will be used to compute the reported bandwidth.
-------------------------------------------------------------
For best results, please be sure you know the
precision of your system timer.
-------------------------------------------------------------
 will be used to compute the reported bandwidth.
-------------------------------------------------------------
-------------------------------------------------------------
For best results, please be sure you know the
-------------------------------------------------------------
-------------------------------------------------------------
Your clock granularity/precision appears to be 1 microseconds.
Your clock granularity/precision appears to be 1 microseconds.
Your clock granularity/precision appears to be 1 microseconds.
Your clock granularity/precision appears to be 1 microseconds.
 The *best* time for each kernel (excluding the first iteration)
 The *best* time for each kernel (excluding the first iteration)
 The *best* time for each kernel (excluding the first iteration)
 The *best* time for each kernel (excluding the first iteration)
 The *best* time for each kernel (excluding the first iteration)
 The *best* time for each kernel (excluding the first iteration)
 The *best* time for each kernel (excluding the first iteration)
 The *best* time for each kernel (excluding the first iteration)
Your clock granularity/precision appears to be 1 microseconds.
-------------------------------------------------------------
-------------------------------------------------------------
Each test below will take on the order of 21177 microseconds.
Your clock granularity/precision appears to be 1 microseconds.
-------------------------------------------------------------
Your clock granularity/precision appears to be 1 microseconds.
precision of your system timer.
-------------------------------------------------------------
Your clock granularity/precision appears to be 1 microseconds.
-------------------------------------------------------------
Your clock granularity/precision appears to be 1 microseconds.
Your clock granularity/precision appears to be 1 microseconds.
precision of your system timer.
Your clock granularity/precision appears to be 1 microseconds.
Your clock granularity/precision appears to be 1 microseconds.
Each test below will take on the order of 30522 microseconds.
Each test below will take on the order of 31906 microseconds.
Each test below will take on the order of 19643 microseconds.
Each test below will take on the order of 18829 microseconds.
 will be used to compute the reported bandwidth.
 will be used to compute the reported bandwidth.
 will be used to compute the reported bandwidth.
 will be used to compute the reported bandwidth.
 will be used to compute the reported bandwidth.
 will be used to compute the reported bandwidth.
 will be used to compute the reported bandwidth.
 will be used to compute the reported bandwidth.
Each test below will take on the order of 26641 microseconds.
Your clock granularity/precision appears to be 1 microseconds.
Your clock granularity/precision appears to be 1 microseconds.
   (= 21177 clock ticks)
Each test below will take on the order of 25194 microseconds.
Your clock granularity/precision appears to be 1 microseconds.
Each test below will take on the order of 20005 microseconds.
-------------------------------------------------------------
Function    Best Rate MB/s  Avg time     Min time     Max time
Each test below will take on the order of 31996 microseconds.
Your clock granularity/precision appears to be 1 microseconds.
Each test below will take on the order of 31183 microseconds.
Each test below will take on the order of 26239 microseconds.
-------------------------------------------------------------
Each test below will take on the order of 25730 microseconds.
Each test below will take on the order of 27705 microseconds.
   (= 30522 clock ticks)
   (= 31906 clock ticks)
   (= 19643 clock ticks)
   (= 18829 clock ticks)
-------------------------------------------------------------
-------------------------------------------------------------
-------------------------------------------------------------
-------------------------------------------------------------
-------------------------------------------------------------
-------------------------------------------------------------
-------------------------------------------------------------
-------------------------------------------------------------
   (= 26641 clock ticks)
Each test below will take on the order of 27736 microseconds.
Each test below will take on the order of 23893 microseconds.
Increase the size of the arrays if this shows that
   (= 25194 clock ticks)
Each test below will take on the order of 17107 microseconds.
   (= 20005 clock ticks)
Function    Best Rate MB/s  Avg time     Min time     Max time
Copy:            7406.0     0.023853     0.021604     0.025826
   (= 31996 clock ticks)
Each test below will take on the order of 12992 microseconds.
   (= 31183 clock ticks)
   (= 26239 clock ticks)
Function    Best Rate MB/s  Avg time     Min time     Max time
   (= 25730 clock ticks)
   (= 27705 clock ticks)
Increase the size of the arrays if this shows that
Increase the size of the arrays if this shows that
Increase the size of the arrays if this shows that
Increase the size of the arrays if this shows that
Your clock granularity/precision appears to be 1 microseconds.
Your clock granularity/precision appears to be 1 microseconds.
Your clock granularity/precision appears to be 1 microseconds.
Your clock granularity/precision appears to be 1 microseconds.
Your clock granularity/precision appears to be 1 microseconds.
Your clock granularity/precision appears to be 1 microseconds.
Your clock granularity/precision appears to be 1 microseconds.
Your clock granularity/precision appears to be 1 microseconds.
Increase the size of the arrays if this shows that
   (= 27736 clock ticks)
   (= 23893 clock ticks)
you are not getting at least 20 clock ticks per test.
Increase the size of the arrays if this shows that
   (= 17107 clock ticks)
Increase the size of the arrays if this shows that
Copy:            7176.8     0.026155     0.022294     0.033205
Scale:           3776.4     0.044717     0.042368     0.047799
Increase the size of the arrays if this shows that
   (= 12992 clock ticks)
Increase the size of the arrays if this shows that
Increase the size of the arrays if this shows that
Copy:            7328.0     0.024904     0.021834     0.026445
Increase the size of the arrays if this shows that
Increase the size of the arrays if this shows that
you are not getting at least 20 clock ticks per test.
you are not getting at least 20 clock ticks per test.
you are not getting at least 20 clock ticks per test.
you are not getting at least 20 clock ticks per test.
Each test below will take on the order of 32686 microseconds.
Each test below will take on the order of 33528 microseconds.
Each test below will take on the order of 28994 microseconds.
Each test below will take on the order of 26603 microseconds.
Each test below will take on the order of 32914 microseconds.
Each test below will take on the order of 31625 microseconds.
Each test below will take on the order of 26201 microseconds.
Each test below will take on the order of 26304 microseconds.
you are not getting at least 20 clock ticks per test.
Increase the size of the arrays if this shows that
Increase the size of the arrays if this shows that
-------------------------------------------------------------
you are not getting at least 20 clock ticks per test.
Increase the size of the arrays if this shows that
you are not getting at least 20 clock ticks per test.
Scale:           3901.7     0.046473     0.041008     0.051003
Add:             5676.9     0.063457     0.042277     0.072898
you are not getting at least 20 clock ticks per test.
Increase the size of the arrays if this shows that
you are not getting at least 20 clock ticks per test.
you are not getting at least 20 clock ticks per test.
Scale:           4114.2     0.043938     0.038890     0.046010
you are not getting at least 20 clock ticks per test.
you are not getting at least 20 clock ticks per test.
-------------------------------------------------------------
-------------------------------------------------------------
-------------------------------------------------------------
-------------------------------------------------------------
   (= 32686 clock ticks)
   (= 33528 clock ticks)
   (= 28994 clock ticks)
   (= 26603 clock ticks)
   (= 32914 clock ticks)
   (= 31625 clock ticks)
   (= 26201 clock ticks)
   (= 26304 clock ticks)
-------------------------------------------------------------
you are not getting at least 20 clock ticks per test.
you are not getting at least 20 clock ticks per test.
WARNING -- The above is only a rough guideline.
-------------------------------------------------------------
you are not getting at least 20 clock ticks per test.
-------------------------------------------------------------
Add:             4157.0     0.063938     0.057734     0.070263
Triad:           6772.6     0.058500     0.035437     0.066201
-------------------------------------------------------------
you are not getting at least 20 clock ticks per test.
-------------------------------------------------------------
-------------------------------------------------------------
Add:             4333.7     0.063742     0.055380     0.067219
-------------------------------------------------------------
-------------------------------------------------------------
WARNING -- The above is only a rough guideline.
WARNING -- The above is only a rough guideline.
WARNING -- The above is only a rough guideline.
WARNING -- The above is only a rough guideline.
Increase the size of the arrays if this shows that
Increase the size of the arrays if this shows that
Increase the size of the arrays if this shows that
Increase the size of the arrays if this shows that
Increase the size of the arrays if this shows that
Increase the size of the arrays if this shows that
Increase the size of the arrays if this shows that
Increase the size of the arrays if this shows that
WARNING -- The above is only a rough guideline.
-------------------------------------------------------------
-------------------------------------------------------------
For best results, please be sure you know the
WARNING -- The above is only a rough guideline.
-------------------------------------------------------------
WARNING -- The above is only a rough guideline.
Triad:           4481.8     0.061411     0.053550     0.066378
-------------------------------------------------------------
WARNING -- The above is only a rough guideline.
-------------------------------------------------------------
WARNING -- The above is only a rough guideline.
WARNING -- The above is only a rough guideline.
Triad:           4726.3     0.067928     0.050780     0.072645
WARNING -- The above is only a rough guideline.
WARNING -- The above is only a rough guideline.
For best results, please be sure you know the
For best results, please be sure you know the
For best results, please be sure you know the
For best results, please be sure you know the
you are not getting at least 20 clock ticks per test.
you are not getting at least 20 clock ticks per test.
you are not getting at least 20 clock ticks per test.
you are not getting at least 20 clock ticks per test.
you are not getting at least 20 clock ticks per test.
you are not getting at least 20 clock ticks per test.
you are not getting at least 20 clock ticks per test.
you are not getting at least 20 clock ticks per test.
For best results, please be sure you know the
WARNING -- The above is only a rough guideline.
WARNING -- The above is only a rough guideline.
precision of your system timer.
For best results, please be sure you know the
WARNING -- The above is only a rough guideline.
For best results, please be sure you know the
-------------------------------------------------------------
Solution Validates: avg error less than 1.000000e-13 on all three arrays
For best results, please be sure you know the
WARNING -- The above is only a rough guideline.
For best results, please be sure you know the
For best results, please be sure you know the
-------------------------------------------------------------
For best results, please be sure you know the
For best results, please be sure you know the
precision of your system timer.
precision of your system timer.
precision of your system timer.
precision of your system timer.
-------------------------------------------------------------
-------------------------------------------------------------
-------------------------------------------------------------
-------------------------------------------------------------
-------------------------------------------------------------
-------------------------------------------------------------
-------------------------------------------------------------
-------------------------------------------------------------
precision of your system timer.
For best results, please be sure you know the
For best results, please be sure you know the
-------------------------------------------------------------
precision of your system timer.
For best results, please be sure you know the
precision of your system timer.
Solution Validates: avg error less than 1.000000e-13 on all three arrays
-------------------------------------------------------------
-------------------------------------------------------------
precision of your system timer.
For best results, please be sure you know the
precision of your system timer.
precision of your system timer.
Solution Validates: avg error less than 1.000000e-13 on all three arrays
precision of your system timer.
precision of your system timer.
-------------------------------------------------------------
-------------------------------------------------------------
-------------------------------------------------------------
-------------------------------------------------------------
WARNING -- The above is only a rough guideline.
WARNING -- The above is only a rough guideline.
WARNING -- The above is only a rough guideline.
WARNING -- The above is only a rough guideline.
WARNING -- The above is only a rough guideline.
WARNING -- The above is only a rough guideline.
WARNING -- The above is only a rough guideline.
WARNING -- The above is only a rough guideline.
-------------------------------------------------------------
precision of your system timer.
precision of your system timer.
Function    Best Rate MB/s  Avg time     Min time     Max time
-------------------------------------------------------------
precision of your system timer.
-------------------------------------------------------------
-------------------------------------------------------------
STREAM version $Revision: 5.10 $
-------------------------------------------------------------
precision of your system timer.
-------------------------------------------------------------
-------------------------------------------------------------
-------------------------------------------------------------
-------------------------------------------------------------
-------------------------------------------------------------
Function    Best Rate MB/s  Avg time     Min time     Max time
Function    Best Rate MB/s  Avg time     Min time     Max time
Function    Best Rate MB/s  Avg time     Min time     Max time
Function    Best Rate MB/s  Avg time     Min time     Max time
For best results, please be sure you know the
For best results, please be sure you know the
For best results, please be sure you know the
For best results, please be sure you know the
For best results, please be sure you know the
For best results, please be sure you know the
For best results, please be sure you know the
For best results, please be sure you know the
Function    Best Rate MB/s  Avg time     Min time     Max time
-------------------------------------------------------------
-------------------------------------------------------------
Copy:            7325.7     0.024433     0.021841     0.026685
Function    Best Rate MB/s  Avg time     Min time     Max time
-------------------------------------------------------------
Function    Best Rate MB/s  Avg time     Min time     Max time
-------------------------------------------------------------
Function    Best Rate MB/s  Avg time     Min time     Max time
-------------------------------------------------------------
Function    Best Rate MB/s  Avg time     Min time     Max time
Function    Best Rate MB/s  Avg time     Min time     Max time
Function    Best Rate MB/s  Avg time     Min time     Max time
Function    Best Rate MB/s  Avg time     Min time     Max time
Copy:            8042.7     0.024081     0.019894     0.027925
Copy:            7873.2     0.024109     0.020322     0.027651
Copy:            7148.9     0.025665     0.022381     0.030716
Copy:            7076.8     0.025213     0.022609     0.027517
precision of your system timer.
precision of your system timer.
precision of your system timer.
precision of your system timer.
precision of your system timer.
precision of your system timer.
precision of your system timer.
precision of your system timer.
Copy:            7474.9     0.024105     0.021405     0.026125
Function    Best Rate MB/s  Avg time     Min time     Max time
Function    Best Rate MB/s  Avg time     Min time     Max time
Scale:           3982.4     0.044710     0.040177     0.048161
Copy:            8757.1     0.023383     0.018271     0.025409
Function    Best Rate MB/s  Avg time     Min time     Max time
Copy:            8035.0     0.023226     0.019913     0.025219
This system uses 8 bytes per array element.
Copy:            7801.5     0.025579     0.020509     0.032025
Function    Best Rate MB/s  Avg time     Min time     Max time
Copy:            8303.1     0.024764     0.019270     0.030805
Copy:            7796.1     0.026447     0.020523     0.031988
Copy:            7752.3     0.027905     0.020639     0.029899
Copy:            7916.5     0.027205     0.020211     0.037583
Scale:           4930.1     0.041413     0.032454     0.047380
Scale:           5083.1     0.040297     0.031477     0.045805
Scale:           4425.3     0.044446     0.036156     0.052867
Scale:           5201.2     0.042289     0.030762     0.052404
-------------------------------------------------------------
-------------------------------------------------------------
-------------------------------------------------------------
-------------------------------------------------------------
-------------------------------------------------------------
-------------------------------------------------------------
-------------------------------------------------------------
-------------------------------------------------------------
Scale:           4132.8     0.042510     0.038715     0.045273
Copy:            8970.7     0.023473     0.017836     0.026223
Copy:            9105.3     0.023778     0.017572     0.026821
Add:             4403.2     0.061511     0.054506     0.066048
Scale:           5147.5     0.044393     0.031083     0.049244
Copy:            8384.9     0.023914     0.019082     0.026042
Scale:           4102.4     0.046136     0.039002     0.049488
-------------------------------------------------------------
-------------------------------------------------------------
Scale:           5708.4     0.040810     0.028029     0.046455
Copy:            7269.4     0.023850     0.022010     0.026001
Scale:           5033.0     0.041323     0.031790     0.047348
Scale:           4774.8     0.042035     0.033509     0.051473
Scale:           4392.9     0.047174     0.036422     0.050628
Scale:           5134.7     0.041384     0.031161     0.048569
Add:             5288.6     0.055662     0.045381     0.067724
Add:             5236.4     0.054501     0.045833     0.065514
Add:             5324.8     0.055761     0.045072     0.066371
Add:             5274.9     0.056416     0.045499     0.066646
Function    Best Rate MB/s  Avg time     Min time     Max time
Function    Best Rate MB/s  Avg time     Min time     Max time
Function    Best Rate MB/s  Avg time     Min time     Max time
Function    Best Rate MB/s  Avg time     Min time     Max time
Function    Best Rate MB/s  Avg time     Min time     Max time
Function    Best Rate MB/s  Avg time     Min time     Max time
Function    Best Rate MB/s  Avg time     Min time     Max time
Function    Best Rate MB/s  Avg time     Min time     Max time
Add:             4420.2     0.061387     0.054296     0.066013
Scale:           3878.0     0.044046     0.041258     0.046312
Scale:           5466.4     0.043565     0.029270     0.048699
Triad:           4625.8     0.064683     0.051883     0.071777
Add:             6726.6     0.059016     0.035679     0.067241
Scale:           4882.5     0.045765     0.032770     0.050609
Add:             6526.4     0.059597     0.036774     0.068351
STREAM version $Revision: 5.10 $
Array size = 10000000 (elements), Offset = 0 (elements)
Add:             5519.4     0.054716     0.043483     0.066096
Scale:           3884.2     0.046016     0.041193     0.048715
Add:             5223.2     0.055204     0.045949     0.066533
Add:             5265.9     0.055463     0.045576     0.067276
Add:            11429.1     0.059903     0.020999     0.067558
Add:             5240.9     0.054523     0.045794     0.066643
Triad:           5445.9     0.055858     0.044070     0.068263
Triad:           5186.8     0.057553     0.046271     0.070654
Triad:           5575.4     0.053971     0.043046     0.066183
Triad:           5513.8     0.055886     0.043527     0.067705
Copy:            7106.4     0.025989     0.022515     0.030023
Copy:           11454.8     0.024881     0.013968     0.033330
Copy:            7460.9     0.027445     0.021445     0.033441
Copy:            7669.5     0.027144     0.020862     0.033610
Copy:            6990.6     0.025737     0.022888     0.029043
Copy:            6811.1     0.026050     0.023491     0.028576
Copy:            6731.8     0.027350     0.023768     0.035562
Copy:           11614.5     0.027040     0.013776     0.040045
Triad:           5018.5     0.066206     0.047823     0.074796
Add:             6767.8     0.059053     0.035462     0.067845
Add:             5910.0     0.058824     0.040609     0.067016
-------------------------------------------------------------
Triad:           7676.1     0.059476     0.031266     0.070184
Add:             5844.0     0.059522     0.041068     0.067590
Triad:           7397.6     0.059518     0.032443     0.067250
-------------------------------------------------------------
Memory per array = 76.3 MiB (= 0.1 GiB).
Triad:           5502.3     0.055937     0.043618     0.068862
Add:             5782.0     0.062758     0.041508     0.072239
Triad:           5570.8     0.056730     0.043082     0.066036
Triad:           5621.0     0.055404     0.042697     0.065927
Triad:          16623.7     0.057650     0.014437     0.065876
Triad:           5297.4     0.054983     0.045305     0.065068
-------------------------------------------------------------
-------------------------------------------------------------
-------------------------------------------------------------
-------------------------------------------------------------
Scale:           6362.4     0.043505     0.025148     0.049415
Scale:           8030.8     0.040821     0.019923     0.047865
Scale:           7123.5     0.042686     0.022461     0.048171
Scale:           7099.1     0.044149     0.022538     0.059336
Scale:           6168.8     0.043689     0.025937     0.058746
Scale:           4124.3     0.042981     0.038794     0.047197
Scale:           5392.8     0.042635     0.029669     0.047925
Scale:           7914.4     0.040139     0.020216     0.047866
-------------------------------------------------------------
Triad:           8428.2     0.059530     0.028476     0.072655
Triad:           6697.6     0.060504     0.035834     0.075997
Solution Validates: avg error less than 1.000000e-13 on all three arrays
-------------------------------------------------------------
Triad:           6161.0     0.058925     0.038955     0.068229
-------------------------------------------------------------
This system uses 8 bytes per array element.
Total memory required = 228.9 MiB (= 0.2 GiB).
-------------------------------------------------------------
Triad:           5570.6     0.059567     0.043083     0.065883
-------------------------------------------------------------
-------------------------------------------------------------
-------------------------------------------------------------
-------------------------------------------------------------
Solution Validates: avg error less than 1.000000e-13 on all three arrays
Solution Validates: avg error less than 1.000000e-13 on all three arrays
Solution Validates: avg error less than 1.000000e-13 on all three arrays
Solution Validates: avg error less than 1.000000e-13 on all three arrays
Add:             8885.2     0.057651     0.027011     0.065887
Add:             8864.3     0.057964     0.027075     0.067507
Add:             8923.3     0.056996     0.026896     0.065704
Add:             8931.3     0.057099     0.026872     0.065912
Add:             8999.8     0.057661     0.026667     0.066069
Add:             9099.9     0.058339     0.026374     0.067228
Add:             8683.7     0.058551     0.027638     0.066146
Add:             9218.1     0.058068     0.026036     0.070725
Solution Validates: avg error less than 1.000000e-13 on all three arrays
-------------------------------------------------------------
-------------------------------------------------------------
-------------------------------------------------------------
Solution Validates: avg error less than 1.000000e-13 on all three arrays
-------------------------------------------------------------
Solution Validates: avg error less than 1.000000e-13 on all three arrays
-------------------------------------------------------------
Each kernel will be executed 10 times.
Solution Validates: avg error less than 1.000000e-13 on all three arrays
-------------------------------------------------------------
Solution Validates: avg error less than 1.000000e-13 on all three arrays
Solution Validates: avg error less than 1.000000e-13 on all three arrays
Solution Validates: avg error less than 1.000000e-13 on all three arrays
Solution Validates: avg error less than 1.000000e-13 on all three arrays
-------------------------------------------------------------
-------------------------------------------------------------
-------------------------------------------------------------
-------------------------------------------------------------
Triad:           8928.6     0.056387     0.026880     0.066206
Triad:           9217.6     0.061544     0.026037     0.073886
Triad:           9143.9     0.056843     0.026247     0.068017
Triad:           9161.7     0.056855     0.026196     0.065641
Triad:           9294.4     0.057413     0.025822     0.066267
Triad:           9470.1     0.056657     0.025343     0.065857
Triad:           7970.5     0.056689     0.030111     0.065245
Triad:          10725.7     0.061765     0.022376     0.075068
-------------------------------------------------------------
Solution Validates: avg error less than 1.000000e-13 on all three arrays
Solution Validates: avg error less than 1.000000e-13 on all three arrays
-------------------------------------------------------------
Solution Validates: avg error less than 1.000000e-13 on all three arrays
-------------------------------------------------------------
-------------------------------------------------------------
Array size = 10000000 (elements), Offset = 0 (elements)
 The *best* time for each kernel (excluding the first iteration)
-------------------------------------------------------------
Solution Validates: avg error less than 1.000000e-13 on all three arrays
-------------------------------------------------------------
-------------------------------------------------------------
-------------------------------------------------------------
-------------------------------------------------------------
-------------------------------------------------------------
-------------------------------------------------------------
-------------------------------------------------------------
-------------------------------------------------------------
-------------------------------------------------------------
-------------------------------------------------------------
-------------------------------------------------------------
-------------------------------------------------------------
-------------------------------------------------------------
-------------------------------------------------------------
-------------------------------------------------------------
STREAM version $Revision: 5.10 $
Memory per array = 76.3 MiB (= 0.1 GiB).
 will be used to compute the reported bandwidth.
-------------------------------------------------------------
Solution Validates: avg error less than 1.000000e-13 on all three arrays
Solution Validates: avg error less than 1.000000e-13 on all three arrays
Solution Validates: avg error less than 1.000000e-13 on all three arrays
Solution Validates: avg error less than 1.000000e-13 on all three arrays
Solution Validates: avg error less than 1.000000e-13 on all three arrays
Solution Validates: avg error less than 1.000000e-13 on all three arrays
Solution Validates: avg error less than 1.000000e-13 on all three arrays
Solution Validates: avg error less than 1.000000e-13 on all three arrays
-------------------------------------------------------------
Total memory required = 228.9 MiB (= 0.2 GiB).
-------------------------------------------------------------
-------------------------------------------------------------
-------------------------------------------------------------
-------------------------------------------------------------
-------------------------------------------------------------
-------------------------------------------------------------
-------------------------------------------------------------
-------------------------------------------------------------
-------------------------------------------------------------
This system uses 8 bytes per array element.
Each kernel will be executed 10 times.
Your clock granularity/precision appears to be 1 microseconds.
-------------------------------------------------------------
 The *best* time for each kernel (excluding the first iteration)
Each test below will take on the order of 27889 microseconds.
-------------------------------------------------------------
Array size = 10000000 (elements), Offset = 0 (elements)
 will be used to compute the reported bandwidth.
   (= 27889 clock ticks)
STREAM version $Revision: 5.10 $
Memory per array = 76.3 MiB (= 0.1 GiB).
-------------------------------------------------------------
Increase the size of the arrays if this shows that
-------------------------------------------------------------
Total memory required = 228.9 MiB (= 0.2 GiB).
Your clock granularity/precision appears to be 1 microseconds.
you are not getting at least 20 clock ticks per test.
This system uses 8 bytes per array element.
Each kernel will be executed 10 times.
Each test below will take on the order of 26334 microseconds.
-------------------------------------------------------------
-------------------------------------------------------------
 The *best* time for each kernel (excluding the first iteration)
   (= 26334 clock ticks)
WARNING -- The above is only a rough guideline.
Array size = 10000000 (elements), Offset = 0 (elements)
 will be used to compute the reported bandwidth.
Increase the size of the arrays if this shows that
For best results, please be sure you know the
Memory per array = 76.3 MiB (= 0.1 GiB).
-------------------------------------------------------------
you are not getting at least 20 clock ticks per test.
precision of your system timer.
Total memory required = 228.9 MiB (= 0.2 GiB).
Your clock granularity/precision appears to be 1 microseconds.
-------------------------------------------------------------
-------------------------------------------------------------
Each kernel will be executed 10 times.
Each test below will take on the order of 27438 microseconds.
WARNING -- The above is only a rough guideline.
Function    Best Rate MB/s  Avg time     Min time     Max time
 The *best* time for each kernel (excluding the first iteration)
   (= 27438 clock ticks)
For best results, please be sure you know the
Copy:           10863.6     0.027675     0.014728     0.030836
 will be used to compute the reported bandwidth.
Increase the size of the arrays if this shows that
precision of your system timer.
Scale:           8057.6     0.042367     0.019857     0.048811
-------------------------------------------------------------
you are not getting at least 20 clock ticks per test.
-------------------------------------------------------------
Add:             9227.9     0.058858     0.026008     0.068264
Your clock granularity/precision appears to be 1 microseconds.
-------------------------------------------------------------
Function    Best Rate MB/s  Avg time     Min time     Max time
Triad:           9241.1     0.056893     0.025971     0.066061
Each test below will take on the order of 30951 microseconds.
WARNING -- The above is only a rough guideline.
Copy:           10598.7     0.027474     0.015096     0.030420
-------------------------------------------------------------
   (= 30951 clock ticks)
For best results, please be sure you know the
Scale:           8024.5     0.042690     0.019939     0.049201
Solution Validates: avg error less than 1.000000e-13 on all three arrays
Increase the size of the arrays if this shows that
precision of your system timer.
Add:             9220.9     0.059339     0.026028     0.068901
-------------------------------------------------------------
you are not getting at least 20 clock ticks per test.
-------------------------------------------------------------
Triad:           8209.1     0.056941     0.029236     0.065192
-------------------------------------------------------------
Function    Best Rate MB/s  Avg time     Min time     Max time
-------------------------------------------------------------
WARNING -- The above is only a rough guideline.
Copy:           10287.4     0.024262     0.015553     0.026963
Solution Validates: avg error less than 1.000000e-13 on all three arrays
For best results, please be sure you know the
Scale:           7560.4     0.044636     0.021163     0.050961
-------------------------------------------------------------
precision of your system timer.
Add:            10066.6     0.059925     0.023841     0.068552
-------------------------------------------------------------
Triad:           9296.6     0.056813     0.025816     0.066268
Function    Best Rate MB/s  Avg time     Min time     Max time
-------------------------------------------------------------
Copy:           10756.3     0.026816     0.014875     0.029724
Solution Validates: avg error less than 1.000000e-13 on all three arrays
Scale:           5417.8     0.043332     0.029532     0.048722
-------------------------------------------------------------
Add:             8894.6     0.059162     0.026983     0.068291
Triad:           9232.9     0.057385     0.025994     0.066745
-------------------------------------------------------------
Solution Validates: avg error less than 1.000000e-13 on all three arrays
-------------------------------------------------------------
-------------------------------------------------------------
STREAM version $Revision: 5.10 $
-------------------------------------------------------------
This system uses 8 bytes per array element.
-------------------------------------------------------------
Array size = 10000000 (elements), Offset = 0 (elements)
Memory per array = 76.3 MiB (= 0.1 GiB).
Total memory required = 228.9 MiB (= 0.2 GiB).
Each kernel will be executed 10 times.
 The *best* time for each kernel (excluding the first iteration)
 will be used to compute the reported bandwidth.
-------------------------------------------------------------
Your clock granularity/precision appears to be 1 microseconds.
Each test below will take on the order of 31077 microseconds.
   (= 31077 clock ticks)
Increase the size of the arrays if this shows that
you are not getting at least 20 clock ticks per test.
-------------------------------------------------------------
WARNING -- The above is only a rough guideline.
For best results, please be sure you know the
precision of your system timer.
-------------------------------------------------------------
Function    Best Rate MB/s  Avg time     Min time     Max time
Copy:           11256.5     0.024213     0.014214     0.027205
Scale:           8160.7     0.045479     0.019606     0.051756
Add:            10673.3     0.058343     0.022486     0.067404
Triad:           9203.2     0.057117     0.026078     0.067197
-------------------------------------------------------------
Solution Validates: avg error less than 1.000000e-13 on all three arrays
-------------------------------------------------------------
-------------------------------------------------------------
STREAM version $Revision: 5.10 $
-------------------------------------------------------------
This system uses 8 bytes per array element.
-------------------------------------------------------------
Array size = 10000000 (elements), Offset = 0 (elements)
Memory per array = 76.3 MiB (= 0.1 GiB).
Total memory required = 228.9 MiB (= 0.2 GiB).
Each kernel will be executed 10 times.
 The *best* time for each kernel (excluding the first iteration)
 will be used to compute the reported bandwidth.
-------------------------------------------------------------
Your clock granularity/precision appears to be 1 microseconds.
Each test below will take on the order of 32568 microseconds.
   (= 32568 clock ticks)
Increase the size of the arrays if this shows that
you are not getting at least 20 clock ticks per test.
-------------------------------------------------------------
WARNING -- The above is only a rough guideline.
For best results, please be sure you know the
precision of your system timer.
-------------------------------------------------------------
Function    Best Rate MB/s  Avg time     Min time     Max time
Copy:           13413.7     0.024159     0.011928     0.033493
Scale:           8179.1     0.041759     0.019562     0.046337
Add:             9038.9     0.057916     0.026552     0.079136
Triad:          10575.9     0.061428     0.022693     0.079586
-------------------------------------------------------------
Solution Validates: avg error less than 1.000000e-13 on all three arrays
-------------------------------------------------------------
-------------------------------------------------------------
STREAM version $Revision: 5.10 $
-------------------------------------------------------------
This system uses 8 bytes per array element.
-------------------------------------------------------------
Array size = 10000000 (elements), Offset = 0 (elements)
Memory per array = 76.3 MiB (= 0.1 GiB).
Total memory required = 228.9 MiB (= 0.2 GiB).
Each kernel will be executed 10 times.
 The *best* time for each kernel (excluding the first iteration)
 will be used to compute the reported bandwidth.
-------------------------------------------------------------
Your clock granularity/precision appears to be 1 microseconds.
Each test below will take on the order of 28254 microseconds.
   (= 28254 clock ticks)
Increase the size of the arrays if this shows that
you are not getting at least 20 clock ticks per test.
-------------------------------------------------------------
WARNING -- The above is only a rough guideline.
For best results, please be sure you know the
precision of your system timer.
-------------------------------------------------------------
Function    Best Rate MB/s  Avg time     Min time     Max time
Copy:           12116.6     0.024699     0.013205     0.028303
Scale:           6649.0     0.042213     0.024064     0.046621
Add:             9054.2     0.056911     0.026507     0.065815
Triad:          10307.1     0.059072     0.023285     0.072133
-------------------------------------------------------------
Solution Validates: avg error less than 1.000000e-13 on all three arrays
-------------------------------------------------------------
-------------------------------------------------------------
STREAM version $Revision: 5.10 $
-------------------------------------------------------------
This system uses 8 bytes per array element.
-------------------------------------------------------------
Array size = 10000000 (elements), Offset = 0 (elements)
Memory per array = 76.3 MiB (= 0.1 GiB).
Total memory required = 228.9 MiB (= 0.2 GiB).
Each kernel will be executed 10 times.
 The *best* time for each kernel (excluding the first iteration)
 will be used to compute the reported bandwidth.
-------------------------------------------------------------
Your clock granularity/precision appears to be 1 microseconds.
Each test below will take on the order of 33351 microseconds.
   (= 33351 clock ticks)
Increase the size of the arrays if this shows that
you are not getting at least 20 clock ticks per test.
-------------------------------------------------------------
WARNING -- The above is only a rough guideline.
For best results, please be sure you know the
precision of your system timer.
-------------------------------------------------------------
Function    Best Rate MB/s  Avg time     Min time     Max time
Copy:           13209.9     0.025174     0.012112     0.029226
Scale:           6478.3     0.042085     0.024698     0.047176
Add:             8956.6     0.057007     0.026796     0.066273
Triad:          11261.9     0.059816     0.021311     0.074139
-------------------------------------------------------------
Solution Validates: avg error less than 1.000000e-13 on all three arrays
-------------------------------------------------------------
START OF JOBSPEC
{"resources": [{"type": "node", "count": 1, "with": [{"type": "slot", "count": 56, "with": [{"type": "core", "count": 1}], "label": "task"}]}], "tasks": [{"command": ["stream_c.exe"], "slot": "task", "count": {"per_slot": 1}}], "attributes": {"system": {"duration": 0, "cwd": "/opt/stream", "shell": {"options": {"rlimit": {"cpu": -1, "fsize": -1, "data": -1, "stack": 8388608, "core": -1, "nofile": 1048576, "as": -1, "rss": -1, "nproc": -1}, "cpu-affinity": "per-task"}}, "constraints": {"hostlist": ["flux-sample-11"]}}, "user": {"study_id": "stream-1-iter-1-node-11"}}, "version": 1}
START OF EVENTLOG
{"timestamp":1724287339.423264,"name":"init"}
{"timestamp":1724287339.4239783,"name":"starting"}
{"timestamp":1724287339.4378133,"name":"shell.init","context":{"service":"0-shell-fgUiRnjy","leader-rank":11,"size":1}}
{"timestamp":1724287339.7255642,"name":"shell.start","context":{"taskmap":{"version":1,"map":[[0,1,56,1]]}}}
{"timestamp":1724287340.566412,"name":"shell.task-exit","context":{"localid":25,"rank":25,"state":"Exited","pid":93,"wait_status":0,"signaled":0,"exitcode":0}}
{"timestamp":1724287341.8996418,"name":"complete","context":{"status":0}}
{"timestamp":1724287341.8996568,"name":"done"}

