 OMP_NUM_THREADS=2
      creating/filling mesh...0.017715s, total time: 0.017715
generating matrix structure...0.039139s, total time: 0.056854
         assembling FE data...0.00410509s, total time: 0.0609591
      imposing Dirichlet BC...0.00059104s, total time: 0.0615501
      imposing Dirichlet BC...1.90735e-06s, total time: 0.061552
making matrix indices local...0.0218379s, total time: 0.08339
Starting CG solver ... 
Initial Residual = 231.002
Iteration = 20   Residual = 0.0630316
Iteration = 40   Residual = 0.123739
Iteration = 60   Residual = 0.00962045
Iteration = 80   Residual = 0.00578267
Iteration = 100   Residual = 0.00485321
Iteration = 120   Residual = 3.92103e-05
Iteration = 140   Residual = 0.000123854
Iteration = 160   Residual = 3.39174e-06
Iteration = 180   Residual = 1.93675e-05
Iteration = 200   Residual = 3.60367e-06
Final Resid Norm: 3.60367e-06
START OF JOBSPEC
{"resources": [{"type": "node", "count": 8, "with": [{"type": "slot", "count": 8, "with": [{"type": "core", "count": 1}, {"type": "gpu", "count": 1}], "label": "task"}]}], "tasks": [{"command": ["miniFE.x", "nx=230", "ny=230", "nz=230", "num_devices=8", "use_locking=1", "elem_group_size=10", "use_elem_mat_fields=300", "verify_solution=0"], "slot": "task", "count": {"per_slot": 1}}], "attributes": {"system": {"duration": 0, "cwd": "/opt/minife", "shell": {"options": {"rlimit": {"cpu": -1, "fsize": -1, "data": -1, "stack": 10485760, "core": -1, "nofile": 1048576, "as": -1, "rss": -1, "nproc": -1}, "cpu-affinity": "per-task", "gpu-affinity": "per-task"}}}, "user": {"study_id": "minife-8-iter-11"}}, "version": 1}
START OF EVENTLOG
{"timestamp":1724703243.6236787,"name":"init"}
{"timestamp":1724703243.6245217,"name":"starting"}
{"timestamp":1724703243.6372139,"name":"shell.init","context":{"service":"0-shell-f2K3NJUcF","leader-rank":0,"size":8}}
{"timestamp":1724703243.6504097,"name":"shell.start","context":{"taskmap":{"version":1,"map":[[0,8,8,1]]}}}
{"timestamp":1724703246.5965524,"name":"shell.task-exit","context":{"localid":2,"rank":10,"state":"Exited","pid":769,"wait_status":0,"signaled":0,"exitcode":0}}
{"timestamp":1724703246.9589605,"name":"complete","context":{"status":0}}
{"timestamp":1724703246.9589846,"name":"done"}

