# OSU MPI Latency Test v5.8
# Size          Latency (us)
0                      32.63
1                      32.59
2                      32.66
4                      32.90
8                      32.79
16                     32.67
32                     35.84
64                     35.82
128                    35.85
256                    36.09
512                    36.86
1024                   37.75
2048                   48.10
4096                   54.36
8192                   62.92
16384                  79.43
32768                 114.22
65536                 315.68
131072                289.23
262144                319.75
524288                500.43
1048576               738.48
2097152              1672.03
4194304              4097.37
START OF JOBSPEC
{"resources": [{"type": "node", "count": 2, "with": [{"type": "slot", "count": 1, "with": [{"type": "core", "count": 1}], "label": "task"}]}], "tasks": [{"command": ["singularity", "exec", "/opt/containers/metric-osu-cpu_rocky-8.sif", "/opt/osu-benchmark/build.openmpi/mpi/pt2pt/osu_latency"], "slot": "task", "count": {"per_slot": 1}}], "attributes": {"system": {"duration": 0, "cwd": "/home/sochat1_llnl_gov", "shell": {"options": {"rlimit": {"cpu": -1, "fsize": -1, "data": -1, "stack": 8388608, "core": 0, "nofile": 262144, "as": -1, "rss": -1, "nproc": 1803560}, "cpu-affinity": "per-task"}}, "constraints": {"hostlist": ["flux-083,flux-103"]}}, "user": {"study_id": "osu-2-iter-6"}}, "version": 1}
START OF EVENTLOG
{"timestamp":1724798759.9691195,"name":"init"}
{"timestamp":1724798759.9699082,"name":"starting"}
{"timestamp":1724798759.9863517,"name":"shell.init","context":{"service":"1356918789-shell-f32a21ebh","leader-rank":82,"size":2}}
{"timestamp":1724798759.9894519,"name":"shell.start","context":{"taskmap":{"version":1,"map":[[0,2,1,1]]}}}
{"timestamp":1724798788.8529036,"name":"shell.task-exit","context":{"localid":0,"rank":1,"state":"Exited","pid":29119,"wait_status":0,"signaled":0,"exitcode":0}}
{"timestamp":1724798788.8787758,"name":"complete","context":{"status":0}}
{"timestamp":1724798788.8787999,"name":"done"}

