-------------------------------------------------------------
STREAM version $Revision: 5.10 $
-------------------------------------------------------------
This system uses 8 bytes per array element.
-------------------------------------------------------------
Array size = 10000000 (elements), Offset = 0 (elements)
Memory per array = 76.3 MiB (= 0.1 GiB).
Total memory required = 228.9 MiB (= 0.2 GiB).
Each kernel will be executed 10 times.
 The *best* time for each kernel (excluding the first iteration)
 will be used to compute the reported bandwidth.
-------------------------------------------------------------
Your clock granularity/precision appears to be 1 microseconds.
Each test below will take on the order of 22839 microseconds.
   (= 22839 clock ticks)
Increase the size of the arrays if this shows that
you are not getting at least 20 clock ticks per test.
-------------------------------------------------------------
WARNING -- The above is only a rough guideline.
For best results, please be sure you know the
precision of your system timer.
-------------------------------------------------------------
Function    Best Rate MB/s  Avg time     Min time     Max time
Copy:           10865.9     0.021835     0.014725     0.037544
Scale:          10418.7     0.020497     0.015357     0.036499
Add:            12061.4     0.032536     0.019898     0.052239
Triad:          11794.2     0.040152     0.020349     0.055678
-------------------------------------------------------------
Solution Validates: avg error less than 1.000000e-13 on all three arrays
-------------------------------------------------------------
-------------------------------------------------------------
STREAM version $Revision: 5.10 $
-------------------------------------------------------------
This system uses 8 bytes per array element.
-------------------------------------------------------------
Array size = 10000000 (elements), Offset = 0 (elements)
Memory per array = 76.3 MiB (= 0.1 GiB).
Total memory required = 228.9 MiB (= 0.2 GiB).
Each kernel will be executed 10 times.
 The *best* time for each kernel (excluding the first iteration)
 will be used to compute the reported bandwidth.
-------------------------------------------------------------
Your clock granularity/precision appears to be 1 microseconds.
Each test below will take on the order of 13535 microseconds.
   (= 13535 clock ticks)
Increase the size of the arrays if this shows that
you are not getting at least 20 clock ticks per test.
-------------------------------------------------------------
WARNING -- The above is only a rough guideline.
For best results, please be sure you know the
precision of your system timer.
-------------------------------------------------------------
Function    Best Rate MB/s  Avg time     Min time     Max time
Copy:           10689.4     0.029703     0.014968     0.038507
Scale:          10261.8     0.028493     0.015592     0.037366
Add:            11645.3     0.038864     0.020609     0.054668
Triad:          11298.4     0.043381     0.021242     0.055215
-------------------------------------------------------------
Solution Validates: avg error less than 1.000000e-13 on all three arrays
-------------------------------------------------------------
-------------------------------------------------------------
STREAM version $Revision: 5.10 $
-------------------------------------------------------------
This system uses 8 bytes per array element.
-------------------------------------------------------------
Array size = 10000000 (elements), Offset = 0 (elements)
Memory per array = 76.3 MiB (= 0.1 GiB).
Total memory required = 228.9 MiB (= 0.2 GiB).
Each kernel will be executed 10 times.
 The *best* time for each kernel (excluding the first iteration)
 will be used to compute the reported bandwidth.
-------------------------------------------------------------
Your clock granularity/precision appears to be 1 microseconds.
Each test below will take on the order of 21656 microseconds.
   (= 21656 clock ticks)
Increase the size of the arrays if this shows that
you are not getting at least 20 clock ticks per test.
-------------------------------------------------------------
WARNING -- The above is only a rough guideline.
For best results, please be sure you know the
precision of your system timer.
-------------------------------------------------------------
Function    Best Rate MB/s  Avg time     Min time     Max time
Copy:           10817.4     0.028008     0.014791     0.036917
Scale:          10248.0     0.028246     0.015613     0.037121
Add:            11895.9     0.038059     0.020175     0.052949
Triad:          11632.9     0.035666     0.020631     0.052055
-------------------------------------------------------------
Solution Validates: avg error less than 1.000000e-13 on all three arrays
-------------------------------------------------------------
-------------------------------------------------------------
STREAM version $Revision: 5.10 $
-------------------------------------------------------------
This system uses 8 bytes per array element.
-------------------------------------------------------------
Array size = 10000000 (elements), Offset = 0 (elements)
Memory per array = 76.3 MiB (= 0.1 GiB).
Total memory required = 228.9 MiB (= 0.2 GiB).
Each kernel will be executed 10 times.
 The *best* time for each kernel (excluding the first iteration)
 will be used to compute the reported bandwidth.
-------------------------------------------------------------
Your clock granularity/precision appears to be 1 microseconds.
Each test below will take on the order of 23302 microseconds.
   (= 23302 clock ticks)
Increase the size of the arrays if this shows that
you are not getting at least 20 clock ticks per test.
-------------------------------------------------------------
WARNING -- The above is only a rough guideline.
For best results, please be sure you know the
precision of your system timer.
-------------------------------------------------------------
Function    Best Rate MB/s  Avg time     Min time     Max time
Copy:           10917.7     0.029768     0.014655     0.037087
Scale:          10463.0     0.027416     0.015292     0.037413
Add:            11858.2     0.038416     0.020239     0.052631
Triad:          11671.0     0.039349     0.020564     0.052315
-------------------------------------------------------------
Solution Validates: avg error less than 1.000000e-13 on all three arrays
-------------------------------------------------------------
-------------------------------------------------------------
STREAM version $Revision: 5.10 $
-------------------------------------------------------------
This system uses 8 bytes per array element.
-------------------------------------------------------------
Array size = 10000000 (elements), Offset = 0 (elements)
Memory per array = 76.3 MiB (= 0.1 GiB).
Total memory required = 228.9 MiB (= 0.2 GiB).
Each kernel will be executed 10 times.
 The *best* time for each kernel (excluding the first iteration)
 will be used to compute the reported bandwidth.
-------------------------------------------------------------
Your clock granularity/precision appears to be 1 microseconds.
Each test below will take on the order of 23090 microseconds.
   (= 23090 clock ticks)
Increase the size of the arrays if this shows that
you are not getting at least 20 clock ticks per test.
-------------------------------------------------------------
WARNING -- The above is only a rough guideline.
For best results, please be sure you know the
precision of your system timer.
-------------------------------------------------------------
Function    Best Rate MB/s  Avg time     Min time     Max time
Copy:           13546.7     0.030964     0.011811     0.036418
Scale:          12695.3     0.031275     0.012603     0.037529
Add:            15373.8     0.043052     0.015611     0.054032
Triad:          15505.7     0.041215     0.015478     0.052755
-------------------------------------------------------------
Solution Validates: avg error less than 1.000000e-13 on all three arrays
-------------------------------------------------------------
-------------------------------------------------------------
STREAM version $Revision: 5.10 $
-------------------------------------------------------------
This system uses 8 bytes per array element.
-------------------------------------------------------------
Array size = 10000000 (elements), Offset = 0 (elements)
Memory per array = 76.3 MiB (= 0.1 GiB).
Total memory required = 228.9 MiB (= 0.2 GiB).
Each kernel will be executed 10 times.
 The *best* time for each kernel (excluding the first iteration)
 will be used to compute the reported bandwidth.
-------------------------------------------------------------
Your clock granularity/precision appears to be 1 microseconds.
Each test below will take on the order of 21948 microseconds.
   (= 21948 clock ticks)
Increase the size of the arrays if this shows that
you are not getting at least 20 clock ticks per test.
-------------------------------------------------------------
WARNING -- The above is only a rough guideline.
For best results, please be sure you know the
precision of your system timer.
-------------------------------------------------------------
Function    Best Rate MB/s  Avg time     Min time     Max time
Copy:            7071.5     0.034555     0.022626     0.037399
Scale:           9421.2     0.031997     0.016983     0.037641
Add:            10802.1     0.045664     0.022218     0.053357
Triad:           8066.2     0.046116     0.029754     0.052842
-------------------------------------------------------------
Solution Validates: avg error less than 1.000000e-13 on all three arrays
-------------------------------------------------------------
-------------------------------------------------------------
STREAM version $Revision: 5.10 $
-------------------------------------------------------------
This system uses 8 bytes per array element.
-------------------------------------------------------------
Array size = 10000000 (elements), Offset = 0 (elements)
Memory per array = 76.3 MiB (= 0.1 GiB).
Total memory required = 228.9 MiB (= 0.2 GiB).
Each kernel will be executed 10 times.
 The *best* time for each kernel (excluding the first iteration)
 will be used to compute the reported bandwidth.
-------------------------------------------------------------
Your clock granularity/precision appears to be 1 microseconds.
Each test below will take on the order of 22325 microseconds.
   (= 22325 clock ticks)
Increase the size of the arrays if this shows that
you are not getting at least 20 clock ticks per test.
-------------------------------------------------------------
WARNING -- The above is only a rough guideline.
For best results, please be sure you know the
precision of your system timer.
-------------------------------------------------------------
Function    Best Rate MB/s  Avg time     Min time     Max time
Copy:            6314.1     0.033034     0.025340     0.037063
Scale:           8028.5     0.032958     0.019929     0.037642
Add:             6188.1     0.048749     0.038784     0.054689
Triad:           6775.8     0.047891     0.035420     0.053147
-------------------------------------------------------------
Solution Validates: avg error less than 1.000000e-13 on all three arrays
-------------------------------------------------------------
-------------------------------------------------------------
STREAM version $Revision: 5.10 $
-------------------------------------------------------------
This system uses 8 bytes per array element.
-------------------------------------------------------------
Array size = 10000000 (elements), Offset = 0 (elements)
Memory per array = 76.3 MiB (= 0.1 GiB).
Total memory required = 228.9 MiB (= 0.2 GiB).
Each kernel will be executed 10 times.
 The *best* time for each kernel (excluding the first iteration)
 will be used to compute the reported bandwidth.
-------------------------------------------------------------
Your clock granularity/precision appears to be 1 microseconds.
Each test below will take on the order of 20508 microseconds.
   (= 20508 clock ticks)
Increase the size of the arrays if this shows that
you are not getting at least 20 clock ticks per test.
-------------------------------------------------------------
WARNING -- The above is only a rough guideline.
For best results, please be sure you know the
precision of your system timer.
-------------------------------------------------------------
Function    Best Rate MB/s  Avg time     Min time     Max time
Copy:            5878.0     0.034666     0.027220     0.037710
Scale:           6034.8     0.033601     0.026513     0.036592
Add:             6530.0     0.047392     0.036753     0.052885
Triad:           9389.4     0.046834     0.025561     0.053794
-------------------------------------------------------------
Solution Validates: avg error less than 1.000000e-13 on all three arrays
-------------------------------------------------------------
-------------------------------------------------------------
STREAM version $Revision: 5.10 $
-------------------------------------------------------------
This system uses 8 bytes per array element.
-------------------------------------------------------------
Array size = 10000000 (elements), Offset = 0 (elements)
Memory per array = 76.3 MiB (= 0.1 GiB).
Total memory required = 228.9 MiB (= 0.2 GiB).
Each kernel will be executed 10 times.
 The *best* time for each kernel (excluding the first iteration)
 will be used to compute the reported bandwidth.
-------------------------------------------------------------
Your clock granularity/precision appears to be 1 microseconds.
Each test below will take on the order of 29109 microseconds.
   (= 29109 clock ticks)
Increase the size of the arrays if this shows that
you are not getting at least 20 clock ticks per test.
-------------------------------------------------------------
WARNING -- The above is only a rough guideline.
For best results, please be sure you know the
precision of your system timer.
-------------------------------------------------------------
-------------------------------------------------------------
Function    Best Rate MB/s  Avg time     Min time     Max time
STREAM version $Revision: 5.10 $
Copy:            4378.4     0.041355     0.036543     0.046227
-------------------------------------------------------------
Scale:           4772.1     0.042352     0.033528     0.047145
This system uses 8 bytes per array element.
Add:             5386.6     0.057307     0.044555     0.062578
-------------------------------------------------------------
Triad:           5580.2     0.056645     0.043009     0.063355
Array size = 10000000 (elements), Offset = 0 (elements)
-------------------------------------------------------------
Memory per array = 76.3 MiB (= 0.1 GiB).
Solution Validates: avg error less than 1.000000e-13 on all three arrays
Total memory required = 228.9 MiB (= 0.2 GiB).
-------------------------------------------------------------
Each kernel will be executed 10 times.
 The *best* time for each kernel (excluding the first iteration)
 will be used to compute the reported bandwidth.
-------------------------------------------------------------
Your clock granularity/precision appears to be 1 microseconds.
Each test below will take on the order of 28427 microseconds.
   (= 28427 clock ticks)
Increase the size of the arrays if this shows that
you are not getting at least 20 clock ticks per test.
-------------------------------------------------------------
WARNING -- The above is only a rough guideline.
For best results, please be sure you know the
precision of your system timer.
-------------------------------------------------------------
Function    Best Rate MB/s  Avg time     Min time     Max time
Copy:            4868.6     0.041407     0.032864     0.047048
Scale:           4754.8     0.042154     0.033650     0.046801
Add:             5766.9     0.055829     0.041617     0.059937
Triad:           5631.8     0.057325     0.042615     0.064937
-------------------------------------------------------------
Solution Validates: avg error less than 1.000000e-13 on all three arrays
-------------------------------------------------------------
-------------------------------------------------------------
STREAM version $Revision: 5.10 $
-------------------------------------------------------------
This system uses 8 bytes per array element.
-------------------------------------------------------------
Array size = 10000000 (elements), Offset = 0 (elements)
Memory per array = 76.3 MiB (= 0.1 GiB).
Total memory required = 228.9 MiB (= 0.2 GiB).
Each kernel will be executed 10 times.
 The *best* time for each kernel (excluding the first iteration)
-------------------------------------------------------------
 will be used to compute the reported bandwidth.
STREAM version $Revision: 5.10 $
-------------------------------------------------------------
-------------------------------------------------------------
Your clock granularity/precision appears to be 1 microseconds.
This system uses 8 bytes per array element.
-------------------------------------------------------------
Each test below will take on the order of 30040 microseconds.
-------------------------------------------------------------
STREAM version $Revision: 5.10 $
   (= 30040 clock ticks)
Array size = 10000000 (elements), Offset = 0 (elements)
-------------------------------------------------------------
Increase the size of the arrays if this shows that
Memory per array = 76.3 MiB (= 0.1 GiB).
This system uses 8 bytes per array element.
you are not getting at least 20 clock ticks per test.
Total memory required = 228.9 MiB (= 0.2 GiB).
-------------------------------------------------------------
-------------------------------------------------------------
Each kernel will be executed 10 times.
-------------------------------------------------------------
Array size = 10000000 (elements), Offset = 0 (elements)
WARNING -- The above is only a rough guideline.
 The *best* time for each kernel (excluding the first iteration)
STREAM version $Revision: 5.10 $
Memory per array = 76.3 MiB (= 0.1 GiB).
For best results, please be sure you know the
 will be used to compute the reported bandwidth.
-------------------------------------------------------------
Total memory required = 228.9 MiB (= 0.2 GiB).
precision of your system timer.
-------------------------------------------------------------
This system uses 8 bytes per array element.
-------------------------------------------------------------
Each kernel will be executed 10 times.
-------------------------------------------------------------
Your clock granularity/precision appears to be 1 microseconds.
-------------------------------------------------------------
STREAM version $Revision: 5.10 $
 The *best* time for each kernel (excluding the first iteration)
Function    Best Rate MB/s  Avg time     Min time     Max time
Each test below will take on the order of 28786 microseconds.
Array size = 10000000 (elements), Offset = 0 (elements)
-------------------------------------------------------------
 will be used to compute the reported bandwidth.
Copy:            4697.5     0.041003     0.034061     0.046266
   (= 28786 clock ticks)
Memory per array = 76.3 MiB (= 0.1 GiB).
This system uses 8 bytes per array element.
-------------------------------------------------------------
Scale:           4797.7     0.042137     0.033349     0.047049
Increase the size of the arrays if this shows that
Total memory required = 228.9 MiB (= 0.2 GiB).
-------------------------------------------------------------
Your clock granularity/precision appears to be 1 microseconds.
Add:             5129.2     0.057018     0.046791     0.061676
you are not getting at least 20 clock ticks per test.
Each kernel will be executed 10 times.
Array size = 10000000 (elements), Offset = 0 (elements)
Each test below will take on the order of 30889 microseconds.
Triad:           5119.2     0.057186     0.046882     0.062632
-------------------------------------------------------------
 The *best* time for each kernel (excluding the first iteration)
Memory per array = 76.3 MiB (= 0.1 GiB).
   (= 30889 clock ticks)
-------------------------------------------------------------
WARNING -- The above is only a rough guideline.
 will be used to compute the reported bandwidth.
Total memory required = 228.9 MiB (= 0.2 GiB).
Increase the size of the arrays if this shows that
Solution Validates: avg error less than 1.000000e-13 on all three arrays
For best results, please be sure you know the
-------------------------------------------------------------
Each kernel will be executed 10 times.
you are not getting at least 20 clock ticks per test.
-------------------------------------------------------------
precision of your system timer.
Your clock granularity/precision appears to be 1 microseconds.
 The *best* time for each kernel (excluding the first iteration)
-------------------------------------------------------------
-------------------------------------------------------------
Each test below will take on the order of 31100 microseconds.
 will be used to compute the reported bandwidth.
WARNING -- The above is only a rough guideline.
Function    Best Rate MB/s  Avg time     Min time     Max time
   (= 31100 clock ticks)
-------------------------------------------------------------
For best results, please be sure you know the
Copy:            4772.0     0.041268     0.033529     0.046549
Increase the size of the arrays if this shows that
Your clock granularity/precision appears to be 1 microseconds.
precision of your system timer.
-------------------------------------------------------------
Scale:           4688.4     0.042557     0.034127     0.047422
you are not getting at least 20 clock ticks per test.
Each test below will take on the order of 30495 microseconds.
-------------------------------------------------------------
STREAM version $Revision: 5.10 $
Add:             5149.2     0.058021     0.046609     0.062229
-------------------------------------------------------------
   (= 30495 clock ticks)
Function    Best Rate MB/s  Avg time     Min time     Max time
-------------------------------------------------------------
Triad:           5580.7     0.057048     0.043005     0.063880
WARNING -- The above is only a rough guideline.
Increase the size of the arrays if this shows that
Copy:            4813.1     0.041151     0.033243     0.046706
This system uses 8 bytes per array element.
-------------------------------------------------------------
For best results, please be sure you know the
you are not getting at least 20 clock ticks per test.
Scale:           4794.1     0.042239     0.033374     0.047080
-------------------------------------------------------------
Solution Validates: avg error less than 1.000000e-13 on all three arrays
precision of your system timer.
-------------------------------------------------------------
Add:             5234.9     0.056365     0.045846     0.060241
Array size = 10000000 (elements), Offset = 0 (elements)
-------------------------------------------------------------
-------------------------------------------------------------
WARNING -- The above is only a rough guideline.
Triad:           5111.3     0.057432     0.046955     0.063459
Memory per array = 76.3 MiB (= 0.1 GiB).
Function    Best Rate MB/s  Avg time     Min time     Max time
For best results, please be sure you know the
-------------------------------------------------------------
Total memory required = 228.9 MiB (= 0.2 GiB).
Copy:            4695.5     0.041815     0.034075     0.047326
precision of your system timer.
Solution Validates: avg error less than 1.000000e-13 on all three arrays
Each kernel will be executed 10 times.
Scale:           4721.0     0.042379     0.033891     0.047218
-------------------------------------------------------------
-------------------------------------------------------------
 The *best* time for each kernel (excluding the first iteration)
Add:             5378.7     0.056082     0.044620     0.059477
Function    Best Rate MB/s  Avg time     Min time     Max time
 will be used to compute the reported bandwidth.
Triad:           5343.7     0.057859     0.044913     0.064931
Copy:            4783.0     0.041717     0.033452     0.047485
-------------------------------------------------------------
-------------------------------------------------------------
Scale:           4692.1     0.042449     0.034100     0.047667
Your clock granularity/precision appears to be 1 microseconds.
Solution Validates: avg error less than 1.000000e-13 on all three arrays
Add:             5197.8     0.057080     0.046174     0.060468
Each test below will take on the order of 27846 microseconds.
-------------------------------------------------------------
Triad:           5370.6     0.057776     0.044688     0.064657
   (= 27846 clock ticks)
-------------------------------------------------------------
Increase the size of the arrays if this shows that
Solution Validates: avg error less than 1.000000e-13 on all three arrays
you are not getting at least 20 clock ticks per test.
-------------------------------------------------------------
-------------------------------------------------------------
WARNING -- The above is only a rough guideline.
For best results, please be sure you know the
precision of your system timer.
-------------------------------------------------------------
Function    Best Rate MB/s  Avg time     Min time     Max time
Copy:            4775.7     0.042032     0.033503     0.047479
Scale:           4770.3     0.041267     0.033541     0.045180
Add:             4075.4     0.059950     0.058890     0.061349
Triad:           6571.2     0.057351     0.036523     0.066263
-------------------------------------------------------------
Solution Validates: avg error less than 1.000000e-13 on all three arrays
-------------------------------------------------------------
-------------------------------------------------------------
STREAM version $Revision: 5.10 $
-------------------------------------------------------------
This system uses 8 bytes per array element.
-------------------------------------------------------------
Array size = 10000000 (elements), Offset = 0 (elements)
Memory per array = 76.3 MiB (= 0.1 GiB).
Total memory required = 228.9 MiB (= 0.2 GiB).
Each kernel will be executed 10 times.
 The *best* time for each kernel (excluding the first iteration)
 will be used to compute the reported bandwidth.
-------------------------------------------------------------
Your clock granularity/precision appears to be 1 microseconds.
Each test below will take on the order of 24805 microseconds.
   (= 24805 clock ticks)
Increase the size of the arrays if this shows that
you are not getting at least 20 clock ticks per test.
-------------------------------------------------------------
WARNING -- The above is only a rough guideline.
For best results, please be sure you know the
precision of your system timer.
-------------------------------------------------------------
Function    Best Rate MB/s  Avg time     Min time     Max time
Copy:            4252.9     0.042419     0.037621     0.044721
Scale:           4087.5     0.043891     0.039144     0.046415
Add:             4282.1     0.063284     0.056048     0.066512
Triad:           4511.6     0.060148     0.053196     0.062543
-------------------------------------------------------------
Solution Validates: avg error less than 1.000000e-13 on all three arrays
-------------------------------------------------------------
-------------------------------------------------------------
STREAM version $Revision: 5.10 $
-------------------------------------------------------------
This system uses 8 bytes per array element.
-------------------------------------------------------------
Array size = 10000000 (elements), Offset = 0 (elements)
Memory per array = 76.3 MiB (= 0.1 GiB).
Total memory required = 228.9 MiB (= 0.2 GiB).
Each kernel will be executed 10 times.
 The *best* time for each kernel (excluding the first iteration)
 will be used to compute the reported bandwidth.
-------------------------------------------------------------
-------------------------------------------------------------
STREAM version $Revision: 5.10 $
Your clock granularity/precision appears to be 1 microseconds.
-------------------------------------------------------------
Each test below will take on the order of 28993 microseconds.
This system uses 8 bytes per array element.
   (= 28993 clock ticks)
-------------------------------------------------------------
Increase the size of the arrays if this shows that
Array size = 10000000 (elements), Offset = 0 (elements)
you are not getting at least 20 clock ticks per test.
Memory per array = 76.3 MiB (= 0.1 GiB).
-------------------------------------------------------------
Total memory required = 228.9 MiB (= 0.2 GiB).
WARNING -- The above is only a rough guideline.
Each kernel will be executed 10 times.
For best results, please be sure you know the
 The *best* time for each kernel (excluding the first iteration)
precision of your system timer.
 will be used to compute the reported bandwidth.
-------------------------------------------------------------
-------------------------------------------------------------
Function    Best Rate MB/s  Avg time     Min time     Max time
Your clock granularity/precision appears to be 1 microseconds.
Copy:            4185.3     0.043270     0.038229     0.045084
-------------------------------------------------------------
Each test below will take on the order of 27498 microseconds.
Scale:           4095.9     0.043564     0.039064     0.046177
STREAM version $Revision: 5.10 $
   (= 27498 clock ticks)
Add:             4333.0     0.062090     0.055389     0.065193
-------------------------------------------------------------
Increase the size of the arrays if this shows that
Triad:           4560.8     0.060272     0.052622     0.062832
This system uses 8 bytes per array element.
you are not getting at least 20 clock ticks per test.
-------------------------------------------------------------
-------------------------------------------------------------
-------------------------------------------------------------
Solution Validates: avg error less than 1.000000e-13 on all three arrays
Array size = 10000000 (elements), Offset = 0 (elements)
WARNING -- The above is only a rough guideline.
-------------------------------------------------------------
Memory per array = 76.3 MiB (= 0.1 GiB).
For best results, please be sure you know the
Total memory required = 228.9 MiB (= 0.2 GiB).
-------------------------------------------------------------
precision of your system timer.
Each kernel will be executed 10 times.
STREAM version $Revision: 5.10 $
-------------------------------------------------------------
 The *best* time for each kernel (excluding the first iteration)
-------------------------------------------------------------
Function    Best Rate MB/s  Avg time     Min time     Max time
 will be used to compute the reported bandwidth.
This system uses 8 bytes per array element.
Copy:            4101.3     0.043825     0.039012     0.046385
-------------------------------------------------------------
-------------------------------------------------------------
Scale:           4174.6     0.043095     0.038327     0.045594
Your clock granularity/precision appears to be 1 microseconds.
Array size = 10000000 (elements), Offset = 0 (elements)
Add:             4419.7     0.060860     0.054302     0.063778
Each test below will take on the order of 29064 microseconds.
Memory per array = 76.3 MiB (= 0.1 GiB).
Triad:           5069.0     0.060212     0.047347     0.063959
   (= 29064 clock ticks)
Total memory required = 228.9 MiB (= 0.2 GiB).
-------------------------------------------------------------
Increase the size of the arrays if this shows that
Each kernel will be executed 10 times.
Solution Validates: avg error less than 1.000000e-13 on all three arrays
you are not getting at least 20 clock ticks per test.
 The *best* time for each kernel (excluding the first iteration)
-------------------------------------------------------------
-------------------------------------------------------------
 will be used to compute the reported bandwidth.
WARNING -- The above is only a rough guideline.
-------------------------------------------------------------
For best results, please be sure you know the
-------------------------------------------------------------
Your clock granularity/precision appears to be 1 microseconds.
precision of your system timer.
STREAM version $Revision: 5.10 $
Each test below will take on the order of 28506 microseconds.
-------------------------------------------------------------
-------------------------------------------------------------
   (= 28506 clock ticks)
Function    Best Rate MB/s  Avg time     Min time     Max time
This system uses 8 bytes per array element.
Increase the size of the arrays if this shows that
Copy:            4058.3     0.044160     0.039425     0.046110
-------------------------------------------------------------
you are not getting at least 20 clock ticks per test.
Scale:           4120.1     0.044066     0.038834     0.047008
Array size = 10000000 (elements), Offset = 0 (elements)
-------------------------------------------------------------
Add:             4407.0     0.061650     0.054459     0.064666
Memory per array = 76.3 MiB (= 0.1 GiB).
WARNING -- The above is only a rough guideline.
Triad:           5107.1     0.060701     0.046993     0.064998
Total memory required = 228.9 MiB (= 0.2 GiB).
For best results, please be sure you know the
-------------------------------------------------------------
Each kernel will be executed 10 times.
precision of your system timer.
Solution Validates: avg error less than 1.000000e-13 on all three arrays
 The *best* time for each kernel (excluding the first iteration)
-------------------------------------------------------------
-------------------------------------------------------------
 will be used to compute the reported bandwidth.
-------------------------------------------------------------
Function    Best Rate MB/s  Avg time     Min time     Max time
-------------------------------------------------------------
-------------------------------------------------------------
STREAM version $Revision: 5.10 $
Copy:            4223.0     0.042521     0.037888     0.044447
STREAM version $Revision: 5.10 $
Your clock granularity/precision appears to be 1 microseconds.
-------------------------------------------------------------
Scale:           4069.4     0.044108     0.039318     0.046707
-------------------------------------------------------------
-------------------------------------------------------------
Each test below will take on the order of 28031 microseconds.
This system uses 8 bytes per array element.
Add:             4279.2     0.063055     0.056085     0.066685
STREAM version $Revision: 5.10 $
This system uses 8 bytes per array element.
   (= 28031 clock ticks)
-------------------------------------------------------------
Triad:           4669.7     0.060160     0.051395     0.062954
-------------------------------------------------------------
-------------------------------------------------------------
Increase the size of the arrays if this shows that
Array size = 10000000 (elements), Offset = 0 (elements)
-------------------------------------------------------------
This system uses 8 bytes per array element.
Array size = 10000000 (elements), Offset = 0 (elements)
you are not getting at least 20 clock ticks per test.
Memory per array = 76.3 MiB (= 0.1 GiB).
Solution Validates: avg error less than 1.000000e-13 on all three arrays
-------------------------------------------------------------
Memory per array = 76.3 MiB (= 0.1 GiB).
-------------------------------------------------------------
Total memory required = 228.9 MiB (= 0.2 GiB).
-------------------------------------------------------------
Array size = 10000000 (elements), Offset = 0 (elements)
Total memory required = 228.9 MiB (= 0.2 GiB).
WARNING -- The above is only a rough guideline.
Each kernel will be executed 10 times.
Memory per array = 76.3 MiB (= 0.1 GiB).
Each kernel will be executed 10 times.
For best results, please be sure you know the
 The *best* time for each kernel (excluding the first iteration)
Total memory required = 228.9 MiB (= 0.2 GiB).
 The *best* time for each kernel (excluding the first iteration)
precision of your system timer.
 will be used to compute the reported bandwidth.
Each kernel will be executed 10 times.
 will be used to compute the reported bandwidth.
-------------------------------------------------------------
-------------------------------------------------------------
 The *best* time for each kernel (excluding the first iteration)
-------------------------------------------------------------
Function    Best Rate MB/s  Avg time     Min time     Max time
Your clock granularity/precision appears to be 1 microseconds.
 will be used to compute the reported bandwidth.
Your clock granularity/precision appears to be 1 microseconds.
Copy:            4087.2     0.043352     0.039147     0.045681
Each test below will take on the order of 29066 microseconds.
-------------------------------------------------------------
Each test below will take on the order of 12929 microseconds.
Scale:           4066.1     0.044163     0.039350     0.046733
   (= 29066 clock ticks)
Your clock granularity/precision appears to be 1 microseconds.
   (= 12929 clock ticks)
Add:             4443.6     0.061333     0.054010     0.064371
Increase the size of the arrays if this shows that
Each test below will take on the order of 29052 microseconds.
Increase the size of the arrays if this shows that
Triad:           5423.5     0.059913     0.044252     0.065014
you are not getting at least 20 clock ticks per test.
   (= 29052 clock ticks)
-------------------------------------------------------------
you are not getting at least 20 clock ticks per test.
-------------------------------------------------------------
-------------------------------------------------------------
Increase the size of the arrays if this shows that
STREAM version $Revision: 5.10 $
-------------------------------------------------------------
Solution Validates: avg error less than 1.000000e-13 on all three arrays
WARNING -- The above is only a rough guideline.
you are not getting at least 20 clock ticks per test.
-------------------------------------------------------------
WARNING -- The above is only a rough guideline.
-------------------------------------------------------------
For best results, please be sure you know the
-------------------------------------------------------------
This system uses 8 bytes per array element.
For best results, please be sure you know the
precision of your system timer.
WARNING -- The above is only a rough guideline.
-------------------------------------------------------------
precision of your system timer.
-------------------------------------------------------------
For best results, please be sure you know the
-------------------------------------------------------------
Array size = 10000000 (elements), Offset = 0 (elements)
-------------------------------------------------------------
Function    Best Rate MB/s  Avg time     Min time     Max time
precision of your system timer.
STREAM version $Revision: 5.10 $
Memory per array = 76.3 MiB (= 0.1 GiB).
Function    Best Rate MB/s  Avg time     Min time     Max time
Copy:            4057.5     0.043907     0.039433     0.046466
-------------------------------------------------------------
-------------------------------------------------------------
Total memory required = 228.9 MiB (= 0.2 GiB).
Copy:            4314.5     0.041925     0.037084     0.044424
Scale:           4114.1     0.043638     0.038891     0.046329
Function    Best Rate MB/s  Avg time     Min time     Max time
This system uses 8 bytes per array element.
Each kernel will be executed 10 times.
Scale:           4198.2     0.042657     0.038112     0.044847
Add:             4515.0     0.060276     0.053156     0.062715
Copy:            4066.5     0.043778     0.039346     0.046388
-------------------------------------------------------------
 The *best* time for each kernel (excluding the first iteration)
Add:             4137.1     0.064373     0.058011     0.068391
Triad:           6022.3     0.059780     0.039852     0.065317
Scale:           4101.7     0.043642     0.039008     0.046327
Array size = 10000000 (elements), Offset = 0 (elements)
 will be used to compute the reported bandwidth.
Triad:           4315.2     0.062774     0.055618     0.066631
-------------------------------------------------------------
Add:             4450.9     0.060394     0.053922     0.062701
Memory per array = 76.3 MiB (= 0.1 GiB).
-------------------------------------------------------------
-------------------------------------------------------------
Solution Validates: avg error less than 1.000000e-13 on all three arrays
Triad:           5675.8     0.060011     0.042285     0.065250
Total memory required = 228.9 MiB (= 0.2 GiB).
Your clock granularity/precision appears to be 1 microseconds.
Solution Validates: avg error less than 1.000000e-13 on all three arrays
-------------------------------------------------------------
-------------------------------------------------------------
Each kernel will be executed 10 times.
Each test below will take on the order of 15112 microseconds.
-------------------------------------------------------------
Solution Validates: avg error less than 1.000000e-13 on all three arrays
 The *best* time for each kernel (excluding the first iteration)
-------------------------------------------------------------
   (= 15112 clock ticks)
-------------------------------------------------------------
 will be used to compute the reported bandwidth.
STREAM version $Revision: 5.10 $
Increase the size of the arrays if this shows that
-------------------------------------------------------------
-------------------------------------------------------------
you are not getting at least 20 clock ticks per test.
Your clock granularity/precision appears to be 1 microseconds.
This system uses 8 bytes per array element.
-------------------------------------------------------------
Each test below will take on the order of 31529 microseconds.
-------------------------------------------------------------
WARNING -- The above is only a rough guideline.
   (= 31529 clock ticks)
Array size = 10000000 (elements), Offset = 0 (elements)
For best results, please be sure you know the
Increase the size of the arrays if this shows that
Memory per array = 76.3 MiB (= 0.1 GiB).
-------------------------------------------------------------
precision of your system timer.
you are not getting at least 20 clock ticks per test.
Total memory required = 228.9 MiB (= 0.2 GiB).
-------------------------------------------------------------
STREAM version $Revision: 5.10 $
-------------------------------------------------------------
-------------------------------------------------------------
Each kernel will be executed 10 times.
STREAM version $Revision: 5.10 $
-------------------------------------------------------------
Function    Best Rate MB/s  Avg time     Min time     Max time
WARNING -- The above is only a rough guideline.
 The *best* time for each kernel (excluding the first iteration)
-------------------------------------------------------------
This system uses 8 bytes per array element.
Copy:            4282.5     0.042564     0.037361     0.044710
For best results, please be sure you know the
 will be used to compute the reported bandwidth.
This system uses 8 bytes per array element.
-------------------------------------------------------------
Scale:           4181.5     0.042799     0.038264     0.045211
precision of your system timer.
-------------------------------------------------------------
-------------------------------------------------------------
Array size = 10000000 (elements), Offset = 0 (elements)
Add:             4221.3     0.063361     0.056854     0.067541
-------------------------------------------------------------
Your clock granularity/precision appears to be 1 microseconds.
Array size = 10000000 (elements), Offset = 0 (elements)
Memory per array = 76.3 MiB (= 0.1 GiB).
Triad:           4203.1     0.064213     0.057100     0.068607
Function    Best Rate MB/s  Avg time     Min time     Max time
Each test below will take on the order of 31331 microseconds.
Memory per array = 76.3 MiB (= 0.1 GiB).
Total memory required = 228.9 MiB (= 0.2 GiB).
-------------------------------------------------------------
Copy:            4876.0     0.041298     0.032814     0.047187
   (= 31331 clock ticks)
Total memory required = 228.9 MiB (= 0.2 GiB).
Each kernel will be executed 10 times.
Solution Validates: avg error less than 1.000000e-13 on all three arrays
Scale:           4735.0     0.042499     0.033791     0.047546
Increase the size of the arrays if this shows that
Each kernel will be executed 10 times.
 The *best* time for each kernel (excluding the first iteration)
-------------------------------------------------------------
Add:             5255.4     0.058065     0.045667     0.065794
you are not getting at least 20 clock ticks per test.
 The *best* time for each kernel (excluding the first iteration)
 will be used to compute the reported bandwidth.
Triad:           5311.3     0.056953     0.045187     0.066151
-------------------------------------------------------------
 will be used to compute the reported bandwidth.
-------------------------------------------------------------
-------------------------------------------------------------
-------------------------------------------------------------
-------------------------------------------------------------
WARNING -- The above is only a rough guideline.
-------------------------------------------------------------
Your clock granularity/precision appears to be 1 microseconds.
STREAM version $Revision: 5.10 $
STREAM version $Revision: 5.10 $
Solution Validates: avg error less than 1.000000e-13 on all three arrays
For best results, please be sure you know the
Your clock granularity/precision appears to be 1 microseconds.
Each test below will take on the order of 31003 microseconds.
-------------------------------------------------------------
-------------------------------------------------------------
-------------------------------------------------------------
-------------------------------------------------------------
precision of your system timer.
Each test below will take on the order of 31260 microseconds.
   (= 31003 clock ticks)
This system uses 8 bytes per array element.
STREAM version $Revision: 5.10 $
This system uses 8 bytes per array element.
-------------------------------------------------------------
   (= 31260 clock ticks)
Increase the size of the arrays if this shows that
-------------------------------------------------------------
-------------------------------------------------------------
-------------------------------------------------------------
Function    Best Rate MB/s  Avg time     Min time     Max time
Increase the size of the arrays if this shows that
you are not getting at least 20 clock ticks per test.
Array size = 10000000 (elements), Offset = 0 (elements)
This system uses 8 bytes per array element.
Array size = 10000000 (elements), Offset = 0 (elements)
Copy:            4552.3     0.042002     0.035147     0.047289
you are not getting at least 20 clock ticks per test.
-------------------------------------------------------------
Memory per array = 76.3 MiB (= 0.1 GiB).
-------------------------------------------------------------
Memory per array = 76.3 MiB (= 0.1 GiB).
Scale:           4758.2     0.042395     0.033626     0.047506
-------------------------------------------------------------
WARNING -- The above is only a rough guideline.
-------------------------------------------------------------
Total memory required = 228.9 MiB (= 0.2 GiB).
Array size = 10000000 (elements), Offset = 0 (elements)
Total memory required = 228.9 MiB (= 0.2 GiB).
Add:             5208.9     0.058162     0.046075     0.065834
WARNING -- The above is only a rough guideline.
For best results, please be sure you know the
STREAM version $Revision: 5.10 $
Each kernel will be executed 10 times.
Memory per array = 76.3 MiB (= 0.1 GiB).
Each kernel will be executed 10 times.
Triad:           5344.6     0.056825     0.044905     0.066252
For best results, please be sure you know the
precision of your system timer.
-------------------------------------------------------------
 The *best* time for each kernel (excluding the first iteration)
Total memory required = 228.9 MiB (= 0.2 GiB).
 The *best* time for each kernel (excluding the first iteration)
-------------------------------------------------------------
precision of your system timer.
-------------------------------------------------------------
This system uses 8 bytes per array element.
 will be used to compute the reported bandwidth.
Each kernel will be executed 10 times.
 will be used to compute the reported bandwidth.
Solution Validates: avg error less than 1.000000e-13 on all three arrays
-------------------------------------------------------------
Function    Best Rate MB/s  Avg time     Min time     Max time
-------------------------------------------------------------
-------------------------------------------------------------
 The *best* time for each kernel (excluding the first iteration)
-------------------------------------------------------------
-------------------------------------------------------------
Function    Best Rate MB/s  Avg time     Min time     Max time
Copy:            4857.0     0.041211     0.032942     0.046673
Array size = 10000000 (elements), Offset = 0 (elements)
Your clock granularity/precision appears to be 1 microseconds.
 will be used to compute the reported bandwidth.
Your clock granularity/precision appears to be 1 microseconds.
Copy:            4921.1     0.041112     0.032513     0.047055
Scale:           4748.0     0.042369     0.033698     0.047743
Memory per array = 76.3 MiB (= 0.1 GiB).
Each test below will take on the order of 32001 microseconds.
-------------------------------------------------------------
Each test below will take on the order of 31364 microseconds.
Scale:           4763.6     0.042332     0.033588     0.047003
Add:             4978.2     0.059047     0.048210     0.065780
Total memory required = 228.9 MiB (= 0.2 GiB).
   (= 32001 clock ticks)
Your clock granularity/precision appears to be 1 microseconds.
   (= 31364 clock ticks)
Add:             4999.2     0.058760     0.048008     0.065490
Triad:           5074.5     0.057409     0.047295     0.066182
Each kernel will be executed 10 times.
Increase the size of the arrays if this shows that
Each test below will take on the order of 31631 microseconds.
Increase the size of the arrays if this shows that
Triad:           5042.6     0.057409     0.047594     0.066205
-------------------------------------------------------------
 The *best* time for each kernel (excluding the first iteration)
you are not getting at least 20 clock ticks per test.
   (= 31631 clock ticks)
you are not getting at least 20 clock ticks per test.
-------------------------------------------------------------
Solution Validates: avg error less than 1.000000e-13 on all three arrays
 will be used to compute the reported bandwidth.
-------------------------------------------------------------
Increase the size of the arrays if this shows that
-------------------------------------------------------------
Solution Validates: avg error less than 1.000000e-13 on all three arrays
-------------------------------------------------------------
-------------------------------------------------------------
WARNING -- The above is only a rough guideline.
you are not getting at least 20 clock ticks per test.
WARNING -- The above is only a rough guideline.
-------------------------------------------------------------
Your clock granularity/precision appears to be 1 microseconds.
For best results, please be sure you know the
-------------------------------------------------------------
For best results, please be sure you know the
Each test below will take on the order of 29292 microseconds.
precision of your system timer.
WARNING -- The above is only a rough guideline.
precision of your system timer.
   (= 29292 clock ticks)
-------------------------------------------------------------
For best results, please be sure you know the
-------------------------------------------------------------
Increase the size of the arrays if this shows that
Function    Best Rate MB/s  Avg time     Min time     Max time
precision of your system timer.
Function    Best Rate MB/s  Avg time     Min time     Max time
you are not getting at least 20 clock ticks per test.
Copy:            4123.6     0.043575     0.038801     0.046262
-------------------------------------------------------------
Copy:            4167.2     0.043386     0.038395     0.045958
-------------------------------------------------------------
-------------------------------------------------------------
Scale:           4211.0     0.042969     0.037996     0.044585
Function    Best Rate MB/s  Avg time     Min time     Max time
Scale:           4148.6     0.043075     0.038567     0.044972
STREAM version $Revision: 5.10 $
-------------------------------------------------------------
WARNING -- The above is only a rough guideline.
Add:             5414.0     0.059513     0.044329     0.064210
Copy:            4157.4     0.043476     0.038486     0.045905
Add:             4896.8     0.060083     0.049011     0.063485
-------------------------------------------------------------
STREAM version $Revision: 5.10 $
For best results, please be sure you know the
Triad:           7426.0     0.058335     0.032319     0.065888
Scale:           4160.8     0.043102     0.038454     0.044899
Triad:           6804.7     0.058394     0.035270     0.065587
This system uses 8 bytes per array element.
-------------------------------------------------------------
precision of your system timer.
-------------------------------------------------------------
Add:             5051.6     0.060036     0.047510     0.064972
-------------------------------------------------------------
-------------------------------------------------------------
This system uses 8 bytes per array element.
-------------------------------------------------------------
Solution Validates: avg error less than 1.000000e-13 on all three arrays
Triad:           6858.1     0.058393     0.034995     0.065365
Solution Validates: avg error less than 1.000000e-13 on all three arrays
Array size = 10000000 (elements), Offset = 0 (elements)
-------------------------------------------------------------
Function    Best Rate MB/s  Avg time     Min time     Max time
-------------------------------------------------------------
-------------------------------------------------------------
-------------------------------------------------------------
Memory per array = 76.3 MiB (= 0.1 GiB).
Array size = 10000000 (elements), Offset = 0 (elements)
Copy:            4097.6     0.043677     0.039047     0.046373
Solution Validates: avg error less than 1.000000e-13 on all three arrays
Total memory required = 228.9 MiB (= 0.2 GiB).
Memory per array = 76.3 MiB (= 0.1 GiB).
Scale:           4303.5     0.042238     0.037179     0.044024
-------------------------------------------------------------
Each kernel will be executed 10 times.
Total memory required = 228.9 MiB (= 0.2 GiB).
Add:             6102.1     0.059052     0.039331     0.064767
 The *best* time for each kernel (excluding the first iteration)
Each kernel will be executed 10 times.
Triad:           8239.5     0.058739     0.029128     0.066404
 will be used to compute the reported bandwidth.
 The *best* time for each kernel (excluding the first iteration)
-------------------------------------------------------------
-------------------------------------------------------------
 will be used to compute the reported bandwidth.
Solution Validates: avg error less than 1.000000e-13 on all three arrays
Your clock granularity/precision appears to be 1 microseconds.
-------------------------------------------------------------
-------------------------------------------------------------
Each test below will take on the order of 28784 microseconds.
Your clock granularity/precision appears to be 1 microseconds.
   (= 28784 clock ticks)
Each test below will take on the order of 32145 microseconds.
Increase the size of the arrays if this shows that
   (= 32145 clock ticks)
you are not getting at least 20 clock ticks per test.
Increase the size of the arrays if this shows that
-------------------------------------------------------------
you are not getting at least 20 clock ticks per test.
WARNING -- The above is only a rough guideline.
-------------------------------------------------------------
For best results, please be sure you know the
WARNING -- The above is only a rough guideline.
precision of your system timer.
For best results, please be sure you know the
-------------------------------------------------------------
precision of your system timer.
Function    Best Rate MB/s  Avg time     Min time     Max time
-------------------------------------------------------------
Copy:            4969.7     0.040242     0.032195     0.045588
Function    Best Rate MB/s  Avg time     Min time     Max time
Scale:           4737.0     0.041887     0.033777     0.045902
Copy:            4126.6     0.043387     0.038773     0.046052
Add:             5119.9     0.059683     0.046876     0.068424
Scale:           4313.0     0.043080     0.037097     0.045131
Triad:           5288.4     0.057648     0.045382     0.066978
Add:             6371.1     0.059157     0.037670     0.064825
-------------------------------------------------------------
Triad:           8218.9     0.058206     0.029201     0.065816
Solution Validates: avg error less than 1.000000e-13 on all three arrays
-------------------------------------------------------------
-------------------------------------------------------------
Solution Validates: avg error less than 1.000000e-13 on all three arrays
-------------------------------------------------------------
-------------------------------------------------------------
STREAM version $Revision: 5.10 $
-------------------------------------------------------------
This system uses 8 bytes per array element.
-------------------------------------------------------------
Array size = 10000000 (elements), Offset = 0 (elements)
Memory per array = 76.3 MiB (= 0.1 GiB).
Total memory required = 228.9 MiB (= 0.2 GiB).
Each kernel will be executed 10 times.
 The *best* time for each kernel (excluding the first iteration)
 will be used to compute the reported bandwidth.
-------------------------------------------------------------
Your clock granularity/precision appears to be 1 microseconds.
Each test below will take on the order of 32607 microseconds.
   (= 32607 clock ticks)
Increase the size of the arrays if this shows that
you are not getting at least 20 clock ticks per test.
-------------------------------------------------------------
WARNING -- The above is only a rough guideline.
For best results, please be sure you know the
precision of your system timer.
-------------------------------------------------------------
Function    Best Rate MB/s  Avg time     Min time     Max time
Copy:            4140.1     0.043264     0.038646     0.045842
Scale:           4259.2     0.043111     0.037566     0.045235
Add:             5921.0     0.059401     0.040534     0.064775
Triad:           7894.5     0.058247     0.030401     0.065803
-------------------------------------------------------------
Solution Validates: avg error less than 1.000000e-13 on all three arrays
-------------------------------------------------------------
-------------------------------------------------------------
STREAM version $Revision: 5.10 $
-------------------------------------------------------------
This system uses 8 bytes per array element.
-------------------------------------------------------------
Array size = 10000000 (elements), Offset = 0 (elements)
Memory per array = 76.3 MiB (= 0.1 GiB).
Total memory required = 228.9 MiB (= 0.2 GiB).
Each kernel will be executed 10 times.
 The *best* time for each kernel (excluding the first iteration)
 will be used to compute the reported bandwidth.
-------------------------------------------------------------
Your clock granularity/precision appears to be 1 microseconds.
Each test below will take on the order of 26122 microseconds.
   (= 26122 clock ticks)
Increase the size of the arrays if this shows that
you are not getting at least 20 clock ticks per test.
-------------------------------------------------------------
WARNING -- The above is only a rough guideline.
For best results, please be sure you know the
precision of your system timer.
-------------------------------------------------------------
Function    Best Rate MB/s  Avg time     Min time     Max time
Copy:            4792.7     0.041275     0.033384     0.045662
Scale:           4744.3     0.041786     0.033725     0.046294
Add:             5316.5     0.058260     0.045142     0.068078
Triad:           5474.6     0.056852     0.043839     0.066713
-------------------------------------------------------------
Solution Validates: avg error less than 1.000000e-13 on all three arrays
-------------------------------------------------------------
-------------------------------------------------------------
STREAM version $Revision: 5.10 $
-------------------------------------------------------------
This system uses 8 bytes per array element.
-------------------------------------------------------------
Array size = 10000000 (elements), Offset = 0 (elements)
Memory per array = 76.3 MiB (= 0.1 GiB).
Total memory required = 228.9 MiB (= 0.2 GiB).
Each kernel will be executed 10 times.
 The *best* time for each kernel (excluding the first iteration)
 will be used to compute the reported bandwidth.
-------------------------------------------------------------
Your clock granularity/precision appears to be 1 microseconds.
Each test below will take on the order of 32546 microseconds.
   (= 32546 clock ticks)
Increase the size of the arrays if this shows that
-------------------------------------------------------------
you are not getting at least 20 clock ticks per test.
STREAM version $Revision: 5.10 $
-------------------------------------------------------------
-------------------------------------------------------------
WARNING -- The above is only a rough guideline.
This system uses 8 bytes per array element.
For best results, please be sure you know the
-------------------------------------------------------------
precision of your system timer.
Array size = 10000000 (elements), Offset = 0 (elements)
-------------------------------------------------------------
Memory per array = 76.3 MiB (= 0.1 GiB).
Function    Best Rate MB/s  Avg time     Min time     Max time
Total memory required = 228.9 MiB (= 0.2 GiB).
Copy:            4091.9     0.043357     0.039102     0.045881
Each kernel will be executed 10 times.
Scale:           4248.5     0.043140     0.037660     0.045322
 The *best* time for each kernel (excluding the first iteration)
Add:             5996.0     0.059342     0.040027     0.064637
 will be used to compute the reported bandwidth.
Triad:           7872.2     0.058306     0.030487     0.065911
-------------------------------------------------------------
-------------------------------------------------------------
Your clock granularity/precision appears to be 1 microseconds.
Solution Validates: avg error less than 1.000000e-13 on all three arrays
Each test below will take on the order of 31424 microseconds.
-------------------------------------------------------------
   (= 31424 clock ticks)
Increase the size of the arrays if this shows that
you are not getting at least 20 clock ticks per test.
-------------------------------------------------------------
WARNING -- The above is only a rough guideline.
For best results, please be sure you know the
precision of your system timer.
-------------------------------------------------------------
Function    Best Rate MB/s  Avg time     Min time     Max time
Copy:            4127.1     0.043680     0.038768     0.045964
Scale:           4356.1     0.042705     0.036730     0.045309
Add:             6803.9     0.058932     0.035274     0.065049
Triad:           9445.5     0.058744     0.025409     0.066615
-------------------------------------------------------------
Solution Validates: avg error less than 1.000000e-13 on all three arrays
-------------------------------------------------------------
-------------------------------------------------------------
STREAM version $Revision: 5.10 $
-------------------------------------------------------------
This system uses 8 bytes per array element.
-------------------------------------------------------------
Array size = 10000000 (elements), Offset = 0 (elements)
Memory per array = 76.3 MiB (= 0.1 GiB).
Total memory required = 228.9 MiB (= 0.2 GiB).
Each kernel will be executed 10 times.
 The *best* time for each kernel (excluding the first iteration)
 will be used to compute the reported bandwidth.
-------------------------------------------------------------
Your clock granularity/precision appears to be 1 microseconds.
Each test below will take on the order of 21923 microseconds.
   (= 21923 clock ticks)
Increase the size of the arrays if this shows that
you are not getting at least 20 clock ticks per test.
-------------------------------------------------------------
WARNING -- The above is only a rough guideline.
For best results, please be sure you know the
precision of your system timer.
-------------------------------------------------------------
Function    Best Rate MB/s  Avg time     Min time     Max time
-------------------------------------------------------------
Copy:            4151.3     0.043076     0.038542     0.045728
STREAM version $Revision: 5.10 $
Scale:           4135.2     0.043107     0.038692     0.046003
-------------------------------------------------------------
Add:             4488.9     0.060768     0.053465     0.065374
This system uses 8 bytes per array element.
Triad:           4991.6     0.061060     0.048081     0.066538
-------------------------------------------------------------
-------------------------------------------------------------
Array size = 10000000 (elements), Offset = 0 (elements)
Solution Validates: avg error less than 1.000000e-13 on all three arrays
Memory per array = 76.3 MiB (= 0.1 GiB).
-------------------------------------------------------------
Total memory required = 228.9 MiB (= 0.2 GiB).
Each kernel will be executed 10 times.
 The *best* time for each kernel (excluding the first iteration)
 will be used to compute the reported bandwidth.
-------------------------------------------------------------
Your clock granularity/precision appears to be 1 microseconds.
Each test below will take on the order of 21605 microseconds.
   (= 21605 clock ticks)
Increase the size of the arrays if this shows that
you are not getting at least 20 clock ticks per test.
-------------------------------------------------------------
WARNING -- The above is only a rough guideline.
For best results, please be sure you know the
precision of your system timer.
-------------------------------------------------------------
Function    Best Rate MB/s  Avg time     Min time     Max time
Copy:            4100.1     0.043446     0.039024     0.046192
Scale:           4104.4     0.043454     0.038982     0.045944
Add:             5080.3     0.059780     0.047241     0.065640
Triad:           4974.7     0.061363     0.048244     0.066801
-------------------------------------------------------------
Solution Validates: avg error less than 1.000000e-13 on all three arrays
-------------------------------------------------------------
-------------------------------------------------------------
STREAM version $Revision: 5.10 $
-------------------------------------------------------------
This system uses 8 bytes per array element.
-------------------------------------------------------------
Array size = 10000000 (elements), Offset = 0 (elements)
Memory per array = 76.3 MiB (= 0.1 GiB).
Total memory required = 228.9 MiB (= 0.2 GiB).
Each kernel will be executed 10 times.
 The *best* time for each kernel (excluding the first iteration)
 will be used to compute the reported bandwidth.
-------------------------------------------------------------
Your clock granularity/precision appears to be 1 microseconds.
Each test below will take on the order of 20700 microseconds.
   (= 20700 clock ticks)
Increase the size of the arrays if this shows that
you are not getting at least 20 clock ticks per test.
-------------------------------------------------------------
WARNING -- The above is only a rough guideline.
For best results, please be sure you know the
precision of your system timer.
-------------------------------------------------------------
Function    Best Rate MB/s  Avg time     Min time     Max time
Copy:            4128.0     0.043187     0.038760     0.045996
Scale:           4128.0     0.043253     0.038760     0.046252
Add:             4440.3     0.060973     0.054051     0.065537
Triad:           5045.0     0.061143     0.047572     0.066657
-------------------------------------------------------------
Solution Validates: avg error less than 1.000000e-13 on all three arrays
-------------------------------------------------------------
-------------------------------------------------------------
STREAM version $Revision: 5.10 $
-------------------------------------------------------------
This system uses 8 bytes per array element.
-------------------------------------------------------------
Array size = 10000000 (elements), Offset = 0 (elements)
Memory per array = 76.3 MiB (= 0.1 GiB).
Total memory required = 228.9 MiB (= 0.2 GiB).
Each kernel will be executed 10 times.
 The *best* time for each kernel (excluding the first iteration)
 will be used to compute the reported bandwidth.
-------------------------------------------------------------
Your clock granularity/precision appears to be 1 microseconds.
Each test below will take on the order of 28289 microseconds.
   (= 28289 clock ticks)
Increase the size of the arrays if this shows that
you are not getting at least 20 clock ticks per test.
-------------------------------------------------------------
WARNING -- The above is only a rough guideline.
For best results, please be sure you know the
precision of your system timer.
-------------------------------------------------------------
Function    Best Rate MB/s  Avg time     Min time     Max time
Copy:            4783.1     0.041461     0.033451     0.046306
Scale:           4711.4     0.040382     0.033960     0.046023
Add:             5443.4     0.056813     0.044090     0.066635
Triad:           6417.1     0.057706     0.037400     0.068366
-------------------------------------------------------------
Solution Validates: avg error less than 1.000000e-13 on all three arrays
-------------------------------------------------------------
-------------------------------------------------------------
STREAM version $Revision: 5.10 $
-------------------------------------------------------------
This system uses 8 bytes per array element.
-------------------------------------------------------------
Array size = 10000000 (elements), Offset = 0 (elements)
Memory per array = 76.3 MiB (= 0.1 GiB).
Total memory required = 228.9 MiB (= 0.2 GiB).
Each kernel will be executed 10 times.
 The *best* time for each kernel (excluding the first iteration)
 will be used to compute the reported bandwidth.
-------------------------------------------------------------
Your clock granularity/precision appears to be 1 microseconds.
Each test below will take on the order of 28301 microseconds.
   (= 28301 clock ticks)
Increase the size of the arrays if this shows that
you are not getting at least 20 clock ticks per test.
-------------------------------------------------------------
WARNING -- The above is only a rough guideline.
For best results, please be sure you know the
precision of your system timer.
-------------------------------------------------------------
Function    Best Rate MB/s  Avg time     Min time     Max time
Copy:            4790.9     0.041483     0.033397     0.046146
Scale:           4691.9     0.040385     0.034101     0.045663
Add:             5364.7     0.058657     0.044737     0.066337
Triad:           8133.2     0.056686     0.029509     0.067932
-------------------------------------------------------------
Solution Validates: avg error less than 1.000000e-13 on all three arrays
-------------------------------------------------------------
-------------------------------------------------------------
STREAM version $Revision: 5.10 $
-------------------------------------------------------------
This system uses 8 bytes per array element.
-------------------------------------------------------------
Array size = 10000000 (elements), Offset = 0 (elements)
Memory per array = 76.3 MiB (= 0.1 GiB).
Total memory required = 228.9 MiB (= 0.2 GiB).
Each kernel will be executed 10 times.
 The *best* time for each kernel (excluding the first iteration)
 will be used to compute the reported bandwidth.
-------------------------------------------------------------
Your clock granularity/precision appears to be 1 microseconds.
Each test below will take on the order of 18509 microseconds.
   (= 18509 clock ticks)
Increase the size of the arrays if this shows that
you are not getting at least 20 clock ticks per test.
-------------------------------------------------------------
WARNING -- The above is only a rough guideline.
For best results, please be sure you know the
precision of your system timer.
-------------------------------------------------------------
Function    Best Rate MB/s  Avg time     Min time     Max time
Copy:            4147.0     0.042859     0.038582     0.045589
Scale:           4097.2     0.043638     0.039051     0.046909
Add:             4456.6     0.062474     0.053853     0.066773
Triad:           5646.1     0.060761     0.042507     0.066904
-------------------------------------------------------------
Solution Validates: avg error less than 1.000000e-13 on all three arrays
-------------------------------------------------------------
-------------------------------------------------------------
STREAM version $Revision: 5.10 $
-------------------------------------------------------------
This system uses 8 bytes per array element.
-------------------------------------------------------------
Array size = 10000000 (elements), Offset = 0 (elements)
Memory per array = 76.3 MiB (= 0.1 GiB).
Total memory required = 228.9 MiB (= 0.2 GiB).
Each kernel will be executed 10 times.
 The *best* time for each kernel (excluding the first iteration)
 will be used to compute the reported bandwidth.
-------------------------------------------------------------
Your clock granularity/precision appears to be 1 microseconds.
Each test below will take on the order of 26667 microseconds.
   (= 26667 clock ticks)
Increase the size of the arrays if this shows that
you are not getting at least 20 clock ticks per test.
-------------------------------------------------------------
WARNING -- The above is only a rough guideline.
For best results, please be sure you know the
precision of your system timer.
-------------------------------------------------------------
Function    Best Rate MB/s  Avg time     Min time     Max time
Copy:            4098.6     0.043418     0.039038     0.046435
Scale:           4132.9     0.043286     0.038714     0.045869
Add:             4551.0     0.062150     0.052736     0.066701
Triad:           6561.8     0.059981     0.036575     0.066978
-------------------------------------------------------------
Solution Validates: avg error less than 1.000000e-13 on all three arrays
-------------------------------------------------------------
-------------------------------------------------------------
STREAM version $Revision: 5.10 $
-------------------------------------------------------------
This system uses 8 bytes per array element.
-------------------------------------------------------------
Array size = 10000000 (elements), Offset = 0 (elements)
Memory per array = 76.3 MiB (= 0.1 GiB).
Total memory required = 228.9 MiB (= 0.2 GiB).
Each kernel will be executed 10 times.
 The *best* time for each kernel (excluding the first iteration)
 will be used to compute the reported bandwidth.
-------------------------------------------------------------
Your clock granularity/precision appears to be 1 microseconds.
Each test below will take on the order of 27792 microseconds.
   (= 27792 clock ticks)
Increase the size of the arrays if this shows that
you are not getting at least 20 clock ticks per test.
-------------------------------------------------------------
WARNING -- The above is only a rough guideline.
For best results, please be sure you know the
precision of your system timer.
-------------------------------------------------------------
Function    Best Rate MB/s  Avg time     Min time     Max time
Copy:            4115.4     0.043284     0.038878     0.046413
Scale:           4154.4     0.043018     0.038513     0.045738
Add:             4556.0     0.061932     0.052678     0.066431
Triad:           6727.8     0.059957     0.035673     0.067022
-------------------------------------------------------------
Solution Validates: avg error less than 1.000000e-13 on all three arrays
-------------------------------------------------------------
-------------------------------------------------------------
STREAM version $Revision: 5.10 $
-------------------------------------------------------------
This system uses 8 bytes per array element.
-------------------------------------------------------------
Array size = 10000000 (elements), Offset = 0 (elements)
Memory per array = 76.3 MiB (= 0.1 GiB).
Total memory required = 228.9 MiB (= 0.2 GiB).
Each kernel will be executed 10 times.
 The *best* time for each kernel (excluding the first iteration)
 will be used to compute the reported bandwidth.
-------------------------------------------------------------
Your clock granularity/precision appears to be 1 microseconds.
Each test below will take on the order of 31711 microseconds.
   (= 31711 clock ticks)
Increase the size of the arrays if this shows that
you are not getting at least 20 clock ticks per test.
-------------------------------------------------------------
WARNING -- The above is only a rough guideline.
For best results, please be sure you know the
precision of your system timer.
-------------------------------------------------------------
Function    Best Rate MB/s  Avg time     Min time     Max time
Copy:            4290.2     0.042948     0.037294     0.046529
Scale:           4898.2     0.042607     0.032665     0.046992
-------------------------------------------------------------
Add:             7571.9     0.058384     0.031696     0.065994
STREAM version $Revision: 5.10 $
Triad:           8792.9     0.056915     0.027295     0.065011
-------------------------------------------------------------
-------------------------------------------------------------
This system uses 8 bytes per array element.
Solution Validates: avg error less than 1.000000e-13 on all three arrays
-------------------------------------------------------------
-------------------------------------------------------------
Array size = 10000000 (elements), Offset = 0 (elements)
Memory per array = 76.3 MiB (= 0.1 GiB).
Total memory required = 228.9 MiB (= 0.2 GiB).
Each kernel will be executed 10 times.
 The *best* time for each kernel (excluding the first iteration)
 will be used to compute the reported bandwidth.
-------------------------------------------------------------
Your clock granularity/precision appears to be 1 microseconds.
Each test below will take on the order of 31384 microseconds.
   (= 31384 clock ticks)
Increase the size of the arrays if this shows that
you are not getting at least 20 clock ticks per test.
-------------------------------------------------------------
WARNING -- The above is only a rough guideline.
For best results, please be sure you know the
precision of your system timer.
-------------------------------------------------------------
Function    Best Rate MB/s  Avg time     Min time     Max time
-------------------------------------------------------------
Copy:            4304.3     0.042874     0.037172     0.046223
STREAM version $Revision: 5.10 $
Scale:           4877.0     0.042628     0.032807     0.046835
-------------------------------------------------------------
Add:             7547.2     0.058457     0.031800     0.066043
This system uses 8 bytes per array element.
Triad:           8732.4     0.057030     0.027484     0.065223
-------------------------------------------------------------
-------------------------------------------------------------
Array size = 10000000 (elements), Offset = 0 (elements)
Solution Validates: avg error less than 1.000000e-13 on all three arrays
Memory per array = 76.3 MiB (= 0.1 GiB).
-------------------------------------------------------------
Total memory required = 228.9 MiB (= 0.2 GiB).
Each kernel will be executed 10 times.
 The *best* time for each kernel (excluding the first iteration)
 will be used to compute the reported bandwidth.
-------------------------------------------------------------
Your clock granularity/precision appears to be 1 microseconds.
Each test below will take on the order of 31383 microseconds.
   (= 31383 clock ticks)
Increase the size of the arrays if this shows that
you are not getting at least 20 clock ticks per test.
-------------------------------------------------------------
WARNING -- The above is only a rough guideline.
For best results, please be sure you know the
precision of your system timer.
-------------------------------------------------------------
Function    Best Rate MB/s  Avg time     Min time     Max time
Copy:            4305.4     0.043351     0.037163     0.047094
Scale:           5146.5     0.042266     0.031089     0.046665
Add:             8424.6     0.057706     0.028488     0.065777
Triad:           9017.1     0.057096     0.026616     0.065574
-------------------------------------------------------------
Solution Validates: avg error less than 1.000000e-13 on all three arrays
-------------------------------------------------------------
-------------------------------------------------------------
STREAM version $Revision: 5.10 $
-------------------------------------------------------------
This system uses 8 bytes per array element.
-------------------------------------------------------------
Array size = 10000000 (elements), Offset = 0 (elements)
Memory per array = 76.3 MiB (= 0.1 GiB).
Total memory required = 228.9 MiB (= 0.2 GiB).
Each kernel will be executed 10 times.
 The *best* time for each kernel (excluding the first iteration)
 will be used to compute the reported bandwidth.
-------------------------------------------------------------
Your clock granularity/precision appears to be 1 microseconds.
Each test below will take on the order of 31550 microseconds.
   (= 31550 clock ticks)
Increase the size of the arrays if this shows that
you are not getting at least 20 clock ticks per test.
-------------------------------------------------------------
WARNING -- The above is only a rough guideline.
For best results, please be sure you know the
precision of your system timer.
-------------------------------------------------------------
Function    Best Rate MB/s  Avg time     Min time     Max time
Copy:            4223.8     0.043326     0.037881     0.046839
Scale:           5084.5     0.042407     0.031468     0.046956
Add:             8290.2     0.057898     0.028950     0.065782
Triad:           8832.3     0.057046     0.027173     0.065440
-------------------------------------------------------------
Solution Validates: avg error less than 1.000000e-13 on all three arrays
-------------------------------------------------------------
-------------------------------------------------------------
STREAM version $Revision: 5.10 $
-------------------------------------------------------------
This system uses 8 bytes per array element.
-------------------------------------------------------------
Array size = 10000000 (elements), Offset = 0 (elements)
Memory per array = 76.3 MiB (= 0.1 GiB).
Total memory required = 228.9 MiB (= 0.2 GiB).
Each kernel will be executed 10 times.
 The *best* time for each kernel (excluding the first iteration)
 will be used to compute the reported bandwidth.
-------------------------------------------------------------
Your clock granularity/precision appears to be 1 microseconds.
Each test below will take on the order of 32118 microseconds.
   (= 32118 clock ticks)
Increase the size of the arrays if this shows that
you are not getting at least 20 clock ticks per test.
-------------------------------------------------------------
WARNING -- The above is only a rough guideline.
For best results, please be sure you know the
precision of your system timer.
-------------------------------------------------------------
Function    Best Rate MB/s  Avg time     Min time     Max time
Copy:            4311.1     0.043132     0.037114     0.046802
Scale:           5225.0     0.042499     0.030622     0.047261
Add:             8197.6     0.058052     0.029277     0.065806
Triad:           8842.1     0.056975     0.027143     0.065320
-------------------------------------------------------------
Solution Validates: avg error less than 1.000000e-13 on all three arrays
-------------------------------------------------------------
-------------------------------------------------------------
STREAM version $Revision: 5.10 $
-------------------------------------------------------------
This system uses 8 bytes per array element.
-------------------------------------------------------------
Array size = 10000000 (elements), Offset = 0 (elements)
Memory per array = 76.3 MiB (= 0.1 GiB).
Total memory required = 228.9 MiB (= 0.2 GiB).
Each kernel will be executed 10 times.
 The *best* time for each kernel (excluding the first iteration)
 will be used to compute the reported bandwidth.
-------------------------------------------------------------
Your clock granularity/precision appears to be 1 microseconds.
Each test below will take on the order of 31673 microseconds.
   (= 31673 clock ticks)
Increase the size of the arrays if this shows that
you are not getting at least 20 clock ticks per test.
-------------------------------------------------------------
WARNING -- The above is only a rough guideline.
For best results, please be sure you know the
precision of your system timer.
-------------------------------------------------------------
Function    Best Rate MB/s  Avg time     Min time     Max time
Copy:            4287.6     0.043271     0.037317     0.046913
Scale:           5323.4     0.042555     0.030056     0.047276
Add:             8333.6     0.058135     0.028799     0.066687
Triad:           8777.4     0.057098     0.027343     0.065680
-------------------------------------------------------------
Solution Validates: avg error less than 1.000000e-13 on all three arrays
-------------------------------------------------------------
-------------------------------------------------------------
STREAM version $Revision: 5.10 $
-------------------------------------------------------------
This system uses 8 bytes per array element.
-------------------------------------------------------------
Array size = 10000000 (elements), Offset = 0 (elements)
Memory per array = 76.3 MiB (= 0.1 GiB).
Total memory required = 228.9 MiB (= 0.2 GiB).
Each kernel will be executed 10 times.
 The *best* time for each kernel (excluding the first iteration)
 will be used to compute the reported bandwidth.
-------------------------------------------------------------
Your clock granularity/precision appears to be 1 microseconds.
Each test below will take on the order of 31507 microseconds.
   (= 31507 clock ticks)
Increase the size of the arrays if this shows that
you are not getting at least 20 clock ticks per test.
-------------------------------------------------------------
WARNING -- The above is only a rough guideline.
For best results, please be sure you know the
precision of your system timer.
-------------------------------------------------------------
Function    Best Rate MB/s  Avg time     Min time     Max time
-------------------------------------------------------------
Copy:            4516.2     0.043125     0.035428     0.046926
STREAM version $Revision: 5.10 $
Scale:           5570.4     0.042230     0.028723     0.047195
-------------------------------------------------------------
Add:             8630.9     0.057948     0.027807     0.066443
This system uses 8 bytes per array element.
Triad:           9065.5     0.057238     0.026474     0.065856
-------------------------------------------------------------
-------------------------------------------------------------
Array size = 10000000 (elements), Offset = 0 (elements)
Solution Validates: avg error less than 1.000000e-13 on all three arrays
Memory per array = 76.3 MiB (= 0.1 GiB).
-------------------------------------------------------------
Total memory required = 228.9 MiB (= 0.2 GiB).
Each kernel will be executed 10 times.
 The *best* time for each kernel (excluding the first iteration)
 will be used to compute the reported bandwidth.
-------------------------------------------------------------
Your clock granularity/precision appears to be 1 microseconds.
Each test below will take on the order of 32097 microseconds.
   (= 32097 clock ticks)
Increase the size of the arrays if this shows that
you are not getting at least 20 clock ticks per test.
-------------------------------------------------------------
WARNING -- The above is only a rough guideline.
For best results, please be sure you know the
precision of your system timer.
-------------------------------------------------------------
Function    Best Rate MB/s  Avg time     Min time     Max time
Copy:            4382.6     0.043214     0.036508     0.047038
Scale:           5264.6     0.042592     0.030392     0.047372
Add:             8220.3     0.058081     0.029196     0.065850
Triad:           8844.0     0.057045     0.027137     0.065364
-------------------------------------------------------------
Solution Validates: avg error less than 1.000000e-13 on all three arrays
-------------------------------------------------------------
START OF JOBSPEC
{"resources": [{"type": "node", "count": 1, "with": [{"type": "slot", "count": 56, "with": [{"type": "core", "count": 1}], "label": "task"}]}], "tasks": [{"command": ["singularity", "exec", "/opt/containers/metric-stream_rocky-8.sif", "stream_c.exe"], "slot": "task", "count": {"per_slot": 1}}], "attributes": {"system": {"duration": 0, "cwd": "/home/sochat1_llnl_gov", "shell": {"options": {"rlimit": {"cpu": -1, "fsize": -1, "data": -1, "stack": 8388608, "core": 0, "nofile": 262144, "as": -1, "rss": -1, "nproc": 1803560}, "cpu-affinity": "per-task"}}}, "user": {"study_id": "stream-1-iter-4"}}, "version": 1}
START OF EVENTLOG
{"timestamp":1724805018.9264221,"name":"init"}
{"timestamp":1724805018.9298759,"name":"starting"}
{"timestamp":1724805018.9466262,"name":"shell.init","context":{"service":"1356918789-shell-f29WanGF1","leader-rank":243,"size":1}}
{"timestamp":1724805019.0819752,"name":"shell.start","context":{"taskmap":{"version":1,"map":[[0,1,56,1]]}}}
{"timestamp":1724805020.6519547,"name":"shell.task-exit","context":{"localid":54,"rank":54,"state":"Exited","pid":167306,"wait_status":0,"signaled":0,"exitcode":0}}
{"timestamp":1724805021.6255031,"name":"complete","context":{"status":0}}
{"timestamp":1724805021.62552,"name":"done"}

