-------------------------------------------------------------
STREAM version $Revision: 5.10 $
-------------------------------------------------------------
This system uses 8 bytes per array element.
-------------------------------------------------------------
Array size = 10000000 (elements), Offset = 0 (elements)
Memory per array = 76.3 MiB (= 0.1 GiB).
Total memory required = 228.9 MiB (= 0.2 GiB).
Each kernel will be executed 10 times.
 The *best* time for each kernel (excluding the first iteration)
 will be used to compute the reported bandwidth.
-------------------------------------------------------------
Your clock granularity/precision appears to be 1 microseconds.
Each test below will take on the order of 20334 microseconds.
   (= 20334 clock ticks)
Increase the size of the arrays if this shows that
you are not getting at least 20 clock ticks per test.
-------------------------------------------------------------
WARNING -- The above is only a rough guideline.
For best results, please be sure you know the
precision of your system timer.
-------------------------------------------------------------
Function    Best Rate MB/s  Avg time     Min time     Max time
Copy:           11014.8     0.021986     0.014526     0.036488
Scale:          10471.2     0.020689     0.015280     0.036422
Add:            11811.6     0.024831     0.020319     0.051866
Triad:          11768.7     0.024473     0.020393     0.038726
-------------------------------------------------------------
Solution Validates: avg error less than 1.000000e-13 on all three arrays
-------------------------------------------------------------
-------------------------------------------------------------
STREAM version $Revision: 5.10 $
-------------------------------------------------------------
This system uses 8 bytes per array element.
-------------------------------------------------------------
Array size = 10000000 (elements), Offset = 0 (elements)
Memory per array = 76.3 MiB (= 0.1 GiB).
Total memory required = 228.9 MiB (= 0.2 GiB).
Each kernel will be executed 10 times.
 The *best* time for each kernel (excluding the first iteration)
 will be used to compute the reported bandwidth.
-------------------------------------------------------------
Your clock granularity/precision appears to be 1 microseconds.
Each test below will take on the order of 23901 microseconds.
   (= 23901 clock ticks)
Increase the size of the arrays if this shows that
you are not getting at least 20 clock ticks per test.
-------------------------------------------------------------
WARNING -- The above is only a rough guideline.
For best results, please be sure you know the
precision of your system timer.
-------------------------------------------------------------
Function    Best Rate MB/s  Avg time     Min time     Max time
Copy:           11117.2     0.022714     0.014392     0.037796
Scale:          10505.0     0.022667     0.015231     0.037397
Add:            12008.3     0.035539     0.019986     0.055500
Triad:          11928.5     0.032010     0.020120     0.053342
-------------------------------------------------------------
Solution Validates: avg error less than 1.000000e-13 on all three arrays
-------------------------------------------------------------
-------------------------------------------------------------
STREAM version $Revision: 5.10 $
-------------------------------------------------------------
This system uses 8 bytes per array element.
-------------------------------------------------------------
Array size = 10000000 (elements), Offset = 0 (elements)
Memory per array = 76.3 MiB (= 0.1 GiB).
Total memory required = 228.9 MiB (= 0.2 GiB).
Each kernel will be executed 10 times.
 The *best* time for each kernel (excluding the first iteration)
 will be used to compute the reported bandwidth.
-------------------------------------------------------------
Your clock granularity/precision appears to be 1 microseconds.
Each test below will take on the order of 19531 microseconds.
   (= 19531 clock ticks)
Increase the size of the arrays if this shows that
you are not getting at least 20 clock ticks per test.
-------------------------------------------------------------
WARNING -- The above is only a rough guideline.
For best results, please be sure you know the
precision of your system timer.
-------------------------------------------------------------
Function    Best Rate MB/s  Avg time     Min time     Max time
Copy:           10756.2     0.026995     0.014875     0.036526
Scale:          10038.3     0.028149     0.015939     0.036836
Add:            11917.2     0.037025     0.020139     0.052337
Triad:          11754.4     0.040032     0.020418     0.053495
-------------------------------------------------------------
Solution Validates: avg error less than 1.000000e-13 on all three arrays
-------------------------------------------------------------
-------------------------------------------------------------
STREAM version $Revision: 5.10 $
-------------------------------------------------------------
This system uses 8 bytes per array element.
-------------------------------------------------------------
Array size = 10000000 (elements), Offset = 0 (elements)
Memory per array = 76.3 MiB (= 0.1 GiB).
Total memory required = 228.9 MiB (= 0.2 GiB).
Each kernel will be executed 10 times.
 The *best* time for each kernel (excluding the first iteration)
 will be used to compute the reported bandwidth.
-------------------------------------------------------------
Your clock granularity/precision appears to be 1 microseconds.
Each test below will take on the order of 20263 microseconds.
   (= 20263 clock ticks)
Increase the size of the arrays if this shows that
you are not getting at least 20 clock ticks per test.
-------------------------------------------------------------
WARNING -- The above is only a rough guideline.
For best results, please be sure you know the
precision of your system timer.
-------------------------------------------------------------
Function    Best Rate MB/s  Avg time     Min time     Max time
Copy:           10688.8     0.027339     0.014969     0.036179
Scale:          10276.2     0.028864     0.015570     0.036551
Add:            10066.6     0.041529     0.023841     0.054228
Triad:          11730.8     0.039336     0.020459     0.054658
-------------------------------------------------------------
Solution Validates: avg error less than 1.000000e-13 on all three arrays
-------------------------------------------------------------
-------------------------------------------------------------
STREAM version $Revision: 5.10 $
-------------------------------------------------------------
This system uses 8 bytes per array element.
-------------------------------------------------------------
Array size = 10000000 (elements), Offset = 0 (elements)
Memory per array = 76.3 MiB (= 0.1 GiB).
Total memory required = 228.9 MiB (= 0.2 GiB).
Each kernel will be executed 10 times.
 The *best* time for each kernel (excluding the first iteration)
 will be used to compute the reported bandwidth.
-------------------------------------------------------------
Your clock granularity/precision appears to be 1 microseconds.
Each test below will take on the order of 13011 microseconds.
   (= 13011 clock ticks)
Increase the size of the arrays if this shows that
you are not getting at least 20 clock ticks per test.
-------------------------------------------------------------
WARNING -- The above is only a rough guideline.
For best results, please be sure you know the
precision of your system timer.
-------------------------------------------------------------
Function    Best Rate MB/s  Avg time     Min time     Max time
Copy:            6817.8     0.030908     0.023468     0.036489
Scale:           7824.7     0.030704     0.020448     0.036682
Add:             8351.9     0.042353     0.028736     0.054000
Triad:          10167.3     0.043838     0.023605     0.053544
-------------------------------------------------------------
Solution Validates: avg error less than 1.000000e-13 on all three arrays
-------------------------------------------------------------
-------------------------------------------------------------
STREAM version $Revision: 5.10 $
-------------------------------------------------------------
This system uses 8 bytes per array element.
-------------------------------------------------------------
Array size = 10000000 (elements), Offset = 0 (elements)
Memory per array = 76.3 MiB (= 0.1 GiB).
Total memory required = 228.9 MiB (= 0.2 GiB).
Each kernel will be executed 10 times.
 The *best* time for each kernel (excluding the first iteration)
 will be used to compute the reported bandwidth.
-------------------------------------------------------------
Your clock granularity/precision appears to be 1 microseconds.
Each test below will take on the order of 14013 microseconds.
   (= 14013 clock ticks)
Increase the size of the arrays if this shows that
you are not getting at least 20 clock ticks per test.
-------------------------------------------------------------
WARNING -- The above is only a rough guideline.
For best results, please be sure you know the
precision of your system timer.
-------------------------------------------------------------
Function    Best Rate MB/s  Avg time     Min time     Max time
Copy:            9695.2     0.031910     0.016503     0.037545
Scale:           6848.5     0.033533     0.023363     0.037583
Add:             6158.6     0.049561     0.038970     0.053246
Triad:          10688.5     0.045662     0.022454     0.053445
-------------------------------------------------------------
Solution Validates: avg error less than 1.000000e-13 on all three arrays
-------------------------------------------------------------
-------------------------------------------------------------
STREAM version $Revision: 5.10 $
-------------------------------------------------------------
This system uses 8 bytes per array element.
-------------------------------------------------------------
Array size = 10000000 (elements), Offset = 0 (elements)
Memory per array = 76.3 MiB (= 0.1 GiB).
Total memory required = 228.9 MiB (= 0.2 GiB).
Each kernel will be executed 10 times.
 The *best* time for each kernel (excluding the first iteration)
 will be used to compute the reported bandwidth.
-------------------------------------------------------------
Your clock granularity/precision appears to be 1 microseconds.
Each test below will take on the order of 23828 microseconds.
   (= 23828 clock ticks)
Increase the size of the arrays if this shows that
you are not getting at least 20 clock ticks per test.
-------------------------------------------------------------
WARNING -- The above is only a rough guideline.
For best results, please be sure you know the
precision of your system timer.
-------------------------------------------------------------
Function    Best Rate MB/s  Avg time     Min time     Max time
Copy:           10240.0     0.031880     0.015625     0.037760
Scale:           8511.9     0.030890     0.018797     0.037265
Add:            11299.4     0.040788     0.021240     0.053205
Triad:          11369.5     0.044354     0.021109     0.054527
-------------------------------------------------------------
Solution Validates: avg error less than 1.000000e-13 on all three arrays
-------------------------------------------------------------
-------------------------------------------------------------
STREAM version $Revision: 5.10 $
-------------------------------------------------------------
This system uses 8 bytes per array element.
-------------------------------------------------------------
Array size = 10000000 (elements), Offset = 0 (elements)
Memory per array = 76.3 MiB (= 0.1 GiB).
Total memory required = 228.9 MiB (= 0.2 GiB).
Each kernel will be executed 10 times.
 The *best* time for each kernel (excluding the first iteration)
 will be used to compute the reported bandwidth.
-------------------------------------------------------------
Your clock granularity/precision appears to be 1 microseconds.
Each test below will take on the order of 22795 microseconds.
   (= 22795 clock ticks)
Increase the size of the arrays if this shows that
you are not getting at least 20 clock ticks per test.
-------------------------------------------------------------
WARNING -- The above is only a rough guideline.
For best results, please be sure you know the
precision of your system timer.
-------------------------------------------------------------
Function    Best Rate MB/s  Avg time     Min time     Max time
Copy:            6694.6     0.032016     0.023900     0.037091
Scale:           7563.9     0.033440     0.021153     0.037474
Add:             7632.6     0.044755     0.031444     0.053789
Triad:          11896.5     0.043007     0.020174     0.054071
-------------------------------------------------------------
Solution Validates: avg error less than 1.000000e-13 on all three arrays
-------------------------------------------------------------
-------------------------------------------------------------
STREAM version $Revision: 5.10 $
-------------------------------------------------------------
This system uses 8 bytes per array element.
-------------------------------------------------------------
Array size = 10000000 (elements), Offset = 0 (elements)
Memory per array = 76.3 MiB (= 0.1 GiB).
Total memory required = 228.9 MiB (= 0.2 GiB).
Each kernel will be executed 10 times.
 The *best* time for each kernel (excluding the first iteration)
 will be used to compute the reported bandwidth.
-------------------------------------------------------------
Your clock granularity/precision appears to be 1 microseconds.
Each test below will take on the order of 31099 microseconds.
   (= 31099 clock ticks)
Increase the size of the arrays if this shows that
you are not getting at least 20 clock ticks per test.
-------------------------------------------------------------
WARNING -- The above is only a rough guideline.
For best results, please be sure you know the
precision of your system timer.
-------------------------------------------------------------
Function    Best Rate MB/s  Avg time     Min time     Max time
Copy:           13808.7     0.038548     0.011587     0.047451
Scale:          12737.8     0.037760     0.012561     0.046978
Add:            15813.4     0.051223     0.015177     0.065741
Triad:          15847.7     0.048978     0.015144     0.066800
-------------------------------------------------------------
Solution Validates: avg error less than 1.000000e-13 on all three arrays
-------------------------------------------------------------
-------------------------------------------------------------
STREAM version $Revision: 5.10 $
-------------------------------------------------------------
This system uses 8 bytes per array element.
-------------------------------------------------------------
Array size = 10000000 (elements), Offset = 0 (elements)
Memory per array = 76.3 MiB (= 0.1 GiB).
Total memory required = 228.9 MiB (= 0.2 GiB).
Each kernel will be executed 10 times.
-------------------------------------------------------------
 The *best* time for each kernel (excluding the first iteration)
STREAM version $Revision: 5.10 $
 will be used to compute the reported bandwidth.
-------------------------------------------------------------
-------------------------------------------------------------
-------------------------------------------------------------
This system uses 8 bytes per array element.
Your clock granularity/precision appears to be 1 microseconds.
STREAM version $Revision: 5.10 $
-------------------------------------------------------------
-------------------------------------------------------------
Each test below will take on the order of 28337 microseconds.
-------------------------------------------------------------
Array size = 10000000 (elements), Offset = 0 (elements)
STREAM version $Revision: 5.10 $
   (= 28337 clock ticks)
This system uses 8 bytes per array element.
Memory per array = 76.3 MiB (= 0.1 GiB).
-------------------------------------------------------------
Increase the size of the arrays if this shows that
-------------------------------------------------------------
Total memory required = 228.9 MiB (= 0.2 GiB).
This system uses 8 bytes per array element.
you are not getting at least 20 clock ticks per test.
Array size = 10000000 (elements), Offset = 0 (elements)
-------------------------------------------------------------
Each kernel will be executed 10 times.
-------------------------------------------------------------
-------------------------------------------------------------
Memory per array = 76.3 MiB (= 0.1 GiB).
STREAM version $Revision: 5.10 $
 The *best* time for each kernel (excluding the first iteration)
Array size = 10000000 (elements), Offset = 0 (elements)
WARNING -- The above is only a rough guideline.
-------------------------------------------------------------
Total memory required = 228.9 MiB (= 0.2 GiB).
-------------------------------------------------------------
-------------------------------------------------------------
 will be used to compute the reported bandwidth.
Memory per array = 76.3 MiB (= 0.1 GiB).
For best results, please be sure you know the
STREAM version $Revision: 5.10 $
Each kernel will be executed 10 times.
This system uses 8 bytes per array element.
STREAM version $Revision: 5.10 $
-------------------------------------------------------------
-------------------------------------------------------------
Total memory required = 228.9 MiB (= 0.2 GiB).
precision of your system timer.
-------------------------------------------------------------
 The *best* time for each kernel (excluding the first iteration)
-------------------------------------------------------------
-------------------------------------------------------------
Your clock granularity/precision appears to be 1 microseconds.
STREAM version $Revision: 5.10 $
Each kernel will be executed 10 times.
-------------------------------------------------------------
This system uses 8 bytes per array element.
 will be used to compute the reported bandwidth.
Array size = 10000000 (elements), Offset = 0 (elements)
This system uses 8 bytes per array element.
Each test below will take on the order of 31053 microseconds.
-------------------------------------------------------------
 The *best* time for each kernel (excluding the first iteration)
Function    Best Rate MB/s  Avg time     Min time     Max time
-------------------------------------------------------------
-------------------------------------------------------------
Memory per array = 76.3 MiB (= 0.1 GiB).
-------------------------------------------------------------
   (= 31053 clock ticks)
-------------------------------------------------------------
This system uses 8 bytes per array element.
 will be used to compute the reported bandwidth.
Copy:            4821.9     0.041667     0.033182     0.045585
Array size = 10000000 (elements), Offset = 0 (elements)
Your clock granularity/precision appears to be 1 microseconds.
Total memory required = 228.9 MiB (= 0.2 GiB).
Array size = 10000000 (elements), Offset = 0 (elements)
Increase the size of the arrays if this shows that
STREAM version $Revision: 5.10 $
-------------------------------------------------------------
-------------------------------------------------------------
Scale:           4846.0     0.043129     0.033017     0.047393
Memory per array = 76.3 MiB (= 0.1 GiB).
Each test below will take on the order of 28482 microseconds.
Each kernel will be executed 10 times.
Memory per array = 76.3 MiB (= 0.1 GiB).
you are not getting at least 20 clock ticks per test.
-------------------------------------------------------------
Array size = 10000000 (elements), Offset = 0 (elements)
-------------------------------------------------------------
Your clock granularity/precision appears to be 1 microseconds.
Add:             5449.4     0.059399     0.044041     0.066442
Total memory required = 228.9 MiB (= 0.2 GiB).
   (= 28482 clock ticks)
 The *best* time for each kernel (excluding the first iteration)
Total memory required = 228.9 MiB (= 0.2 GiB).
-------------------------------------------------------------
This system uses 8 bytes per array element.
Memory per array = 76.3 MiB (= 0.1 GiB).
STREAM version $Revision: 5.10 $
Each test below will take on the order of 27150 microseconds.
Triad:           5419.8     0.056709     0.044282     0.065081
Each kernel will be executed 10 times.
Increase the size of the arrays if this shows that
 will be used to compute the reported bandwidth.
Each kernel will be executed 10 times.
WARNING -- The above is only a rough guideline.
-------------------------------------------------------------
Total memory required = 228.9 MiB (= 0.2 GiB).
-------------------------------------------------------------
   (= 27150 clock ticks)
-------------------------------------------------------------
 The *best* time for each kernel (excluding the first iteration)
you are not getting at least 20 clock ticks per test.
-------------------------------------------------------------
 The *best* time for each kernel (excluding the first iteration)
For best results, please be sure you know the
Array size = 10000000 (elements), Offset = 0 (elements)
Each kernel will be executed 10 times.
This system uses 8 bytes per array element.
Increase the size of the arrays if this shows that
Solution Validates: avg error less than 1.000000e-13 on all three arrays
 will be used to compute the reported bandwidth.
-------------------------------------------------------------
Your clock granularity/precision appears to be 1 microseconds.
 will be used to compute the reported bandwidth.
precision of your system timer.
Memory per array = 76.3 MiB (= 0.1 GiB).
 The *best* time for each kernel (excluding the first iteration)
-------------------------------------------------------------
you are not getting at least 20 clock ticks per test.
-------------------------------------------------------------
-------------------------------------------------------------
WARNING -- The above is only a rough guideline.
Each test below will take on the order of 31527 microseconds.
-------------------------------------------------------------
-------------------------------------------------------------
Total memory required = 228.9 MiB (= 0.2 GiB).
 will be used to compute the reported bandwidth.
Array size = 10000000 (elements), Offset = 0 (elements)
-------------------------------------------------------------
Your clock granularity/precision appears to be 1 microseconds.
For best results, please be sure you know the
   (= 31527 clock ticks)
Your clock granularity/precision appears to be 1 microseconds.
Function    Best Rate MB/s  Avg time     Min time     Max time
Each kernel will be executed 10 times.
-------------------------------------------------------------
Memory per array = 76.3 MiB (= 0.1 GiB).
WARNING -- The above is only a rough guideline.
Each test below will take on the order of 26940 microseconds.
precision of your system timer.
Increase the size of the arrays if this shows that
Each test below will take on the order of 31577 microseconds.
Copy:            5483.0     0.041644     0.029181     0.046202
 The *best* time for each kernel (excluding the first iteration)
Your clock granularity/precision appears to be 1 microseconds.
Total memory required = 228.9 MiB (= 0.2 GiB).
-------------------------------------------------------------
For best results, please be sure you know the
   (= 26940 clock ticks)
-------------------------------------------------------------
you are not getting at least 20 clock ticks per test.
   (= 31577 clock ticks)
Scale:           5219.2     0.042507     0.030656     0.047010
 will be used to compute the reported bandwidth.
Each test below will take on the order of 27631 microseconds.
Each kernel will be executed 10 times.
STREAM version $Revision: 5.10 $
precision of your system timer.
Increase the size of the arrays if this shows that
Function    Best Rate MB/s  Avg time     Min time     Max time
-------------------------------------------------------------
Increase the size of the arrays if this shows that
Add:             5684.2     0.058672     0.042222     0.065775
-------------------------------------------------------------
   (= 27631 clock ticks)
 The *best* time for each kernel (excluding the first iteration)
-------------------------------------------------------------
-------------------------------------------------------------
you are not getting at least 20 clock ticks per test.
Copy:            4787.4     0.042017     0.033421     0.045802
WARNING -- The above is only a rough guideline.
you are not getting at least 20 clock ticks per test.
Triad:           5772.4     0.056684     0.041577     0.064432
Your clock granularity/precision appears to be 1 microseconds.
Increase the size of the arrays if this shows that
 will be used to compute the reported bandwidth.
This system uses 8 bytes per array element.
Function    Best Rate MB/s  Avg time     Min time     Max time
-------------------------------------------------------------
Scale:           4752.9     0.043132     0.033664     0.047048
For best results, please be sure you know the
-------------------------------------------------------------
-------------------------------------------------------------
Each test below will take on the order of 28611 microseconds.
you are not getting at least 20 clock ticks per test.
-------------------------------------------------------------
-------------------------------------------------------------
Copy:            4584.7     0.043170     0.034899     0.047310
WARNING -- The above is only a rough guideline.
Add:             5302.7     0.059555     0.045260     0.066539
precision of your system timer.
WARNING -- The above is only a rough guideline.
Solution Validates: avg error less than 1.000000e-13 on all three arrays
   (= 28611 clock ticks)
-------------------------------------------------------------
Your clock granularity/precision appears to be 1 microseconds.
Array size = 10000000 (elements), Offset = 0 (elements)
Scale:           4782.0     0.042156     0.033459     0.046014
For best results, please be sure you know the
Triad:           5149.2     0.057134     0.046609     0.065046
-------------------------------------------------------------
For best results, please be sure you know the
-------------------------------------------------------------
Increase the size of the arrays if this shows that
WARNING -- The above is only a rough guideline.
Each test below will take on the order of 27464 microseconds.
Memory per array = 76.3 MiB (= 0.1 GiB).
Add:             5615.9     0.057958     0.042736     0.065467
precision of your system timer.
-------------------------------------------------------------
Function    Best Rate MB/s  Avg time     Min time     Max time
precision of your system timer.
you are not getting at least 20 clock ticks per test.
For best results, please be sure you know the
   (= 27464 clock ticks)
Total memory required = 228.9 MiB (= 0.2 GiB).
Triad:           5519.4     0.056716     0.043483     0.065708
-------------------------------------------------------------
Solution Validates: avg error less than 1.000000e-13 on all three arrays
Copy:            5276.1     0.042354     0.030325     0.046888
-------------------------------------------------------------
-------------------------------------------------------------
precision of your system timer.
Increase the size of the arrays if this shows that
Each kernel will be executed 10 times.
-------------------------------------------------------------
Function    Best Rate MB/s  Avg time     Min time     Max time
-------------------------------------------------------------
Scale:           5220.8     0.042462     0.030647     0.047084
Function    Best Rate MB/s  Avg time     Min time     Max time
WARNING -- The above is only a rough guideline.
-------------------------------------------------------------
you are not getting at least 20 clock ticks per test.
 The *best* time for each kernel (excluding the first iteration)
Solution Validates: avg error less than 1.000000e-13 on all three arrays
Copy:            4864.8     0.042721     0.032889     0.047068
Add:             5786.2     0.058189     0.041478     0.065432
Copy:            5229.1     0.042648     0.030598     0.047143
For best results, please be sure you know the
Function    Best Rate MB/s  Avg time     Min time     Max time
-------------------------------------------------------------
 will be used to compute the reported bandwidth.
-------------------------------------------------------------
Scale:           4771.8     0.042127     0.033530     0.045751
Triad:           5797.9     0.057113     0.041394     0.064879
Scale:           5223.8     0.042558     0.030629     0.047257
precision of your system timer.
Copy:            4750.0     0.042811     0.033684     0.046609
WARNING -- The above is only a rough guideline.
-------------------------------------------------------------
Add:             4403.4     0.059594     0.054504     0.065370
-------------------------------------------------------------
Add:             5718.8     0.058403     0.041967     0.066057
-------------------------------------------------------------
Scale:           4786.4     0.042779     0.033428     0.047254
For best results, please be sure you know the
Your clock granularity/precision appears to be 1 microseconds.
Triad:           5322.6     0.057128     0.045091     0.065531
Solution Validates: avg error less than 1.000000e-13 on all three arrays
Triad:           5808.0     0.057256     0.041322     0.065435
Function    Best Rate MB/s  Avg time     Min time     Max time
Add:             5576.0     0.058197     0.043042     0.066177
precision of your system timer.
Each test below will take on the order of 28459 microseconds.
-------------------------------------------------------------
-------------------------------------------------------------
-------------------------------------------------------------
Copy:            4807.1     0.043121     0.033284     0.046983
Triad:           5678.2     0.056567     0.042267     0.065607
-------------------------------------------------------------
   (= 28459 clock ticks)
Solution Validates: avg error less than 1.000000e-13 on all three arrays
Solution Validates: avg error less than 1.000000e-13 on all three arrays
Scale:           4791.0     0.042191     0.033396     0.046692
-------------------------------------------------------------
Function    Best Rate MB/s  Avg time     Min time     Max time
Increase the size of the arrays if this shows that
-------------------------------------------------------------
-------------------------------------------------------------
Add:             5775.6     0.056708     0.041554     0.065254
Solution Validates: avg error less than 1.000000e-13 on all three arrays
Copy:            4810.0     0.042468     0.033264     0.046351
you are not getting at least 20 clock ticks per test.
Triad:           5708.4     0.057341     0.042043     0.066253
-------------------------------------------------------------
Scale:           4773.7     0.042775     0.033517     0.046967
-------------------------------------------------------------
-------------------------------------------------------------
Add:             4941.5     0.059795     0.048568     0.066417
WARNING -- The above is only a rough guideline.
Solution Validates: avg error less than 1.000000e-13 on all three arrays
Triad:           5339.6     0.057001     0.044947     0.065173
For best results, please be sure you know the
-------------------------------------------------------------
-------------------------------------------------------------
precision of your system timer.
Solution Validates: avg error less than 1.000000e-13 on all three arrays
-------------------------------------------------------------
-------------------------------------------------------------
Function    Best Rate MB/s  Avg time     Min time     Max time
Copy:            4839.1     0.043028     0.033064     0.047034
Scale:           4787.0     0.042103     0.033424     0.046512
Add:             4938.0     0.059291     0.048603     0.065220
Triad:           5604.5     0.057697     0.042823     0.066104
-------------------------------------------------------------
Solution Validates: avg error less than 1.000000e-13 on all three arrays
-------------------------------------------------------------
-------------------------------------------------------------
STREAM version $Revision: 5.10 $
-------------------------------------------------------------
This system uses 8 bytes per array element.
-------------------------------------------------------------
Array size = 10000000 (elements), Offset = 0 (elements)
Memory per array = 76.3 MiB (= 0.1 GiB).
Total memory required = 228.9 MiB (= 0.2 GiB).
Each kernel will be executed 10 times.
 The *best* time for each kernel (excluding the first iteration)
 will be used to compute the reported bandwidth.
-------------------------------------------------------------
Your clock granularity/precision appears to be 1 microseconds.
Each test below will take on the order of 27012 microseconds.
-------------------------------------------------------------
   (= 27012 clock ticks)
STREAM version $Revision: 5.10 $
Increase the size of the arrays if this shows that
-------------------------------------------------------------
you are not getting at least 20 clock ticks per test.
This system uses 8 bytes per array element.
-------------------------------------------------------------
-------------------------------------------------------------
WARNING -- The above is only a rough guideline.
Array size = 10000000 (elements), Offset = 0 (elements)
For best results, please be sure you know the
Memory per array = 76.3 MiB (= 0.1 GiB).
precision of your system timer.
Total memory required = 228.9 MiB (= 0.2 GiB).
-------------------------------------------------------------
Each kernel will be executed 10 times.
Function    Best Rate MB/s  Avg time     Min time     Max time
 The *best* time for each kernel (excluding the first iteration)
Copy:            4886.4     0.040633     0.032744     0.045895
 will be used to compute the reported bandwidth.
Scale:           4830.2     0.041419     0.033125     0.047172
-------------------------------------------------------------
Add:             5326.6     0.059071     0.045057     0.066937
Your clock granularity/precision appears to be 1 microseconds.
Triad:           5307.6     0.057240     0.045218     0.066414
Each test below will take on the order of 25274 microseconds.
-------------------------------------------------------------
   (= 25274 clock ticks)
Solution Validates: avg error less than 1.000000e-13 on all three arrays
Increase the size of the arrays if this shows that
-------------------------------------------------------------
you are not getting at least 20 clock ticks per test.
-------------------------------------------------------------
WARNING -- The above is only a rough guideline.
For best results, please be sure you know the
precision of your system timer.
-------------------------------------------------------------
Function    Best Rate MB/s  Avg time     Min time     Max time
Copy:            4876.0     0.041654     0.032814     0.046910
Scale:           4780.4     0.041186     0.033470     0.046571
Add:             5453.2     0.058396     0.044011     0.066750
Triad:           5464.2     0.055968     0.043922     0.066621
-------------------------------------------------------------
Solution Validates: avg error less than 1.000000e-13 on all three arrays
-------------------------------------------------------------
-------------------------------------------------------------
STREAM version $Revision: 5.10 $
-------------------------------------------------------------
This system uses 8 bytes per array element.
-------------------------------------------------------------
Array size = 10000000 (elements), Offset = 0 (elements)
Memory per array = 76.3 MiB (= 0.1 GiB).
Total memory required = 228.9 MiB (= 0.2 GiB).
Each kernel will be executed 10 times.
 The *best* time for each kernel (excluding the first iteration)
 will be used to compute the reported bandwidth.
-------------------------------------------------------------
Your clock granularity/precision appears to be 1 microseconds.
-------------------------------------------------------------
Each test below will take on the order of 26310 microseconds.
-------------------------------------------------------------
STREAM version $Revision: 5.10 $
   (= 26310 clock ticks)
STREAM version $Revision: 5.10 $
-------------------------------------------------------------
Increase the size of the arrays if this shows that
-------------------------------------------------------------
-------------------------------------------------------------
This system uses 8 bytes per array element.
you are not getting at least 20 clock ticks per test.
This system uses 8 bytes per array element.
STREAM version $Revision: 5.10 $
-------------------------------------------------------------
-------------------------------------------------------------
-------------------------------------------------------------
-------------------------------------------------------------
Array size = 10000000 (elements), Offset = 0 (elements)
WARNING -- The above is only a rough guideline.
Array size = 10000000 (elements), Offset = 0 (elements)
This system uses 8 bytes per array element.
Memory per array = 76.3 MiB (= 0.1 GiB).
For best results, please be sure you know the
Memory per array = 76.3 MiB (= 0.1 GiB).
-------------------------------------------------------------
Total memory required = 228.9 MiB (= 0.2 GiB).
precision of your system timer.
Total memory required = 228.9 MiB (= 0.2 GiB).
Array size = 10000000 (elements), Offset = 0 (elements)
Each kernel will be executed 10 times.
-------------------------------------------------------------
Each kernel will be executed 10 times.
Memory per array = 76.3 MiB (= 0.1 GiB).
 The *best* time for each kernel (excluding the first iteration)
Function    Best Rate MB/s  Avg time     Min time     Max time
 The *best* time for each kernel (excluding the first iteration)
Total memory required = 228.9 MiB (= 0.2 GiB).
 will be used to compute the reported bandwidth.
Copy:            4839.1     0.040481     0.033064     0.045586
 will be used to compute the reported bandwidth.
Each kernel will be executed 10 times.
-------------------------------------------------------------
Scale:           4809.0     0.041749     0.033271     0.047374
-------------------------------------------------------------
 The *best* time for each kernel (excluding the first iteration)
-------------------------------------------------------------
Your clock granularity/precision appears to be 1 microseconds.
Add:             4987.0     0.061337     0.048125     0.067377
Your clock granularity/precision appears to be 1 microseconds.
 will be used to compute the reported bandwidth.
STREAM version $Revision: 5.10 $
Each test below will take on the order of 26023 microseconds.
Triad:           5240.1     0.057793     0.045801     0.066365
Each test below will take on the order of 31461 microseconds.
-------------------------------------------------------------
-------------------------------------------------------------
   (= 26023 clock ticks)
-------------------------------------------------------------
   (= 31461 clock ticks)
Your clock granularity/precision appears to be 1 microseconds.
This system uses 8 bytes per array element.
-------------------------------------------------------------
Increase the size of the arrays if this shows that
Solution Validates: avg error less than 1.000000e-13 on all three arrays
Increase the size of the arrays if this shows that
Each test below will take on the order of 31427 microseconds.
-------------------------------------------------------------
STREAM version $Revision: 5.10 $
you are not getting at least 20 clock ticks per test.
-------------------------------------------------------------
you are not getting at least 20 clock ticks per test.
   (= 31427 clock ticks)
Array size = 10000000 (elements), Offset = 0 (elements)
-------------------------------------------------------------
-------------------------------------------------------------
-------------------------------------------------------------
Increase the size of the arrays if this shows that
Memory per array = 76.3 MiB (= 0.1 GiB).
This system uses 8 bytes per array element.
WARNING -- The above is only a rough guideline.
WARNING -- The above is only a rough guideline.
you are not getting at least 20 clock ticks per test.
Total memory required = 228.9 MiB (= 0.2 GiB).
-------------------------------------------------------------
For best results, please be sure you know the
For best results, please be sure you know the
-------------------------------------------------------------
Each kernel will be executed 10 times.
Array size = 10000000 (elements), Offset = 0 (elements)
precision of your system timer.
-------------------------------------------------------------
precision of your system timer.
WARNING -- The above is only a rough guideline.
 The *best* time for each kernel (excluding the first iteration)
Memory per array = 76.3 MiB (= 0.1 GiB).
-------------------------------------------------------------
STREAM version $Revision: 5.10 $
-------------------------------------------------------------
For best results, please be sure you know the
 will be used to compute the reported bandwidth.
Total memory required = 228.9 MiB (= 0.2 GiB).
Function    Best Rate MB/s  Avg time     Min time     Max time
-------------------------------------------------------------
Function    Best Rate MB/s  Avg time     Min time     Max time
precision of your system timer.
-------------------------------------------------------------
Each kernel will be executed 10 times.
Copy:            4820.7     0.041937     0.033190     0.047389
This system uses 8 bytes per array element.
Copy:            4038.4     0.044584     0.039619     0.047206
-------------------------------------------------------------
Your clock granularity/precision appears to be 1 microseconds.
 The *best* time for each kernel (excluding the first iteration)
Scale:           4874.2     0.040768     0.032826     0.045363
-------------------------------------------------------------
Scale:           4002.3     0.044666     0.039977     0.047542
Function    Best Rate MB/s  Avg time     Min time     Max time
Each test below will take on the order of 27967 microseconds.
 will be used to compute the reported bandwidth.
Add:             5339.7     0.058761     0.044946     0.067163
Array size = 10000000 (elements), Offset = 0 (elements)
Add:             5019.3     0.060200     0.047815     0.065802
Copy:            4030.2     0.044634     0.039700     0.047183
   (= 27967 clock ticks)
-------------------------------------------------------------
Triad:           5539.5     0.056458     0.043325     0.067933
Memory per array = 76.3 MiB (= 0.1 GiB).
Triad:           7647.7     0.058786     0.031382     0.065126
Scale:           3993.0     0.044662     0.040070     0.047374
Increase the size of the arrays if this shows that
Your clock granularity/precision appears to be 1 microseconds.
-------------------------------------------------------------
Total memory required = 228.9 MiB (= 0.2 GiB).
-------------------------------------------------------------
Add:             4948.3     0.060185     0.048502     0.065735
you are not getting at least 20 clock ticks per test.
Each test below will take on the order of 31172 microseconds.
Solution Validates: avg error less than 1.000000e-13 on all three arrays
Each kernel will be executed 10 times.
Solution Validates: avg error less than 1.000000e-13 on all three arrays
Triad:           7414.7     0.058880     0.032368     0.065115
-------------------------------------------------------------
   (= 31172 clock ticks)
-------------------------------------------------------------
 The *best* time for each kernel (excluding the first iteration)
-------------------------------------------------------------
-------------------------------------------------------------
WARNING -- The above is only a rough guideline.
Increase the size of the arrays if this shows that
 will be used to compute the reported bandwidth.
Solution Validates: avg error less than 1.000000e-13 on all three arrays
For best results, please be sure you know the
you are not getting at least 20 clock ticks per test.
-------------------------------------------------------------
-------------------------------------------------------------
precision of your system timer.
-------------------------------------------------------------
Your clock granularity/precision appears to be 1 microseconds.
-------------------------------------------------------------
WARNING -- The above is only a rough guideline.
Each test below will take on the order of 31209 microseconds.
Function    Best Rate MB/s  Avg time     Min time     Max time
For best results, please be sure you know the
   (= 31209 clock ticks)
Copy:            4066.5     0.044549     0.039346     0.047236
precision of your system timer.
Increase the size of the arrays if this shows that
Scale:           4042.8     0.044008     0.039576     0.046674
-------------------------------------------------------------
you are not getting at least 20 clock ticks per test.
Add:             4976.6     0.059500     0.048226     0.064916
Function    Best Rate MB/s  Avg time     Min time     Max time
-------------------------------------------------------------
Triad:           7196.4     0.059304     0.033350     0.065255
Copy:            4050.8     0.044539     0.039498     0.046852
WARNING -- The above is only a rough guideline.
-------------------------------------------------------------
Scale:           3995.8     0.044658     0.040042     0.047366
For best results, please be sure you know the
Solution Validates: avg error less than 1.000000e-13 on all three arrays
Add:             4348.3     0.061321     0.055194     0.065886
precision of your system timer.
-------------------------------------------------------------
Triad:           7215.9     0.058810     0.033260     0.065230
-------------------------------------------------------------
-------------------------------------------------------------
Function    Best Rate MB/s  Avg time     Min time     Max time
Solution Validates: avg error less than 1.000000e-13 on all three arrays
Copy:            4127.8     0.044165     0.038762     0.046491
-------------------------------------------------------------
Scale:           4125.3     0.044044     0.038785     0.047070
Add:             5520.2     0.059078     0.043477     0.065016
Triad:           7882.5     0.058926     0.030447     0.065191
-------------------------------------------------------------
Solution Validates: avg error less than 1.000000e-13 on all three arrays
-------------------------------------------------------------
-------------------------------------------------------------
STREAM version $Revision: 5.10 $
-------------------------------------------------------------
This system uses 8 bytes per array element.
-------------------------------------------------------------
Array size = 10000000 (elements), Offset = 0 (elements)
Memory per array = 76.3 MiB (= 0.1 GiB).
Total memory required = 228.9 MiB (= 0.2 GiB).
Each kernel will be executed 10 times.
 The *best* time for each kernel (excluding the first iteration)
 will be used to compute the reported bandwidth.
-------------------------------------------------------------
-------------------------------------------------------------
Your clock granularity/precision appears to be 1 microseconds.
STREAM version $Revision: 5.10 $
Each test below will take on the order of 31157 microseconds.
-------------------------------------------------------------
   (= 31157 clock ticks)
This system uses 8 bytes per array element.
Increase the size of the arrays if this shows that
-------------------------------------------------------------
you are not getting at least 20 clock ticks per test.
Array size = 10000000 (elements), Offset = 0 (elements)
-------------------------------------------------------------
Memory per array = 76.3 MiB (= 0.1 GiB).
WARNING -- The above is only a rough guideline.
Total memory required = 228.9 MiB (= 0.2 GiB).
For best results, please be sure you know the
Each kernel will be executed 10 times.
precision of your system timer.
 The *best* time for each kernel (excluding the first iteration)
-------------------------------------------------------------
 will be used to compute the reported bandwidth.
Function    Best Rate MB/s  Avg time     Min time     Max time
-------------------------------------------------------------
Copy:            4146.6     0.044154     0.038586     0.046830
Your clock granularity/precision appears to be 1 microseconds.
Scale:           4132.2     0.043478     0.038720     0.046485
Each test below will take on the order of 28974 microseconds.
Add:             5345.8     0.058923     0.044895     0.064639
   (= 28974 clock ticks)
Triad:           7410.6     0.059238     0.032386     0.065821
Increase the size of the arrays if this shows that
-------------------------------------------------------------
you are not getting at least 20 clock ticks per test.
Solution Validates: avg error less than 1.000000e-13 on all three arrays
-------------------------------------------------------------
-------------------------------------------------------------
WARNING -- The above is only a rough guideline.
For best results, please be sure you know the
precision of your system timer.
-------------------------------------------------------------
Function    Best Rate MB/s  Avg time     Min time     Max time
Copy:            4068.1     0.044348     0.039330     0.047403
Scale:           4232.3     0.042776     0.037804     0.045901
Add:             6153.5     0.058471     0.039002     0.064619
Triad:           8128.2     0.059543     0.029527     0.066912
-------------------------------------------------------------
Solution Validates: avg error less than 1.000000e-13 on all three arrays
-------------------------------------------------------------
-------------------------------------------------------------
STREAM version $Revision: 5.10 $
-------------------------------------------------------------
This system uses 8 bytes per array element.
-------------------------------------------------------------
Array size = 10000000 (elements), Offset = 0 (elements)
Memory per array = 76.3 MiB (= 0.1 GiB).
Total memory required = 228.9 MiB (= 0.2 GiB).
Each kernel will be executed 10 times.
 The *best* time for each kernel (excluding the first iteration)
 will be used to compute the reported bandwidth.
-------------------------------------------------------------
Your clock granularity/precision appears to be 1 microseconds.
Each test below will take on the order of 30879 microseconds.
   (= 30879 clock ticks)
Increase the size of the arrays if this shows that
you are not getting at least 20 clock ticks per test.
-------------------------------------------------------------
WARNING -- The above is only a rough guideline.
For best results, please be sure you know the
precision of your system timer.
-------------------------------------------------------------
Function    Best Rate MB/s  Avg time     Min time     Max time
Copy:            4174.0     0.043743     0.038333     0.045842
Scale:           4093.0     0.044147     0.039091     0.047200
Add:             4861.2     0.059837     0.049370     0.065015
Triad:           6737.4     0.059303     0.035622     0.064731
-------------------------------------------------------------
Solution Validates: avg error less than 1.000000e-13 on all three arrays
-------------------------------------------------------------
-------------------------------------------------------------
STREAM version $Revision: 5.10 $
-------------------------------------------------------------
This system uses 8 bytes per array element.
-------------------------------------------------------------
Array size = 10000000 (elements), Offset = 0 (elements)
Memory per array = 76.3 MiB (= 0.1 GiB).
Total memory required = 228.9 MiB (= 0.2 GiB).
Each kernel will be executed 10 times.
 The *best* time for each kernel (excluding the first iteration)
 will be used to compute the reported bandwidth.
-------------------------------------------------------------
Your clock granularity/precision appears to be 1 microseconds.
Each test below will take on the order of 29754 microseconds.
   (= 29754 clock ticks)
Increase the size of the arrays if this shows that
you are not getting at least 20 clock ticks per test.
-------------------------------------------------------------
WARNING -- The above is only a rough guideline.
For best results, please be sure you know the
precision of your system timer.
-------------------------------------------------------------
Function    Best Rate MB/s  Avg time     Min time     Max time
Copy:            4801.7     0.041430     0.033322     0.047144
Scale:           4760.8     0.042013     0.033608     0.047760
Add:             5283.2     0.059712     0.045427     0.067610
Triad:           5376.8     0.055635     0.044636     0.066156
-------------------------------------------------------------
Solution Validates: avg error less than 1.000000e-13 on all three arrays
-------------------------------------------------------------
-------------------------------------------------------------
STREAM version $Revision: 5.10 $
-------------------------------------------------------------
This system uses 8 bytes per array element.
-------------------------------------------------------------
Array size = 10000000 (elements), Offset = 0 (elements)
Memory per array = 76.3 MiB (= 0.1 GiB).
Total memory required = 228.9 MiB (= 0.2 GiB).
Each kernel will be executed 10 times.
 The *best* time for each kernel (excluding the first iteration)
 will be used to compute the reported bandwidth.
-------------------------------------------------------------
Your clock granularity/precision appears to be 1 microseconds.
Each test below will take on the order of 29339 microseconds.
   (= 29339 clock ticks)
Increase the size of the arrays if this shows that
you are not getting at least 20 clock ticks per test.
-------------------------------------------------------------
WARNING -- The above is only a rough guideline.
For best results, please be sure you know the
precision of your system timer.
-------------------------------------------------------------
Function    Best Rate MB/s  Avg time     Min time     Max time
Copy:            4758.1     0.041326     0.033627     0.046758
-------------------------------------------------------------
Scale:           4751.6     0.041982     0.033673     0.047492
STREAM version $Revision: 5.10 $
Add:             5058.5     0.059249     0.047445     0.067565
-------------------------------------------------------------
Triad:           5032.8     0.056568     0.047687     0.066046
This system uses 8 bytes per array element.
-------------------------------------------------------------
-------------------------------------------------------------
Solution Validates: avg error less than 1.000000e-13 on all three arrays
Array size = 10000000 (elements), Offset = 0 (elements)
-------------------------------------------------------------
Memory per array = 76.3 MiB (= 0.1 GiB).
Total memory required = 228.9 MiB (= 0.2 GiB).
Each kernel will be executed 10 times.
 The *best* time for each kernel (excluding the first iteration)
 will be used to compute the reported bandwidth.
-------------------------------------------------------------
Your clock granularity/precision appears to be 1 microseconds.
Each test below will take on the order of 30050 microseconds.
   (= 30050 clock ticks)
Increase the size of the arrays if this shows that
you are not getting at least 20 clock ticks per test.
-------------------------------------------------------------
WARNING -- The above is only a rough guideline.
For best results, please be sure you know the
precision of your system timer.
-------------------------------------------------------------
Function    Best Rate MB/s  Avg time     Min time     Max time
Copy:            4757.5     0.041437     0.033631     0.046922
Scale:           4795.9     0.041953     0.033362     0.047671
Add:             5629.6     0.058216     0.042632     0.067105
Triad:           4997.7     0.056845     0.048022     0.066183
-------------------------------------------------------------
Solution Validates: avg error less than 1.000000e-13 on all three arrays
-------------------------------------------------------------
-------------------------------------------------------------
STREAM version $Revision: 5.10 $
-------------------------------------------------------------
This system uses 8 bytes per array element.
-------------------------------------------------------------
Array size = 10000000 (elements), Offset = 0 (elements)
Memory per array = 76.3 MiB (= 0.1 GiB).
Total memory required = 228.9 MiB (= 0.2 GiB).
Each kernel will be executed 10 times.
 The *best* time for each kernel (excluding the first iteration)
 will be used to compute the reported bandwidth.
-------------------------------------------------------------
Your clock granularity/precision appears to be 1 microseconds.
Each test below will take on the order of 27830 microseconds.
   (= 27830 clock ticks)
Increase the size of the arrays if this shows that
you are not getting at least 20 clock ticks per test.
-------------------------------------------------------------
WARNING -- The above is only a rough guideline.
For best results, please be sure you know the
precision of your system timer.
-------------------------------------------------------------
Function    Best Rate MB/s  Avg time     Min time     Max time
Copy:            4742.8     0.042001     0.033735     0.047825
Scale:           4909.3     0.041563     0.032591     0.047017
Add:             5658.0     0.056716     0.042418     0.066956
Triad:           5331.8     0.056866     0.045013     0.067363
-------------------------------------------------------------
Solution Validates: avg error less than 1.000000e-13 on all three arrays
-------------------------------------------------------------
-------------------------------------------------------------
STREAM version $Revision: 5.10 $
-------------------------------------------------------------
This system uses 8 bytes per array element.
-------------------------------------------------------------
Array size = 10000000 (elements), Offset = 0 (elements)
Memory per array = 76.3 MiB (= 0.1 GiB).
Total memory required = 228.9 MiB (= 0.2 GiB).
Each kernel will be executed 10 times.
 The *best* time for each kernel (excluding the first iteration)
 will be used to compute the reported bandwidth.
-------------------------------------------------------------
Your clock granularity/precision appears to be 1 microseconds.
Each test below will take on the order of 29852 microseconds.
   (= 29852 clock ticks)
Increase the size of the arrays if this shows that
you are not getting at least 20 clock ticks per test.
-------------------------------------------------------------
WARNING -- The above is only a rough guideline.
For best results, please be sure you know the
precision of your system timer.
-------------------------------------------------------------
Function    Best Rate MB/s  Avg time     Min time     Max time
Copy:            4255.9     0.043120     0.037595     0.046381
Scale:           5018.7     0.042382     0.031881     0.046861
Add:             7795.3     0.059498     0.030788     0.065845
Triad:           8653.6     0.058660     0.027734     0.065617
-------------------------------------------------------------
Solution Validates: avg error less than 1.000000e-13 on all three arrays
-------------------------------------------------------------
-------------------------------------------------------------
STREAM version $Revision: 5.10 $
-------------------------------------------------------------
This system uses 8 bytes per array element.
-------------------------------------------------------------
Array size = 10000000 (elements), Offset = 0 (elements)
Memory per array = 76.3 MiB (= 0.1 GiB).
Total memory required = 228.9 MiB (= 0.2 GiB).
Each kernel will be executed 10 times.
 The *best* time for each kernel (excluding the first iteration)
 will be used to compute the reported bandwidth.
-------------------------------------------------------------
Your clock granularity/precision appears to be 1 microseconds.
Each test below will take on the order of 30786 microseconds.
   (= 30786 clock ticks)
Increase the size of the arrays if this shows that
you are not getting at least 20 clock ticks per test.
-------------------------------------------------------------
WARNING -- The above is only a rough guideline.
For best results, please be sure you know the
precision of your system timer.
-------------------------------------------------------------
Function    Best Rate MB/s  Avg time     Min time     Max time
Copy:            4313.7     0.043105     0.037091     0.046709
Scale:           5372.5     0.042002     0.029781     0.046672
Add:             7751.9     0.059219     0.030960     0.065284
Triad:           8940.9     0.058506     0.026843     0.065889
-------------------------------------------------------------
Solution Validates: avg error less than 1.000000e-13 on all three arrays
-------------------------------------------------------------
-------------------------------------------------------------
STREAM version $Revision: 5.10 $
-------------------------------------------------------------
This system uses 8 bytes per array element.
-------------------------------------------------------------
Array size = 10000000 (elements), Offset = 0 (elements)
Memory per array = 76.3 MiB (= 0.1 GiB).
Total memory required = 228.9 MiB (= 0.2 GiB).
Each kernel will be executed 10 times.
 The *best* time for each kernel (excluding the first iteration)
 will be used to compute the reported bandwidth.
-------------------------------------------------------------
Your clock granularity/precision appears to be 1 microseconds.
Each test below will take on the order of 30189 microseconds.
   (= 30189 clock ticks)
Increase the size of the arrays if this shows that
you are not getting at least 20 clock ticks per test.
-------------------------------------------------------------
WARNING -- The above is only a rough guideline.
For best results, please be sure you know the
precision of your system timer.
-------------------------------------------------------------
Function    Best Rate MB/s  Avg time     Min time     Max time
Copy:            4338.7     0.043158     0.036877     0.046949
Scale:           5681.4     0.041694     0.028162     0.046389
Add:             7272.1     0.059345     0.033003     0.065523
Triad:           8975.6     0.058526     0.026739     0.066496
-------------------------------------------------------------
Solution Validates: avg error less than 1.000000e-13 on all three arrays
-------------------------------------------------------------
-------------------------------------------------------------
STREAM version $Revision: 5.10 $
-------------------------------------------------------------
This system uses 8 bytes per array element.
-------------------------------------------------------------
Array size = 10000000 (elements), Offset = 0 (elements)
Memory per array = 76.3 MiB (= 0.1 GiB).
Total memory required = 228.9 MiB (= 0.2 GiB).
Each kernel will be executed 10 times.
 The *best* time for each kernel (excluding the first iteration)
 will be used to compute the reported bandwidth.
-------------------------------------------------------------
Your clock granularity/precision appears to be 1 microseconds.
Each test below will take on the order of 30884 microseconds.
   (= 30884 clock ticks)
Increase the size of the arrays if this shows that
you are not getting at least 20 clock ticks per test.
-------------------------------------------------------------
WARNING -- The above is only a rough guideline.
For best results, please be sure you know the
precision of your system timer.
-------------------------------------------------------------
Function    Best Rate MB/s  Avg time     Min time     Max time
Copy:            4172.2     0.043258     0.038349     0.046883
Scale:           5642.3     0.041843     0.028357     0.046478
Add:             7070.9     0.059432     0.033942     0.065302
Triad:           8599.7     0.058621     0.027908     0.066167
-------------------------------------------------------------
Solution Validates: avg error less than 1.000000e-13 on all three arrays
-------------------------------------------------------------
-------------------------------------------------------------
STREAM version $Revision: 5.10 $
-------------------------------------------------------------
This system uses 8 bytes per array element.
-------------------------------------------------------------
Array size = 10000000 (elements), Offset = 0 (elements)
Memory per array = 76.3 MiB (= 0.1 GiB).
Total memory required = 228.9 MiB (= 0.2 GiB).
Each kernel will be executed 10 times.
 The *best* time for each kernel (excluding the first iteration)
 will be used to compute the reported bandwidth.
-------------------------------------------------------------
Your clock granularity/precision appears to be 1 microseconds.
Each test below will take on the order of 25228 microseconds.
   (= 25228 clock ticks)
Increase the size of the arrays if this shows that
you are not getting at least 20 clock ticks per test.
-------------------------------------------------------------
WARNING -- The above is only a rough guideline.
For best results, please be sure you know the
precision of your system timer.
-------------------------------------------------------------
Function    Best Rate MB/s  Avg time     Min time     Max time
Copy:            4149.6     0.042876     0.038558     0.046056
Scale:           4068.1     0.043820     0.039330     0.047032
Add:             4352.6     0.061930     0.055140     0.066237
Triad:           4756.9     0.060535     0.050453     0.065486
-------------------------------------------------------------
Solution Validates: avg error less than 1.000000e-13 on all three arrays
-------------------------------------------------------------
-------------------------------------------------------------
STREAM version $Revision: 5.10 $
-------------------------------------------------------------
This system uses 8 bytes per array element.
-------------------------------------------------------------
Array size = 10000000 (elements), Offset = 0 (elements)
Memory per array = 76.3 MiB (= 0.1 GiB).
Total memory required = 228.9 MiB (= 0.2 GiB).
Each kernel will be executed 10 times.
 The *best* time for each kernel (excluding the first iteration)
 will be used to compute the reported bandwidth.
-------------------------------------------------------------
Your clock granularity/precision appears to be 1 microseconds.
Each test below will take on the order of 25210 microseconds.
   (= 25210 clock ticks)
Increase the size of the arrays if this shows that
you are not getting at least 20 clock ticks per test.
-------------------------------------------------------------
WARNING -- The above is only a rough guideline.
For best results, please be sure you know the
precision of your system timer.
-------------------------------------------------------------
Function    Best Rate MB/s  Avg time     Min time     Max time
Copy:            4160.1     0.042729     0.038461     0.045759
Scale:           4080.4     0.043838     0.039212     0.047107
Add:             4359.5     0.061917     0.055052     0.066071
Triad:           4617.4     0.060705     0.051977     0.065704
-------------------------------------------------------------
Solution Validates: avg error less than 1.000000e-13 on all three arrays
-------------------------------------------------------------
-------------------------------------------------------------
STREAM version $Revision: 5.10 $
-------------------------------------------------------------
This system uses 8 bytes per array element.
-------------------------------------------------------------
Array size = 10000000 (elements), Offset = 0 (elements)
Memory per array = 76.3 MiB (= 0.1 GiB).
Total memory required = 228.9 MiB (= 0.2 GiB).
Each kernel will be executed 10 times.
 The *best* time for each kernel (excluding the first iteration)
 will be used to compute the reported bandwidth.
-------------------------------------------------------------
Your clock granularity/precision appears to be 1 microseconds.
Each test below will take on the order of 29119 microseconds.
   (= 29119 clock ticks)
Increase the size of the arrays if this shows that
you are not getting at least 20 clock ticks per test.
-------------------------------------------------------------
WARNING -- The above is only a rough guideline.
For best results, please be sure you know the
precision of your system timer.
-------------------------------------------------------------
Function    Best Rate MB/s  Avg time     Min time     Max time
Copy:            4078.0     0.043635     0.039235     0.046813
Scale:           4095.3     0.043440     0.039069     0.046422
Add:             4433.8     0.061445     0.054130     0.065899
Triad:           5230.3     0.060166     0.045886     0.066151
-------------------------------------------------------------
Solution Validates: avg error less than 1.000000e-13 on all three arrays
-------------------------------------------------------------
-------------------------------------------------------------
STREAM version $Revision: 5.10 $
-------------------------------------------------------------
This system uses 8 bytes per array element.
-------------------------------------------------------------
Array size = 10000000 (elements), Offset = 0 (elements)
Memory per array = 76.3 MiB (= 0.1 GiB).
Total memory required = 228.9 MiB (= 0.2 GiB).
Each kernel will be executed 10 times.
 The *best* time for each kernel (excluding the first iteration)
 will be used to compute the reported bandwidth.
-------------------------------------------------------------
Your clock granularity/precision appears to be 1 microseconds.
Each test below will take on the order of 29226 microseconds.
   (= 29226 clock ticks)
Increase the size of the arrays if this shows that
you are not getting at least 20 clock ticks per test.
-------------------------------------------------------------
WARNING -- The above is only a rough guideline.
For best results, please be sure you know the
precision of your system timer.
-------------------------------------------------------------
Function    Best Rate MB/s  Avg time     Min time     Max time
Copy:            4087.3     0.043507     0.039146     0.046729
Scale:           4106.4     0.043429     0.038964     0.046303
Add:             4404.7     0.061503     0.054487     0.065701
Triad:           4954.6     0.060381     0.048440     0.066191
-------------------------------------------------------------
Solution Validates: avg error less than 1.000000e-13 on all three arrays
-------------------------------------------------------------
-------------------------------------------------------------
STREAM version $Revision: 5.10 $
-------------------------------------------------------------
This system uses 8 bytes per array element.
-------------------------------------------------------------
Array size = 10000000 (elements), Offset = 0 (elements)
Memory per array = 76.3 MiB (= 0.1 GiB).
Total memory required = 228.9 MiB (= 0.2 GiB).
Each kernel will be executed 10 times.
 The *best* time for each kernel (excluding the first iteration)
 will be used to compute the reported bandwidth.
-------------------------------------------------------------
Your clock granularity/precision appears to be 1 microseconds.
Each test below will take on the order of 27786 microseconds.
   (= 27786 clock ticks)
Increase the size of the arrays if this shows that
you are not getting at least 20 clock ticks per test.
-------------------------------------------------------------
WARNING -- The above is only a rough guideline.
For best results, please be sure you know the
precision of your system timer.
-------------------------------------------------------------
Function    Best Rate MB/s  Avg time     Min time     Max time
Copy:            4188.0     0.042521     0.038204     0.045749
Scale:           4076.3     0.043930     0.039251     0.047201
Add:             4334.5     0.062355     0.055369     0.066699
Triad:           4770.5     0.060325     0.050309     0.065729
-------------------------------------------------------------
Solution Validates: avg error less than 1.000000e-13 on all three arrays
-------------------------------------------------------------
-------------------------------------------------------------
STREAM version $Revision: 5.10 $
-------------------------------------------------------------
This system uses 8 bytes per array element.
-------------------------------------------------------------
Array size = 10000000 (elements), Offset = 0 (elements)
Memory per array = 76.3 MiB (= 0.1 GiB).
Total memory required = 228.9 MiB (= 0.2 GiB).
Each kernel will be executed 10 times.
 The *best* time for each kernel (excluding the first iteration)
 will be used to compute the reported bandwidth.
-------------------------------------------------------------
Your clock granularity/precision appears to be 1 microseconds.
Each test below will take on the order of 28034 microseconds.
   (= 28034 clock ticks)
Increase the size of the arrays if this shows that
you are not getting at least 20 clock ticks per test.
-------------------------------------------------------------
WARNING -- The above is only a rough guideline.
For best results, please be sure you know the
precision of your system timer.
-------------------------------------------------------------
Function    Best Rate MB/s  Avg time     Min time     Max time
Copy:            4146.3     0.042933     0.038589     0.046050
Scale:           4059.5     0.044158     0.039414     0.047454
Add:             4372.4     0.062239     0.054890     0.066781
Triad:           5153.2     0.059975     0.046573     0.065978
-------------------------------------------------------------
Solution Validates: avg error less than 1.000000e-13 on all three arrays
-------------------------------------------------------------
-------------------------------------------------------------
STREAM version $Revision: 5.10 $
-------------------------------------------------------------
This system uses 8 bytes per array element.
-------------------------------------------------------------
Array size = 10000000 (elements), Offset = 0 (elements)
Memory per array = 76.3 MiB (= 0.1 GiB).
Total memory required = 228.9 MiB (= 0.2 GiB).
Each kernel will be executed 10 times.
 The *best* time for each kernel (excluding the first iteration)
 will be used to compute the reported bandwidth.
-------------------------------------------------------------
Your clock granularity/precision appears to be 1 microseconds.
Each test below will take on the order of 28362 microseconds.
   (= 28362 clock ticks)
Increase the size of the arrays if this shows that
you are not getting at least 20 clock ticks per test.
-------------------------------------------------------------
WARNING -- The above is only a rough guideline.
For best results, please be sure you know the
precision of your system timer.
-------------------------------------------------------------
Function    Best Rate MB/s  Avg time     Min time     Max time
Copy:            4074.8     0.043909     0.039266     0.047015
Scale:           4126.1     0.043239     0.038778     0.046373
Add:             4501.7     0.061360     0.053313     0.065788
Triad:           6147.4     0.059234     0.039041     0.066677
-------------------------------------------------------------
Solution Validates: avg error less than 1.000000e-13 on all three arrays
-------------------------------------------------------------
-------------------------------------------------------------
STREAM version $Revision: 5.10 $
-------------------------------------------------------------
This system uses 8 bytes per array element.
-------------------------------------------------------------
Array size = 10000000 (elements), Offset = 0 (elements)
Memory per array = 76.3 MiB (= 0.1 GiB).
Total memory required = 228.9 MiB (= 0.2 GiB).
Each kernel will be executed 10 times.
 The *best* time for each kernel (excluding the first iteration)
 will be used to compute the reported bandwidth.
-------------------------------------------------------------
Your clock granularity/precision appears to be 1 microseconds.
Each test below will take on the order of 28257 microseconds.
   (= 28257 clock ticks)
Increase the size of the arrays if this shows that
you are not getting at least 20 clock ticks per test.
-------------------------------------------------------------
WARNING -- The above is only a rough guideline.
For best results, please be sure you know the
precision of your system timer.
-------------------------------------------------------------
Function    Best Rate MB/s  Avg time     Min time     Max time
Copy:            4099.2     0.043669     0.039032     0.046730
Scale:           4108.8     0.043455     0.038941     0.046704
Add:             4452.4     0.061394     0.053904     0.065687
Triad:           5536.2     0.059453     0.043351     0.066407
-------------------------------------------------------------
Solution Validates: avg error less than 1.000000e-13 on all three arrays
-------------------------------------------------------------
-------------------------------------------------------------
STREAM version $Revision: 5.10 $
-------------------------------------------------------------
This system uses 8 bytes per array element.
-------------------------------------------------------------
Array size = 10000000 (elements), Offset = 0 (elements)
Memory per array = 76.3 MiB (= 0.1 GiB).
Total memory required = 228.9 MiB (= 0.2 GiB).
Each kernel will be executed 10 times.
 The *best* time for each kernel (excluding the first iteration)
 will be used to compute the reported bandwidth.
-------------------------------------------------------------
Your clock granularity/precision appears to be 1 microseconds.
Each test below will take on the order of 30514 microseconds.
   (= 30514 clock ticks)
Increase the size of the arrays if this shows that
you are not getting at least 20 clock ticks per test.
-------------------------------------------------------------
-------------------------------------------------------------
STREAM version $Revision: 5.10 $
WARNING -- The above is only a rough guideline.
-------------------------------------------------------------
For best results, please be sure you know the
This system uses 8 bytes per array element.
precision of your system timer.
-------------------------------------------------------------
-------------------------------------------------------------
Array size = 10000000 (elements), Offset = 0 (elements)
Function    Best Rate MB/s  Avg time     Min time     Max time
Memory per array = 76.3 MiB (= 0.1 GiB).
Copy:            4145.1     0.043136     0.038600     0.046276
Total memory required = 228.9 MiB (= 0.2 GiB).
Scale:           4102.1     0.044016     0.039005     0.047295
Each kernel will be executed 10 times.
Add:             4989.1     0.059945     0.048105     0.066034
 The *best* time for each kernel (excluding the first iteration)
Triad:           7409.0     0.057833     0.032393     0.065635
 will be used to compute the reported bandwidth.
-------------------------------------------------------------
-------------------------------------------------------------
Solution Validates: avg error less than 1.000000e-13 on all three arrays
Your clock granularity/precision appears to be 1 microseconds.
-------------------------------------------------------------
Each test below will take on the order of 31090 microseconds.
   (= 31090 clock ticks)
Increase the size of the arrays if this shows that
you are not getting at least 20 clock ticks per test.
-------------------------------------------------------------
WARNING -- The above is only a rough guideline.
For best results, please be sure you know the
precision of your system timer.
-------------------------------------------------------------
Function    Best Rate MB/s  Avg time     Min time     Max time
Copy:            4118.0     0.043669     0.038854     0.046983
Scale:           4213.8     0.043653     0.037970     0.046914
-------------------------------------------------------------
Add:             5971.5     0.058360     0.040191     0.065420
STREAM version $Revision: 5.10 $
Triad:           7499.8     0.058047     0.032001     0.065848
-------------------------------------------------------------
-------------------------------------------------------------
This system uses 8 bytes per array element.
Solution Validates: avg error less than 1.000000e-13 on all three arrays
-------------------------------------------------------------
-------------------------------------------------------------
Array size = 10000000 (elements), Offset = 0 (elements)
Memory per array = 76.3 MiB (= 0.1 GiB).
Total memory required = 228.9 MiB (= 0.2 GiB).
Each kernel will be executed 10 times.
 The *best* time for each kernel (excluding the first iteration)
 will be used to compute the reported bandwidth.
-------------------------------------------------------------
Your clock granularity/precision appears to be 1 microseconds.
Each test below will take on the order of 31123 microseconds.
   (= 31123 clock ticks)
Increase the size of the arrays if this shows that
you are not getting at least 20 clock ticks per test.
-------------------------------------------------------------
WARNING -- The above is only a rough guideline.
For best results, please be sure you know the
precision of your system timer.
-------------------------------------------------------------
Function    Best Rate MB/s  Avg time     Min time     Max time
Copy:            4152.1     0.043405     0.038535     0.046719
Scale:           4162.8     0.043705     0.038436     0.047107
Add:             5446.1     0.058778     0.044068     0.065338
Triad:           7051.6     0.057960     0.034035     0.065577
-------------------------------------------------------------
Solution Validates: avg error less than 1.000000e-13 on all three arrays
-------------------------------------------------------------
-------------------------------------------------------------
STREAM version $Revision: 5.10 $
-------------------------------------------------------------
This system uses 8 bytes per array element.
-------------------------------------------------------------
Array size = 10000000 (elements), Offset = 0 (elements)
Memory per array = 76.3 MiB (= 0.1 GiB).
Total memory required = 228.9 MiB (= 0.2 GiB).
Each kernel will be executed 10 times.
 The *best* time for each kernel (excluding the first iteration)
 will be used to compute the reported bandwidth.
-------------------------------------------------------------
Your clock granularity/precision appears to be 1 microseconds.
Each test below will take on the order of 30853 microseconds.
   (= 30853 clock ticks)
Increase the size of the arrays if this shows that
you are not getting at least 20 clock ticks per test.
-------------------------------------------------------------
WARNING -- The above is only a rough guideline.
For best results, please be sure you know the
precision of your system timer.
-------------------------------------------------------------
Function    Best Rate MB/s  Avg time     Min time     Max time
Copy:            4095.8     0.043711     0.039065     0.047017
Scale:           4215.2     0.043464     0.037958     0.046638
Add:             5526.2     0.058574     0.043430     0.065378
Triad:           7202.0     0.058005     0.033324     0.065762
-------------------------------------------------------------
Solution Validates: avg error less than 1.000000e-13 on all three arrays
-------------------------------------------------------------
-------------------------------------------------------------
STREAM version $Revision: 5.10 $
-------------------------------------------------------------
This system uses 8 bytes per array element.
-------------------------------------------------------------
Array size = 10000000 (elements), Offset = 0 (elements)
Memory per array = 76.3 MiB (= 0.1 GiB).
Total memory required = 228.9 MiB (= 0.2 GiB).
Each kernel will be executed 10 times.
 The *best* time for each kernel (excluding the first iteration)
 will be used to compute the reported bandwidth.
-------------------------------------------------------------
Your clock granularity/precision appears to be 1 microseconds.
Each test below will take on the order of 31192 microseconds.
   (= 31192 clock ticks)
Increase the size of the arrays if this shows that
you are not getting at least 20 clock ticks per test.
-------------------------------------------------------------
WARNING -- The above is only a rough guideline.
For best results, please be sure you know the
precision of your system timer.
-------------------------------------------------------------
Function    Best Rate MB/s  Avg time     Min time     Max time
Copy:            4197.5     0.043336     0.038118     0.046403
Scale:           4694.7     0.042927     0.034081     0.047307
Add:             6872.9     0.058337     0.034920     0.066191
Triad:           8884.0     0.057147     0.027015     0.065839
-------------------------------------------------------------
Solution Validates: avg error less than 1.000000e-13 on all three arrays
-------------------------------------------------------------
-------------------------------------------------------------
STREAM version $Revision: 5.10 $
-------------------------------------------------------------
This system uses 8 bytes per array element.
-------------------------------------------------------------
Array size = 10000000 (elements), Offset = 0 (elements)
Memory per array = 76.3 MiB (= 0.1 GiB).
Total memory required = 228.9 MiB (= 0.2 GiB).
Each kernel will be executed 10 times.
 The *best* time for each kernel (excluding the first iteration)
 will be used to compute the reported bandwidth.
-------------------------------------------------------------
Your clock granularity/precision appears to be 1 microseconds.
Each test below will take on the order of 31391 microseconds.
   (= 31391 clock ticks)
Increase the size of the arrays if this shows that
you are not getting at least 20 clock ticks per test.
-------------------------------------------------------------
WARNING -- The above is only a rough guideline.
For best results, please be sure you know the
precision of your system timer.
-------------------------------------------------------------
Function    Best Rate MB/s  Avg time     Min time     Max time
Copy:            4225.5     0.043670     0.037865     0.046969
Scale:           5027.2     0.042241     0.031827     0.047333
Add:             7483.4     0.057831     0.032071     0.065952
Triad:           9168.7     0.057259     0.026176     0.066036
-------------------------------------------------------------
Solution Validates: avg error less than 1.000000e-13 on all three arrays
-------------------------------------------------------------
-------------------------------------------------------------
STREAM version $Revision: 5.10 $
-------------------------------------------------------------
This system uses 8 bytes per array element.
-------------------------------------------------------------
Array size = 10000000 (elements), Offset = 0 (elements)
Memory per array = 76.3 MiB (= 0.1 GiB).
Total memory required = 228.9 MiB (= 0.2 GiB).
Each kernel will be executed 10 times.
 The *best* time for each kernel (excluding the first iteration)
 will be used to compute the reported bandwidth.
-------------------------------------------------------------
Your clock granularity/precision appears to be 1 microseconds.
Each test below will take on the order of 31492 microseconds.
   (= 31492 clock ticks)
Increase the size of the arrays if this shows that
you are not getting at least 20 clock ticks per test.
-------------------------------------------------------------
WARNING -- The above is only a rough guideline.
For best results, please be sure you know the
precision of your system timer.
-------------------------------------------------------------
Function    Best Rate MB/s  Avg time     Min time     Max time
Copy:            4225.8     0.043688     0.037863     0.047047
Scale:           5096.7     0.042262     0.031393     0.047288
Add:             7627.3     0.057800     0.031466     0.065845
Triad:           9098.8     0.057382     0.026377     0.066058
-------------------------------------------------------------
Solution Validates: avg error less than 1.000000e-13 on all three arrays
-------------------------------------------------------------
-------------------------------------------------------------
STREAM version $Revision: 5.10 $
-------------------------------------------------------------
This system uses 8 bytes per array element.
-------------------------------------------------------------
Array size = 10000000 (elements), Offset = 0 (elements)
Memory per array = 76.3 MiB (= 0.1 GiB).
Total memory required = 228.9 MiB (= 0.2 GiB).
Each kernel will be executed 10 times.
 The *best* time for each kernel (excluding the first iteration)
 will be used to compute the reported bandwidth.
-------------------------------------------------------------
Your clock granularity/precision appears to be 1 microseconds.
Each test below will take on the order of 31468 microseconds.
   (= 31468 clock ticks)
Increase the size of the arrays if this shows that
you are not getting at least 20 clock ticks per test.
-------------------------------------------------------------
WARNING -- The above is only a rough guideline.
For best results, please be sure you know the
precision of your system timer.
-------------------------------------------------------------
Function    Best Rate MB/s  Avg time     Min time     Max time
Copy:            4200.6     0.043293     0.038090     0.046481
Scale:           4686.4     0.042850     0.034141     0.047400
Add:             5518.8     0.059220     0.043488     0.065885
Triad:           9286.5     0.056942     0.025844     0.065642
-------------------------------------------------------------
Solution Validates: avg error less than 1.000000e-13 on all three arrays
-------------------------------------------------------------
START OF JOBSPEC
{"resources": [{"type": "node", "count": 1, "with": [{"type": "slot", "count": 56, "with": [{"type": "core", "count": 1}], "label": "task"}]}], "tasks": [{"command": ["singularity", "exec", "/opt/containers/metric-stream_rocky-8.sif", "stream_c.exe"], "slot": "task", "count": {"per_slot": 1}}], "attributes": {"system": {"duration": 0, "cwd": "/home/sochat1_llnl_gov", "shell": {"options": {"rlimit": {"cpu": -1, "fsize": -1, "data": -1, "stack": 8388608, "core": 0, "nofile": 262144, "as": -1, "rss": -1, "nproc": 1803560}, "cpu-affinity": "per-task"}}}, "user": {"study_id": "stream-1-iter-2"}}, "version": 1}
START OF EVENTLOG
{"timestamp":1724804917.2217739,"name":"init"}
{"timestamp":1724804917.2233109,"name":"starting"}
{"timestamp":1724804917.2385612,"name":"shell.init","context":{"service":"1356918789-shell-fNh3RZiP","leader-rank":247,"size":1}}
{"timestamp":1724804917.3796315,"name":"shell.start","context":{"taskmap":{"version":1,"map":[[0,1,56,1]]}}}
{"timestamp":1724804918.779424,"name":"shell.task-exit","context":{"localid":55,"rank":55,"state":"Exited","pid":85877,"wait_status":0,"signaled":0,"exitcode":0}}
{"timestamp":1724804919.8802121,"name":"complete","context":{"status":0}}
{"timestamp":1724804919.8802297,"name":"done"}

