-------------------------------------------------------------
STREAM version $Revision: 5.10 $
-------------------------------------------------------------
This system uses 8 bytes per array element.
-------------------------------------------------------------
Array size = 10000000 (elements), Offset = 0 (elements)
Memory per array = 76.3 MiB (= 0.1 GiB).
Total memory required = 228.9 MiB (= 0.2 GiB).
Each kernel will be executed 10 times.
 The *best* time for each kernel (excluding the first iteration)
 will be used to compute the reported bandwidth.
-------------------------------------------------------------
Your clock granularity/precision appears to be 1 microseconds.
Each test below will take on the order of 25104 microseconds.
   (= 25104 clock ticks)
Increase the size of the arrays if this shows that
you are not getting at least 20 clock ticks per test.
-------------------------------------------------------------
WARNING -- The above is only a rough guideline.
For best results, please be sure you know the
precision of your system timer.
-------------------------------------------------------------
Function    Best Rate MB/s  Avg time     Min time     Max time
Copy:           11036.7     0.020834     0.014497     0.036900
Scale:          10520.1     0.021017     0.015209     0.037597
Add:            12423.0     0.030000     0.019319     0.052692
Triad:          12094.9     0.028826     0.019843     0.049224
-------------------------------------------------------------
Solution Validates: avg error less than 1.000000e-13 on all three arrays
-------------------------------------------------------------
-------------------------------------------------------------
STREAM version $Revision: 5.10 $
-------------------------------------------------------------
This system uses 8 bytes per array element.
-------------------------------------------------------------
Array size = 10000000 (elements), Offset = 0 (elements)
Memory per array = 76.3 MiB (= 0.1 GiB).
Total memory required = 228.9 MiB (= 0.2 GiB).
Each kernel will be executed 10 times.
 The *best* time for each kernel (excluding the first iteration)
 will be used to compute the reported bandwidth.
-------------------------------------------------------------
Your clock granularity/precision appears to be 1 microseconds.
Each test below will take on the order of 24758 microseconds.
   (= 24758 clock ticks)
Increase the size of the arrays if this shows that
you are not getting at least 20 clock ticks per test.
-------------------------------------------------------------
WARNING -- The above is only a rough guideline.
For best results, please be sure you know the
precision of your system timer.
-------------------------------------------------------------
Function    Best Rate MB/s  Avg time     Min time     Max time
Copy:            6692.3     0.028646     0.023908     0.036856
Scale:          10069.3     0.029520     0.015890     0.037720
Add:            10489.0     0.041896     0.022881     0.052782
Triad:           9863.1     0.040378     0.024333     0.051916
-------------------------------------------------------------
Solution Validates: avg error less than 1.000000e-13 on all three arrays
-------------------------------------------------------------
-------------------------------------------------------------
STREAM version $Revision: 5.10 $
-------------------------------------------------------------
This system uses 8 bytes per array element.
-------------------------------------------------------------
Array size = 10000000 (elements), Offset = 0 (elements)
Memory per array = 76.3 MiB (= 0.1 GiB).
Total memory required = 228.9 MiB (= 0.2 GiB).
Each kernel will be executed 10 times.
 The *best* time for each kernel (excluding the first iteration)
 will be used to compute the reported bandwidth.
-------------------------------------------------------------
Your clock granularity/precision appears to be 1 microseconds.
Each test below will take on the order of 24514 microseconds.
   (= 24514 clock ticks)
Increase the size of the arrays if this shows that
you are not getting at least 20 clock ticks per test.
-------------------------------------------------------------
WARNING -- The above is only a rough guideline.
For best results, please be sure you know the
precision of your system timer.
-------------------------------------------------------------
Function    Best Rate MB/s  Avg time     Min time     Max time
Copy:           10714.4     0.029461     0.014933     0.037625
Scale:          10280.8     0.029759     0.015563     0.037955
Add:            11928.3     0.042182     0.020120     0.053989
Triad:          11553.5     0.046208     0.020773     0.055034
-------------------------------------------------------------
Solution Validates: avg error less than 1.000000e-13 on all three arrays
-------------------------------------------------------------
-------------------------------------------------------------
STREAM version $Revision: 5.10 $
-------------------------------------------------------------
This system uses 8 bytes per array element.
-------------------------------------------------------------
Array size = 10000000 (elements), Offset = 0 (elements)
Memory per array = 76.3 MiB (= 0.1 GiB).
Total memory required = 228.9 MiB (= 0.2 GiB).
Each kernel will be executed 10 times.
 The *best* time for each kernel (excluding the first iteration)
 will be used to compute the reported bandwidth.
-------------------------------------------------------------
Your clock granularity/precision appears to be 1 microseconds.
Each test below will take on the order of 24908 microseconds.
   (= 24908 clock ticks)
Increase the size of the arrays if this shows that
you are not getting at least 20 clock ticks per test.
-------------------------------------------------------------
WARNING -- The above is only a rough guideline.
For best results, please be sure you know the
precision of your system timer.
-------------------------------------------------------------
Function    Best Rate MB/s  Avg time     Min time     Max time
Copy:            6220.1     0.029154     0.025723     0.037140
Scale:           6299.2     0.031355     0.025400     0.037662
Add:             6661.3     0.042794     0.036029     0.052525
Triad:           7423.7     0.041687     0.032329     0.052547
-------------------------------------------------------------
Solution Validates: avg error less than 1.000000e-13 on all three arrays
-------------------------------------------------------------
-------------------------------------------------------------
STREAM version $Revision: 5.10 $
-------------------------------------------------------------
This system uses 8 bytes per array element.
-------------------------------------------------------------
Array size = 10000000 (elements), Offset = 0 (elements)
Memory per array = 76.3 MiB (= 0.1 GiB).
Total memory required = 228.9 MiB (= 0.2 GiB).
Each kernel will be executed 10 times.
 The *best* time for each kernel (excluding the first iteration)
 will be used to compute the reported bandwidth.
-------------------------------------------------------------
Your clock granularity/precision appears to be 1 microseconds.
Each test below will take on the order of 24955 microseconds.
   (= 24955 clock ticks)
Increase the size of the arrays if this shows that
you are not getting at least 20 clock ticks per test.
-------------------------------------------------------------
WARNING -- The above is only a rough guideline.
For best results, please be sure you know the
precision of your system timer.
-------------------------------------------------------------
Function    Best Rate MB/s  Avg time     Min time     Max time
Copy:            6431.7     0.029104     0.024877     0.037180
Scale:           6589.2     0.031192     0.024282     0.037638
Add:             6568.2     0.043839     0.036540     0.053158
Triad:           8255.7     0.041607     0.029071     0.052195
-------------------------------------------------------------
Solution Validates: avg error less than 1.000000e-13 on all three arrays
-------------------------------------------------------------
-------------------------------------------------------------
STREAM version $Revision: 5.10 $
-------------------------------------------------------------
This system uses 8 bytes per array element.
-------------------------------------------------------------
Array size = 10000000 (elements), Offset = 0 (elements)
Memory per array = 76.3 MiB (= 0.1 GiB).
Total memory required = 228.9 MiB (= 0.2 GiB).
Each kernel will be executed 10 times.
 The *best* time for each kernel (excluding the first iteration)
 will be used to compute the reported bandwidth.
-------------------------------------------------------------
Your clock granularity/precision appears to be 1 microseconds.
Each test below will take on the order of 23245 microseconds.
   (= 23245 clock ticks)
Increase the size of the arrays if this shows that
you are not getting at least 20 clock ticks per test.
-------------------------------------------------------------
WARNING -- The above is only a rough guideline.
For best results, please be sure you know the
precision of your system timer.
-------------------------------------------------------------
Function    Best Rate MB/s  Avg time     Min time     Max time
Copy:            5902.3     0.035262     0.027108     0.037170
Scale:           5614.1     0.035985     0.028500     0.037827
Add:             5821.1     0.051027     0.041229     0.053540
Triad:           7514.8     0.048811     0.031937     0.053158
-------------------------------------------------------------
Solution Validates: avg error less than 1.000000e-13 on all three arrays
-------------------------------------------------------------
-------------------------------------------------------------
STREAM version $Revision: 5.10 $
-------------------------------------------------------------
This system uses 8 bytes per array element.
-------------------------------------------------------------
Array size = 10000000 (elements), Offset = 0 (elements)
Memory per array = 76.3 MiB (= 0.1 GiB).
Total memory required = 228.9 MiB (= 0.2 GiB).
Each kernel will be executed 10 times.
 The *best* time for each kernel (excluding the first iteration)
 will be used to compute the reported bandwidth.
-------------------------------------------------------------
Your clock granularity/precision appears to be 1 microseconds.
Each test below will take on the order of 24562 microseconds.
   (= 24562 clock ticks)
Increase the size of the arrays if this shows that
you are not getting at least 20 clock ticks per test.
-------------------------------------------------------------
WARNING -- The above is only a rough guideline.
For best results, please be sure you know the
precision of your system timer.
-------------------------------------------------------------
Function    Best Rate MB/s  Avg time     Min time     Max time
Copy:            5689.5     0.035861     0.028122     0.037794
Scale:           5420.0     0.036016     0.029520     0.037866
Add:             8625.0     0.048470     0.027826     0.053476
Triad:           6250.3     0.049858     0.038398     0.053404
-------------------------------------------------------------
Solution Validates: avg error less than 1.000000e-13 on all three arrays
-------------------------------------------------------------
-------------------------------------------------------------
STREAM version $Revision: 5.10 $
-------------------------------------------------------------
This system uses 8 bytes per array element.
-------------------------------------------------------------
Array size = 10000000 (elements), Offset = 0 (elements)
Memory per array = 76.3 MiB (= 0.1 GiB).
Total memory required = 228.9 MiB (= 0.2 GiB).
Each kernel will be executed 10 times.
 The *best* time for each kernel (excluding the first iteration)
 will be used to compute the reported bandwidth.
-------------------------------------------------------------
Your clock granularity/precision appears to be 1 microseconds.
Each test below will take on the order of 24625 microseconds.
   (= 24625 clock ticks)
Increase the size of the arrays if this shows that
you are not getting at least 20 clock ticks per test.
-------------------------------------------------------------
WARNING -- The above is only a rough guideline.
For best results, please be sure you know the
precision of your system timer.
-------------------------------------------------------------
Function    Best Rate MB/s  Avg time     Min time     Max time
Copy:            5707.9     0.035914     0.028031     0.037759
Scale:           5578.0     0.035869     0.028684     0.037709
Add:             5980.9     0.050691     0.040128     0.053532
Triad:           6634.6     0.049357     0.036174     0.053459
-------------------------------------------------------------
Solution Validates: avg error less than 1.000000e-13 on all three arrays
-------------------------------------------------------------
-------------------------------------------------------------
STREAM version $Revision: 5.10 $
-------------------------------------------------------------
This system uses 8 bytes per array element.
-------------------------------------------------------------
-------------------------------------------------------------
STREAM version $Revision: 5.10 $
Array size = 10000000 (elements), Offset = 0 (elements)
-------------------------------------------------------------
Memory per array = 76.3 MiB (= 0.1 GiB).
This system uses 8 bytes per array element.
Total memory required = 228.9 MiB (= 0.2 GiB).
-------------------------------------------------------------
Each kernel will be executed 10 times.
Array size = 10000000 (elements), Offset = 0 (elements)
-------------------------------------------------------------
 The *best* time for each kernel (excluding the first iteration)
Memory per array = 76.3 MiB (= 0.1 GiB).
STREAM version $Revision: 5.10 $
 will be used to compute the reported bandwidth.
Total memory required = 228.9 MiB (= 0.2 GiB).
-------------------------------------------------------------
-------------------------------------------------------------
Each kernel will be executed 10 times.
This system uses 8 bytes per array element.
Your clock granularity/precision appears to be 1 microseconds.
 The *best* time for each kernel (excluding the first iteration)
-------------------------------------------------------------
Each test below will take on the order of 28761 microseconds.
 will be used to compute the reported bandwidth.
Array size = 10000000 (elements), Offset = 0 (elements)
   (= 28761 clock ticks)
-------------------------------------------------------------
Memory per array = 76.3 MiB (= 0.1 GiB).
Increase the size of the arrays if this shows that
Your clock granularity/precision appears to be 1 microseconds.
Total memory required = 228.9 MiB (= 0.2 GiB).
you are not getting at least 20 clock ticks per test.
Each test below will take on the order of 29334 microseconds.
Each kernel will be executed 10 times.
-------------------------------------------------------------
-------------------------------------------------------------
   (= 29334 clock ticks)
 The *best* time for each kernel (excluding the first iteration)
-------------------------------------------------------------
STREAM version $Revision: 5.10 $
WARNING -- The above is only a rough guideline.
Increase the size of the arrays if this shows that
 will be used to compute the reported bandwidth.
STREAM version $Revision: 5.10 $
-------------------------------------------------------------
For best results, please be sure you know the
you are not getting at least 20 clock ticks per test.
-------------------------------------------------------------
-------------------------------------------------------------
This system uses 8 bytes per array element.
precision of your system timer.
-------------------------------------------------------------
Your clock granularity/precision appears to be 1 microseconds.
This system uses 8 bytes per array element.
-------------------------------------------------------------
-------------------------------------------------------------
WARNING -- The above is only a rough guideline.
Each test below will take on the order of 29903 microseconds.
-------------------------------------------------------------
Array size = 10000000 (elements), Offset = 0 (elements)
Function    Best Rate MB/s  Avg time     Min time     Max time
For best results, please be sure you know the
   (= 29903 clock ticks)
Array size = 10000000 (elements), Offset = 0 (elements)
Memory per array = 76.3 MiB (= 0.1 GiB).
Copy:            4880.9     0.041439     0.032781     0.046519
precision of your system timer.
Increase the size of the arrays if this shows that
Memory per array = 76.3 MiB (= 0.1 GiB).
Total memory required = 228.9 MiB (= 0.2 GiB).
Scale:           4790.1     0.041448     0.033402     0.043820
-------------------------------------------------------------
you are not getting at least 20 clock ticks per test.
-------------------------------------------------------------
Total memory required = 228.9 MiB (= 0.2 GiB).
Each kernel will be executed 10 times.
Add:             5202.1     0.058710     0.046135     0.063451
Function    Best Rate MB/s  Avg time     Min time     Max time
-------------------------------------------------------------
STREAM version $Revision: 5.10 $
Each kernel will be executed 10 times.
 The *best* time for each kernel (excluding the first iteration)
Triad:           5250.7     0.056827     0.045708     0.065298
Copy:            4605.4     0.041310     0.034742     0.046289
WARNING -- The above is only a rough guideline.
-------------------------------------------------------------
 The *best* time for each kernel (excluding the first iteration)
 will be used to compute the reported bandwidth.
-------------------------------------------------------------
Scale:           4775.7     0.041824     0.033503     0.044863
For best results, please be sure you know the
This system uses 8 bytes per array element.
 will be used to compute the reported bandwidth.
-------------------------------------------------------------
Solution Validates: avg error less than 1.000000e-13 on all three arrays
Add:             4985.7     0.059051     0.048138     0.062714
precision of your system timer.
-------------------------------------------------------------
-------------------------------------------------------------
Your clock granularity/precision appears to be 1 microseconds.
-------------------------------------------------------------
Triad:           5040.4     0.057342     0.047615     0.064274
-------------------------------------------------------------
Array size = 10000000 (elements), Offset = 0 (elements)
-------------------------------------------------------------
Your clock granularity/precision appears to be 1 microseconds.
Each test below will take on the order of 30359 microseconds.
-------------------------------------------------------------
Function    Best Rate MB/s  Avg time     Min time     Max time
Memory per array = 76.3 MiB (= 0.1 GiB).
STREAM version $Revision: 5.10 $
Each test below will take on the order of 29069 microseconds.
   (= 30359 clock ticks)
Solution Validates: avg error less than 1.000000e-13 on all three arrays
Copy:            4804.2     0.041214     0.033304     0.046195
Total memory required = 228.9 MiB (= 0.2 GiB).
-------------------------------------------------------------
   (= 29069 clock ticks)
Increase the size of the arrays if this shows that
-------------------------------------------------------------
Scale:           4781.4     0.041741     0.033463     0.044831
Each kernel will be executed 10 times.
This system uses 8 bytes per array element.
Increase the size of the arrays if this shows that
-------------------------------------------------------------
you are not getting at least 20 clock ticks per test.
Add:             4914.0     0.059107     0.048840     0.062769
 The *best* time for each kernel (excluding the first iteration)
-------------------------------------------------------------
you are not getting at least 20 clock ticks per test.
STREAM version $Revision: 5.10 $
-------------------------------------------------------------
Triad:           4955.2     0.057551     0.048434     0.064636
 will be used to compute the reported bandwidth.
Array size = 10000000 (elements), Offset = 0 (elements)
-------------------------------------------------------------
-------------------------------------------------------------
WARNING -- The above is only a rough guideline.
-------------------------------------------------------------
-------------------------------------------------------------
Memory per array = 76.3 MiB (= 0.1 GiB).
WARNING -- The above is only a rough guideline.
This system uses 8 bytes per array element.
For best results, please be sure you know the
Solution Validates: avg error less than 1.000000e-13 on all three arrays
Your clock granularity/precision appears to be 1 microseconds.
Total memory required = 228.9 MiB (= 0.2 GiB).
For best results, please be sure you know the
-------------------------------------------------------------
precision of your system timer.
-------------------------------------------------------------
Each test below will take on the order of 29471 microseconds.
Each kernel will be executed 10 times.
precision of your system timer.
Array size = 10000000 (elements), Offset = 0 (elements)
-------------------------------------------------------------
   (= 29471 clock ticks)
 The *best* time for each kernel (excluding the first iteration)
-------------------------------------------------------------
Memory per array = 76.3 MiB (= 0.1 GiB).
Function    Best Rate MB/s  Avg time     Min time     Max time
Increase the size of the arrays if this shows that
 will be used to compute the reported bandwidth.
Function    Best Rate MB/s  Avg time     Min time     Max time
Total memory required = 228.9 MiB (= 0.2 GiB).
Copy:            4766.6     0.042004     0.033567     0.047007
you are not getting at least 20 clock ticks per test.
-------------------------------------------------------------
Copy:            4773.8     0.040965     0.033516     0.045828
Each kernel will be executed 10 times.
Scale:           4679.7     0.041691     0.034190     0.043901
-------------------------------------------------------------
Your clock granularity/precision appears to be 1 microseconds.
Scale:           4749.6     0.041932     0.033687     0.044963
 The *best* time for each kernel (excluding the first iteration)
Add:             5205.5     0.058958     0.046105     0.063884
-------------------------------------------------------------
WARNING -- The above is only a rough guideline.
Each test below will take on the order of 27204 microseconds.
Add:             4995.6     0.059581     0.048042     0.062995
 will be used to compute the reported bandwidth.
Triad:           5280.6     0.057421     0.045449     0.066207
STREAM version $Revision: 5.10 $
For best results, please be sure you know the
   (= 27204 clock ticks)
Triad:           5019.1     0.057463     0.047817     0.064953
-------------------------------------------------------------
-------------------------------------------------------------
-------------------------------------------------------------
precision of your system timer.
Increase the size of the arrays if this shows that
-------------------------------------------------------------
Your clock granularity/precision appears to be 1 microseconds.
Solution Validates: avg error less than 1.000000e-13 on all three arrays
This system uses 8 bytes per array element.
-------------------------------------------------------------
you are not getting at least 20 clock ticks per test.
Solution Validates: avg error less than 1.000000e-13 on all three arrays
Each test below will take on the order of 28243 microseconds.
-------------------------------------------------------------
-------------------------------------------------------------
Function    Best Rate MB/s  Avg time     Min time     Max time
-------------------------------------------------------------
-------------------------------------------------------------
   (= 28243 clock ticks)
Array size = 10000000 (elements), Offset = 0 (elements)
Copy:            4752.7     0.041807     0.033665     0.046629
WARNING -- The above is only a rough guideline.
Increase the size of the arrays if this shows that
Memory per array = 76.3 MiB (= 0.1 GiB).
Scale:           4665.4     0.042172     0.034295     0.044567
For best results, please be sure you know the
you are not getting at least 20 clock ticks per test.
Total memory required = 228.9 MiB (= 0.2 GiB).
Add:             5135.6     0.059505     0.046733     0.064154
precision of your system timer.
-------------------------------------------------------------
Each kernel will be executed 10 times.
Triad:           5173.6     0.057337     0.046389     0.065801
-------------------------------------------------------------
WARNING -- The above is only a rough guideline.
 The *best* time for each kernel (excluding the first iteration)
-------------------------------------------------------------
Function    Best Rate MB/s  Avg time     Min time     Max time
For best results, please be sure you know the
 will be used to compute the reported bandwidth.
Solution Validates: avg error less than 1.000000e-13 on all three arrays
Copy:            4763.8     0.042182     0.033587     0.046952
precision of your system timer.
-------------------------------------------------------------
-------------------------------------------------------------
Scale:           4700.9     0.041460     0.034036     0.042868
-------------------------------------------------------------
Your clock granularity/precision appears to be 1 microseconds.
Add:             5143.7     0.059018     0.046659     0.064493
Function    Best Rate MB/s  Avg time     Min time     Max time
Each test below will take on the order of 10191 microseconds.
Triad:           5308.6     0.057320     0.045210     0.065984
Copy:            4774.8     0.041874     0.033509     0.046438
   (= 10191 clock ticks)
-------------------------------------------------------------
Scale:           4653.6     0.041794     0.034382     0.043666
Increase the size of the arrays if this shows that
Solution Validates: avg error less than 1.000000e-13 on all three arrays
Add:             4908.7     0.059301     0.048893     0.064588
you are not getting at least 20 clock ticks per test.
-------------------------------------------------------------
Triad:           5048.0     0.057782     0.047544     0.066185
-------------------------------------------------------------
-------------------------------------------------------------
WARNING -- The above is only a rough guideline.
Solution Validates: avg error less than 1.000000e-13 on all three arrays
For best results, please be sure you know the
-------------------------------------------------------------
precision of your system timer.
-------------------------------------------------------------
Function    Best Rate MB/s  Avg time     Min time     Max time
Copy:            4865.0     0.040698     0.032888     0.045372
Scale:           4715.4     0.040712     0.033931     0.045489
Add:             5145.6     0.059893     0.046642     0.067663
Triad:           5108.8     0.059634     0.046978     0.069864
-------------------------------------------------------------
Solution Validates: avg error less than 1.000000e-13 on all three arrays
-------------------------------------------------------------
-------------------------------------------------------------
STREAM version $Revision: 5.10 $
-------------------------------------------------------------
This system uses 8 bytes per array element.
-------------------------------------------------------------
Array size = 10000000 (elements), Offset = 0 (elements)
Memory per array = 76.3 MiB (= 0.1 GiB).
Total memory required = 228.9 MiB (= 0.2 GiB).
Each kernel will be executed 10 times.
 The *best* time for each kernel (excluding the first iteration)
 will be used to compute the reported bandwidth.
-------------------------------------------------------------
-------------------------------------------------------------
Your clock granularity/precision appears to be 1 microseconds.
STREAM version $Revision: 5.10 $
Each test below will take on the order of 28539 microseconds.
-------------------------------------------------------------
   (= 28539 clock ticks)
This system uses 8 bytes per array element.
Increase the size of the arrays if this shows that
-------------------------------------------------------------
you are not getting at least 20 clock ticks per test.
Array size = 10000000 (elements), Offset = 0 (elements)
-------------------------------------------------------------
Memory per array = 76.3 MiB (= 0.1 GiB).
WARNING -- The above is only a rough guideline.
Total memory required = 228.9 MiB (= 0.2 GiB).
For best results, please be sure you know the
Each kernel will be executed 10 times.
precision of your system timer.
-------------------------------------------------------------
 The *best* time for each kernel (excluding the first iteration)
-------------------------------------------------------------
STREAM version $Revision: 5.10 $
 will be used to compute the reported bandwidth.
Function    Best Rate MB/s  Avg time     Min time     Max time
-------------------------------------------------------------
-------------------------------------------------------------
Copy:            4147.2     0.043470     0.038580     0.045956
This system uses 8 bytes per array element.
Your clock granularity/precision appears to be 1 microseconds.
Scale:           4008.0     0.044572     0.039920     0.047327
-------------------------------------------------------------
Each test below will take on the order of 30645 microseconds.
Add:             4304.1     0.062278     0.055761     0.063641
Array size = 10000000 (elements), Offset = 0 (elements)
   (= 30645 clock ticks)
Triad:           4757.9     0.060104     0.050443     0.064009
Memory per array = 76.3 MiB (= 0.1 GiB).
Increase the size of the arrays if this shows that
-------------------------------------------------------------
Total memory required = 228.9 MiB (= 0.2 GiB).
you are not getting at least 20 clock ticks per test.
Solution Validates: avg error less than 1.000000e-13 on all three arrays
Each kernel will be executed 10 times.
-------------------------------------------------------------
-------------------------------------------------------------
 The *best* time for each kernel (excluding the first iteration)
WARNING -- The above is only a rough guideline.
 will be used to compute the reported bandwidth.
For best results, please be sure you know the
-------------------------------------------------------------
precision of your system timer.
Your clock granularity/precision appears to be 1 microseconds.
-------------------------------------------------------------
Each test below will take on the order of 30954 microseconds.
Function    Best Rate MB/s  Avg time     Min time     Max time
   (= 30954 clock ticks)
Copy:            4169.6     0.043487     0.038373     0.045981
Increase the size of the arrays if this shows that
Scale:           3998.8     0.044464     0.040012     0.047219
you are not getting at least 20 clock ticks per test.
Add:             4312.2     0.061950     0.055656     0.063548
-------------------------------------------------------------
Triad:           4686.5     0.060109     0.051211     0.064019
WARNING -- The above is only a rough guideline.
-------------------------------------------------------------
For best results, please be sure you know the
Solution Validates: avg error less than 1.000000e-13 on all three arrays
precision of your system timer.
-------------------------------------------------------------
-------------------------------------------------------------
Function    Best Rate MB/s  Avg time     Min time     Max time
Copy:            4125.8     0.044012     0.038780     0.046585
Scale:           4038.0     0.044250     0.039624     0.046851
-------------------------------------------------------------
Add:             4331.5     0.061711     0.055408     0.063599
STREAM version $Revision: 5.10 $
Triad:           4914.3     0.060139     0.048837     0.064035
-------------------------------------------------------------
-------------------------------------------------------------
This system uses 8 bytes per array element.
Solution Validates: avg error less than 1.000000e-13 on all three arrays
-------------------------------------------------------------
-------------------------------------------------------------
Array size = 10000000 (elements), Offset = 0 (elements)
Memory per array = 76.3 MiB (= 0.1 GiB).
Total memory required = 228.9 MiB (= 0.2 GiB).
Each kernel will be executed 10 times.
 The *best* time for each kernel (excluding the first iteration)
 will be used to compute the reported bandwidth.
-------------------------------------------------------------
Your clock granularity/precision appears to be 1 microseconds.
Each test below will take on the order of 30588 microseconds.
   (= 30588 clock ticks)
Increase the size of the arrays if this shows that
you are not getting at least 20 clock ticks per test.
-------------------------------------------------------------
WARNING -- The above is only a rough guideline.
For best results, please be sure you know the
precision of your system timer.
-------------------------------------------------------------
Function    Best Rate MB/s  Avg time     Min time     Max time
Copy:            3981.0     0.044895     0.040191     0.046762
Scale:           4048.2     0.044477     0.039524     0.047303
Add:             4352.2     0.062090     0.055144     0.064379
Triad:           5355.5     0.060505     0.044814     0.065643
-------------------------------------------------------------
Solution Validates: avg error less than 1.000000e-13 on all three arrays
-------------------------------------------------------------
-------------------------------------------------------------
STREAM version $Revision: 5.10 $
-------------------------------------------------------------
This system uses 8 bytes per array element.
-------------------------------------------------------------
Array size = 10000000 (elements), Offset = 0 (elements)
Memory per array = 76.3 MiB (= 0.1 GiB).
Total memory required = 228.9 MiB (= 0.2 GiB).
Each kernel will be executed 10 times.
 The *best* time for each kernel (excluding the first iteration)
 will be used to compute the reported bandwidth.
-------------------------------------------------------------
Your clock granularity/precision appears to be 1 microseconds.
Each test below will take on the order of 30838 microseconds.
-------------------------------------------------------------
   (= 30838 clock ticks)
STREAM version $Revision: 5.10 $
Increase the size of the arrays if this shows that
-------------------------------------------------------------
you are not getting at least 20 clock ticks per test.
This system uses 8 bytes per array element.
-------------------------------------------------------------
-------------------------------------------------------------
WARNING -- The above is only a rough guideline.
Array size = 10000000 (elements), Offset = 0 (elements)
For best results, please be sure you know the
Memory per array = 76.3 MiB (= 0.1 GiB).
precision of your system timer.
Total memory required = 228.9 MiB (= 0.2 GiB).
-------------------------------------------------------------
Each kernel will be executed 10 times.
Function    Best Rate MB/s  Avg time     Min time     Max time
 The *best* time for each kernel (excluding the first iteration)
Copy:            4060.4     0.044201     0.039405     0.046537
 will be used to compute the reported bandwidth.
Scale:           4006.4     0.044819     0.039936     0.046757
-------------------------------------------------------------
Add:             4405.8     0.061735     0.054473     0.064896
Your clock granularity/precision appears to be 1 microseconds.
Triad:           5706.7     0.059539     0.042056     0.065431
Each test below will take on the order of 31020 microseconds.
-------------------------------------------------------------
   (= 31020 clock ticks)
Solution Validates: avg error less than 1.000000e-13 on all three arrays
Increase the size of the arrays if this shows that
-------------------------------------------------------------
you are not getting at least 20 clock ticks per test.
-------------------------------------------------------------
WARNING -- The above is only a rough guideline.
For best results, please be sure you know the
precision of your system timer.
-------------------------------------------------------------
Function    Best Rate MB/s  Avg time     Min time     Max time
Copy:            4098.7     0.043898     0.039037     0.046353
Scale:           3991.3     0.044717     0.040087     0.046574
Add:             4380.9     0.061578     0.054783     0.064616
Triad:           5270.2     0.059616     0.045539     0.064786
-------------------------------------------------------------
Solution Validates: avg error less than 1.000000e-13 on all three arrays
-------------------------------------------------------------
-------------------------------------------------------------
STREAM version $Revision: 5.10 $
-------------------------------------------------------------
This system uses 8 bytes per array element.
-------------------------------------------------------------
Array size = 10000000 (elements), Offset = 0 (elements)
Memory per array = 76.3 MiB (= 0.1 GiB).
Total memory required = 228.9 MiB (= 0.2 GiB).
Each kernel will be executed 10 times.
 The *best* time for each kernel (excluding the first iteration)
 will be used to compute the reported bandwidth.
-------------------------------------------------------------
Your clock granularity/precision appears to be 1 microseconds.
Each test below will take on the order of 31473 microseconds.
   (= 31473 clock ticks)
Increase the size of the arrays if this shows that
you are not getting at least 20 clock ticks per test.
-------------------------------------------------------------
WARNING -- The above is only a rough guideline.
For best results, please be sure you know the
precision of your system timer.
-------------------------------------------------------------
Function    Best Rate MB/s  Avg time     Min time     Max time
Copy:            4096.0     0.043948     0.039063     0.046270
Scale:           3996.0     0.044869     0.040040     0.046774
Add:             4409.6     0.061424     0.054427     0.064576
Triad:           5349.7     0.059774     0.044862     0.065077
-------------------------------------------------------------
Solution Validates: avg error less than 1.000000e-13 on all three arrays
-------------------------------------------------------------
-------------------------------------------------------------
STREAM version $Revision: 5.10 $
-------------------------------------------------------------
This system uses 8 bytes per array element.
-------------------------------------------------------------
Array size = 10000000 (elements), Offset = 0 (elements)
Memory per array = 76.3 MiB (= 0.1 GiB).
Total memory required = 228.9 MiB (= 0.2 GiB).
Each kernel will be executed 10 times.
 The *best* time for each kernel (excluding the first iteration)
 will be used to compute the reported bandwidth.
-------------------------------------------------------------
Your clock granularity/precision appears to be 1 microseconds.
Each test below will take on the order of 27729 microseconds.
   (= 27729 clock ticks)
Increase the size of the arrays if this shows that
you are not getting at least 20 clock ticks per test.
-------------------------------------------------------------
WARNING -- The above is only a rough guideline.
For best results, please be sure you know the
precision of your system timer.
-------------------------------------------------------------
Function    Best Rate MB/s  Avg time     Min time     Max time
Copy:            4996.8     0.040384     0.032021     0.045348
Scale:           4688.8     0.041205     0.034124     0.045751
Add:             5072.5     0.060077     0.047314     0.070893
Triad:           5247.4     0.058954     0.045737     0.068752
-------------------------------------------------------------
Solution Validates: avg error less than 1.000000e-13 on all three arrays
-------------------------------------------------------------
-------------------------------------------------------------
STREAM version $Revision: 5.10 $
-------------------------------------------------------------
This system uses 8 bytes per array element.
-------------------------------------------------------------
Array size = 10000000 (elements), Offset = 0 (elements)
Memory per array = 76.3 MiB (= 0.1 GiB).
Total memory required = 228.9 MiB (= 0.2 GiB).
Each kernel will be executed 10 times.
 The *best* time for each kernel (excluding the first iteration)
 will be used to compute the reported bandwidth.
-------------------------------------------------------------
Your clock granularity/precision appears to be 1 microseconds.
Each test below will take on the order of 28010 microseconds.
   (= 28010 clock ticks)
Increase the size of the arrays if this shows that
you are not getting at least 20 clock ticks per test.
-------------------------------------------------------------
WARNING -- The above is only a rough guideline.
For best results, please be sure you know the
precision of your system timer.
-------------------------------------------------------------
Function    Best Rate MB/s  Avg time     Min time     Max time
Copy:            4013.4     0.044690     0.039866     0.047285
Scale:           4065.6     0.043893     0.039355     0.045012
Add:             4512.8     0.060926     0.053182     0.065161
Triad:           6138.4     0.059999     0.039098     0.066277
-------------------------------------------------------------
Solution Validates: avg error less than 1.000000e-13 on all three arrays
-------------------------------------------------------------
-------------------------------------------------------------
STREAM version $Revision: 5.10 $
-------------------------------------------------------------
This system uses 8 bytes per array element.
-------------------------------------------------------------
Array size = 10000000 (elements), Offset = 0 (elements)
Memory per array = 76.3 MiB (= 0.1 GiB).
Total memory required = 228.9 MiB (= 0.2 GiB).
Each kernel will be executed 10 times.
 The *best* time for each kernel (excluding the first iteration)
 will be used to compute the reported bandwidth.
-------------------------------------------------------------
Your clock granularity/precision appears to be 1 microseconds.
Each test below will take on the order of 31739 microseconds.
   (= 31739 clock ticks)
Increase the size of the arrays if this shows that
you are not getting at least 20 clock ticks per test.
-------------------------------------------------------------
WARNING -- The above is only a rough guideline.
For best results, please be sure you know the
precision of your system timer.
-------------------------------------------------------------
Function    Best Rate MB/s  Avg time     Min time     Max time
Copy:            4024.6     0.043762     0.039755     0.044788
Scale:           4099.8     0.043530     0.039026     0.046070
-------------------------------------------------------------
Add:             5409.3     0.059332     0.044368     0.064871
STREAM version $Revision: 5.10 $
Triad:           7063.2     0.058827     0.033979     0.065589
-------------------------------------------------------------
-------------------------------------------------------------
This system uses 8 bytes per array element.
Solution Validates: avg error less than 1.000000e-13 on all three arrays
-------------------------------------------------------------
-------------------------------------------------------------
Array size = 10000000 (elements), Offset = 0 (elements)
Memory per array = 76.3 MiB (= 0.1 GiB).
Total memory required = 228.9 MiB (= 0.2 GiB).
Each kernel will be executed 10 times.
 The *best* time for each kernel (excluding the first iteration)
 will be used to compute the reported bandwidth.
-------------------------------------------------------------
Your clock granularity/precision appears to be 1 microseconds.
Each test below will take on the order of 30131 microseconds.
   (= 30131 clock ticks)
Increase the size of the arrays if this shows that
you are not getting at least 20 clock ticks per test.
-------------------------------------------------------------
WARNING -- The above is only a rough guideline.
For best results, please be sure you know the
precision of your system timer.
-------------------------------------------------------------
Function    Best Rate MB/s  Avg time     Min time     Max time
Copy:            4149.3     0.043040     0.038561     0.044062
Scale:           4084.7     0.043705     0.039171     0.046300
Add:             5140.6     0.060317     0.046687     0.065959
Triad:           7241.5     0.058797     0.033142     0.065920
-------------------------------------------------------------
Solution Validates: avg error less than 1.000000e-13 on all three arrays
-------------------------------------------------------------
-------------------------------------------------------------
STREAM version $Revision: 5.10 $
-------------------------------------------------------------
This system uses 8 bytes per array element.
-------------------------------------------------------------
Array size = 10000000 (elements), Offset = 0 (elements)
Memory per array = 76.3 MiB (= 0.1 GiB).
Total memory required = 228.9 MiB (= 0.2 GiB).
Each kernel will be executed 10 times.
 The *best* time for each kernel (excluding the first iteration)
 will be used to compute the reported bandwidth.
-------------------------------------------------------------
Your clock granularity/precision appears to be 1 microseconds.
Each test below will take on the order of 31795 microseconds.
   (= 31795 clock ticks)
Increase the size of the arrays if this shows that
you are not getting at least 20 clock ticks per test.
-------------------------------------------------------------
WARNING -- The above is only a rough guideline.
For best results, please be sure you know the
precision of your system timer.
-------------------------------------------------------------
Function    Best Rate MB/s  Avg time     Min time     Max time
Copy:            4052.1     0.044031     0.039486     0.045325
Scale:           4151.6     0.043519     0.038539     0.046441
Add:             5488.7     0.059212     0.043726     0.065062
Triad:           7186.1     0.058998     0.033398     0.065760
-------------------------------------------------------------
Solution Validates: avg error less than 1.000000e-13 on all three arrays
-------------------------------------------------------------
-------------------------------------------------------------
STREAM version $Revision: 5.10 $
-------------------------------------------------------------
This system uses 8 bytes per array element.
-------------------------------------------------------------
Array size = 10000000 (elements), Offset = 0 (elements)
Memory per array = 76.3 MiB (= 0.1 GiB).
Total memory required = 228.9 MiB (= 0.2 GiB).
Each kernel will be executed 10 times.
 The *best* time for each kernel (excluding the first iteration)
 will be used to compute the reported bandwidth.
-------------------------------------------------------------
Your clock granularity/precision appears to be 1 microseconds.
Each test below will take on the order of 31692 microseconds.
   (= 31692 clock ticks)
Increase the size of the arrays if this shows that
you are not getting at least 20 clock ticks per test.
-------------------------------------------------------------
WARNING -- The above is only a rough guideline.
For best results, please be sure you know the
precision of your system timer.
-------------------------------------------------------------
Function    Best Rate MB/s  Avg time     Min time     Max time
Copy:            4058.9     0.043817     0.039419     0.045048
Scale:           4114.8     0.043530     0.038884     0.046092
Add:             5210.9     0.059324     0.046057     0.064588
Triad:           6847.1     0.059061     0.035051     0.065772
-------------------------------------------------------------
Solution Validates: avg error less than 1.000000e-13 on all three arrays
-------------------------------------------------------------
-------------------------------------------------------------
STREAM version $Revision: 5.10 $
-------------------------------------------------------------
This system uses 8 bytes per array element.
-------------------------------------------------------------
Array size = 10000000 (elements), Offset = 0 (elements)
Memory per array = 76.3 MiB (= 0.1 GiB).
Total memory required = 228.9 MiB (= 0.2 GiB).
Each kernel will be executed 10 times.
 The *best* time for each kernel (excluding the first iteration)
 will be used to compute the reported bandwidth.
-------------------------------------------------------------
Your clock granularity/precision appears to be 1 microseconds.
Each test below will take on the order of 29834 microseconds.
   (= 29834 clock ticks)
Increase the size of the arrays if this shows that
you are not getting at least 20 clock ticks per test.
-------------------------------------------------------------
WARNING -- The above is only a rough guideline.
For best results, please be sure you know the
precision of your system timer.
-------------------------------------------------------------
Function    Best Rate MB/s  Avg time     Min time     Max time
Copy:            4078.7     0.043549     0.039228     0.044927
Scale:           4188.5     0.043302     0.038200     0.046478
Add:             5915.8     0.059358     0.040569     0.065447
Triad:           7808.0     0.059008     0.030738     0.066171
-------------------------------------------------------------
Solution Validates: avg error less than 1.000000e-13 on all three arrays
-------------------------------------------------------------
-------------------------------------------------------------
STREAM version $Revision: 5.10 $
-------------------------------------------------------------
This system uses 8 bytes per array element.
-------------------------------------------------------------
Array size = 10000000 (elements), Offset = 0 (elements)
Memory per array = 76.3 MiB (= 0.1 GiB).
Total memory required = 228.9 MiB (= 0.2 GiB).
Each kernel will be executed 10 times.
 The *best* time for each kernel (excluding the first iteration)
 will be used to compute the reported bandwidth.
-------------------------------------------------------------
Your clock granularity/precision appears to be 1 microseconds.
Each test below will take on the order of 31374 microseconds.
   (= 31374 clock ticks)
Increase the size of the arrays if this shows that
you are not getting at least 20 clock ticks per test.
-------------------------------------------------------------
WARNING -- The above is only a rough guideline.
For best results, please be sure you know the
precision of your system timer.
-------------------------------------------------------------
Function    Best Rate MB/s  Avg time     Min time     Max time
Copy:            4064.3     0.043648     0.039367     0.044419
Scale:           4105.4     0.043481     0.038973     0.046009
Add:             4829.2     0.059699     0.049697     0.064595
Triad:           6914.3     0.058939     0.034711     0.065530
-------------------------------------------------------------
Solution Validates: avg error less than 1.000000e-13 on all three arrays
-------------------------------------------------------------
-------------------------------------------------------------
STREAM version $Revision: 5.10 $
-------------------------------------------------------------
This system uses 8 bytes per array element.
-------------------------------------------------------------
Array size = 10000000 (elements), Offset = 0 (elements)
Memory per array = 76.3 MiB (= 0.1 GiB).
Total memory required = 228.9 MiB (= 0.2 GiB).
Each kernel will be executed 10 times.
 The *best* time for each kernel (excluding the first iteration)
 will be used to compute the reported bandwidth.
-------------------------------------------------------------
Your clock granularity/precision appears to be 1 microseconds.
Each test below will take on the order of 30057 microseconds.
   (= 30057 clock ticks)
Increase the size of the arrays if this shows that
you are not getting at least 20 clock ticks per test.
-------------------------------------------------------------
WARNING -- The above is only a rough guideline.
For best results, please be sure you know the
precision of your system timer.
-------------------------------------------------------------
Function    Best Rate MB/s  Avg time     Min time     Max time
Copy:            4063.6     0.043496     0.039374     0.044781
Scale:           4156.9     0.043464     0.038490     0.046709
Add:             5612.7     0.059571     0.042760     0.065863
Triad:           7499.5     0.059022     0.032002     0.066253
-------------------------------------------------------------
Solution Validates: avg error less than 1.000000e-13 on all three arrays
-------------------------------------------------------------
-------------------------------------------------------------
STREAM version $Revision: 5.10 $
-------------------------------------------------------------
This system uses 8 bytes per array element.
-------------------------------------------------------------
Array size = 10000000 (elements), Offset = 0 (elements)
Memory per array = 76.3 MiB (= 0.1 GiB).
Total memory required = 228.9 MiB (= 0.2 GiB).
Each kernel will be executed 10 times.
 The *best* time for each kernel (excluding the first iteration)
 will be used to compute the reported bandwidth.
-------------------------------------------------------------
Your clock granularity/precision appears to be 1 microseconds.
Each test below will take on the order of 26364 microseconds.
   (= 26364 clock ticks)
Increase the size of the arrays if this shows that
you are not getting at least 20 clock ticks per test.
-------------------------------------------------------------
WARNING -- The above is only a rough guideline.
For best results, please be sure you know the
precision of your system timer.
-------------------------------------------------------------
Function    Best Rate MB/s  Avg time     Min time     Max time
Copy:            4762.3     0.040585     0.033597     0.045941
Scale:           4738.4     0.040769     0.033767     0.047050
Add:             5391.4     0.058524     0.044515     0.067345
Triad:           6918.4     0.057185     0.034690     0.066926
-------------------------------------------------------------
Solution Validates: avg error less than 1.000000e-13 on all three arrays
-------------------------------------------------------------
-------------------------------------------------------------
STREAM version $Revision: 5.10 $
-------------------------------------------------------------
This system uses 8 bytes per array element.
-------------------------------------------------------------
Array size = 10000000 (elements), Offset = 0 (elements)
Memory per array = 76.3 MiB (= 0.1 GiB).
Total memory required = 228.9 MiB (= 0.2 GiB).
Each kernel will be executed 10 times.
 The *best* time for each kernel (excluding the first iteration)
 will be used to compute the reported bandwidth.
-------------------------------------------------------------
Your clock granularity/precision appears to be 1 microseconds.
Each test below will take on the order of 26129 microseconds.
   (= 26129 clock ticks)
Increase the size of the arrays if this shows that
you are not getting at least 20 clock ticks per test.
-------------------------------------------------------------
WARNING -- The above is only a rough guideline.
For best results, please be sure you know the
precision of your system timer.
-------------------------------------------------------------
Function    Best Rate MB/s  Avg time     Min time     Max time
Copy:            4734.4     0.040926     0.033795     0.045914
Scale:           4719.8     0.040815     0.033900     0.047058
Add:             5478.7     0.058525     0.043806     0.067524
Triad:           6970.7     0.057199     0.034430     0.067063
-------------------------------------------------------------
Solution Validates: avg error less than 1.000000e-13 on all three arrays
-------------------------------------------------------------
-------------------------------------------------------------
STREAM version $Revision: 5.10 $
-------------------------------------------------------------
This system uses 8 bytes per array element.
-------------------------------------------------------------
Array size = 10000000 (elements), Offset = 0 (elements)
Memory per array = 76.3 MiB (= 0.1 GiB).
Total memory required = 228.9 MiB (= 0.2 GiB).
Each kernel will be executed 10 times.
 The *best* time for each kernel (excluding the first iteration)
 will be used to compute the reported bandwidth.
-------------------------------------------------------------
Your clock granularity/precision appears to be 1 microseconds.
Each test below will take on the order of 25435 microseconds.
   (= 25435 clock ticks)
Increase the size of the arrays if this shows that
you are not getting at least 20 clock ticks per test.
-------------------------------------------------------------
WARNING -- The above is only a rough guideline.
For best results, please be sure you know the
precision of your system timer.
-------------------------------------------------------------
Function    Best Rate MB/s  Avg time     Min time     Max time
Copy:            4876.1     0.040482     0.032813     0.046397
Scale:           4742.4     0.040895     0.033738     0.046912
Add:             5080.9     0.059039     0.047236     0.067489
Triad:           6999.2     0.057038     0.034290     0.067554
-------------------------------------------------------------
Solution Validates: avg error less than 1.000000e-13 on all three arrays
-------------------------------------------------------------
-------------------------------------------------------------
STREAM version $Revision: 5.10 $
-------------------------------------------------------------
This system uses 8 bytes per array element.
-------------------------------------------------------------
Array size = 10000000 (elements), Offset = 0 (elements)
Memory per array = 76.3 MiB (= 0.1 GiB).
Total memory required = 228.9 MiB (= 0.2 GiB).
Each kernel will be executed 10 times.
 The *best* time for each kernel (excluding the first iteration)
 will be used to compute the reported bandwidth.
-------------------------------------------------------------
Your clock granularity/precision appears to be 1 microseconds.
Each test below will take on the order of 25405 microseconds.
   (= 25405 clock ticks)
Increase the size of the arrays if this shows that
you are not getting at least 20 clock ticks per test.
-------------------------------------------------------------
WARNING -- The above is only a rough guideline.
For best results, please be sure you know the
precision of your system timer.
-------------------------------------------------------------
Function    Best Rate MB/s  Avg time     Min time     Max time
Copy:            4071.6     0.043705     0.039297     0.045975
Scale:           4392.8     0.042016     0.036423     0.045160
Add:             4845.3     0.060410     0.049532     0.065620
Triad:          10544.9     0.058814     0.022760     0.066175
-------------------------------------------------------------
Solution Validates: avg error less than 1.000000e-13 on all three arrays
-------------------------------------------------------------
-------------------------------------------------------------
STREAM version $Revision: 5.10 $
-------------------------------------------------------------
This system uses 8 bytes per array element.
-------------------------------------------------------------
Array size = 10000000 (elements), Offset = 0 (elements)
Memory per array = 76.3 MiB (= 0.1 GiB).
Total memory required = 228.9 MiB (= 0.2 GiB).
Each kernel will be executed 10 times.
 The *best* time for each kernel (excluding the first iteration)
 will be used to compute the reported bandwidth.
-------------------------------------------------------------
Your clock granularity/precision appears to be 1 microseconds.
Each test below will take on the order of 27004 microseconds.
   (= 27004 clock ticks)
Increase the size of the arrays if this shows that
you are not getting at least 20 clock ticks per test.
-------------------------------------------------------------
WARNING -- The above is only a rough guideline.
For best results, please be sure you know the
precision of your system timer.
-------------------------------------------------------------
Function    Best Rate MB/s  Avg time     Min time     Max time
Copy:            4821.2     0.040621     0.033187     0.046869
Scale:           4740.7     0.041224     0.033750     0.047766
Add:             5349.3     0.057697     0.044866     0.067470
Triad:           5609.3     0.058037     0.042786     0.068009
-------------------------------------------------------------
Solution Validates: avg error less than 1.000000e-13 on all three arrays
-------------------------------------------------------------
-------------------------------------------------------------
STREAM version $Revision: 5.10 $
-------------------------------------------------------------
This system uses 8 bytes per array element.
-------------------------------------------------------------
Array size = 10000000 (elements), Offset = 0 (elements)
Memory per array = 76.3 MiB (= 0.1 GiB).
Total memory required = 228.9 MiB (= 0.2 GiB).
Each kernel will be executed 10 times.
 The *best* time for each kernel (excluding the first iteration)
 will be used to compute the reported bandwidth.
-------------------------------------------------------------
Your clock granularity/precision appears to be 1 microseconds.
Each test below will take on the order of 27068 microseconds.
   (= 27068 clock ticks)
Increase the size of the arrays if this shows that
you are not getting at least 20 clock ticks per test.
-------------------------------------------------------------
WARNING -- The above is only a rough guideline.
For best results, please be sure you know the
precision of your system timer.
-------------------------------------------------------------
Function    Best Rate MB/s  Avg time     Min time     Max time
Copy:            4734.8     0.040886     0.033792     0.046711
Scale:           4678.9     0.041298     0.034196     0.047650
Add:             5285.3     0.058182     0.045409     0.067294
Triad:           5924.6     0.058179     0.040509     0.067909
-------------------------------------------------------------
Solution Validates: avg error less than 1.000000e-13 on all three arrays
-------------------------------------------------------------
-------------------------------------------------------------
STREAM version $Revision: 5.10 $
-------------------------------------------------------------
This system uses 8 bytes per array element.
-------------------------------------------------------------
Array size = 10000000 (elements), Offset = 0 (elements)
Memory per array = 76.3 MiB (= 0.1 GiB).
Total memory required = 228.9 MiB (= 0.2 GiB).
Each kernel will be executed 10 times.
 The *best* time for each kernel (excluding the first iteration)
 will be used to compute the reported bandwidth.
-------------------------------------------------------------
Your clock granularity/precision appears to be 1 microseconds.
Each test below will take on the order of 19968 microseconds.
   (= 19968 clock ticks)
Increase the size of the arrays if this shows that
you are not getting at least 20 clock ticks per test.
-------------------------------------------------------------
WARNING -- The above is only a rough guideline.
For best results, please be sure you know the
precision of your system timer.
-------------------------------------------------------------
Function    Best Rate MB/s  Avg time     Min time     Max time
Copy:            4168.1     0.043404     0.038387     0.046148
Scale:           4054.7     0.044201     0.039460     0.046944
Add:             4355.1     0.061482     0.055108     0.065926
Triad:           4449.9     0.061265     0.053934     0.066375
-------------------------------------------------------------
Solution Validates: avg error less than 1.000000e-13 on all three arrays
-------------------------------------------------------------
-------------------------------------------------------------
STREAM version $Revision: 5.10 $
-------------------------------------------------------------
This system uses 8 bytes per array element.
-------------------------------------------------------------
Array size = 10000000 (elements), Offset = 0 (elements)
Memory per array = 76.3 MiB (= 0.1 GiB).
Total memory required = 228.9 MiB (= 0.2 GiB).
Each kernel will be executed 10 times.
 The *best* time for each kernel (excluding the first iteration)
 will be used to compute the reported bandwidth.
-------------------------------------------------------------
Your clock granularity/precision appears to be 1 microseconds.
Each test below will take on the order of 27058 microseconds.
   (= 27058 clock ticks)
Increase the size of the arrays if this shows that
you are not getting at least 20 clock ticks per test.
-------------------------------------------------------------
WARNING -- The above is only a rough guideline.
For best results, please be sure you know the
precision of your system timer.
-------------------------------------------------------------
Function    Best Rate MB/s  Avg time     Min time     Max time
Copy:            4743.5     0.040705     0.033730     0.046733
Scale:           4680.0     0.041372     0.034188     0.047679
Add:             5099.1     0.060116     0.047067     0.067289
Triad:           7045.6     0.057779     0.034064     0.068259
-------------------------------------------------------------
Solution Validates: avg error less than 1.000000e-13 on all three arrays
-------------------------------------------------------------
-------------------------------------------------------------
STREAM version $Revision: 5.10 $
-------------------------------------------------------------
This system uses 8 bytes per array element.
-------------------------------------------------------------
Array size = 10000000 (elements), Offset = 0 (elements)
Memory per array = 76.3 MiB (= 0.1 GiB).
Total memory required = 228.9 MiB (= 0.2 GiB).
Each kernel will be executed 10 times.
 The *best* time for each kernel (excluding the first iteration)
 will be used to compute the reported bandwidth.
-------------------------------------------------------------
Your clock granularity/precision appears to be 1 microseconds.
-------------------------------------------------------------
Each test below will take on the order of 23984 microseconds.
STREAM version $Revision: 5.10 $
   (= 23984 clock ticks)
-------------------------------------------------------------
Increase the size of the arrays if this shows that
This system uses 8 bytes per array element.
you are not getting at least 20 clock ticks per test.
-------------------------------------------------------------
-------------------------------------------------------------
Array size = 10000000 (elements), Offset = 0 (elements)
WARNING -- The above is only a rough guideline.
Memory per array = 76.3 MiB (= 0.1 GiB).
For best results, please be sure you know the
Total memory required = 228.9 MiB (= 0.2 GiB).
precision of your system timer.
Each kernel will be executed 10 times.
-------------------------------------------------------------
 The *best* time for each kernel (excluding the first iteration)
Function    Best Rate MB/s  Avg time     Min time     Max time
 will be used to compute the reported bandwidth.
Copy:            4055.8     0.044046     0.039450     0.046856
-------------------------------------------------------------
Scale:           4035.5     0.044410     0.039648     0.047526
Your clock granularity/precision appears to be 1 microseconds.
Add:             4446.1     0.061092     0.053980     0.066032
Each test below will take on the order of 22269 microseconds.
Triad:           4454.6     0.061679     0.053877     0.066977
   (= 22269 clock ticks)
-------------------------------------------------------------
Increase the size of the arrays if this shows that
Solution Validates: avg error less than 1.000000e-13 on all three arrays
you are not getting at least 20 clock ticks per test.
-------------------------------------------------------------
-------------------------------------------------------------
WARNING -- The above is only a rough guideline.
For best results, please be sure you know the
precision of your system timer.
-------------------------------------------------------------
Function    Best Rate MB/s  Avg time     Min time     Max time
Copy:            4073.8     0.044178     0.039275     0.047031
Scale:           4054.7     0.044509     0.039460     0.047520
Add:             4425.3     0.061247     0.054233     0.066261
Triad:           4455.9     0.061749     0.053861     0.066785
-------------------------------------------------------------
Solution Validates: avg error less than 1.000000e-13 on all three arrays
-------------------------------------------------------------
-------------------------------------------------------------
STREAM version $Revision: 5.10 $
-------------------------------------------------------------
This system uses 8 bytes per array element.
-------------------------------------------------------------
Array size = 10000000 (elements), Offset = 0 (elements)
Memory per array = 76.3 MiB (= 0.1 GiB).
Total memory required = 228.9 MiB (= 0.2 GiB).
Each kernel will be executed 10 times.
 The *best* time for each kernel (excluding the first iteration)
 will be used to compute the reported bandwidth.
-------------------------------------------------------------
Your clock granularity/precision appears to be 1 microseconds.
Each test below will take on the order of 21291 microseconds.
   (= 21291 clock ticks)
Increase the size of the arrays if this shows that
you are not getting at least 20 clock ticks per test.
-------------------------------------------------------------
WARNING -- The above is only a rough guideline.
For best results, please be sure you know the
precision of your system timer.
-------------------------------------------------------------
Function    Best Rate MB/s  Avg time     Min time     Max time
Copy:            4026.2     0.044283     0.039740     0.047176
Scale:           4058.9     0.044476     0.039419     0.047618
Add:             4412.6     0.061405     0.054390     0.066365
Triad:           4435.5     0.062059     0.054109     0.067335
-------------------------------------------------------------
Solution Validates: avg error less than 1.000000e-13 on all three arrays
-------------------------------------------------------------
-------------------------------------------------------------
STREAM version $Revision: 5.10 $
-------------------------------------------------------------
-------------------------------------------------------------
STREAM version $Revision: 5.10 $
This system uses 8 bytes per array element.
-------------------------------------------------------------
-------------------------------------------------------------
This system uses 8 bytes per array element.
Array size = 10000000 (elements), Offset = 0 (elements)
-------------------------------------------------------------
Memory per array = 76.3 MiB (= 0.1 GiB).
Array size = 10000000 (elements), Offset = 0 (elements)
Total memory required = 228.9 MiB (= 0.2 GiB).
Memory per array = 76.3 MiB (= 0.1 GiB).
Each kernel will be executed 10 times.
Total memory required = 228.9 MiB (= 0.2 GiB).
 The *best* time for each kernel (excluding the first iteration)
Each kernel will be executed 10 times.
 will be used to compute the reported bandwidth.
 The *best* time for each kernel (excluding the first iteration)
-------------------------------------------------------------
 will be used to compute the reported bandwidth.
Your clock granularity/precision appears to be 1 microseconds.
-------------------------------------------------------------
Each test below will take on the order of 30588 microseconds.
Your clock granularity/precision appears to be 1 microseconds.
   (= 30588 clock ticks)
Each test below will take on the order of 30687 microseconds.
Increase the size of the arrays if this shows that
   (= 30687 clock ticks)
you are not getting at least 20 clock ticks per test.
Increase the size of the arrays if this shows that
-------------------------------------------------------------
you are not getting at least 20 clock ticks per test.
WARNING -- The above is only a rough guideline.
-------------------------------------------------------------
For best results, please be sure you know the
WARNING -- The above is only a rough guideline.
precision of your system timer.
For best results, please be sure you know the
-------------------------------------------------------------
precision of your system timer.
Function    Best Rate MB/s  Avg time     Min time     Max time
-------------------------------------------------------------
Copy:            4052.6     0.044054     0.039481     0.046802
Function    Best Rate MB/s  Avg time     Min time     Max time
Scale:           4025.9     0.044385     0.039743     0.048114
Copy:            4050.6     0.044126     0.039500     0.046968
Add:             4391.3     0.061674     0.054654     0.066727
Scale:           4035.4     0.044340     0.039649     0.048065
Triad:           4584.8     0.061460     0.052347     0.066638
Add:             4393.0     0.061619     0.054632     0.066624
-------------------------------------------------------------
Triad:           4607.2     0.061413     0.052093     0.067017
Solution Validates: avg error less than 1.000000e-13 on all three arrays
-------------------------------------------------------------
-------------------------------------------------------------
Solution Validates: avg error less than 1.000000e-13 on all three arrays
-------------------------------------------------------------
-------------------------------------------------------------
STREAM version $Revision: 5.10 $
-------------------------------------------------------------
This system uses 8 bytes per array element.
-------------------------------------------------------------
Array size = 10000000 (elements), Offset = 0 (elements)
Memory per array = 76.3 MiB (= 0.1 GiB).
Total memory required = 228.9 MiB (= 0.2 GiB).
Each kernel will be executed 10 times.
 The *best* time for each kernel (excluding the first iteration)
 will be used to compute the reported bandwidth.
-------------------------------------------------------------
Your clock granularity/precision appears to be 1 microseconds.
Each test below will take on the order of 31668 microseconds.
   (= 31668 clock ticks)
Increase the size of the arrays if this shows that
you are not getting at least 20 clock ticks per test.
-------------------------------------------------------------
WARNING -- The above is only a rough guideline.
For best results, please be sure you know the
precision of your system timer.
-------------------------------------------------------------
Function    Best Rate MB/s  Avg time     Min time     Max time
Copy:            4034.9     0.044290     0.039654     0.046963
-------------------------------------------------------------
Scale:           4059.6     0.044237     0.039413     0.047912
STREAM version $Revision: 5.10 $
Add:             4381.2     0.061580     0.054779     0.066458
-------------------------------------------------------------
Triad:           4611.1     0.061475     0.052048     0.066843
This system uses 8 bytes per array element.
-------------------------------------------------------------
-------------------------------------------------------------
Solution Validates: avg error less than 1.000000e-13 on all three arrays
Array size = 10000000 (elements), Offset = 0 (elements)
-------------------------------------------------------------
Memory per array = 76.3 MiB (= 0.1 GiB).
Total memory required = 228.9 MiB (= 0.2 GiB).
Each kernel will be executed 10 times.
 The *best* time for each kernel (excluding the first iteration)
 will be used to compute the reported bandwidth.
-------------------------------------------------------------
Your clock granularity/precision appears to be 1 microseconds.
Each test below will take on the order of 31461 microseconds.
   (= 31461 clock ticks)
Increase the size of the arrays if this shows that
you are not getting at least 20 clock ticks per test.
-------------------------------------------------------------
WARNING -- The above is only a rough guideline.
For best results, please be sure you know the
precision of your system timer.
-------------------------------------------------------------
Function    Best Rate MB/s  Avg time     Min time     Max time
Copy:            4025.3     0.044429     0.039749     0.047091
Scale:           4086.4     0.044038     0.039154     0.047508
Add:             4414.4     0.061459     0.054368     0.066418
Triad:           4648.0     0.061460     0.051635     0.066831
-------------------------------------------------------------
Solution Validates: avg error less than 1.000000e-13 on all three arrays
-------------------------------------------------------------
-------------------------------------------------------------
STREAM version $Revision: 5.10 $
-------------------------------------------------------------
This system uses 8 bytes per array element.
-------------------------------------------------------------
Array size = 10000000 (elements), Offset = 0 (elements)
Memory per array = 76.3 MiB (= 0.1 GiB).
Total memory required = 228.9 MiB (= 0.2 GiB).
Each kernel will be executed 10 times.
 The *best* time for each kernel (excluding the first iteration)
 will be used to compute the reported bandwidth.
-------------------------------------------------------------
Your clock granularity/precision appears to be 1 microseconds.
Each test below will take on the order of 30741 microseconds.
   (= 30741 clock ticks)
Increase the size of the arrays if this shows that
you are not getting at least 20 clock ticks per test.
-------------------------------------------------------------
WARNING -- The above is only a rough guideline.
For best results, please be sure you know the
precision of your system timer.
-------------------------------------------------------------
Function    Best Rate MB/s  Avg time     Min time     Max time
Copy:            4147.9     0.043307     0.038574     0.046815
Scale:           4266.2     0.043637     0.037504     0.047787
Add:             6143.0     0.059564     0.039069     0.066540
Triad:           8600.6     0.057574     0.027905     0.066087
-------------------------------------------------------------
Solution Validates: avg error less than 1.000000e-13 on all three arrays
-------------------------------------------------------------
-------------------------------------------------------------
STREAM version $Revision: 5.10 $
-------------------------------------------------------------
This system uses 8 bytes per array element.
-------------------------------------------------------------
Array size = 10000000 (elements), Offset = 0 (elements)
Memory per array = 76.3 MiB (= 0.1 GiB).
Total memory required = 228.9 MiB (= 0.2 GiB).
Each kernel will be executed 10 times.
 The *best* time for each kernel (excluding the first iteration)
 will be used to compute the reported bandwidth.
-------------------------------------------------------------
Your clock granularity/precision appears to be 1 microseconds.
Each test below will take on the order of 30917 microseconds.
   (= 30917 clock ticks)
Increase the size of the arrays if this shows that
you are not getting at least 20 clock ticks per test.
-------------------------------------------------------------
WARNING -- The above is only a rough guideline.
For best results, please be sure you know the
precision of your system timer.
-------------------------------------------------------------
Function    Best Rate MB/s  Avg time     Min time     Max time
Copy:            4143.7     0.043448     0.038613     0.046927
Scale:           4254.3     0.043586     0.037609     0.047784
Add:             6315.1     0.059469     0.038004     0.066416
Triad:           8707.0     0.057543     0.027564     0.066189
-------------------------------------------------------------
Solution Validates: avg error less than 1.000000e-13 on all three arrays
-------------------------------------------------------------
-------------------------------------------------------------
STREAM version $Revision: 5.10 $
-------------------------------------------------------------
This system uses 8 bytes per array element.
-------------------------------------------------------------
Array size = 10000000 (elements), Offset = 0 (elements)
Memory per array = 76.3 MiB (= 0.1 GiB).
Total memory required = 228.9 MiB (= 0.2 GiB).
Each kernel will be executed 10 times.
 The *best* time for each kernel (excluding the first iteration)
 will be used to compute the reported bandwidth.
-------------------------------------------------------------
Your clock granularity/precision appears to be 1 microseconds.
Each test below will take on the order of 30853 microseconds.
   (= 30853 clock ticks)
Increase the size of the arrays if this shows that
you are not getting at least 20 clock ticks per test.
-------------------------------------------------------------
WARNING -- The above is only a rough guideline.
For best results, please be sure you know the
precision of your system timer.
-------------------------------------------------------------
Function    Best Rate MB/s  Avg time     Min time     Max time
Copy:            4153.2     0.043285     0.038524     0.046851
Scale:           4252.5     0.043593     0.037625     0.047555
Add:             5731.4     0.059851     0.041875     0.066358
Triad:           8340.9     0.057550     0.028774     0.065817
-------------------------------------------------------------
Solution Validates: avg error less than 1.000000e-13 on all three arrays
-------------------------------------------------------------
-------------------------------------------------------------
STREAM version $Revision: 5.10 $
-------------------------------------------------------------
This system uses 8 bytes per array element.
-------------------------------------------------------------
Array size = 10000000 (elements), Offset = 0 (elements)
Memory per array = 76.3 MiB (= 0.1 GiB).
Total memory required = 228.9 MiB (= 0.2 GiB).
Each kernel will be executed 10 times.
 The *best* time for each kernel (excluding the first iteration)
 will be used to compute the reported bandwidth.
-------------------------------------------------------------
Your clock granularity/precision appears to be 1 microseconds.
Each test below will take on the order of 30906 microseconds.
   (= 30906 clock ticks)
Increase the size of the arrays if this shows that
you are not getting at least 20 clock ticks per test.
-------------------------------------------------------------
WARNING -- The above is only a rough guideline.
For best results, please be sure you know the
precision of your system timer.
-------------------------------------------------------------
Function    Best Rate MB/s  Avg time     Min time     Max time
Copy:            4163.6     0.043296     0.038428     0.046846
Scale:           4249.3     0.043617     0.037653     0.047531
Add:             5684.2     0.059884     0.042222     0.066568
Triad:           8372.6     0.057530     0.028665     0.065863
-------------------------------------------------------------
Solution Validates: avg error less than 1.000000e-13 on all three arrays
-------------------------------------------------------------
-------------------------------------------------------------
-------------------------------------------------------------
STREAM version $Revision: 5.10 $
STREAM version $Revision: 5.10 $
-------------------------------------------------------------
-------------------------------------------------------------
This system uses 8 bytes per array element.
This system uses 8 bytes per array element.
-------------------------------------------------------------
-------------------------------------------------------------
Array size = 10000000 (elements), Offset = 0 (elements)
Array size = 10000000 (elements), Offset = 0 (elements)
Memory per array = 76.3 MiB (= 0.1 GiB).
Memory per array = 76.3 MiB (= 0.1 GiB).
Total memory required = 228.9 MiB (= 0.2 GiB).
Total memory required = 228.9 MiB (= 0.2 GiB).
Each kernel will be executed 10 times.
Each kernel will be executed 10 times.
 The *best* time for each kernel (excluding the first iteration)
 The *best* time for each kernel (excluding the first iteration)
 will be used to compute the reported bandwidth.
 will be used to compute the reported bandwidth.
-------------------------------------------------------------
-------------------------------------------------------------
Your clock granularity/precision appears to be 1 microseconds.
Your clock granularity/precision appears to be 1 microseconds.
Each test below will take on the order of 30148 microseconds.
-------------------------------------------------------------
Each test below will take on the order of 30203 microseconds.
   (= 30148 clock ticks)
STREAM version $Revision: 5.10 $
   (= 30203 clock ticks)
Increase the size of the arrays if this shows that
-------------------------------------------------------------
Increase the size of the arrays if this shows that
you are not getting at least 20 clock ticks per test.
This system uses 8 bytes per array element.
you are not getting at least 20 clock ticks per test.
-------------------------------------------------------------
-------------------------------------------------------------
-------------------------------------------------------------
WARNING -- The above is only a rough guideline.
Array size = 10000000 (elements), Offset = 0 (elements)
WARNING -- The above is only a rough guideline.
For best results, please be sure you know the
Memory per array = 76.3 MiB (= 0.1 GiB).
For best results, please be sure you know the
precision of your system timer.
Total memory required = 228.9 MiB (= 0.2 GiB).
precision of your system timer.
-------------------------------------------------------------
Each kernel will be executed 10 times.
-------------------------------------------------------------
Function    Best Rate MB/s  Avg time     Min time     Max time
 The *best* time for each kernel (excluding the first iteration)
Function    Best Rate MB/s  Avg time     Min time     Max time
Copy:            4160.5     0.043270     0.038457     0.047069
 will be used to compute the reported bandwidth.
Copy:            4118.8     0.043626     0.038846     0.047269
Scale:           4231.8     0.043908     0.037809     0.047743
-------------------------------------------------------------
Scale:           4262.4     0.043843     0.037537     0.048019
Add:             6101.7     0.059936     0.039333     0.066655
Your clock granularity/precision appears to be 1 microseconds.
Add:             6749.4     0.059544     0.035559     0.066497
Triad:           8415.2     0.057646     0.028520     0.066014
Each test below will take on the order of 30352 microseconds.
Triad:           8658.7     0.057705     0.027718     0.066380
-------------------------------------------------------------
   (= 30352 clock ticks)
-------------------------------------------------------------
Solution Validates: avg error less than 1.000000e-13 on all three arrays
Increase the size of the arrays if this shows that
Solution Validates: avg error less than 1.000000e-13 on all three arrays
-------------------------------------------------------------
you are not getting at least 20 clock ticks per test.
-------------------------------------------------------------
-------------------------------------------------------------
WARNING -- The above is only a rough guideline.
For best results, please be sure you know the
precision of your system timer.
-------------------------------------------------------------
Function    Best Rate MB/s  Avg time     Min time     Max time
Copy:            4152.7     0.043178     0.038529     0.047014
Scale:           4209.6     0.043928     0.038008     0.047869
Add:             5899.7     0.060098     0.040680     0.066474
Triad:           8419.0     0.057686     0.028507     0.066097
-------------------------------------------------------------
Solution Validates: avg error less than 1.000000e-13 on all three arrays
-------------------------------------------------------------
-------------------------------------------------------------
STREAM version $Revision: 5.10 $
-------------------------------------------------------------
This system uses 8 bytes per array element.
-------------------------------------------------------------
Array size = 10000000 (elements), Offset = 0 (elements)
Memory per array = 76.3 MiB (= 0.1 GiB).
Total memory required = 228.9 MiB (= 0.2 GiB).
Each kernel will be executed 10 times.
 The *best* time for each kernel (excluding the first iteration)
 will be used to compute the reported bandwidth.
-------------------------------------------------------------
Your clock granularity/precision appears to be 1 microseconds.
Each test below will take on the order of 28099 microseconds.
   (= 28099 clock ticks)
Increase the size of the arrays if this shows that
you are not getting at least 20 clock ticks per test.
-------------------------------------------------------------
WARNING -- The above is only a rough guideline.
For best results, please be sure you know the
precision of your system timer.
-------------------------------------------------------------
Function    Best Rate MB/s  Avg time     Min time     Max time
Copy:            4121.1     0.043841     0.038825     0.047606
Scale:           4422.9     0.043084     0.036175     0.046729
Add:             7194.9     0.059232     0.033357     0.066349
Triad:           9216.2     0.057758     0.026041     0.067121
-------------------------------------------------------------
Solution Validates: avg error less than 1.000000e-13 on all three arrays
-------------------------------------------------------------
START OF JOBSPEC
{"resources": [{"type": "node", "count": 1, "with": [{"type": "slot", "count": 56, "with": [{"type": "core", "count": 1}], "label": "task"}]}], "tasks": [{"command": ["singularity", "exec", "/opt/containers/metric-stream_rocky-8.sif", "stream_c.exe"], "slot": "task", "count": {"per_slot": 1}}], "attributes": {"system": {"duration": 0, "cwd": "/home/sochat1_llnl_gov", "shell": {"options": {"rlimit": {"cpu": -1, "fsize": -1, "data": -1, "stack": 8388608, "core": 0, "nofile": 262144, "as": -1, "rss": -1, "nproc": 1803560}, "cpu-affinity": "per-task"}}}, "user": {"study_id": "stream-1-iter-5"}}, "version": 1}
START OF EVENTLOG
{"timestamp":1724805047.1140735,"name":"init"}
{"timestamp":1724805047.1180754,"name":"starting"}
{"timestamp":1724805047.1361988,"name":"shell.init","context":{"service":"1356918789-shell-f2Mw3oFGK","leader-rank":255,"size":1}}
{"timestamp":1724805047.2735205,"name":"shell.start","context":{"taskmap":{"version":1,"map":[[0,1,56,1]]}}}
{"timestamp":1724805048.7769113,"name":"shell.task-exit","context":{"localid":52,"rank":52,"state":"Exited","pid":205062,"wait_status":0,"signaled":0,"exitcode":0}}
{"timestamp":1724805049.7975271,"name":"complete","context":{"status":0}}
{"timestamp":1724805049.7975426,"name":"done"}

