-------------------------------------------------------------
STREAM version $Revision: 5.10 $
-------------------------------------------------------------
This system uses 8 bytes per array element.
-------------------------------------------------------------
Array size = 10000000 (elements), Offset = 0 (elements)
Memory per array = 76.3 MiB (= 0.1 GiB).
Total memory required = 228.9 MiB (= 0.2 GiB).
Each kernel will be executed 10 times.
 The *best* time for each kernel (excluding the first iteration)
 will be used to compute the reported bandwidth.
-------------------------------------------------------------
Your clock granularity/precision appears to be 1 microseconds.
Each test below will take on the order of 23273 microseconds.
   (= 23273 clock ticks)
Increase the size of the arrays if this shows that
you are not getting at least 20 clock ticks per test.
-------------------------------------------------------------
WARNING -- The above is only a rough guideline.
For best results, please be sure you know the
precision of your system timer.
-------------------------------------------------------------
Function    Best Rate MB/s  Avg time     Min time     Max time
Copy:           11170.8     0.014604     0.014323     0.015201
Scale:          10484.3     0.015523     0.015261     0.015916
Add:            12352.1     0.020658     0.019430     0.025285
Triad:          12082.8     0.020622     0.019863     0.023841
-------------------------------------------------------------
Solution Validates: avg error less than 1.000000e-13 on all three arrays
-------------------------------------------------------------
-------------------------------------------------------------
STREAM version $Revision: 5.10 $
-------------------------------------------------------------
This system uses 8 bytes per array element.
-------------------------------------------------------------
Array size = 10000000 (elements), Offset = 0 (elements)
Memory per array = 76.3 MiB (= 0.1 GiB).
Total memory required = 228.9 MiB (= 0.2 GiB).
Each kernel will be executed 10 times.
 The *best* time for each kernel (excluding the first iteration)
 will be used to compute the reported bandwidth.
-------------------------------------------------------------
Your clock granularity/precision appears to be 1 microseconds.
Each test below will take on the order of 13792 microseconds.
   (= 13792 clock ticks)
Increase the size of the arrays if this shows that
you are not getting at least 20 clock ticks per test.
-------------------------------------------------------------
WARNING -- The above is only a rough guideline.
For best results, please be sure you know the
precision of your system timer.
-------------------------------------------------------------
Function    Best Rate MB/s  Avg time     Min time     Max time
Copy:           10829.9     0.028030     0.014774     0.035678
Scale:          10360.8     0.027581     0.015443     0.036125
Add:            11826.0     0.039937     0.020294     0.054584
Triad:          11809.3     0.039778     0.020323     0.052241
-------------------------------------------------------------
Solution Validates: avg error less than 1.000000e-13 on all three arrays
-------------------------------------------------------------
-------------------------------------------------------------
STREAM version $Revision: 5.10 $
-------------------------------------------------------------
This system uses 8 bytes per array element.
-------------------------------------------------------------
Array size = 10000000 (elements), Offset = 0 (elements)
Memory per array = 76.3 MiB (= 0.1 GiB).
Total memory required = 228.9 MiB (= 0.2 GiB).
Each kernel will be executed 10 times.
 The *best* time for each kernel (excluding the first iteration)
 will be used to compute the reported bandwidth.
-------------------------------------------------------------
Your clock granularity/precision appears to be 1 microseconds.
Each test below will take on the order of 20716 microseconds.
   (= 20716 clock ticks)
Increase the size of the arrays if this shows that
you are not getting at least 20 clock ticks per test.
-------------------------------------------------------------
WARNING -- The above is only a rough guideline.
For best results, please be sure you know the
precision of your system timer.
-------------------------------------------------------------
Function    Best Rate MB/s  Avg time     Min time     Max time
Copy:           10946.9     0.029507     0.014616     0.038012
Scale:          10360.0     0.027468     0.015444     0.036912
Add:            12135.3     0.038307     0.019777     0.053347
Triad:          12106.5     0.041343     0.019824     0.054050
-------------------------------------------------------------
Solution Validates: avg error less than 1.000000e-13 on all three arrays
-------------------------------------------------------------
-------------------------------------------------------------
STREAM version $Revision: 5.10 $
-------------------------------------------------------------
This system uses 8 bytes per array element.
-------------------------------------------------------------
Array size = 10000000 (elements), Offset = 0 (elements)
Memory per array = 76.3 MiB (= 0.1 GiB).
Total memory required = 228.9 MiB (= 0.2 GiB).
Each kernel will be executed 10 times.
 The *best* time for each kernel (excluding the first iteration)
 will be used to compute the reported bandwidth.
-------------------------------------------------------------
Your clock granularity/precision appears to be 1 microseconds.
Each test below will take on the order of 24356 microseconds.
   (= 24356 clock ticks)
Increase the size of the arrays if this shows that
you are not getting at least 20 clock ticks per test.
-------------------------------------------------------------
WARNING -- The above is only a rough guideline.
For best results, please be sure you know the
-------------------------------------------------------------
precision of your system timer.
STREAM version $Revision: 5.10 $
-------------------------------------------------------------
-------------------------------------------------------------
Function    Best Rate MB/s  Avg time     Min time     Max time
This system uses 8 bytes per array element.
Copy:            8396.4     0.029545     0.019056     0.036299
-------------------------------------------------------------
Scale:           8420.1     0.029696     0.019002     0.036574
Array size = 10000000 (elements), Offset = 0 (elements)
Add:             8937.9     0.042057     0.026852     0.051397
Memory per array = 76.3 MiB (= 0.1 GiB).
Triad:           8957.6     0.041651     0.026793     0.053147
Total memory required = 228.9 MiB (= 0.2 GiB).
-------------------------------------------------------------
Each kernel will be executed 10 times.
Solution Validates: avg error less than 1.000000e-13 on all three arrays
 The *best* time for each kernel (excluding the first iteration)
-------------------------------------------------------------
 will be used to compute the reported bandwidth.
-------------------------------------------------------------
Your clock granularity/precision appears to be 1 microseconds.
Each test below will take on the order of 24300 microseconds.
   (= 24300 clock ticks)
Increase the size of the arrays if this shows that
you are not getting at least 20 clock ticks per test.
-------------------------------------------------------------
WARNING -- The above is only a rough guideline.
For best results, please be sure you know the
precision of your system timer.
-------------------------------------------------------------
Function    Best Rate MB/s  Avg time     Min time     Max time
Copy:            8396.8     0.029597     0.019055     0.036482
Scale:           8435.2     0.029678     0.018968     0.036391
Add:             9080.3     0.041951     0.026431     0.051724
Triad:           9035.5     0.041672     0.026562     0.053411
-------------------------------------------------------------
Solution Validates: avg error less than 1.000000e-13 on all three arrays
-------------------------------------------------------------
-------------------------------------------------------------
STREAM version $Revision: 5.10 $
-------------------------------------------------------------
This system uses 8 bytes per array element.
-------------------------------------------------------------
Array size = 10000000 (elements), Offset = 0 (elements)
Memory per array = 76.3 MiB (= 0.1 GiB).
Total memory required = 228.9 MiB (= 0.2 GiB).
Each kernel will be executed 10 times.
 The *best* time for each kernel (excluding the first iteration)
 will be used to compute the reported bandwidth.
-------------------------------------------------------------
Your clock granularity/precision appears to be 1 microseconds.
Each test below will take on the order of 21671 microseconds.
   (= 21671 clock ticks)
Increase the size of the arrays if this shows that
you are not getting at least 20 clock ticks per test.
-------------------------------------------------------------
WARNING -- The above is only a rough guideline.
For best results, please be sure you know the
precision of your system timer.
-------------------------------------------------------------
Function    Best Rate MB/s  Avg time     Min time     Max time
Copy:           10405.1     0.031086     0.015377     0.036525
Scale:           9934.3     0.032943     0.016106     0.038068
Add:            11632.4     0.047395     0.020632     0.055006
Triad:          11530.1     0.044169     0.020815     0.052858
-------------------------------------------------------------
Solution Validates: avg error less than 1.000000e-13 on all three arrays
-------------------------------------------------------------
-------------------------------------------------------------
STREAM version $Revision: 5.10 $
-------------------------------------------------------------
This system uses 8 bytes per array element.
-------------------------------------------------------------
Array size = 10000000 (elements), Offset = 0 (elements)
Memory per array = 76.3 MiB (= 0.1 GiB).
Total memory required = 228.9 MiB (= 0.2 GiB).
Each kernel will be executed 10 times.
 The *best* time for each kernel (excluding the first iteration)
 will be used to compute the reported bandwidth.
-------------------------------------------------------------
Your clock granularity/precision appears to be 1 microseconds.
Each test below will take on the order of 21207 microseconds.
   (= 21207 clock ticks)
Increase the size of the arrays if this shows that
you are not getting at least 20 clock ticks per test.
-------------------------------------------------------------
WARNING -- The above is only a rough guideline.
For best results, please be sure you know the
precision of your system timer.
-------------------------------------------------------------
Function    Best Rate MB/s  Avg time     Min time     Max time
Copy:            7898.5     0.034439     0.020257     0.036503
Scale:           6884.1     0.033469     0.023242     0.038105
Add:             9359.7     0.046755     0.025642     0.053952
Triad:           9406.2     0.046148     0.025515     0.052698
-------------------------------------------------------------
Solution Validates: avg error less than 1.000000e-13 on all three arrays
-------------------------------------------------------------
-------------------------------------------------------------
STREAM version $Revision: 5.10 $
-------------------------------------------------------------
This system uses 8 bytes per array element.
-------------------------------------------------------------
Array size = 10000000 (elements), Offset = 0 (elements)
Memory per array = 76.3 MiB (= 0.1 GiB).
Total memory required = 228.9 MiB (= 0.2 GiB).
Each kernel will be executed 10 times.
 The *best* time for each kernel (excluding the first iteration)
 will be used to compute the reported bandwidth.
-------------------------------------------------------------
Your clock granularity/precision appears to be 1 microseconds.
Each test below will take on the order of 22105 microseconds.
   (= 22105 clock ticks)
Increase the size of the arrays if this shows that
you are not getting at least 20 clock ticks per test.
-------------------------------------------------------------
WARNING -- The above is only a rough guideline.
For best results, please be sure you know the
precision of your system timer.
-------------------------------------------------------------
Function    Best Rate MB/s  Avg time     Min time     Max time
Copy:           10121.4     0.033449     0.015808     0.037903
Scale:           9821.4     0.032860     0.016291     0.036835
Add:             9122.3     0.046900     0.026309     0.053254
Triad:          12549.7     0.045606     0.019124     0.053820
-------------------------------------------------------------
Solution Validates: avg error less than 1.000000e-13 on all three arrays
-------------------------------------------------------------
-------------------------------------------------------------
STREAM version $Revision: 5.10 $
-------------------------------------------------------------
This system uses 8 bytes per array element.
-------------------------------------------------------------
Array size = 10000000 (elements), Offset = 0 (elements)
Memory per array = 76.3 MiB (= 0.1 GiB).
Total memory required = 228.9 MiB (= 0.2 GiB).
Each kernel will be executed 10 times.
 The *best* time for each kernel (excluding the first iteration)
 will be used to compute the reported bandwidth.
-------------------------------------------------------------
Your clock granularity/precision appears to be 1 microseconds.
Each test below will take on the order of 28492 microseconds.
   (= 28492 clock ticks)
Increase the size of the arrays if this shows that
you are not getting at least 20 clock ticks per test.
-------------------------------------------------------------
WARNING -- The above is only a rough guideline.
For best results, please be sure you know the
precision of your system timer.
-------------------------------------------------------------
Function    Best Rate MB/s  Avg time     Min time     Max time
Copy:            4728.5     0.041202     0.033837     0.045983
Scale:           4852.2     0.041844     0.032975     0.046971
Add:             5285.8     0.058394     0.045405     0.064919
Triad:           5479.3     0.057556     0.043801     0.064660
-------------------------------------------------------------
Solution Validates: avg error less than 1.000000e-13 on all three arrays
-------------------------------------------------------------
-------------------------------------------------------------
STREAM version $Revision: 5.10 $
-------------------------------------------------------------
This system uses 8 bytes per array element.
-------------------------------------------------------------
Array size = 10000000 (elements), Offset = 0 (elements)
Memory per array = 76.3 MiB (= 0.1 GiB).
Total memory required = 228.9 MiB (= 0.2 GiB).
-------------------------------------------------------------
Each kernel will be executed 10 times.
STREAM version $Revision: 5.10 $
 The *best* time for each kernel (excluding the first iteration)
-------------------------------------------------------------
 will be used to compute the reported bandwidth.
This system uses 8 bytes per array element.
-------------------------------------------------------------
-------------------------------------------------------------
Your clock granularity/precision appears to be 1 microseconds.
Array size = 10000000 (elements), Offset = 0 (elements)
Each test below will take on the order of 29823 microseconds.
Memory per array = 76.3 MiB (= 0.1 GiB).
   (= 29823 clock ticks)
Total memory required = 228.9 MiB (= 0.2 GiB).
Increase the size of the arrays if this shows that
Each kernel will be executed 10 times.
you are not getting at least 20 clock ticks per test.
 The *best* time for each kernel (excluding the first iteration)
-------------------------------------------------------------
 will be used to compute the reported bandwidth.
WARNING -- The above is only a rough guideline.
-------------------------------------------------------------
For best results, please be sure you know the
Your clock granularity/precision appears to be 1 microseconds.
precision of your system timer.
Each test below will take on the order of 30316 microseconds.
-------------------------------------------------------------
   (= 30316 clock ticks)
Function    Best Rate MB/s  Avg time     Min time     Max time
Increase the size of the arrays if this shows that
Copy:            4892.1     0.041464     0.032706     0.046701
you are not getting at least 20 clock ticks per test.
Scale:           4857.2     0.041772     0.032941     0.046955
-------------------------------------------------------------
Add:             5469.5     0.057529     0.043880     0.065459
WARNING -- The above is only a rough guideline.
Triad:           5607.7     0.057730     0.042798     0.065477
For best results, please be sure you know the
-------------------------------------------------------------
precision of your system timer.
Solution Validates: avg error less than 1.000000e-13 on all three arrays
-------------------------------------------------------------
-------------------------------------------------------------
Function    Best Rate MB/s  Avg time     Min time     Max time
Copy:            4971.1     0.041362     0.032186     0.046606
Scale:           4771.6     0.041817     0.033532     0.046858
Add:             5451.1     0.057218     0.044028     0.065334
Triad:           5569.1     0.057897     0.043095     0.065940
-------------------------------------------------------------
Solution Validates: avg error less than 1.000000e-13 on all three arrays
-------------------------------------------------------------
-------------------------------------------------------------
STREAM version $Revision: 5.10 $
-------------------------------------------------------------
This system uses 8 bytes per array element.
-------------------------------------------------------------
Array size = 10000000 (elements), Offset = 0 (elements)
Memory per array = 76.3 MiB (= 0.1 GiB).
Total memory required = 228.9 MiB (= 0.2 GiB).
Each kernel will be executed 10 times.
 The *best* time for each kernel (excluding the first iteration)
 will be used to compute the reported bandwidth.
-------------------------------------------------------------
Your clock granularity/precision appears to be 1 microseconds.
Each test below will take on the order of 28512 microseconds.
   (= 28512 clock ticks)
Increase the size of the arrays if this shows that
you are not getting at least 20 clock ticks per test.
-------------------------------------------------------------
WARNING -- The above is only a rough guideline.
For best results, please be sure you know the
precision of your system timer.
-------------------------------------------------------------
Function    Best Rate MB/s  Avg time     Min time     Max time
Copy:            4821.2     0.041052     0.033187     0.046069
Scale:           4800.9     0.042254     0.033327     0.047658
Add:             5178.2     0.058464     0.046348     0.065812
Triad:           5175.1     0.058218     0.046376     0.065918
-------------------------------------------------------------
Solution Validates: avg error less than 1.000000e-13 on all three arrays
-------------------------------------------------------------
-------------------------------------------------------------
STREAM version $Revision: 5.10 $
-------------------------------------------------------------
-------------------------------------------------------------
STREAM version $Revision: 5.10 $
This system uses 8 bytes per array element.
-------------------------------------------------------------
-------------------------------------------------------------
This system uses 8 bytes per array element.
Array size = 10000000 (elements), Offset = 0 (elements)
-------------------------------------------------------------
Memory per array = 76.3 MiB (= 0.1 GiB).
Array size = 10000000 (elements), Offset = 0 (elements)
Total memory required = 228.9 MiB (= 0.2 GiB).
Memory per array = 76.3 MiB (= 0.1 GiB).
Each kernel will be executed 10 times.
Total memory required = 228.9 MiB (= 0.2 GiB).
 The *best* time for each kernel (excluding the first iteration)
Each kernel will be executed 10 times.
 will be used to compute the reported bandwidth.
 The *best* time for each kernel (excluding the first iteration)
-------------------------------------------------------------
 will be used to compute the reported bandwidth.
Your clock granularity/precision appears to be 1 microseconds.
-------------------------------------------------------------
Each test below will take on the order of 28728 microseconds.
Your clock granularity/precision appears to be 1 microseconds.
-------------------------------------------------------------
   (= 28728 clock ticks)
Each test below will take on the order of 29983 microseconds.
STREAM version $Revision: 5.10 $
Increase the size of the arrays if this shows that
   (= 29983 clock ticks)
-------------------------------------------------------------
you are not getting at least 20 clock ticks per test.
Increase the size of the arrays if this shows that
This system uses 8 bytes per array element.
-------------------------------------------------------------
you are not getting at least 20 clock ticks per test.
-------------------------------------------------------------
WARNING -- The above is only a rough guideline.
-------------------------------------------------------------
Array size = 10000000 (elements), Offset = 0 (elements)
For best results, please be sure you know the
WARNING -- The above is only a rough guideline.
Memory per array = 76.3 MiB (= 0.1 GiB).
precision of your system timer.
For best results, please be sure you know the
Total memory required = 228.9 MiB (= 0.2 GiB).
-------------------------------------------------------------
precision of your system timer.
Each kernel will be executed 10 times.
Function    Best Rate MB/s  Avg time     Min time     Max time
-------------------------------------------------------------
 The *best* time for each kernel (excluding the first iteration)
Copy:            4722.8     0.041116     0.033878     0.046066
Function    Best Rate MB/s  Avg time     Min time     Max time
 will be used to compute the reported bandwidth.
Scale:           4789.7     0.042081     0.033405     0.047448
Copy:            4680.0     0.041767     0.034188     0.047065
-------------------------------------------------------------
Add:             5093.8     0.058493     0.047116     0.065795
Scale:           4745.9     0.041873     0.033713     0.046791
Your clock granularity/precision appears to be 1 microseconds.
Triad:           5079.5     0.058350     0.047249     0.065701
Add:             4325.6     0.060497     0.055484     0.064944
Each test below will take on the order of 27051 microseconds.
-------------------------------------------------------------
Triad:           5451.2     0.058082     0.044027     0.065604
   (= 27051 clock ticks)
Solution Validates: avg error less than 1.000000e-13 on all three arrays
-------------------------------------------------------------
Increase the size of the arrays if this shows that
-------------------------------------------------------------
-------------------------------------------------------------
Solution Validates: avg error less than 1.000000e-13 on all three arrays
you are not getting at least 20 clock ticks per test.
STREAM version $Revision: 5.10 $
-------------------------------------------------------------
-------------------------------------------------------------
-------------------------------------------------------------
WARNING -- The above is only a rough guideline.
This system uses 8 bytes per array element.
For best results, please be sure you know the
-------------------------------------------------------------
precision of your system timer.
Array size = 10000000 (elements), Offset = 0 (elements)
-------------------------------------------------------------
Memory per array = 76.3 MiB (= 0.1 GiB).
Function    Best Rate MB/s  Avg time     Min time     Max time
Total memory required = 228.9 MiB (= 0.2 GiB).
Copy:            4849.7     0.041994     0.032992     0.047256
Each kernel will be executed 10 times.
Scale:           4719.9     0.041310     0.033899     0.046396
 The *best* time for each kernel (excluding the first iteration)
Add:             5269.8     0.057706     0.045543     0.065342
 will be used to compute the reported bandwidth.
Triad:           5453.1     0.058070     0.044012     0.066439
-------------------------------------------------------------
-------------------------------------------------------------
Your clock granularity/precision appears to be 1 microseconds.
Solution Validates: avg error less than 1.000000e-13 on all three arrays
Each test below will take on the order of 27245 microseconds.
-------------------------------------------------------------
   (= 27245 clock ticks)
Increase the size of the arrays if this shows that
you are not getting at least 20 clock ticks per test.
-------------------------------------------------------------
WARNING -- The above is only a rough guideline.
For best results, please be sure you know the
precision of your system timer.
-------------------------------------------------------------
Function    Best Rate MB/s  Avg time     Min time     Max time
Copy:            4773.8     0.041893     0.033516     0.046919
Scale:           4696.3     0.041558     0.034069     0.046620
Add:             4952.3     0.058454     0.048462     0.065408
Triad:           5187.1     0.058608     0.046269     0.066599
-------------------------------------------------------------
Solution Validates: avg error less than 1.000000e-13 on all three arrays
-------------------------------------------------------------
-------------------------------------------------------------
STREAM version $Revision: 5.10 $
-------------------------------------------------------------
This system uses 8 bytes per array element.
-------------------------------------------------------------
Array size = 10000000 (elements), Offset = 0 (elements)
Memory per array = 76.3 MiB (= 0.1 GiB).
Total memory required = 228.9 MiB (= 0.2 GiB).
Each kernel will be executed 10 times.
 The *best* time for each kernel (excluding the first iteration)
 will be used to compute the reported bandwidth.
-------------------------------------------------------------
-------------------------------------------------------------
STREAM version $Revision: 5.10 $
Your clock granularity/precision appears to be 1 microseconds.
-------------------------------------------------------------
Each test below will take on the order of 15073 microseconds.
This system uses 8 bytes per array element.
   (= 15073 clock ticks)
-------------------------------------------------------------
Increase the size of the arrays if this shows that
Array size = 10000000 (elements), Offset = 0 (elements)
you are not getting at least 20 clock ticks per test.
Memory per array = 76.3 MiB (= 0.1 GiB).
-------------------------------------------------------------
Total memory required = 228.9 MiB (= 0.2 GiB).
WARNING -- The above is only a rough guideline.
Each kernel will be executed 10 times.
For best results, please be sure you know the
 The *best* time for each kernel (excluding the first iteration)
precision of your system timer.
 will be used to compute the reported bandwidth.
-------------------------------------------------------------
-------------------------------------------------------------
Function    Best Rate MB/s  Avg time     Min time     Max time
Your clock granularity/precision appears to be 1 microseconds.
Copy:            4817.1     0.041531     0.033215     0.045891
Each test below will take on the order of 18213 microseconds.
Scale:           4757.1     0.041356     0.033634     0.046093
   (= 18213 clock ticks)
Add:             5358.4     0.057972     0.044789     0.066422
Increase the size of the arrays if this shows that
Triad:           5165.2     0.058438     0.046465     0.066507
you are not getting at least 20 clock ticks per test.
-------------------------------------------------------------
-------------------------------------------------------------
Solution Validates: avg error less than 1.000000e-13 on all three arrays
WARNING -- The above is only a rough guideline.
-------------------------------------------------------------
For best results, please be sure you know the
-------------------------------------------------------------
precision of your system timer.
STREAM version $Revision: 5.10 $
-------------------------------------------------------------
-------------------------------------------------------------
Function    Best Rate MB/s  Avg time     Min time     Max time
This system uses 8 bytes per array element.
Copy:            4770.0     0.041354     0.033543     0.045953
-------------------------------------------------------------
Scale:           4727.0     0.041397     0.033848     0.046185
Array size = 10000000 (elements), Offset = 0 (elements)
Add:             5353.1     0.058027     0.044834     0.066045
Memory per array = 76.3 MiB (= 0.1 GiB).
Triad:           5081.4     0.058646     0.047231     0.066630
Total memory required = 228.9 MiB (= 0.2 GiB).
-------------------------------------------------------------
Each kernel will be executed 10 times.
Solution Validates: avg error less than 1.000000e-13 on all three arrays
 The *best* time for each kernel (excluding the first iteration)
-------------------------------------------------------------
-------------------------------------------------------------
 will be used to compute the reported bandwidth.
STREAM version $Revision: 5.10 $
-------------------------------------------------------------
-------------------------------------------------------------
Your clock granularity/precision appears to be 1 microseconds.
This system uses 8 bytes per array element.
Each test below will take on the order of 25395 microseconds.
-------------------------------------------------------------
   (= 25395 clock ticks)
Array size = 10000000 (elements), Offset = 0 (elements)
Increase the size of the arrays if this shows that
Memory per array = 76.3 MiB (= 0.1 GiB).
you are not getting at least 20 clock ticks per test.
Total memory required = 228.9 MiB (= 0.2 GiB).
-------------------------------------------------------------
Each kernel will be executed 10 times.
WARNING -- The above is only a rough guideline.
 The *best* time for each kernel (excluding the first iteration)
For best results, please be sure you know the
-------------------------------------------------------------
 will be used to compute the reported bandwidth.
precision of your system timer.
STREAM version $Revision: 5.10 $
-------------------------------------------------------------
-------------------------------------------------------------
-------------------------------------------------------------
-------------------------------------------------------------
Your clock granularity/precision appears to be 1 microseconds.
STREAM version $Revision: 5.10 $
Function    Best Rate MB/s  Avg time     Min time     Max time
This system uses 8 bytes per array element.
Each test below will take on the order of 28532 microseconds.
-------------------------------------------------------------
Copy:            4838.9     0.041521     0.033065     0.046253
-------------------------------------------------------------
   (= 28532 clock ticks)
This system uses 8 bytes per array element.
Scale:           4749.2     0.040988     0.033690     0.045951
Array size = 10000000 (elements), Offset = 0 (elements)
Increase the size of the arrays if this shows that
-------------------------------------------------------------
Add:             5221.9     0.059334     0.045960     0.066267
Memory per array = 76.3 MiB (= 0.1 GiB).
you are not getting at least 20 clock ticks per test.
Array size = 10000000 (elements), Offset = 0 (elements)
Triad:           5471.0     0.058023     0.043868     0.066916
Total memory required = 228.9 MiB (= 0.2 GiB).
-------------------------------------------------------------
Memory per array = 76.3 MiB (= 0.1 GiB).
-------------------------------------------------------------
Each kernel will be executed 10 times.
WARNING -- The above is only a rough guideline.
Total memory required = 228.9 MiB (= 0.2 GiB).
Solution Validates: avg error less than 1.000000e-13 on all three arrays
 The *best* time for each kernel (excluding the first iteration)
For best results, please be sure you know the
Each kernel will be executed 10 times.
-------------------------------------------------------------
 will be used to compute the reported bandwidth.
precision of your system timer.
 The *best* time for each kernel (excluding the first iteration)
-------------------------------------------------------------
-------------------------------------------------------------
 will be used to compute the reported bandwidth.
Your clock granularity/precision appears to be 1 microseconds.
Function    Best Rate MB/s  Avg time     Min time     Max time
-------------------------------------------------------------
-------------------------------------------------------------
Each test below will take on the order of 30662 microseconds.
Copy:            4197.0     0.043034     0.038123     0.045651
Your clock granularity/precision appears to be 1 microseconds.
STREAM version $Revision: 5.10 $
   (= 30662 clock ticks)
Scale:           4035.4     0.044480     0.039649     0.047078
Each test below will take on the order of 30472 microseconds.
-------------------------------------------------------------
Increase the size of the arrays if this shows that
Add:             4320.8     0.062578     0.055545     0.066835
   (= 30472 clock ticks)
This system uses 8 bytes per array element.
-------------------------------------------------------------
you are not getting at least 20 clock ticks per test.
Triad:           5112.7     0.060183     0.046942     0.065340
Increase the size of the arrays if this shows that
-------------------------------------------------------------
STREAM version $Revision: 5.10 $
-------------------------------------------------------------
-------------------------------------------------------------
you are not getting at least 20 clock ticks per test.
Array size = 10000000 (elements), Offset = 0 (elements)
-------------------------------------------------------------
-------------------------------------------------------------
WARNING -- The above is only a rough guideline.
Solution Validates: avg error less than 1.000000e-13 on all three arrays
-------------------------------------------------------------
Memory per array = 76.3 MiB (= 0.1 GiB).
STREAM version $Revision: 5.10 $
This system uses 8 bytes per array element.
For best results, please be sure you know the
-------------------------------------------------------------
WARNING -- The above is only a rough guideline.
Total memory required = 228.9 MiB (= 0.2 GiB).
-------------------------------------------------------------
-------------------------------------------------------------
-------------------------------------------------------------
precision of your system timer.
For best results, please be sure you know the
Each kernel will be executed 10 times.
This system uses 8 bytes per array element.
Array size = 10000000 (elements), Offset = 0 (elements)
-------------------------------------------------------------
-------------------------------------------------------------
STREAM version $Revision: 5.10 $
-------------------------------------------------------------
precision of your system timer.
 The *best* time for each kernel (excluding the first iteration)
-------------------------------------------------------------
Memory per array = 76.3 MiB (= 0.1 GiB).
STREAM version $Revision: 5.10 $
STREAM version $Revision: 5.10 $
-------------------------------------------------------------
Function    Best Rate MB/s  Avg time     Min time     Max time
-------------------------------------------------------------
 will be used to compute the reported bandwidth.
Array size = 10000000 (elements), Offset = 0 (elements)
Total memory required = 228.9 MiB (= 0.2 GiB).
-------------------------------------------------------------
-------------------------------------------------------------
This system uses 8 bytes per array element.
Copy:            4125.8     0.044011     0.038780     0.046737
Function    Best Rate MB/s  Avg time     Min time     Max time
-------------------------------------------------------------
Memory per array = 76.3 MiB (= 0.1 GiB).
Each kernel will be executed 10 times.
This system uses 8 bytes per array element.
This system uses 8 bytes per array element.
-------------------------------------------------------------
Scale:           4049.2     0.044111     0.039514     0.046809
Copy:            4140.1     0.043870     0.038646     0.046605
Your clock granularity/precision appears to be 1 microseconds.
Total memory required = 228.9 MiB (= 0.2 GiB).
 The *best* time for each kernel (excluding the first iteration)
-------------------------------------------------------------
-------------------------------------------------------------
Array size = 10000000 (elements), Offset = 0 (elements)
Add:             4408.8     0.061563     0.054437     0.065055
Scale:           4072.8     0.043969     0.039285     0.046802
Each test below will take on the order of 30915 microseconds.
Each kernel will be executed 10 times.
 will be used to compute the reported bandwidth.
Array size = 10000000 (elements), Offset = 0 (elements)
Array size = 10000000 (elements), Offset = 0 (elements)
Memory per array = 76.3 MiB (= 0.1 GiB).
Triad:           5607.9     0.059654     0.042797     0.065319
Add:             4359.4     0.061450     0.055054     0.064954
   (= 30915 clock ticks)
 The *best* time for each kernel (excluding the first iteration)
-------------------------------------------------------------
Memory per array = 76.3 MiB (= 0.1 GiB).
Memory per array = 76.3 MiB (= 0.1 GiB).
Total memory required = 228.9 MiB (= 0.2 GiB).
-------------------------------------------------------------
Triad:           5359.2     0.059737     0.044783     0.065053
Increase the size of the arrays if this shows that
 will be used to compute the reported bandwidth.
Your clock granularity/precision appears to be 1 microseconds.
Total memory required = 228.9 MiB (= 0.2 GiB).
Total memory required = 228.9 MiB (= 0.2 GiB).
Each kernel will be executed 10 times.
Solution Validates: avg error less than 1.000000e-13 on all three arrays
-------------------------------------------------------------
you are not getting at least 20 clock ticks per test.
-------------------------------------------------------------
Each test below will take on the order of 30539 microseconds.
Each kernel will be executed 10 times.
Each kernel will be executed 10 times.
 The *best* time for each kernel (excluding the first iteration)
-------------------------------------------------------------
Solution Validates: avg error less than 1.000000e-13 on all three arrays
-------------------------------------------------------------
Your clock granularity/precision appears to be 1 microseconds.
   (= 30539 clock ticks)
 The *best* time for each kernel (excluding the first iteration)
 The *best* time for each kernel (excluding the first iteration)
 will be used to compute the reported bandwidth.
-------------------------------------------------------------
WARNING -- The above is only a rough guideline.
Each test below will take on the order of 25772 microseconds.
Increase the size of the arrays if this shows that
 will be used to compute the reported bandwidth.
 will be used to compute the reported bandwidth.
-------------------------------------------------------------
For best results, please be sure you know the
   (= 25772 clock ticks)
-------------------------------------------------------------
you are not getting at least 20 clock ticks per test.
-------------------------------------------------------------
-------------------------------------------------------------
Your clock granularity/precision appears to be 1 microseconds.
precision of your system timer.
Increase the size of the arrays if this shows that
-------------------------------------------------------------
STREAM version $Revision: 5.10 $
-------------------------------------------------------------
Your clock granularity/precision appears to be 1 microseconds.
Your clock granularity/precision appears to be 1 microseconds.
Each test below will take on the order of 31268 microseconds.
-------------------------------------------------------------
you are not getting at least 20 clock ticks per test.
STREAM version $Revision: 5.10 $
-------------------------------------------------------------
WARNING -- The above is only a rough guideline.
Each test below will take on the order of 30966 microseconds.
Each test below will take on the order of 30710 microseconds.
   (= 31268 clock ticks)
Function    Best Rate MB/s  Avg time     Min time     Max time
-------------------------------------------------------------
-------------------------------------------------------------
-------------------------------------------------------------
This system uses 8 bytes per array element.
-------------------------------------------------------------
For best results, please be sure you know the
   (= 30966 clock ticks)
   (= 30710 clock ticks)
Increase the size of the arrays if this shows that
Copy:            4003.2     0.044802     0.039968     0.047598
WARNING -- The above is only a rough guideline.
This system uses 8 bytes per array element.
STREAM version $Revision: 5.10 $
-------------------------------------------------------------
STREAM version $Revision: 5.10 $
precision of your system timer.
Increase the size of the arrays if this shows that
Increase the size of the arrays if this shows that
you are not getting at least 20 clock ticks per test.
Scale:           4092.2     0.044091     0.039099     0.047155
For best results, please be sure you know the
-------------------------------------------------------------
-------------------------------------------------------------
Array size = 10000000 (elements), Offset = 0 (elements)
-------------------------------------------------------------
-------------------------------------------------------------
you are not getting at least 20 clock ticks per test.
you are not getting at least 20 clock ticks per test.
-------------------------------------------------------------
Add:             4460.5     0.061864     0.053805     0.065757
precision of your system timer.
Array size = 10000000 (elements), Offset = 0 (elements)
This system uses 8 bytes per array element.
Memory per array = 76.3 MiB (= 0.1 GiB).
This system uses 8 bytes per array element.
Function    Best Rate MB/s  Avg time     Min time     Max time
-------------------------------------------------------------
-------------------------------------------------------------
WARNING -- The above is only a rough guideline.
Triad:           5736.7     0.060180     0.041836     0.065918
-------------------------------------------------------------
Memory per array = 76.3 MiB (= 0.1 GiB).
-------------------------------------------------------------
Total memory required = 228.9 MiB (= 0.2 GiB).
-------------------------------------------------------------
Copy:            4096.4     0.043784     0.039059     0.046314
WARNING -- The above is only a rough guideline.
WARNING -- The above is only a rough guideline.
For best results, please be sure you know the
-------------------------------------------------------------
Function    Best Rate MB/s  Avg time     Min time     Max time
Total memory required = 228.9 MiB (= 0.2 GiB).
Array size = 10000000 (elements), Offset = 0 (elements)
Each kernel will be executed 10 times.
Array size = 10000000 (elements), Offset = 0 (elements)
Scale:           3994.6     0.044409     0.040054     0.047551
For best results, please be sure you know the
For best results, please be sure you know the
precision of your system timer.
Solution Validates: avg error less than 1.000000e-13 on all three arrays
Copy:            4922.5     0.039755     0.032504     0.044419
Each kernel will be executed 10 times.
Memory per array = 76.3 MiB (= 0.1 GiB).
 The *best* time for each kernel (excluding the first iteration)
Memory per array = 76.3 MiB (= 0.1 GiB).
Add:             4572.8     0.061634     0.052484     0.066235
precision of your system timer.
precision of your system timer.
-------------------------------------------------------------
-------------------------------------------------------------
Scale:           4861.4     0.040094     0.032912     0.044924
 The *best* time for each kernel (excluding the first iteration)
Total memory required = 228.9 MiB (= 0.2 GiB).
 will be used to compute the reported bandwidth.
Total memory required = 228.9 MiB (= 0.2 GiB).
Triad:           6131.8     0.058881     0.039140     0.064988
-------------------------------------------------------------
-------------------------------------------------------------
Function    Best Rate MB/s  Avg time     Min time     Max time
Add:             5164.7     0.058241     0.046469     0.067516
 will be used to compute the reported bandwidth.
Each kernel will be executed 10 times.
-------------------------------------------------------------
Each kernel will be executed 10 times.
-------------------------------------------------------------
Function    Best Rate MB/s  Avg time     Min time     Max time
Function    Best Rate MB/s  Avg time     Min time     Max time
Copy:            4093.0     0.043771     0.039091     0.046246
Triad:           9056.9     0.055289     0.026499     0.067832
-------------------------------------------------------------
 The *best* time for each kernel (excluding the first iteration)
Your clock granularity/precision appears to be 1 microseconds.
 The *best* time for each kernel (excluding the first iteration)
Solution Validates: avg error less than 1.000000e-13 on all three arrays
Copy:            4044.3     0.044255     0.039562     0.046929
Copy:            4057.6     0.044158     0.039432     0.046947
Scale:           4003.2     0.044359     0.039968     0.047564
-------------------------------------------------------------
Your clock granularity/precision appears to be 1 microseconds.
 will be used to compute the reported bandwidth.
Each test below will take on the order of 30641 microseconds.
 will be used to compute the reported bandwidth.
-------------------------------------------------------------
Scale:           4044.0     0.044070     0.039565     0.047312
Scale:           4051.3     0.044053     0.039493     0.047140
Add:             4372.2     0.061761     0.054892     0.065807
Solution Validates: avg error less than 1.000000e-13 on all three arrays
Each test below will take on the order of 29015 microseconds.
-------------------------------------------------------------
   (= 30641 clock ticks)
-------------------------------------------------------------
Add:             4727.2     0.061034     0.050770     0.065693
Add:             4664.1     0.061043     0.051457     0.065650
Triad:           5846.7     0.059064     0.041049     0.064997
-------------------------------------------------------------
   (= 29015 clock ticks)
Your clock granularity/precision appears to be 1 microseconds.
Increase the size of the arrays if this shows that
Your clock granularity/precision appears to be 1 microseconds.
Triad:           6543.6     0.059144     0.036677     0.065631
Triad:           6336.6     0.059148     0.037875     0.065345
-------------------------------------------------------------
Increase the size of the arrays if this shows that
Each test below will take on the order of 30560 microseconds.
you are not getting at least 20 clock ticks per test.
Each test below will take on the order of 30312 microseconds.
-------------------------------------------------------------
-------------------------------------------------------------
Solution Validates: avg error less than 1.000000e-13 on all three arrays
-------------------------------------------------------------
you are not getting at least 20 clock ticks per test.
   (= 30560 clock ticks)
-------------------------------------------------------------
   (= 30312 clock ticks)
Solution Validates: avg error less than 1.000000e-13 on all three arrays
Solution Validates: avg error less than 1.000000e-13 on all three arrays
-------------------------------------------------------------
STREAM version $Revision: 5.10 $
-------------------------------------------------------------
Increase the size of the arrays if this shows that
WARNING -- The above is only a rough guideline.
Increase the size of the arrays if this shows that
-------------------------------------------------------------
-------------------------------------------------------------
-------------------------------------------------------------
WARNING -- The above is only a rough guideline.
you are not getting at least 20 clock ticks per test.
For best results, please be sure you know the
you are not getting at least 20 clock ticks per test.
This system uses 8 bytes per array element.
For best results, please be sure you know the
-------------------------------------------------------------
precision of your system timer.
-------------------------------------------------------------
-------------------------------------------------------------
precision of your system timer.
WARNING -- The above is only a rough guideline.
-------------------------------------------------------------
WARNING -- The above is only a rough guideline.
Array size = 10000000 (elements), Offset = 0 (elements)
-------------------------------------------------------------
For best results, please be sure you know the
Function    Best Rate MB/s  Avg time     Min time     Max time
For best results, please be sure you know the
Memory per array = 76.3 MiB (= 0.1 GiB).
Function    Best Rate MB/s  Avg time     Min time     Max time
precision of your system timer.
Copy:            4104.6     0.043669     0.038981     0.046452
precision of your system timer.
Total memory required = 228.9 MiB (= 0.2 GiB).
Copy:            4068.2     0.043986     0.039329     0.047188
-------------------------------------------------------------
Scale:           4166.8     0.043432     0.038399     0.046723
-------------------------------------------------------------
Each kernel will be executed 10 times.
Scale:           4248.4     0.042877     0.037661     0.045748
Function    Best Rate MB/s  Avg time     Min time     Max time
Add:             5687.7     0.059224     0.042196     0.064785
Function    Best Rate MB/s  Avg time     Min time     Max time
 The *best* time for each kernel (excluding the first iteration)
Add:             6430.5     0.058430     0.037322     0.065037
Copy:            4083.5     0.043766     0.039182     0.046725
Triad:           6536.3     0.058739     0.036718     0.065662
Copy:            4152.5     0.043265     0.038531     0.046308
-------------------------------------------------------------
 will be used to compute the reported bandwidth.
Triad:           7021.0     0.059059     0.034183     0.066085
Scale:           4194.2     0.043503     0.038148     0.046610
-------------------------------------------------------------
Scale:           4113.2     0.043643     0.038899     0.046692
STREAM version $Revision: 5.10 $
-------------------------------------------------------------
-------------------------------------------------------------
Add:             4720.5     0.060160     0.050842     0.064773
Solution Validates: avg error less than 1.000000e-13 on all three arrays
Add:             4555.8     0.060780     0.052680     0.064972
-------------------------------------------------------------
Your clock granularity/precision appears to be 1 microseconds.
-------------------------------------------------------------
Solution Validates: avg error less than 1.000000e-13 on all three arrays
Triad:           7139.8     0.058547     0.033614     0.065775
-------------------------------------------------------------
Triad:           6638.5     0.058643     0.036153     0.065392
This system uses 8 bytes per array element.
Each test below will take on the order of 29717 microseconds.
STREAM version $Revision: 5.10 $
-------------------------------------------------------------
-------------------------------------------------------------
-------------------------------------------------------------
-------------------------------------------------------------
   (= 29717 clock ticks)
-------------------------------------------------------------
Solution Validates: avg error less than 1.000000e-13 on all three arrays
Solution Validates: avg error less than 1.000000e-13 on all three arrays
Array size = 10000000 (elements), Offset = 0 (elements)
Increase the size of the arrays if this shows that
This system uses 8 bytes per array element.
-------------------------------------------------------------
-------------------------------------------------------------
Memory per array = 76.3 MiB (= 0.1 GiB).
you are not getting at least 20 clock ticks per test.
-------------------------------------------------------------
Total memory required = 228.9 MiB (= 0.2 GiB).
-------------------------------------------------------------
Array size = 10000000 (elements), Offset = 0 (elements)
Each kernel will be executed 10 times.
WARNING -- The above is only a rough guideline.
Memory per array = 76.3 MiB (= 0.1 GiB).
 The *best* time for each kernel (excluding the first iteration)
For best results, please be sure you know the
Total memory required = 228.9 MiB (= 0.2 GiB).
 will be used to compute the reported bandwidth.
precision of your system timer.
Each kernel will be executed 10 times.
-------------------------------------------------------------
-------------------------------------------------------------
 The *best* time for each kernel (excluding the first iteration)
Your clock granularity/precision appears to be 1 microseconds.
Function    Best Rate MB/s  Avg time     Min time     Max time
 will be used to compute the reported bandwidth.
Each test below will take on the order of 30027 microseconds.
Copy:            4169.9     0.042835     0.038370     0.046093
-------------------------------------------------------------
   (= 30027 clock ticks)
Scale:           4278.1     0.043838     0.037400     0.046641
Your clock granularity/precision appears to be 1 microseconds.
Increase the size of the arrays if this shows that
Add:             6220.2     0.059344     0.038584     0.065827
Each test below will take on the order of 30017 microseconds.
you are not getting at least 20 clock ticks per test.
Triad:           6981.0     0.058788     0.034379     0.066201
   (= 30017 clock ticks)
-------------------------------------------------------------
-------------------------------------------------------------
Increase the size of the arrays if this shows that
WARNING -- The above is only a rough guideline.
Solution Validates: avg error less than 1.000000e-13 on all three arrays
you are not getting at least 20 clock ticks per test.
For best results, please be sure you know the
-------------------------------------------------------------
-------------------------------------------------------------
precision of your system timer.
WARNING -- The above is only a rough guideline.
-------------------------------------------------------------
For best results, please be sure you know the
Function    Best Rate MB/s  Avg time     Min time     Max time
precision of your system timer.
Copy:            4158.5     0.043098     0.038475     0.046238
-------------------------------------------------------------
Scale:           4334.2     0.043532     0.036916     0.046601
Function    Best Rate MB/s  Avg time     Min time     Max time
Add:             5974.9     0.059414     0.040168     0.065556
Copy:            4149.5     0.043035     0.038559     0.046187
Triad:           7590.4     0.058502     0.031619     0.066062
Scale:           4325.1     0.043475     0.036993     0.046461
-------------------------------------------------------------
Add:             6343.7     0.059121     0.037833     0.065786
Solution Validates: avg error less than 1.000000e-13 on all three arrays
Triad:           7128.0     0.058714     0.033670     0.066093
-------------------------------------------------------------
-------------------------------------------------------------
Solution Validates: avg error less than 1.000000e-13 on all three arrays
-------------------------------------------------------------
-------------------------------------------------------------
STREAM version $Revision: 5.10 $
-------------------------------------------------------------
This system uses 8 bytes per array element.
-------------------------------------------------------------
Array size = 10000000 (elements), Offset = 0 (elements)
Memory per array = 76.3 MiB (= 0.1 GiB).
Total memory required = 228.9 MiB (= 0.2 GiB).
Each kernel will be executed 10 times.
 The *best* time for each kernel (excluding the first iteration)
 will be used to compute the reported bandwidth.
-------------------------------------------------------------
Your clock granularity/precision appears to be 1 microseconds.
Each test below will take on the order of 25208 microseconds.
   (= 25208 clock ticks)
Increase the size of the arrays if this shows that
you are not getting at least 20 clock ticks per test.
-------------------------------------------------------------
WARNING -- The above is only a rough guideline.
For best results, please be sure you know the
precision of your system timer.
-------------------------------------------------------------
Function    Best Rate MB/s  Avg time     Min time     Max time
Copy:            4205.7     0.043746     0.038044     0.046535
Scale:           5050.3     0.040919     0.031681     0.044701
Add:             6751.8     0.058758     0.035546     0.065886
Triad:           9699.3     0.058924     0.024744     0.067860
-------------------------------------------------------------
Solution Validates: avg error less than 1.000000e-13 on all three arrays
-------------------------------------------------------------
-------------------------------------------------------------
STREAM version $Revision: 5.10 $
-------------------------------------------------------------
This system uses 8 bytes per array element.
-------------------------------------------------------------
Array size = 10000000 (elements), Offset = 0 (elements)
Memory per array = 76.3 MiB (= 0.1 GiB).
Total memory required = 228.9 MiB (= 0.2 GiB).
Each kernel will be executed 10 times.
 The *best* time for each kernel (excluding the first iteration)
 will be used to compute the reported bandwidth.
-------------------------------------------------------------
Your clock granularity/precision appears to be 1 microseconds.
Each test below will take on the order of 31741 microseconds.
   (= 31741 clock ticks)
Increase the size of the arrays if this shows that
you are not getting at least 20 clock ticks per test.
-------------------------------------------------------------
WARNING -- The above is only a rough guideline.
For best results, please be sure you know the
precision of your system timer.
-------------------------------------------------------------
Function    Best Rate MB/s  Avg time     Min time     Max time
Copy:            4858.2     0.040997     0.032934     0.046888
Scale:           4739.9     0.041578     0.033756     0.047851
Add:             5393.6     0.057154     0.044497     0.066608
Triad:           6143.0     0.054731     0.039069     0.066214
-------------------------------------------------------------
Solution Validates: avg error less than 1.000000e-13 on all three arrays
-------------------------------------------------------------
-------------------------------------------------------------
STREAM version $Revision: 5.10 $
-------------------------------------------------------------
This system uses 8 bytes per array element.
-------------------------------------------------------------
Array size = 10000000 (elements), Offset = 0 (elements)
Memory per array = 76.3 MiB (= 0.1 GiB).
Total memory required = 228.9 MiB (= 0.2 GiB).
Each kernel will be executed 10 times.
 The *best* time for each kernel (excluding the first iteration)
 will be used to compute the reported bandwidth.
-------------------------------------------------------------
Your clock granularity/precision appears to be 1 microseconds.
Each test below will take on the order of 31234 microseconds.
   (= 31234 clock ticks)
Increase the size of the arrays if this shows that
you are not getting at least 20 clock ticks per test.
-------------------------------------------------------------
WARNING -- The above is only a rough guideline.
For best results, please be sure you know the
precision of your system timer.
-------------------------------------------------------------
Function    Best Rate MB/s  Avg time     Min time     Max time
Copy:            4830.8     0.041332     0.033121     0.046168
Scale:           4749.1     0.041505     0.033691     0.047591
Add:             5373.0     0.057152     0.044668     0.066597
Triad:           6084.5     0.054935     0.039444     0.065941
-------------------------------------------------------------
Solution Validates: avg error less than 1.000000e-13 on all three arrays
-------------------------------------------------------------
-------------------------------------------------------------
STREAM version $Revision: 5.10 $
-------------------------------------------------------------
This system uses 8 bytes per array element.
-------------------------------------------------------------
Array size = 10000000 (elements), Offset = 0 (elements)
Memory per array = 76.3 MiB (= 0.1 GiB).
Total memory required = 228.9 MiB (= 0.2 GiB).
Each kernel will be executed 10 times.
 The *best* time for each kernel (excluding the first iteration)
 will be used to compute the reported bandwidth.
-------------------------------------------------------------
Your clock granularity/precision appears to be 1 microseconds.
Each test below will take on the order of 15213 microseconds.
   (= 15213 clock ticks)
Increase the size of the arrays if this shows that
you are not getting at least 20 clock ticks per test.
-------------------------------------------------------------
WARNING -- The above is only a rough guideline.
For best results, please be sure you know the
precision of your system timer.
-------------------------------------------------------------
Function    Best Rate MB/s  Avg time     Min time     Max time
Copy:            4178.6     0.043191     0.038290     0.045985
Scale:           4075.5     0.043696     0.039259     0.046648
Add:             4373.3     0.061506     0.054879     0.065783
Triad:           4605.7     0.060910     0.052109     0.065600
-------------------------------------------------------------
Solution Validates: avg error less than 1.000000e-13 on all three arrays
-------------------------------------------------------------
-------------------------------------------------------------
STREAM version $Revision: 5.10 $
-------------------------------------------------------------
This system uses 8 bytes per array element.
-------------------------------------------------------------
Array size = 10000000 (elements), Offset = 0 (elements)
Memory per array = 76.3 MiB (= 0.1 GiB).
Total memory required = 228.9 MiB (= 0.2 GiB).
Each kernel will be executed 10 times.
 The *best* time for each kernel (excluding the first iteration)
 will be used to compute the reported bandwidth.
-------------------------------------------------------------
Your clock granularity/precision appears to be 1 microseconds.
Each test below will take on the order of 29533 microseconds.
   (= 29533 clock ticks)
Increase the size of the arrays if this shows that
you are not getting at least 20 clock ticks per test.
-------------------------------------------------------------
WARNING -- The above is only a rough guideline.
For best results, please be sure you know the
precision of your system timer.
-------------------------------------------------------------
Function    Best Rate MB/s  Avg time     Min time     Max time
Copy:            4852.0     0.041462     0.032976     0.047068
Scale:           4704.1     0.041306     0.034013     0.047263
Add:             5235.6     0.057164     0.045840     0.066125
Triad:           6349.0     0.055012     0.037801     0.066135
-------------------------------------------------------------
Solution Validates: avg error less than 1.000000e-13 on all three arrays
-------------------------------------------------------------
-------------------------------------------------------------
STREAM version $Revision: 5.10 $
-------------------------------------------------------------
This system uses 8 bytes per array element.
-------------------------------------------------------------
Array size = 10000000 (elements), Offset = 0 (elements)
Memory per array = 76.3 MiB (= 0.1 GiB).
Total memory required = 228.9 MiB (= 0.2 GiB).
Each kernel will be executed 10 times.
 The *best* time for each kernel (excluding the first iteration)
 will be used to compute the reported bandwidth.
-------------------------------------------------------------
Your clock granularity/precision appears to be 1 microseconds.
Each test below will take on the order of 15910 microseconds.
   (= 15910 clock ticks)
Increase the size of the arrays if this shows that
you are not getting at least 20 clock ticks per test.
-------------------------------------------------------------
WARNING -- The above is only a rough guideline.
For best results, please be sure you know the
precision of your system timer.
-------------------------------------------------------------
Function    Best Rate MB/s  Avg time     Min time     Max time
Copy:            4150.8     0.043393     0.038547     0.046533
Scale:           4058.3     0.043809     0.039425     0.046789
Add:             4403.7     0.061437     0.054499     0.065900
Triad:           4708.8     0.060949     0.050968     0.065811
-------------------------------------------------------------
Solution Validates: avg error less than 1.000000e-13 on all three arrays
-------------------------------------------------------------
-------------------------------------------------------------
STREAM version $Revision: 5.10 $
-------------------------------------------------------------
This system uses 8 bytes per array element.
-------------------------------------------------------------
Array size = 10000000 (elements), Offset = 0 (elements)
Memory per array = 76.3 MiB (= 0.1 GiB).
Total memory required = 228.9 MiB (= 0.2 GiB).
Each kernel will be executed 10 times.
 The *best* time for each kernel (excluding the first iteration)
 will be used to compute the reported bandwidth.
-------------------------------------------------------------
Your clock granularity/precision appears to be 1 microseconds.
Each test below will take on the order of 26857 microseconds.
   (= 26857 clock ticks)
Increase the size of the arrays if this shows that
you are not getting at least 20 clock ticks per test.
-------------------------------------------------------------
WARNING -- The above is only a rough guideline.
For best results, please be sure you know the
precision of your system timer.
-------------------------------------------------------------
Function    Best Rate MB/s  Avg time     Min time     Max time
Copy:            4082.2     0.043714     0.039194     0.046616
Scale:           4207.9     0.042206     0.038024     0.045217
Add:             4528.7     0.060845     0.052996     0.065595
Triad:           5387.0     0.061089     0.044552     0.067445
-------------------------------------------------------------
Solution Validates: avg error less than 1.000000e-13 on all three arrays
-------------------------------------------------------------
-------------------------------------------------------------
STREAM version $Revision: 5.10 $
-------------------------------------------------------------
This system uses 8 bytes per array element.
-------------------------------------------------------------
Array size = 10000000 (elements), Offset = 0 (elements)
Memory per array = 76.3 MiB (= 0.1 GiB).
Total memory required = 228.9 MiB (= 0.2 GiB).
Each kernel will be executed 10 times.
 The *best* time for each kernel (excluding the first iteration)
 will be used to compute the reported bandwidth.
-------------------------------------------------------------
Your clock granularity/precision appears to be 1 microseconds.
Each test below will take on the order of 20038 microseconds.
   (= 20038 clock ticks)
Increase the size of the arrays if this shows that
you are not getting at least 20 clock ticks per test.
-------------------------------------------------------------
WARNING -- The above is only a rough guideline.
For best results, please be sure you know the
precision of your system timer.
-------------------------------------------------------------
Function    Best Rate MB/s  Avg time     Min time     Max time
Copy:            4062.4     0.043899     0.039386     0.046730
Scale:           4097.5     0.043596     0.039048     0.046946
Add:             4320.8     0.061769     0.055545     0.066260
Triad:           4849.7     0.061787     0.049488     0.067221
-------------------------------------------------------------
Solution Validates: avg error less than 1.000000e-13 on all three arrays
-------------------------------------------------------------
-------------------------------------------------------------
STREAM version $Revision: 5.10 $
-------------------------------------------------------------
This system uses 8 bytes per array element.
-------------------------------------------------------------
Array size = 10000000 (elements), Offset = 0 (elements)
Memory per array = 76.3 MiB (= 0.1 GiB).
Total memory required = 228.9 MiB (= 0.2 GiB).
Each kernel will be executed 10 times.
 The *best* time for each kernel (excluding the first iteration)
 will be used to compute the reported bandwidth.
-------------------------------------------------------------
Your clock granularity/precision appears to be 1 microseconds.
Each test below will take on the order of 25151 microseconds.
   (= 25151 clock ticks)
Increase the size of the arrays if this shows that
you are not getting at least 20 clock ticks per test.
-------------------------------------------------------------
WARNING -- The above is only a rough guideline.
For best results, please be sure you know the
precision of your system timer.
-------------------------------------------------------------
Function    Best Rate MB/s  Avg time     Min time     Max time
Copy:            4875.8     0.041274     0.032815     0.047535
Scale:           4738.5     0.041167     0.033766     0.046931
Add:             4522.7     0.059983     0.053065     0.065800
Triad:           8056.7     0.054307     0.029789     0.066148
-------------------------------------------------------------
Solution Validates: avg error less than 1.000000e-13 on all three arrays
-------------------------------------------------------------
-------------------------------------------------------------
STREAM version $Revision: 5.10 $
-------------------------------------------------------------
This system uses 8 bytes per array element.
-------------------------------------------------------------
Array size = 10000000 (elements), Offset = 0 (elements)
Memory per array = 76.3 MiB (= 0.1 GiB).
Total memory required = 228.9 MiB (= 0.2 GiB).
Each kernel will be executed 10 times.
 The *best* time for each kernel (excluding the first iteration)
 will be used to compute the reported bandwidth.
-------------------------------------------------------------
Your clock granularity/precision appears to be 1 microseconds.
Each test below will take on the order of 31459 microseconds.
   (= 31459 clock ticks)
Increase the size of the arrays if this shows that
you are not getting at least 20 clock ticks per test.
-------------------------------------------------------------
WARNING -- The above is only a rough guideline.
For best results, please be sure you know the
precision of your system timer.
-------------------------------------------------------------
Function    Best Rate MB/s  Avg time     Min time     Max time
Copy:            4096.2     0.043457     0.039061     0.046523
Scale:           4059.9     0.043914     0.039410     0.047160
Add:             4392.6     0.061506     0.054637     0.066276
Triad:           5115.5     0.060383     0.046916     0.066200
-------------------------------------------------------------
Solution Validates: avg error less than 1.000000e-13 on all three arrays
-------------------------------------------------------------
-------------------------------------------------------------
STREAM version $Revision: 5.10 $
-------------------------------------------------------------
This system uses 8 bytes per array element.
-------------------------------------------------------------
Array size = 10000000 (elements), Offset = 0 (elements)
Memory per array = 76.3 MiB (= 0.1 GiB).
Total memory required = 228.9 MiB (= 0.2 GiB).
Each kernel will be executed 10 times.
 The *best* time for each kernel (excluding the first iteration)
 will be used to compute the reported bandwidth.
-------------------------------------------------------------
Your clock granularity/precision appears to be 1 microseconds.
Each test below will take on the order of 32032 microseconds.
   (= 32032 clock ticks)
Increase the size of the arrays if this shows that
you are not getting at least 20 clock ticks per test.
-------------------------------------------------------------
WARNING -- The above is only a rough guideline.
For best results, please be sure you know the
precision of your system timer.
-------------------------------------------------------------
Function    Best Rate MB/s  Avg time     Min time     Max time
Copy:            4047.7     0.043865     0.039529     0.046995
Scale:           4071.0     0.043685     0.039302     0.046918
Add:             4580.6     0.061293     0.052395     0.066347
Triad:           5503.2     0.060149     0.043611     0.066579
-------------------------------------------------------------
Solution Validates: avg error less than 1.000000e-13 on all three arrays
-------------------------------------------------------------
-------------------------------------------------------------
STREAM version $Revision: 5.10 $
-------------------------------------------------------------
This system uses 8 bytes per array element.
-------------------------------------------------------------
Array size = 10000000 (elements), Offset = 0 (elements)
Memory per array = 76.3 MiB (= 0.1 GiB).
Total memory required = 228.9 MiB (= 0.2 GiB).
Each kernel will be executed 10 times.
 The *best* time for each kernel (excluding the first iteration)
 will be used to compute the reported bandwidth.
-------------------------------------------------------------
Your clock granularity/precision appears to be 1 microseconds.
Each test below will take on the order of 31751 microseconds.
   (= 31751 clock ticks)
Increase the size of the arrays if this shows that
you are not getting at least 20 clock ticks per test.
-------------------------------------------------------------
WARNING -- The above is only a rough guideline.
For best results, please be sure you know the
precision of your system timer.
-------------------------------------------------------------
Function    Best Rate MB/s  Avg time     Min time     Max time
Copy:            4078.8     0.043644     0.039227     0.046797
Scale:           4078.9     0.043920     0.039226     0.047117
Add:             4490.7     0.061424     0.053444     0.065959
Triad:           5043.5     0.060484     0.047586     0.066170
-------------------------------------------------------------
Solution Validates: avg error less than 1.000000e-13 on all three arrays
-------------------------------------------------------------
-------------------------------------------------------------
STREAM version $Revision: 5.10 $
-------------------------------------------------------------
This system uses 8 bytes per array element.
-------------------------------------------------------------
Array size = 10000000 (elements), Offset = 0 (elements)
Memory per array = 76.3 MiB (= 0.1 GiB).
Total memory required = 228.9 MiB (= 0.2 GiB).
Each kernel will be executed 10 times.
 The *best* time for each kernel (excluding the first iteration)
 will be used to compute the reported bandwidth.
-------------------------------------------------------------
Your clock granularity/precision appears to be 1 microseconds.
Each test below will take on the order of 32109 microseconds.
   (= 32109 clock ticks)
Increase the size of the arrays if this shows that
you are not getting at least 20 clock ticks per test.
-------------------------------------------------------------
WARNING -- The above is only a rough guideline.
For best results, please be sure you know the
precision of your system timer.
-------------------------------------------------------------
Function    Best Rate MB/s  Avg time     Min time     Max time
Copy:            4034.4     0.043895     0.039659     0.046911
Scale:           4092.1     0.043878     0.039100     0.047200
Add:             4493.9     0.061450     0.053406     0.066177
Triad:           5163.5     0.060487     0.046480     0.066255
-------------------------------------------------------------
Solution Validates: avg error less than 1.000000e-13 on all three arrays
-------------------------------------------------------------
-------------------------------------------------------------
STREAM version $Revision: 5.10 $
-------------------------------------------------------------
This system uses 8 bytes per array element.
-------------------------------------------------------------
Array size = 10000000 (elements), Offset = 0 (elements)
Memory per array = 76.3 MiB (= 0.1 GiB).
Total memory required = 228.9 MiB (= 0.2 GiB).
Each kernel will be executed 10 times.
 The *best* time for each kernel (excluding the first iteration)
 will be used to compute the reported bandwidth.
-------------------------------------------------------------
Your clock granularity/precision appears to be 1 microseconds.
Each test below will take on the order of 31104 microseconds.
   (= 31104 clock ticks)
Increase the size of the arrays if this shows that
you are not getting at least 20 clock ticks per test.
-------------------------------------------------------------
WARNING -- The above is only a rough guideline.
For best results, please be sure you know the
precision of your system timer.
-------------------------------------------------------------
Function    Best Rate MB/s  Avg time     Min time     Max time
Copy:            4256.6     0.043356     0.037589     0.047220
Scale:           4756.5     0.042915     0.033638     0.047111
Add:             6379.3     0.058237     0.037622     0.065623
Triad:           8738.1     0.056586     0.027466     0.065272
-------------------------------------------------------------
Solution Validates: avg error less than 1.000000e-13 on all three arrays
-------------------------------------------------------------
-------------------------------------------------------------
STREAM version $Revision: 5.10 $
-------------------------------------------------------------
This system uses 8 bytes per array element.
-------------------------------------------------------------
Array size = 10000000 (elements), Offset = 0 (elements)
Memory per array = 76.3 MiB (= 0.1 GiB).
Total memory required = 228.9 MiB (= 0.2 GiB).
Each kernel will be executed 10 times.
 The *best* time for each kernel (excluding the first iteration)
 will be used to compute the reported bandwidth.
-------------------------------------------------------------
Your clock granularity/precision appears to be 1 microseconds.
Each test below will take on the order of 30276 microseconds.
   (= 30276 clock ticks)
Increase the size of the arrays if this shows that
you are not getting at least 20 clock ticks per test.
-------------------------------------------------------------
WARNING -- The above is only a rough guideline.
For best results, please be sure you know the
precision of your system timer.
-------------------------------------------------------------
Function    Best Rate MB/s  Avg time     Min time     Max time
Copy:            4275.1     0.042621     0.037426     0.046065
Scale:           4599.8     0.042991     0.034784     0.047028
Add:             5527.5     0.059360     0.043419     0.066014
Triad:           7985.1     0.056704     0.030056     0.064978
-------------------------------------------------------------
Solution Validates: avg error less than 1.000000e-13 on all three arrays
-------------------------------------------------------------
-------------------------------------------------------------
STREAM version $Revision: 5.10 $
-------------------------------------------------------------
-------------------------------------------------------------
STREAM version $Revision: 5.10 $
This system uses 8 bytes per array element.
-------------------------------------------------------------
-------------------------------------------------------------
-------------------------------------------------------------
This system uses 8 bytes per array element.
STREAM version $Revision: 5.10 $
Array size = 10000000 (elements), Offset = 0 (elements)
-------------------------------------------------------------
-------------------------------------------------------------
Memory per array = 76.3 MiB (= 0.1 GiB).
Array size = 10000000 (elements), Offset = 0 (elements)
This system uses 8 bytes per array element.
Total memory required = 228.9 MiB (= 0.2 GiB).
Memory per array = 76.3 MiB (= 0.1 GiB).
-------------------------------------------------------------
Each kernel will be executed 10 times.
Total memory required = 228.9 MiB (= 0.2 GiB).
Array size = 10000000 (elements), Offset = 0 (elements)
 The *best* time for each kernel (excluding the first iteration)
Each kernel will be executed 10 times.
Memory per array = 76.3 MiB (= 0.1 GiB).
 will be used to compute the reported bandwidth.
 The *best* time for each kernel (excluding the first iteration)
Total memory required = 228.9 MiB (= 0.2 GiB).
-------------------------------------------------------------
 will be used to compute the reported bandwidth.
Each kernel will be executed 10 times.
Your clock granularity/precision appears to be 1 microseconds.
-------------------------------------------------------------
 The *best* time for each kernel (excluding the first iteration)
Each test below will take on the order of 31527 microseconds.
Your clock granularity/precision appears to be 1 microseconds.
 will be used to compute the reported bandwidth.
   (= 31527 clock ticks)
Each test below will take on the order of 31343 microseconds.
-------------------------------------------------------------
Increase the size of the arrays if this shows that
   (= 31343 clock ticks)
Your clock granularity/precision appears to be 1 microseconds.
you are not getting at least 20 clock ticks per test.
Increase the size of the arrays if this shows that
Each test below will take on the order of 30323 microseconds.
-------------------------------------------------------------
you are not getting at least 20 clock ticks per test.
   (= 30323 clock ticks)
WARNING -- The above is only a rough guideline.
-------------------------------------------------------------
Increase the size of the arrays if this shows that
For best results, please be sure you know the
WARNING -- The above is only a rough guideline.
you are not getting at least 20 clock ticks per test.
precision of your system timer.
For best results, please be sure you know the
-------------------------------------------------------------
-------------------------------------------------------------
precision of your system timer.
WARNING -- The above is only a rough guideline.
Function    Best Rate MB/s  Avg time     Min time     Max time
-------------------------------------------------------------
For best results, please be sure you know the
Copy:            4267.4     0.043301     0.037494     0.047207
Function    Best Rate MB/s  Avg time     Min time     Max time
precision of your system timer.
Scale:           4661.2     0.043145     0.034326     0.047234
Copy:            4247.7     0.043435     0.037667     0.046963
-------------------------------------------------------------
-------------------------------------------------------------
Add:             6042.0     0.058778     0.039722     0.066100
Scale:           4766.6     0.043010     0.033567     0.047182
STREAM version $Revision: 5.10 $
Function    Best Rate MB/s  Avg time     Min time     Max time
Triad:           8470.1     0.056759     0.028335     0.065395
Add:             6413.8     0.058315     0.037419     0.065706
-------------------------------------------------------------
Copy:            4264.5     0.043393     0.037519     0.046812
-------------------------------------------------------------
Triad:           8641.8     0.056735     0.027772     0.065482
This system uses 8 bytes per array element.
Scale:           4786.1     0.042879     0.033430     0.047062
Solution Validates: avg error less than 1.000000e-13 on all three arrays
-------------------------------------------------------------
-------------------------------------------------------------
Add:             6346.0     0.058303     0.037819     0.065831
-------------------------------------------------------------
Solution Validates: avg error less than 1.000000e-13 on all three arrays
Array size = 10000000 (elements), Offset = 0 (elements)
Triad:           8766.5     0.056741     0.027377     0.065269
-------------------------------------------------------------
Memory per array = 76.3 MiB (= 0.1 GiB).
-------------------------------------------------------------
Total memory required = 228.9 MiB (= 0.2 GiB).
Solution Validates: avg error less than 1.000000e-13 on all three arrays
Each kernel will be executed 10 times.
-------------------------------------------------------------
 The *best* time for each kernel (excluding the first iteration)
 will be used to compute the reported bandwidth.
-------------------------------------------------------------
Your clock granularity/precision appears to be 1 microseconds.
Each test below will take on the order of 29979 microseconds.
   (= 29979 clock ticks)
Increase the size of the arrays if this shows that
you are not getting at least 20 clock ticks per test.
-------------------------------------------------------------
WARNING -- The above is only a rough guideline.
For best results, please be sure you know the
precision of your system timer.
-------------------------------------------------------------
Function    Best Rate MB/s  Avg time     Min time     Max time
Copy:            4183.6     0.043355     0.038245     0.046952
Scale:           4745.4     0.042742     0.033717     0.046851
Add:             6162.4     0.058275     0.038946     0.065414
Triad:           8569.9     0.056705     0.028005     0.065242
-------------------------------------------------------------
Solution Validates: avg error less than 1.000000e-13 on all three arrays
-------------------------------------------------------------
-------------------------------------------------------------
STREAM version $Revision: 5.10 $
-------------------------------------------------------------
This system uses 8 bytes per array element.
-------------------------------------------------------------
Array size = 10000000 (elements), Offset = 0 (elements)
Memory per array = 76.3 MiB (= 0.1 GiB).
Total memory required = 228.9 MiB (= 0.2 GiB).
Each kernel will be executed 10 times.
 The *best* time for each kernel (excluding the first iteration)
 will be used to compute the reported bandwidth.
-------------------------------------------------------------
Your clock granularity/precision appears to be 1 microseconds.
Each test below will take on the order of 29120 microseconds.
   (= 29120 clock ticks)
Increase the size of the arrays if this shows that
you are not getting at least 20 clock ticks per test.
-------------------------------------------------------------
WARNING -- The above is only a rough guideline.
For best results, please be sure you know the
precision of your system timer.
-------------------------------------------------------------
Function    Best Rate MB/s  Avg time     Min time     Max time
Copy:            4300.5     0.043277     0.037205     0.046976
Scale:           4719.6     0.042590     0.033901     0.046597
Add:             5939.7     0.058314     0.040406     0.065401
Triad:           8443.6     0.056737     0.028424     0.065497
-------------------------------------------------------------
Solution Validates: avg error less than 1.000000e-13 on all three arrays
-------------------------------------------------------------
-------------------------------------------------------------
STREAM version $Revision: 5.10 $
-------------------------------------------------------------
This system uses 8 bytes per array element.
-------------------------------------------------------------
Array size = 10000000 (elements), Offset = 0 (elements)
Memory per array = 76.3 MiB (= 0.1 GiB).
Total memory required = 228.9 MiB (= 0.2 GiB).
Each kernel will be executed 10 times.
 The *best* time for each kernel (excluding the first iteration)
 will be used to compute the reported bandwidth.
-------------------------------------------------------------
Your clock granularity/precision appears to be 1 microseconds.
Each test below will take on the order of 31414 microseconds.
   (= 31414 clock ticks)
Increase the size of the arrays if this shows that
you are not getting at least 20 clock ticks per test.
-------------------------------------------------------------
WARNING -- The above is only a rough guideline.
For best results, please be sure you know the
precision of your system timer.
-------------------------------------------------------------
Function    Best Rate MB/s  Avg time     Min time     Max time
Copy:            4302.5     0.043318     0.037188     0.047066
Scale:           4646.4     0.043097     0.034435     0.047224
Add:             4854.6     0.059641     0.049438     0.065740
Triad:           9144.9     0.056441     0.026244     0.065197
-------------------------------------------------------------
Solution Validates: avg error less than 1.000000e-13 on all three arrays
-------------------------------------------------------------
START OF JOBSPEC
{"resources": [{"type": "node", "count": 1, "with": [{"type": "slot", "count": 56, "with": [{"type": "core", "count": 1}], "label": "task"}]}], "tasks": [{"command": ["singularity", "exec", "/opt/containers/metric-stream_rocky-8.sif", "stream_c.exe"], "slot": "task", "count": {"per_slot": 1}}], "attributes": {"system": {"duration": 0, "cwd": "/home/sochat1_llnl_gov", "shell": {"options": {"rlimit": {"cpu": -1, "fsize": -1, "data": -1, "stack": 8388608, "core": 0, "nofile": 262144, "as": -1, "rss": -1, "nproc": 1803560}, "cpu-affinity": "per-task"}}}, "user": {"study_id": "stream-1-iter-5"}}, "version": 1}
START OF EVENTLOG
{"timestamp":1724805043.9164257,"name":"init"}
{"timestamp":1724805043.9207587,"name":"starting"}
{"timestamp":1724805043.9399347,"name":"shell.init","context":{"service":"1356918789-shell-f2LXJcr3Z","leader-rank":250,"size":1}}
{"timestamp":1724805044.0768435,"name":"shell.start","context":{"taskmap":{"version":1,"map":[[0,1,56,1]]}}}
{"timestamp":1724805045.2704053,"name":"shell.task-exit","context":{"localid":52,"rank":52,"state":"Exited","pid":195534,"wait_status":0,"signaled":0,"exitcode":0}}
{"timestamp":1724805046.596,"name":"complete","context":{"status":0}}
{"timestamp":1724805046.5960159,"name":"done"}

