0.038s: flux-shell[1]: ERROR: host flux-sample-12: Could not change dir to /opt/results/osu: No such file or directory. Going to /tmp instead
0.037s: flux-shell[0]: ERROR: host flux-sample-2: Could not change dir to /opt/results/osu: No such file or directory. Going to /tmp instead
Warning: OMB could not identify the local rank of the process.
         This can lead to multiple processes using the same GPU.
         Please use the get_local_rank script in the OMB repo for this.
Warning: OMB could not identify the local rank of the process.
         This can lead to multiple processes using the same GPU.
         Please use the get_local_rank script in the OMB repo for this.
# OSU MPI-CUDA Bandwidth Test v5.8
# Send Buffer on HOST (H) and Receive Buffer on HOST (H)
# Size      Bandwidth (MB/s)
1                       0.62
2                       1.23
4                       2.48
8                       4.90
16                      9.84
32                     19.62
64                     39.46
128                    78.10
256                   156.35
512                   310.47
1024                  614.62
2048                 1203.37
4096                 2223.17
8192                 3569.08
16384                4397.71
32768                5402.07
65536                6264.92
131072               6336.27
262144               6504.86
524288               6585.35
1048576              6604.35
2097152              6553.66
4194304              6521.33
START OF JOBSPEC
{"resources": [{"type": "node", "count": 2, "with": [{"type": "slot", "count": 1, "with": [{"type": "core", "count": 1}, {"type": "gpu", "count": 1}], "label": "task"}]}], "tasks": [{"command": ["/opt/osu-benchmark/build.openmpi/mpi/pt2pt/osu_bw", "-d", "cuda", "H", "H"], "slot": "task", "count": {"per_slot": 1}}], "attributes": {"system": {"duration": 0, "cwd": "/opt/results/osu", "shell": {"options": {"rlimit": {"cpu": -1, "fsize": -1, "data": -1, "stack": 10485760, "core": -1, "nofile": 1048576, "as": -1, "rss": -1, "nproc": -1}, "cpu-affinity": "per-task", "gpu-affinity": "per-task"}}, "constraints": {"and": [{"hostlist": ["flux-sample-2,flux-sample-12"]}, {"hostlist": ["flux-sample-2,flux-sample-12"]}]}}, "user": {"study_id": "osu-2-iter-3"}}, "version": 1}
START OF EVENTLOG
{"timestamp":1724828569.3786261,"name":"init"}
{"timestamp":1724828569.3799586,"name":"starting"}
{"timestamp":1724828569.3961151,"name":"shell.init","context":{"service":"0-shell-fDTuemQoh","leader-rank":2,"size":2}}
{"timestamp":1724828569.3989613,"name":"shell.start","context":{"taskmap":{"version":1,"map":[[0,2,1,1]]}}}
{"timestamp":1724828571.8966844,"name":"shell.task-exit","context":{"localid":0,"rank":0,"state":"Exited","pid":173,"wait_status":0,"signaled":0,"exitcode":0}}
{"timestamp":1724828571.8993616,"name":"complete","context":{"status":0}}
{"timestamp":1724828571.8993874,"name":"done"}

