# OSU MPI Bandwidth Test v5.8
# Size      Bandwidth (MB/s)
1                       3.29
2                       5.57
4                      12.42
8                      23.28
16                     47.46
32                     98.03
64                    189.09
128                   349.79
256                   681.01
512                  1287.29
1024                 2440.43
2048                 4694.44
4096                 7174.79
8192                10286.98
16384               13138.96
32768               15164.93
65536               15304.69
131072              14054.41
262144              14117.82
524288              14277.49
1048576             13690.73
2097152              8254.62
4194304              5167.08
START OF JOBSPEC
{"resources": [{"type": "node", "count": 2, "with": [{"type": "slot", "count": 1, "with": [{"type": "core", "count": 1}], "label": "task"}]}], "tasks": [{"command": ["/opt/osu-benchmark/build.openmpi/mpi/pt2pt/osu_bw"], "slot": "task", "count": {"per_slot": 1}}], "attributes": {"system": {"duration": 0, "cwd": "/opt/azhpc-images/ubuntu/ubuntu-22.x/ubuntu-22.04-hpc", "shell": {"options": {"rlimit": {"cpu": -1, "fsize": -1, "data": -1, "stack": 8388608, "core": -1, "nofile": 1048576, "as": -1, "rss": -1, "nproc": -1}, "cpu-affinity": "per-task"}}, "constraints": {"hostlist": ["flux-sample-6,flux-sample-7"]}}, "user": {"study_id": "-2-iter-22"}}, "version": 1}
START OF EVENTLOG
{"timestamp":1724527710.3794332,"name":"init"}
{"timestamp":1724527710.3807592,"name":"starting"}
{"timestamp":1724527710.3731751,"name":"shell.init","context":{"service":"0-shell-f3ZhT93DZ","leader-rank":6,"size":2}}
{"timestamp":1724527710.3761194,"name":"shell.start","context":{"taskmap":{"version":1,"map":[[0,2,1,1]]}}}
{"timestamp":1724527712.8183961,"name":"shell.task-exit","context":{"localid":0,"rank":1,"state":"Exited","pid":498,"wait_status":0,"signaled":0,"exitcode":0}}
{"timestamp":1724527712.8467355,"name":"complete","context":{"status":0}}
{"timestamp":1724527712.8467603,"name":"done"}

