-------------------------------------------------------------
STREAM version $Revision: 5.10 $
-------------------------------------------------------------
This system uses 8 bytes per array element.
-------------------------------------------------------------
Array size = 10000000 (elements), Offset = 0 (elements)
Memory per array = 76.3 MiB (= 0.1 GiB).
Total memory required = 228.9 MiB (= 0.2 GiB).
Each kernel will be executed 10 times.
 The *best* time for each kernel (excluding the first iteration)
 will be used to compute the reported bandwidth.
-------------------------------------------------------------
Your clock granularity/precision appears to be 1 microseconds.
Each test below will take on the order of 14216 microseconds.
   (= 14216 clock ticks)
Increase the size of the arrays if this shows that
you are not getting at least 20 clock ticks per test.
-------------------------------------------------------------
WARNING -- The above is only a rough guideline.
For best results, please be sure you know the
precision of your system timer.
-------------------------------------------------------------
Function    Best Rate MB/s  Avg time     Min time     Max time
Copy:           11325.1     0.025632     0.014128     0.038089
Scale:          10499.4     0.026911     0.015239     0.037754
Add:            12179.0     0.037741     0.019706     0.052982
Triad:          12303.8     0.039944     0.019506     0.053358
-------------------------------------------------------------
Solution Validates: avg error less than 1.000000e-13 on all three arrays
-------------------------------------------------------------
-------------------------------------------------------------
STREAM version $Revision: 5.10 $
-------------------------------------------------------------
This system uses 8 bytes per array element.
-------------------------------------------------------------
Array size = 10000000 (elements), Offset = 0 (elements)
Memory per array = 76.3 MiB (= 0.1 GiB).
Total memory required = 228.9 MiB (= 0.2 GiB).
Each kernel will be executed 10 times.
 The *best* time for each kernel (excluding the first iteration)
 will be used to compute the reported bandwidth.
-------------------------------------------------------------
Your clock granularity/precision appears to be 1 microseconds.
Each test below will take on the order of 25303 microseconds.
   (= 25303 clock ticks)
Increase the size of the arrays if this shows that
you are not getting at least 20 clock ticks per test.
-------------------------------------------------------------
WARNING -- The above is only a rough guideline.
For best results, please be sure you know the
precision of your system timer.
-------------------------------------------------------------
Function    Best Rate MB/s  Avg time     Min time     Max time
Copy:           10973.2     0.024097     0.014581     0.036226
Scale:          10186.5     0.026837     0.015707     0.038582
Add:            12018.1     0.042607     0.019970     0.054126
Triad:          12037.3     0.041243     0.019938     0.053644
-------------------------------------------------------------
Solution Validates: avg error less than 1.000000e-13 on all three arrays
-------------------------------------------------------------
-------------------------------------------------------------
STREAM version $Revision: 5.10 $
-------------------------------------------------------------
This system uses 8 bytes per array element.
-------------------------------------------------------------
Array size = 10000000 (elements), Offset = 0 (elements)
Memory per array = 76.3 MiB (= 0.1 GiB).
Total memory required = 228.9 MiB (= 0.2 GiB).
Each kernel will be executed 10 times.
 The *best* time for each kernel (excluding the first iteration)
 will be used to compute the reported bandwidth.
-------------------------------------------------------------
Your clock granularity/precision appears to be 1 microseconds.
Each test below will take on the order of 24088 microseconds.
   (= 24088 clock ticks)
Increase the size of the arrays if this shows that
you are not getting at least 20 clock ticks per test.
-------------------------------------------------------------
WARNING -- The above is only a rough guideline.
For best results, please be sure you know the
precision of your system timer.
-------------------------------------------------------------
Function    Best Rate MB/s  Avg time     Min time     Max time
Copy:           10474.6     0.030393     0.015275     0.037553
Scale:          10163.2     0.029758     0.015743     0.037756
Add:            11604.9     0.040802     0.020681     0.052915
Triad:          11808.0     0.042619     0.020325     0.053404
-------------------------------------------------------------
Solution Validates: avg error less than 1.000000e-13 on all three arrays
-------------------------------------------------------------
-------------------------------------------------------------
STREAM version $Revision: 5.10 $
-------------------------------------------------------------
This system uses 8 bytes per array element.
-------------------------------------------------------------
Array size = 10000000 (elements), Offset = 0 (elements)
Memory per array = 76.3 MiB (= 0.1 GiB).
Total memory required = 228.9 MiB (= 0.2 GiB).
Each kernel will be executed 10 times.
 The *best* time for each kernel (excluding the first iteration)
 will be used to compute the reported bandwidth.
-------------------------------------------------------------
Your clock granularity/precision appears to be 1 microseconds.
Each test below will take on the order of 24348 microseconds.
   (= 24348 clock ticks)
Increase the size of the arrays if this shows that
you are not getting at least 20 clock ticks per test.
-------------------------------------------------------------
WARNING -- The above is only a rough guideline.
For best results, please be sure you know the
precision of your system timer.
-------------------------------------------------------------
Function    Best Rate MB/s  Avg time     Min time     Max time
Copy:           10696.0     0.030397     0.014959     0.036888
Scale:           4656.2     0.036284     0.034363     0.038153
Add:            10528.6     0.041655     0.022795     0.053001
Triad:          11682.8     0.038268     0.020543     0.053720
-------------------------------------------------------------
Solution Validates: avg error less than 1.000000e-13 on all three arrays
-------------------------------------------------------------
-------------------------------------------------------------
STREAM version $Revision: 5.10 $
-------------------------------------------------------------
This system uses 8 bytes per array element.
-------------------------------------------------------------
Array size = 10000000 (elements), Offset = 0 (elements)
Memory per array = 76.3 MiB (= 0.1 GiB).
Total memory required = 228.9 MiB (= 0.2 GiB).
Each kernel will be executed 10 times.
 The *best* time for each kernel (excluding the first iteration)
 will be used to compute the reported bandwidth.
-------------------------------------------------------------
Your clock granularity/precision appears to be 1 microseconds.
Each test below will take on the order of 24909 microseconds.
   (= 24909 clock ticks)
Increase the size of the arrays if this shows that
you are not getting at least 20 clock ticks per test.
-------------------------------------------------------------
WARNING -- The above is only a rough guideline.
For best results, please be sure you know the
precision of your system timer.
-------------------------------------------------------------
Function    Best Rate MB/s  Avg time     Min time     Max time
Copy:           10833.6     0.029895     0.014769     0.037822
Scale:          10230.8     0.031005     0.015639     0.037375
Add:             9989.6     0.046261     0.024025     0.055874
Triad:          11718.1     0.041395     0.020481     0.052537
-------------------------------------------------------------
Solution Validates: avg error less than 1.000000e-13 on all three arrays
-------------------------------------------------------------
-------------------------------------------------------------
STREAM version $Revision: 5.10 $
-------------------------------------------------------------
This system uses 8 bytes per array element.
-------------------------------------------------------------
Array size = 10000000 (elements), Offset = 0 (elements)
Memory per array = 76.3 MiB (= 0.1 GiB).
Total memory required = 228.9 MiB (= 0.2 GiB).
Each kernel will be executed 10 times.
 The *best* time for each kernel (excluding the first iteration)
 will be used to compute the reported bandwidth.
-------------------------------------------------------------
Your clock granularity/precision appears to be 1 microseconds.
Each test below will take on the order of 24206 microseconds.
   (= 24206 clock ticks)
Increase the size of the arrays if this shows that
you are not getting at least 20 clock ticks per test.
-------------------------------------------------------------
WARNING -- The above is only a rough guideline.
For best results, please be sure you know the
precision of your system timer.
-------------------------------------------------------------
Function    Best Rate MB/s  Avg time     Min time     Max time
Copy:            6579.8     0.032842     0.024317     0.036251
Scale:           7067.1     0.033167     0.022640     0.038446
Add:             9052.5     0.044334     0.026512     0.055987
Triad:          11636.3     0.041104     0.020625     0.052551
-------------------------------------------------------------
Solution Validates: avg error less than 1.000000e-13 on all three arrays
-------------------------------------------------------------
-------------------------------------------------------------
STREAM version $Revision: 5.10 $
-------------------------------------------------------------
This system uses 8 bytes per array element.
-------------------------------------------------------------
Array size = 10000000 (elements), Offset = 0 (elements)
Memory per array = 76.3 MiB (= 0.1 GiB).
Total memory required = 228.9 MiB (= 0.2 GiB).
Each kernel will be executed 10 times.
 The *best* time for each kernel (excluding the first iteration)
 will be used to compute the reported bandwidth.
-------------------------------------------------------------
Your clock granularity/precision appears to be 1 microseconds.
Each test below will take on the order of 23969 microseconds.
   (= 23969 clock ticks)
Increase the size of the arrays if this shows that
you are not getting at least 20 clock ticks per test.
-------------------------------------------------------------
WARNING -- The above is only a rough guideline.
For best results, please be sure you know the
precision of your system timer.
-------------------------------------------------------------
Function    Best Rate MB/s  Avg time     Min time     Max time
Copy:            8038.9     0.031777     0.019903     0.037957
Scale:           8730.3     0.031536     0.018327     0.037330
Add:             7723.3     0.046241     0.031075     0.053326
Triad:          10970.9     0.044457     0.021876     0.053524
-------------------------------------------------------------
Solution Validates: avg error less than 1.000000e-13 on all three arrays
-------------------------------------------------------------
-------------------------------------------------------------
STREAM version $Revision: 5.10 $
-------------------------------------------------------------
This system uses 8 bytes per array element.
-------------------------------------------------------------
Array size = 10000000 (elements), Offset = 0 (elements)
Memory per array = 76.3 MiB (= 0.1 GiB).
Total memory required = 228.9 MiB (= 0.2 GiB).
Each kernel will be executed 10 times.
 The *best* time for each kernel (excluding the first iteration)
 will be used to compute the reported bandwidth.
-------------------------------------------------------------
Your clock granularity/precision appears to be 1 microseconds.
Each test below will take on the order of 25197 microseconds.
   (= 25197 clock ticks)
Increase the size of the arrays if this shows that
you are not getting at least 20 clock ticks per test.
-------------------------------------------------------------
WARNING -- The above is only a rough guideline.
For best results, please be sure you know the
precision of your system timer.
-------------------------------------------------------------
Function    Best Rate MB/s  Avg time     Min time     Max time
Copy:            9248.5     0.033418     0.017300     0.038184
Scale:          12322.8     0.031960     0.012984     0.036255
Add:            15087.9     0.045227     0.015907     0.053504
Triad:          15285.8     0.045664     0.015701     0.054581
-------------------------------------------------------------
Solution Validates: avg error less than 1.000000e-13 on all three arrays
-------------------------------------------------------------
-------------------------------------------------------------
STREAM version $Revision: 5.10 $
-------------------------------------------------------------
This system uses 8 bytes per array element.
-------------------------------------------------------------
Array size = 10000000 (elements), Offset = 0 (elements)
Memory per array = 76.3 MiB (= 0.1 GiB).
Total memory required = 228.9 MiB (= 0.2 GiB).
Each kernel will be executed 10 times.
 The *best* time for each kernel (excluding the first iteration)
 will be used to compute the reported bandwidth.
-------------------------------------------------------------
Your clock granularity/precision appears to be 1 microseconds.
Each test below will take on the order of 30303 microseconds.
   (= 30303 clock ticks)
Increase the size of the arrays if this shows that
you are not getting at least 20 clock ticks per test.
-------------------------------------------------------------
WARNING -- The above is only a rough guideline.
For best results, please be sure you know the
precision of your system timer.
-------------------------------------------------------------
Function    Best Rate MB/s  Avg time     Min time     Max time
Copy:            4955.2     0.040226     0.032289     0.045982
Scale:           4836.2     0.040836     0.033084     0.046650
Add:             5326.9     0.055795     0.045054     0.066851
Triad:           5306.7     0.055448     0.045226     0.062289
-------------------------------------------------------------
Solution Validates: avg error less than 1.000000e-13 on all three arrays
-------------------------------------------------------------
-------------------------------------------------------------
STREAM version $Revision: 5.10 $
-------------------------------------------------------------
This system uses 8 bytes per array element.
-------------------------------------------------------------
Array size = 10000000 (elements), Offset = 0 (elements)
Memory per array = 76.3 MiB (= 0.1 GiB).
Total memory required = 228.9 MiB (= 0.2 GiB).
Each kernel will be executed 10 times.
 The *best* time for each kernel (excluding the first iteration)
 will be used to compute the reported bandwidth.
-------------------------------------------------------------
-------------------------------------------------------------
-------------------------------------------------------------
Your clock granularity/precision appears to be 1 microseconds.
STREAM version $Revision: 5.10 $
STREAM version $Revision: 5.10 $
Each test below will take on the order of 29905 microseconds.
-------------------------------------------------------------
-------------------------------------------------------------
-------------------------------------------------------------
   (= 29905 clock ticks)
STREAM version $Revision: 5.10 $
This system uses 8 bytes per array element.
-------------------------------------------------------------
This system uses 8 bytes per array element.
Increase the size of the arrays if this shows that
-------------------------------------------------------------
-------------------------------------------------------------
STREAM version $Revision: 5.10 $
-------------------------------------------------------------
you are not getting at least 20 clock ticks per test.
-------------------------------------------------------------
This system uses 8 bytes per array element.
Array size = 10000000 (elements), Offset = 0 (elements)
-------------------------------------------------------------
Array size = 10000000 (elements), Offset = 0 (elements)
-------------------------------------------------------------
STREAM version $Revision: 5.10 $
-------------------------------------------------------------
-------------------------------------------------------------
Memory per array = 76.3 MiB (= 0.1 GiB).
This system uses 8 bytes per array element.
Memory per array = 76.3 MiB (= 0.1 GiB).
-------------------------------------------------------------
-------------------------------------------------------------
WARNING -- The above is only a rough guideline.
-------------------------------------------------------------
STREAM version $Revision: 5.10 $
Array size = 10000000 (elements), Offset = 0 (elements)
Total memory required = 228.9 MiB (= 0.2 GiB).
-------------------------------------------------------------
Total memory required = 228.9 MiB (= 0.2 GiB).
STREAM version $Revision: 5.10 $
STREAM version $Revision: 5.10 $
For best results, please be sure you know the
This system uses 8 bytes per array element.
-------------------------------------------------------------
-------------------------------------------------------------
Memory per array = 76.3 MiB (= 0.1 GiB).
Each kernel will be executed 10 times.
-------------------------------------------------------------
Array size = 10000000 (elements), Offset = 0 (elements)
Each kernel will be executed 10 times.
-------------------------------------------------------------
-------------------------------------------------------------
precision of your system timer.
-------------------------------------------------------------
STREAM version $Revision: 5.10 $
This system uses 8 bytes per array element.
Total memory required = 228.9 MiB (= 0.2 GiB).
 The *best* time for each kernel (excluding the first iteration)
STREAM version $Revision: 5.10 $
-------------------------------------------------------------
Memory per array = 76.3 MiB (= 0.1 GiB).
 The *best* time for each kernel (excluding the first iteration)
-------------------------------------------------------------
This system uses 8 bytes per array element.
This system uses 8 bytes per array element.
-------------------------------------------------------------
Array size = 10000000 (elements), Offset = 0 (elements)
-------------------------------------------------------------
-------------------------------------------------------------
-------------------------------------------------------------
Each kernel will be executed 10 times.
 will be used to compute the reported bandwidth.
-------------------------------------------------------------
STREAM version $Revision: 5.10 $
Total memory required = 228.9 MiB (= 0.2 GiB).
 will be used to compute the reported bandwidth.
STREAM version $Revision: 5.10 $
-------------------------------------------------------------
-------------------------------------------------------------
Function    Best Rate MB/s  Avg time     Min time     Max time
Memory per array = 76.3 MiB (= 0.1 GiB).
This system uses 8 bytes per array element.
Array size = 10000000 (elements), Offset = 0 (elements)
STREAM version $Revision: 5.10 $
 The *best* time for each kernel (excluding the first iteration)
-------------------------------------------------------------
This system uses 8 bytes per array element.
-------------------------------------------------------------
Each kernel will be executed 10 times.
-------------------------------------------------------------
-------------------------------------------------------------
Array size = 10000000 (elements), Offset = 0 (elements)
Array size = 10000000 (elements), Offset = 0 (elements)
Copy:            4919.3     0.040649     0.032525     0.045067
Total memory required = 228.9 MiB (= 0.2 GiB).
-------------------------------------------------------------
Memory per array = 76.3 MiB (= 0.1 GiB).
-------------------------------------------------------------
 will be used to compute the reported bandwidth.
Your clock granularity/precision appears to be 1 microseconds.
-------------------------------------------------------------
This system uses 8 bytes per array element.
 The *best* time for each kernel (excluding the first iteration)
Your clock granularity/precision appears to be 1 microseconds.
This system uses 8 bytes per array element.
Memory per array = 76.3 MiB (= 0.1 GiB).
Memory per array = 76.3 MiB (= 0.1 GiB).
Scale:           4812.3     0.040453     0.033248     0.046615
Each kernel will be executed 10 times.
Array size = 10000000 (elements), Offset = 0 (elements)
Total memory required = 228.9 MiB (= 0.2 GiB).
This system uses 8 bytes per array element.
-------------------------------------------------------------
Each test below will take on the order of 27563 microseconds.
Array size = 10000000 (elements), Offset = 0 (elements)
-------------------------------------------------------------
 will be used to compute the reported bandwidth.
Each test below will take on the order of 32112 microseconds.
-------------------------------------------------------------
Total memory required = 228.9 MiB (= 0.2 GiB).
Total memory required = 228.9 MiB (= 0.2 GiB).
Add:             5403.6     0.055221     0.044415     0.065782
 The *best* time for each kernel (excluding the first iteration)
-------------------------------------------------------------
Memory per array = 76.3 MiB (= 0.1 GiB).
Each kernel will be executed 10 times.
-------------------------------------------------------------
Your clock granularity/precision appears to be 1 microseconds.
   (= 27563 clock ticks)
Memory per array = 76.3 MiB (= 0.1 GiB).
Array size = 10000000 (elements), Offset = 0 (elements)
-------------------------------------------------------------
   (= 32112 clock ticks)
Array size = 10000000 (elements), Offset = 0 (elements)
Each kernel will be executed 10 times.
Each kernel will be executed 10 times.
Triad:           5169.2     0.056091     0.046429     0.063190
 will be used to compute the reported bandwidth.
STREAM version $Revision: 5.10 $
Total memory required = 228.9 MiB (= 0.2 GiB).
 The *best* time for each kernel (excluding the first iteration)
Array size = 10000000 (elements), Offset = 0 (elements)
Each test below will take on the order of 27897 microseconds.
Increase the size of the arrays if this shows that
Total memory required = 228.9 MiB (= 0.2 GiB).
Memory per array = 76.3 MiB (= 0.1 GiB).
Your clock granularity/precision appears to be 1 microseconds.
Increase the size of the arrays if this shows that
Memory per array = 76.3 MiB (= 0.1 GiB).
 The *best* time for each kernel (excluding the first iteration)
 The *best* time for each kernel (excluding the first iteration)
-------------------------------------------------------------
-------------------------------------------------------------
-------------------------------------------------------------
Each kernel will be executed 10 times.
 will be used to compute the reported bandwidth.
Memory per array = 76.3 MiB (= 0.1 GiB).
   (= 27897 clock ticks)
you are not getting at least 20 clock ticks per test.
Each kernel will be executed 10 times.
Total memory required = 228.9 MiB (= 0.2 GiB).
Each test below will take on the order of 32171 microseconds.
you are not getting at least 20 clock ticks per test.
Total memory required = 228.9 MiB (= 0.2 GiB).
 will be used to compute the reported bandwidth.
 will be used to compute the reported bandwidth.
Solution Validates: avg error less than 1.000000e-13 on all three arrays
Your clock granularity/precision appears to be 1 microseconds.
This system uses 8 bytes per array element.
 The *best* time for each kernel (excluding the first iteration)
-------------------------------------------------------------
Total memory required = 228.9 MiB (= 0.2 GiB).
Increase the size of the arrays if this shows that
-------------------------------------------------------------
 The *best* time for each kernel (excluding the first iteration)
Each kernel will be executed 10 times.
   (= 32171 clock ticks)
-------------------------------------------------------------
Each kernel will be executed 10 times.
-------------------------------------------------------------
-------------------------------------------------------------
-------------------------------------------------------------
Each test below will take on the order of 30430 microseconds.
-------------------------------------------------------------
 will be used to compute the reported bandwidth.
Your clock granularity/precision appears to be 1 microseconds.
Each kernel will be executed 10 times.
you are not getting at least 20 clock ticks per test.
WARNING -- The above is only a rough guideline.
 will be used to compute the reported bandwidth.
 The *best* time for each kernel (excluding the first iteration)
Increase the size of the arrays if this shows that
WARNING -- The above is only a rough guideline.
 The *best* time for each kernel (excluding the first iteration)
Your clock granularity/precision appears to be 1 microseconds.
Your clock granularity/precision appears to be 1 microseconds.
   (= 30430 clock ticks)
Array size = 10000000 (elements), Offset = 0 (elements)
-------------------------------------------------------------
Each test below will take on the order of 27287 microseconds.
 The *best* time for each kernel (excluding the first iteration)
-------------------------------------------------------------
For best results, please be sure you know the
-------------------------------------------------------------
 will be used to compute the reported bandwidth.
you are not getting at least 20 clock ticks per test.
For best results, please be sure you know the
 will be used to compute the reported bandwidth.
Each test below will take on the order of 31970 microseconds.
Each test below will take on the order of 29657 microseconds.
Increase the size of the arrays if this shows that
Memory per array = 76.3 MiB (= 0.1 GiB).
Your clock granularity/precision appears to be 1 microseconds.
   (= 27287 clock ticks)
 will be used to compute the reported bandwidth.
WARNING -- The above is only a rough guideline.
precision of your system timer.
Your clock granularity/precision appears to be 1 microseconds.
-------------------------------------------------------------
-------------------------------------------------------------
precision of your system timer.
-------------------------------------------------------------
   (= 31970 clock ticks)
   (= 29657 clock ticks)
you are not getting at least 20 clock ticks per test.
Total memory required = 228.9 MiB (= 0.2 GiB).
Each test below will take on the order of 27441 microseconds.
Increase the size of the arrays if this shows that
-------------------------------------------------------------
For best results, please be sure you know the
-------------------------------------------------------------
Each test below will take on the order of 27468 microseconds.
Your clock granularity/precision appears to be 1 microseconds.
WARNING -- The above is only a rough guideline.
-------------------------------------------------------------
Your clock granularity/precision appears to be 1 microseconds.
Increase the size of the arrays if this shows that
Increase the size of the arrays if this shows that
-------------------------------------------------------------
Each kernel will be executed 10 times.
   (= 27441 clock ticks)
you are not getting at least 20 clock ticks per test.
Your clock granularity/precision appears to be 1 microseconds.
precision of your system timer.
Function    Best Rate MB/s  Avg time     Min time     Max time
   (= 27468 clock ticks)
Each test below will take on the order of 27232 microseconds.
For best results, please be sure you know the
Function    Best Rate MB/s  Avg time     Min time     Max time
Each test below will take on the order of 31800 microseconds.
you are not getting at least 20 clock ticks per test.
you are not getting at least 20 clock ticks per test.
WARNING -- The above is only a rough guideline.
 The *best* time for each kernel (excluding the first iteration)
Increase the size of the arrays if this shows that
-------------------------------------------------------------
Each test below will take on the order of 26510 microseconds.
-------------------------------------------------------------
Copy:            4885.7     0.041099     0.032749     0.046578
Increase the size of the arrays if this shows that
   (= 27232 clock ticks)
precision of your system timer.
Copy:            4888.0     0.040913     0.032733     0.045782
   (= 31800 clock ticks)
-------------------------------------------------------------
-------------------------------------------------------------
For best results, please be sure you know the
 will be used to compute the reported bandwidth.
you are not getting at least 20 clock ticks per test.
WARNING -- The above is only a rough guideline.
   (= 26510 clock ticks)
Function    Best Rate MB/s  Avg time     Min time     Max time
Scale:           4816.2     0.041086     0.033221     0.046343
you are not getting at least 20 clock ticks per test.
Increase the size of the arrays if this shows that
-------------------------------------------------------------
Scale:           4816.0     0.040674     0.033223     0.047134
Increase the size of the arrays if this shows that
WARNING -- The above is only a rough guideline.
WARNING -- The above is only a rough guideline.
precision of your system timer.
-------------------------------------------------------------
-------------------------------------------------------------
For best results, please be sure you know the
Increase the size of the arrays if this shows that
Copy:            4845.5     0.041305     0.033020     0.046998
Add:             5337.4     0.056499     0.044966     0.065271
-------------------------------------------------------------
you are not getting at least 20 clock ticks per test.
Function    Best Rate MB/s  Avg time     Min time     Max time
Add:             5227.2     0.055473     0.045914     0.065989
you are not getting at least 20 clock ticks per test.
For best results, please be sure you know the
For best results, please be sure you know the
-------------------------------------------------------------
Your clock granularity/precision appears to be 1 microseconds.
WARNING -- The above is only a rough guideline.
precision of your system timer.
you are not getting at least 20 clock ticks per test.
Scale:           4804.2     0.041105     0.033304     0.046707
Triad:           5269.0     0.056317     0.045550     0.065102
WARNING -- The above is only a rough guideline.
-------------------------------------------------------------
Copy:            4841.7     0.041121     0.033046     0.046096
Triad:           5249.7     0.055820     0.045717     0.063132
-------------------------------------------------------------
precision of your system timer.
precision of your system timer.
Function    Best Rate MB/s  Avg time     Min time     Max time
Each test below will take on the order of 25146 microseconds.
For best results, please be sure you know the
-------------------------------------------------------------
-------------------------------------------------------------
Add:             5345.1     0.056282     0.044901     0.065496
-------------------------------------------------------------
For best results, please be sure you know the
WARNING -- The above is only a rough guideline.
Scale:           4761.2     0.040846     0.033605     0.047168
-------------------------------------------------------------
WARNING -- The above is only a rough guideline.
-------------------------------------------------------------
-------------------------------------------------------------
Copy:            4822.5     0.040922     0.033178     0.045842
   (= 25146 clock ticks)
precision of your system timer.
Function    Best Rate MB/s  Avg time     Min time     Max time
WARNING -- The above is only a rough guideline.
Triad:           5302.5     0.056267     0.045262     0.065370
Solution Validates: avg error less than 1.000000e-13 on all three arrays
precision of your system timer.
For best results, please be sure you know the
Add:             5248.0     0.055555     0.045732     0.066586
Solution Validates: avg error less than 1.000000e-13 on all three arrays
For best results, please be sure you know the
Function    Best Rate MB/s  Avg time     Min time     Max time
Function    Best Rate MB/s  Avg time     Min time     Max time
Scale:           4747.4     0.040855     0.033703     0.046964
Increase the size of the arrays if this shows that
-------------------------------------------------------------
Copy:            4784.0     0.040931     0.033445     0.046124
For best results, please be sure you know the
-------------------------------------------------------------
-------------------------------------------------------------
-------------------------------------------------------------
precision of your system timer.
Triad:           5302.2     0.056013     0.045264     0.063815
-------------------------------------------------------------
precision of your system timer.
Copy:            4854.8     0.040705     0.032957     0.046055
Copy:            4895.1     0.040834     0.032686     0.046475
Add:             5284.2     0.056052     0.045418     0.066249
you are not getting at least 20 clock ticks per test.
Function    Best Rate MB/s  Avg time     Min time     Max time
Scale:           4778.0     0.041422     0.033487     0.046647
precision of your system timer.
Solution Validates: avg error less than 1.000000e-13 on all three arrays
Function    Best Rate MB/s  Avg time     Min time     Max time
-------------------------------------------------------------
-------------------------------------------------------------
-------------------------------------------------------------
Scale:           4787.8     0.040903     0.033418     0.047263
Scale:           4736.5     0.040208     0.033780     0.046287
Triad:           5036.9     0.056515     0.047648     0.062005
-------------------------------------------------------------
Copy:            4801.3     0.041441     0.033324     0.047207
Add:             5132.4     0.057566     0.046762     0.066703
-------------------------------------------------------------
-------------------------------------------------------------
Copy:            4825.0     0.041233     0.033161     0.046864
Function    Best Rate MB/s  Avg time     Min time     Max time
Solution Validates: avg error less than 1.000000e-13 on all three arrays
Function    Best Rate MB/s  Avg time     Min time     Max time
Add:             5060.4     0.056176     0.047427     0.066590
Add:             5251.9     0.056084     0.045698     0.065413
-------------------------------------------------------------
WARNING -- The above is only a rough guideline.
Scale:           4735.7     0.041311     0.033786     0.047027
Triad:           5352.4     0.056654     0.044840     0.064899
Function    Best Rate MB/s  Avg time     Min time     Max time
Scale:           4793.6     0.041048     0.033378     0.046225
Copy:            4812.3     0.040949     0.033248     0.046092
-------------------------------------------------------------
Copy:            4783.0     0.041265     0.033452     0.045782
Triad:           5098.6     0.056335     0.047072     0.062444
Triad:           5483.3     0.056061     0.043769     0.065056
Solution Validates: avg error less than 1.000000e-13 on all three arrays
For best results, please be sure you know the
Add:             5326.5     0.056598     0.045058     0.066065
-------------------------------------------------------------
Copy:            4765.8     0.041340     0.033572     0.047151
Add:             5151.4     0.056784     0.046589     0.065327
Scale:           4764.2     0.041301     0.033584     0.046158
Scale:           4737.4     0.040719     0.033774     0.047097
-------------------------------------------------------------
-------------------------------------------------------------
-------------------------------------------------------------
precision of your system timer.
Triad:           5393.5     0.056579     0.044498     0.065470
Solution Validates: avg error less than 1.000000e-13 on all three arrays
Scale:           4725.3     0.041140     0.033860     0.046995
Triad:           5115.1     0.056749     0.046920     0.064936
Add:             4903.9     0.058106     0.048941     0.065926
Add:             5002.3     0.056476     0.047978     0.065907
Solution Validates: avg error less than 1.000000e-13 on all three arrays
Solution Validates: avg error less than 1.000000e-13 on all three arrays
-------------------------------------------------------------
-------------------------------------------------------------
-------------------------------------------------------------
Add:             5323.4     0.056757     0.045084     0.065298
-------------------------------------------------------------
Triad:           5133.9     0.057171     0.046748     0.064877
Triad:           5208.0     0.056389     0.046083     0.063624
-------------------------------------------------------------
-------------------------------------------------------------
Function    Best Rate MB/s  Avg time     Min time     Max time
Solution Validates: avg error less than 1.000000e-13 on all three arrays
Triad:           5262.0     0.056759     0.045610     0.065233
Solution Validates: avg error less than 1.000000e-13 on all three arrays
-------------------------------------------------------------
-------------------------------------------------------------
Copy:            4818.7     0.041571     0.033204     0.047507
-------------------------------------------------------------
-------------------------------------------------------------
-------------------------------------------------------------
Solution Validates: avg error less than 1.000000e-13 on all three arrays
Solution Validates: avg error less than 1.000000e-13 on all three arrays
Scale:           4731.6     0.040578     0.033815     0.046692
Solution Validates: avg error less than 1.000000e-13 on all three arrays
-------------------------------------------------------------
-------------------------------------------------------------
Add:             5255.1     0.058937     0.045670     0.065383
-------------------------------------------------------------
Triad:           5617.8     0.056263     0.042721     0.065730
-------------------------------------------------------------
Solution Validates: avg error less than 1.000000e-13 on all three arrays
-------------------------------------------------------------
-------------------------------------------------------------
-------------------------------------------------------------
-------------------------------------------------------------
-------------------------------------------------------------
-------------------------------------------------------------
-------------------------------------------------------------
-------------------------------------------------------------
STREAM version $Revision: 5.10 $
-------------------------------------------------------------
STREAM version $Revision: 5.10 $
STREAM version $Revision: 5.10 $
-------------------------------------------------------------
-------------------------------------------------------------
STREAM version $Revision: 5.10 $
-------------------------------------------------------------
-------------------------------------------------------------
STREAM version $Revision: 5.10 $
STREAM version $Revision: 5.10 $
STREAM version $Revision: 5.10 $
-------------------------------------------------------------
STREAM version $Revision: 5.10 $
-------------------------------------------------------------
-------------------------------------------------------------
STREAM version $Revision: 5.10 $
STREAM version $Revision: 5.10 $
-------------------------------------------------------------
-------------------------------------------------------------
-------------------------------------------------------------
STREAM version $Revision: 5.10 $
-------------------------------------------------------------
STREAM version $Revision: 5.10 $
-------------------------------------------------------------
-------------------------------------------------------------
-------------------------------------------------------------
-------------------------------------------------------------
This system uses 8 bytes per array element.
-------------------------------------------------------------
This system uses 8 bytes per array element.
This system uses 8 bytes per array element.
-------------------------------------------------------------
-------------------------------------------------------------
STREAM version $Revision: 5.10 $
This system uses 8 bytes per array element.
STREAM version $Revision: 5.10 $
-------------------------------------------------------------
STREAM version $Revision: 5.10 $
-------------------------------------------------------------
STREAM version $Revision: 5.10 $
-------------------------------------------------------------
This system uses 8 bytes per array element.
This system uses 8 bytes per array element.
This system uses 8 bytes per array element.
-------------------------------------------------------------
This system uses 8 bytes per array element.
-------------------------------------------------------------
-------------------------------------------------------------
This system uses 8 bytes per array element.
This system uses 8 bytes per array element.
-------------------------------------------------------------
-------------------------------------------------------------
-------------------------------------------------------------
This system uses 8 bytes per array element.
-------------------------------------------------------------
This system uses 8 bytes per array element.
-------------------------------------------------------------
STREAM version $Revision: 5.10 $
-------------------------------------------------------------
-------------------------------------------------------------
-------------------------------------------------------------
Array size = 10000000 (elements), Offset = 0 (elements)
-------------------------------------------------------------
Array size = 10000000 (elements), Offset = 0 (elements)
Array size = 10000000 (elements), Offset = 0 (elements)
-------------------------------------------------------------
-------------------------------------------------------------
This system uses 8 bytes per array element.
Array size = 10000000 (elements), Offset = 0 (elements)
This system uses 8 bytes per array element.
-------------------------------------------------------------
-------------------------------------------------------------
This system uses 8 bytes per array element.
-------------------------------------------------------------
This system uses 8 bytes per array element.
-------------------------------------------------------------
Array size = 10000000 (elements), Offset = 0 (elements)
Array size = 10000000 (elements), Offset = 0 (elements)
Array size = 10000000 (elements), Offset = 0 (elements)
Memory per array = 76.3 MiB (= 0.1 GiB).
Array size = 10000000 (elements), Offset = 0 (elements)
Memory per array = 76.3 MiB (= 0.1 GiB).
Memory per array = 76.3 MiB (= 0.1 GiB).
Array size = 10000000 (elements), Offset = 0 (elements)
Array size = 10000000 (elements), Offset = 0 (elements)
-------------------------------------------------------------
Memory per array = 76.3 MiB (= 0.1 GiB).
-------------------------------------------------------------
-------------------------------------------------------------
STREAM version $Revision: 5.10 $
Array size = 10000000 (elements), Offset = 0 (elements)
-------------------------------------------------------------
Array size = 10000000 (elements), Offset = 0 (elements)
-------------------------------------------------------------
This system uses 8 bytes per array element.
-------------------------------------------------------------
Memory per array = 76.3 MiB (= 0.1 GiB).
Memory per array = 76.3 MiB (= 0.1 GiB).
Memory per array = 76.3 MiB (= 0.1 GiB).
Total memory required = 228.9 MiB (= 0.2 GiB).
Memory per array = 76.3 MiB (= 0.1 GiB).
Total memory required = 228.9 MiB (= 0.2 GiB).
Total memory required = 228.9 MiB (= 0.2 GiB).
Memory per array = 76.3 MiB (= 0.1 GiB).
Memory per array = 76.3 MiB (= 0.1 GiB).
Array size = 10000000 (elements), Offset = 0 (elements)
Total memory required = 228.9 MiB (= 0.2 GiB).
STREAM version $Revision: 5.10 $
Array size = 10000000 (elements), Offset = 0 (elements)
-------------------------------------------------------------
-------------------------------------------------------------
Memory per array = 76.3 MiB (= 0.1 GiB).
Array size = 10000000 (elements), Offset = 0 (elements)
Memory per array = 76.3 MiB (= 0.1 GiB).
Array size = 10000000 (elements), Offset = 0 (elements)
-------------------------------------------------------------
STREAM version $Revision: 5.10 $
Total memory required = 228.9 MiB (= 0.2 GiB).
Total memory required = 228.9 MiB (= 0.2 GiB).
Total memory required = 228.9 MiB (= 0.2 GiB).
Each kernel will be executed 10 times.
Total memory required = 228.9 MiB (= 0.2 GiB).
Each kernel will be executed 10 times.
Each kernel will be executed 10 times.
Total memory required = 228.9 MiB (= 0.2 GiB).
Total memory required = 228.9 MiB (= 0.2 GiB).
Memory per array = 76.3 MiB (= 0.1 GiB).
Each kernel will be executed 10 times.
-------------------------------------------------------------
Memory per array = 76.3 MiB (= 0.1 GiB).
STREAM version $Revision: 5.10 $
This system uses 8 bytes per array element.
Total memory required = 228.9 MiB (= 0.2 GiB).
Memory per array = 76.3 MiB (= 0.1 GiB).
Total memory required = 228.9 MiB (= 0.2 GiB).
Memory per array = 76.3 MiB (= 0.1 GiB).
Array size = 10000000 (elements), Offset = 0 (elements)
-------------------------------------------------------------
-------------------------------------------------------------
Each kernel will be executed 10 times.
Each kernel will be executed 10 times.
Each kernel will be executed 10 times.
 The *best* time for each kernel (excluding the first iteration)
Each kernel will be executed 10 times.
 The *best* time for each kernel (excluding the first iteration)
 The *best* time for each kernel (excluding the first iteration)
Each kernel will be executed 10 times.
Each kernel will be executed 10 times.
Total memory required = 228.9 MiB (= 0.2 GiB).
 The *best* time for each kernel (excluding the first iteration)
This system uses 8 bytes per array element.
Total memory required = 228.9 MiB (= 0.2 GiB).
-------------------------------------------------------------
-------------------------------------------------------------
Each kernel will be executed 10 times.
Total memory required = 228.9 MiB (= 0.2 GiB).
Each kernel will be executed 10 times.
Total memory required = 228.9 MiB (= 0.2 GiB).
Memory per array = 76.3 MiB (= 0.1 GiB).
STREAM version $Revision: 5.10 $
This system uses 8 bytes per array element.
 The *best* time for each kernel (excluding the first iteration)
 The *best* time for each kernel (excluding the first iteration)
 The *best* time for each kernel (excluding the first iteration)
 will be used to compute the reported bandwidth.
 The *best* time for each kernel (excluding the first iteration)
 will be used to compute the reported bandwidth.
 will be used to compute the reported bandwidth.
 The *best* time for each kernel (excluding the first iteration)
 The *best* time for each kernel (excluding the first iteration)
Each kernel will be executed 10 times.
 will be used to compute the reported bandwidth.
-------------------------------------------------------------
Each kernel will be executed 10 times.
This system uses 8 bytes per array element.
Array size = 10000000 (elements), Offset = 0 (elements)
 The *best* time for each kernel (excluding the first iteration)
Each kernel will be executed 10 times.
-------------------------------------------------------------
 The *best* time for each kernel (excluding the first iteration)
Each kernel will be executed 10 times.
Total memory required = 228.9 MiB (= 0.2 GiB).
-------------------------------------------------------------
-------------------------------------------------------------
 will be used to compute the reported bandwidth.
 will be used to compute the reported bandwidth.
 will be used to compute the reported bandwidth.
-------------------------------------------------------------
 will be used to compute the reported bandwidth.
-------------------------------------------------------------
-------------------------------------------------------------
 will be used to compute the reported bandwidth.
 will be used to compute the reported bandwidth.
 The *best* time for each kernel (excluding the first iteration)
-------------------------------------------------------------
Array size = 10000000 (elements), Offset = 0 (elements)
 The *best* time for each kernel (excluding the first iteration)
-------------------------------------------------------------
Memory per array = 76.3 MiB (= 0.1 GiB).
 will be used to compute the reported bandwidth.
 The *best* time for each kernel (excluding the first iteration)
STREAM version $Revision: 5.10 $
 will be used to compute the reported bandwidth.
 The *best* time for each kernel (excluding the first iteration)
Each kernel will be executed 10 times.
This system uses 8 bytes per array element.
Array size = 10000000 (elements), Offset = 0 (elements)
-------------------------------------------------------------
-------------------------------------------------------------
-------------------------------------------------------------
Your clock granularity/precision appears to be 1 microseconds.
-------------------------------------------------------------
Your clock granularity/precision appears to be 1 microseconds.
Your clock granularity/precision appears to be 1 microseconds.
-------------------------------------------------------------
-------------------------------------------------------------
 will be used to compute the reported bandwidth.
Your clock granularity/precision appears to be 1 microseconds.
Memory per array = 76.3 MiB (= 0.1 GiB).
 will be used to compute the reported bandwidth.
Array size = 10000000 (elements), Offset = 0 (elements)
Total memory required = 228.9 MiB (= 0.2 GiB).
-------------------------------------------------------------
 will be used to compute the reported bandwidth.
-------------------------------------------------------------
-------------------------------------------------------------
 will be used to compute the reported bandwidth.
 The *best* time for each kernel (excluding the first iteration)
-------------------------------------------------------------
Memory per array = 76.3 MiB (= 0.1 GiB).
Your clock granularity/precision appears to be 1 microseconds.
Your clock granularity/precision appears to be 1 microseconds.
Your clock granularity/precision appears to be 1 microseconds.
Each test below will take on the order of 30786 microseconds.
Your clock granularity/precision appears to be 1 microseconds.
Each test below will take on the order of 31128 microseconds.
Each test below will take on the order of 31764 microseconds.
Your clock granularity/precision appears to be 1 microseconds.
Your clock granularity/precision appears to be 1 microseconds.
-------------------------------------------------------------
Each test below will take on the order of 28765 microseconds.
Total memory required = 228.9 MiB (= 0.2 GiB).
-------------------------------------------------------------
Memory per array = 76.3 MiB (= 0.1 GiB).
Each kernel will be executed 10 times.
Your clock granularity/precision appears to be 1 microseconds.
-------------------------------------------------------------
This system uses 8 bytes per array element.
Your clock granularity/precision appears to be 1 microseconds.
-------------------------------------------------------------
 will be used to compute the reported bandwidth.
Array size = 10000000 (elements), Offset = 0 (elements)
Total memory required = 228.9 MiB (= 0.2 GiB).
Each test below will take on the order of 31174 microseconds.
Each test below will take on the order of 30024 microseconds.
Each test below will take on the order of 30305 microseconds.
   (= 30786 clock ticks)
Each test below will take on the order of 31325 microseconds.
   (= 31128 clock ticks)
   (= 31764 clock ticks)
Each test below will take on the order of 31666 microseconds.
Each test below will take on the order of 29553 microseconds.
Your clock granularity/precision appears to be 1 microseconds.
   (= 28765 clock ticks)
Each kernel will be executed 10 times.
Your clock granularity/precision appears to be 1 microseconds.
Total memory required = 228.9 MiB (= 0.2 GiB).
 The *best* time for each kernel (excluding the first iteration)
Each test below will take on the order of 30599 microseconds.
Your clock granularity/precision appears to be 1 microseconds.
Each test below will take on the order of 30702 microseconds.
Your clock granularity/precision appears to be 1 microseconds.
-------------------------------------------------------------
-------------------------------------------------------------
Memory per array = 76.3 MiB (= 0.1 GiB).
Each kernel will be executed 10 times.
   (= 31174 clock ticks)
   (= 30024 clock ticks)
   (= 30305 clock ticks)
Increase the size of the arrays if this shows that
   (= 31325 clock ticks)
Increase the size of the arrays if this shows that
Increase the size of the arrays if this shows that
   (= 31666 clock ticks)
-------------------------------------------------------------
   (= 29553 clock ticks)
Each test below will take on the order of 29287 microseconds.
Increase the size of the arrays if this shows that
 The *best* time for each kernel (excluding the first iteration)
Each test below will take on the order of 30247 microseconds.
Each kernel will be executed 10 times.
 will be used to compute the reported bandwidth.
   (= 30599 clock ticks)
Each test below will take on the order of 31548 microseconds.
   (= 30702 clock ticks)
Each test below will take on the order of 30119 microseconds.
STREAM version $Revision: 5.10 $
Your clock granularity/precision appears to be 1 microseconds.
Total memory required = 228.9 MiB (= 0.2 GiB).
 The *best* time for each kernel (excluding the first iteration)
Increase the size of the arrays if this shows that
Increase the size of the arrays if this shows that
Increase the size of the arrays if this shows that
you are not getting at least 20 clock ticks per test.
Increase the size of the arrays if this shows that
you are not getting at least 20 clock ticks per test.
you are not getting at least 20 clock ticks per test.
Increase the size of the arrays if this shows that
Array size = 10000000 (elements), Offset = 0 (elements)
Increase the size of the arrays if this shows that
   (= 29287 clock ticks)
you are not getting at least 20 clock ticks per test.
 will be used to compute the reported bandwidth.
   (= 30247 clock ticks)
 The *best* time for each kernel (excluding the first iteration)
-------------------------------------------------------------
Increase the size of the arrays if this shows that
   (= 31548 clock ticks)
Increase the size of the arrays if this shows that
   (= 30119 clock ticks)
-------------------------------------------------------------
Each test below will take on the order of 31577 microseconds.
Each kernel will be executed 10 times.
 will be used to compute the reported bandwidth.
you are not getting at least 20 clock ticks per test.
you are not getting at least 20 clock ticks per test.
you are not getting at least 20 clock ticks per test.
-------------------------------------------------------------
you are not getting at least 20 clock ticks per test.
-------------------------------------------------------------
-------------------------------------------------------------
you are not getting at least 20 clock ticks per test.
Memory per array = 76.3 MiB (= 0.1 GiB).
you are not getting at least 20 clock ticks per test.
Increase the size of the arrays if this shows that
-------------------------------------------------------------
-------------------------------------------------------------
Increase the size of the arrays if this shows that
 will be used to compute the reported bandwidth.
Your clock granularity/precision appears to be 1 microseconds.
you are not getting at least 20 clock ticks per test.
Increase the size of the arrays if this shows that
you are not getting at least 20 clock ticks per test.
Increase the size of the arrays if this shows that
This system uses 8 bytes per array element.
   (= 31577 clock ticks)
 The *best* time for each kernel (excluding the first iteration)
-------------------------------------------------------------
-------------------------------------------------------------
-------------------------------------------------------------
-------------------------------------------------------------
WARNING -- The above is only a rough guideline.
-------------------------------------------------------------
WARNING -- The above is only a rough guideline.
WARNING -- The above is only a rough guideline.
-------------------------------------------------------------
Total memory required = 228.9 MiB (= 0.2 GiB).
-------------------------------------------------------------
you are not getting at least 20 clock ticks per test.
WARNING -- The above is only a rough guideline.
Your clock granularity/precision appears to be 1 microseconds.
you are not getting at least 20 clock ticks per test.
-------------------------------------------------------------
Each test below will take on the order of 30907 microseconds.
-------------------------------------------------------------
you are not getting at least 20 clock ticks per test.
-------------------------------------------------------------
you are not getting at least 20 clock ticks per test.
-------------------------------------------------------------
Increase the size of the arrays if this shows that
 will be used to compute the reported bandwidth.
Your clock granularity/precision appears to be 1 microseconds.
WARNING -- The above is only a rough guideline.
WARNING -- The above is only a rough guideline.
WARNING -- The above is only a rough guideline.
For best results, please be sure you know the
WARNING -- The above is only a rough guideline.
For best results, please be sure you know the
For best results, please be sure you know the
WARNING -- The above is only a rough guideline.
Each kernel will be executed 10 times.
-------------------------------------------------------------
WARNING -- The above is only a rough guideline.
-------------------------------------------------------------
For best results, please be sure you know the
Each test below will take on the order of 29814 microseconds.
-------------------------------------------------------------
Your clock granularity/precision appears to be 1 microseconds.
   (= 30907 clock ticks)
WARNING -- The above is only a rough guideline.
-------------------------------------------------------------
WARNING -- The above is only a rough guideline.
-------------------------------------------------------------
Array size = 10000000 (elements), Offset = 0 (elements)
you are not getting at least 20 clock ticks per test.
-------------------------------------------------------------
Each test below will take on the order of 31175 microseconds.
For best results, please be sure you know the
For best results, please be sure you know the
For best results, please be sure you know the
precision of your system timer.
For best results, please be sure you know the
precision of your system timer.
precision of your system timer.
For best results, please be sure you know the
 The *best* time for each kernel (excluding the first iteration)
STREAM version $Revision: 5.10 $
For best results, please be sure you know the
WARNING -- The above is only a rough guideline.
precision of your system timer.
   (= 29814 clock ticks)
WARNING -- The above is only a rough guideline.
Each test below will take on the order of 29712 microseconds.
Increase the size of the arrays if this shows that
For best results, please be sure you know the
WARNING -- The above is only a rough guideline.
For best results, please be sure you know the
WARNING -- The above is only a rough guideline.
Memory per array = 76.3 MiB (= 0.1 GiB).
-------------------------------------------------------------
Your clock granularity/precision appears to be 1 microseconds.
-------------------------------------------------------------
   (= 31175 clock ticks)
precision of your system timer.
precision of your system timer.
precision of your system timer.
-------------------------------------------------------------
precision of your system timer.
-------------------------------------------------------------
-------------------------------------------------------------
precision of your system timer.
 will be used to compute the reported bandwidth.
-------------------------------------------------------------
precision of your system timer.
For best results, please be sure you know the
-------------------------------------------------------------
Increase the size of the arrays if this shows that
For best results, please be sure you know the
   (= 29712 clock ticks)
you are not getting at least 20 clock ticks per test.
precision of your system timer.
For best results, please be sure you know the
precision of your system timer.
For best results, please be sure you know the
Total memory required = 228.9 MiB (= 0.2 GiB).
WARNING -- The above is only a rough guideline.
Each test below will take on the order of 31752 microseconds.
STREAM version $Revision: 5.10 $
Increase the size of the arrays if this shows that
-------------------------------------------------------------
-------------------------------------------------------------
-------------------------------------------------------------
Function    Best Rate MB/s  Avg time     Min time     Max time
-------------------------------------------------------------
Function    Best Rate MB/s  Avg time     Min time     Max time
Function    Best Rate MB/s  Avg time     Min time     Max time
-------------------------------------------------------------
-------------------------------------------------------------
This system uses 8 bytes per array element.
-------------------------------------------------------------
precision of your system timer.
Function    Best Rate MB/s  Avg time     Min time     Max time
you are not getting at least 20 clock ticks per test.
precision of your system timer.
Increase the size of the arrays if this shows that
-------------------------------------------------------------
-------------------------------------------------------------
precision of your system timer.
-------------------------------------------------------------
precision of your system timer.
Each kernel will be executed 10 times.
For best results, please be sure you know the
   (= 31752 clock ticks)
-------------------------------------------------------------
you are not getting at least 20 clock ticks per test.
Function    Best Rate MB/s  Avg time     Min time     Max time
Function    Best Rate MB/s  Avg time     Min time     Max time
Function    Best Rate MB/s  Avg time     Min time     Max time
Copy:            4130.7     0.042874     0.038734     0.045973
Function    Best Rate MB/s  Avg time     Min time     Max time
Copy:            4113.8     0.042954     0.038894     0.046118
Copy:            4100.9     0.042944     0.039016     0.045791
Function    Best Rate MB/s  Avg time     Min time     Max time
Your clock granularity/precision appears to be 1 microseconds.
-------------------------------------------------------------
Function    Best Rate MB/s  Avg time     Min time     Max time
-------------------------------------------------------------
Copy:            4151.9     0.043007     0.038537     0.045893
-------------------------------------------------------------
-------------------------------------------------------------
you are not getting at least 20 clock ticks per test.
WARNING -- The above is only a rough guideline.
Function    Best Rate MB/s  Avg time     Min time     Max time
-------------------------------------------------------------
Function    Best Rate MB/s  Avg time     Min time     Max time
-------------------------------------------------------------
 The *best* time for each kernel (excluding the first iteration)
precision of your system timer.
Increase the size of the arrays if this shows that
This system uses 8 bytes per array element.
-------------------------------------------------------------
Copy:            4094.2     0.043067     0.039080     0.046122
Copy:            4039.3     0.043387     0.039611     0.046606
Copy:            4075.4     0.043152     0.039260     0.046333
Scale:           4021.8     0.043621     0.039783     0.046715
Copy:            4048.9     0.043364     0.039517     0.046533
Scale:           4043.6     0.043476     0.039569     0.046310
Scale:           4043.3     0.043375     0.039572     0.046482
Copy:            4120.8     0.043026     0.038827     0.046032
Each test below will take on the order of 29185 microseconds.
Array size = 10000000 (elements), Offset = 0 (elements)
Copy:            4139.1     0.043279     0.038656     0.046414
Function    Best Rate MB/s  Avg time     Min time     Max time
Scale:           4034.4     0.043710     0.039659     0.047283
WARNING -- The above is only a rough guideline.
Function    Best Rate MB/s  Avg time     Min time     Max time
-------------------------------------------------------------
For best results, please be sure you know the
Copy:            4123.5     0.042787     0.038802     0.045658
Function    Best Rate MB/s  Avg time     Min time     Max time
Copy:            4079.0     0.043369     0.039225     0.046088
Function    Best Rate MB/s  Avg time     Min time     Max time
 will be used to compute the reported bandwidth.
-------------------------------------------------------------
-------------------------------------------------------------
you are not getting at least 20 clock ticks per test.
-------------------------------------------------------------
WARNING -- The above is only a rough guideline.
Scale:           4021.3     0.043649     0.039788     0.046608
Scale:           4149.2     0.042933     0.038562     0.046011
Scale:           4086.6     0.043155     0.039152     0.046312
Add:             4867.0     0.059196     0.049312     0.064423
Scale:           4118.5     0.043076     0.038849     0.046258
Add:             4745.8     0.059301     0.050571     0.064300
Add:             4740.9     0.058751     0.050623     0.063844
Scale:           4051.8     0.043346     0.039489     0.046407
   (= 29185 clock ticks)
Memory per array = 76.3 MiB (= 0.1 GiB).
Scale:           4041.9     0.043464     0.039586     0.047088
Copy:            4033.7     0.043773     0.039666     0.046689
Add:             4771.2     0.060518     0.050302     0.065541
-------------------------------------------------------------
For best results, please be sure you know the
Copy:            4078.9     0.042945     0.039226     0.046070
WARNING -- The above is only a rough guideline.
precision of your system timer.
Scale:           4034.2     0.043610     0.039661     0.046554
Copy:            4075.5     0.043046     0.039259     0.045960
Scale:           4019.3     0.043663     0.039808     0.047093
Copy:            4084.7     0.043576     0.039171     0.046564
-------------------------------------------------------------
STREAM version $Revision: 5.10 $
Function    Best Rate MB/s  Avg time     Min time     Max time
-------------------------------------------------------------
Array size = 10000000 (elements), Offset = 0 (elements)
For best results, please be sure you know the
Add:             4408.4     0.060052     0.054442     0.064034
Add:             5429.4     0.057974     0.044204     0.062547
Add:             4907.7     0.058535     0.048903     0.062937
Triad:           6301.0     0.057730     0.038089     0.064626
Add:             5169.5     0.058179     0.046426     0.062721
Triad:           6473.7     0.057534     0.037073     0.064536
Triad:           6171.6     0.057684     0.038888     0.064162
Add:             4601.9     0.058888     0.052152     0.063183
Increase the size of the arrays if this shows that
Total memory required = 228.9 MiB (= 0.2 GiB).
Add:             4814.7     0.059809     0.049848     0.064807
Scale:           4140.9     0.043159     0.038639     0.046704
Triad:           6647.6     0.057503     0.036103     0.064744
STREAM version $Revision: 5.10 $
precision of your system timer.
Scale:           4015.8     0.043654     0.039843     0.046544
For best results, please be sure you know the
-------------------------------------------------------------
Add:             5053.8     0.059132     0.047489     0.063970
Scale:           4099.2     0.043369     0.039032     0.046144
Add:             4849.2     0.060172     0.049493     0.065060
Scale:           4052.9     0.043409     0.039478     0.046831
Your clock granularity/precision appears to be 1 microseconds.
-------------------------------------------------------------
Copy:            4098.5     0.043627     0.039039     0.046526
WARNING -- The above is only a rough guideline.
Memory per array = 76.3 MiB (= 0.1 GiB).
precision of your system timer.
Triad:           6568.3     0.057640     0.036539     0.064588
Triad:           6481.9     0.058191     0.037026     0.064155
Triad:           6269.6     0.057956     0.038280     0.064167
-------------------------------------------------------------
Triad:           6557.7     0.057980     0.036598     0.064232
-------------------------------------------------------------
-------------------------------------------------------------
Triad:           6105.1     0.057883     0.039311     0.064098
you are not getting at least 20 clock ticks per test.
Each kernel will be executed 10 times.
Triad:           6448.0     0.057540     0.037221     0.064613
Add:             5401.6     0.058654     0.044431     0.064378
-------------------------------------------------------------
-------------------------------------------------------------
-------------------------------------------------------------
Add:             4372.6     0.060867     0.054887     0.064862
precision of your system timer.
-------------------------------------------------------------
Function    Best Rate MB/s  Avg time     Min time     Max time
Triad:           6429.7     0.057802     0.037327     0.064367
Add:             5061.8     0.058688     0.047414     0.062970
-------------------------------------------------------------
Triad:           6529.9     0.057756     0.036754     0.064424
Add:             4963.9     0.059509     0.048349     0.064307
Each test below will take on the order of 30325 microseconds.
This system uses 8 bytes per array element.
Scale:           4042.3     0.043682     0.039581     0.047397
For best results, please be sure you know the
Total memory required = 228.9 MiB (= 0.2 GiB).
-------------------------------------------------------------
-------------------------------------------------------------
-------------------------------------------------------------
-------------------------------------------------------------
Solution Validates: avg error less than 1.000000e-13 on all three arrays
-------------------------------------------------------------
Solution Validates: avg error less than 1.000000e-13 on all three arrays
Solution Validates: avg error less than 1.000000e-13 on all three arrays
-------------------------------------------------------------
-------------------------------------------------------------
 The *best* time for each kernel (excluding the first iteration)
-------------------------------------------------------------
Triad:           6769.7     0.058152     0.035452     0.065354
Solution Validates: avg error less than 1.000000e-13 on all three arrays
This system uses 8 bytes per array element.
Function    Best Rate MB/s  Avg time     Min time     Max time
Triad:           6602.5     0.057646     0.036350     0.064619
-------------------------------------------------------------
STREAM version $Revision: 5.10 $
Copy:            4043.4     0.043334     0.039571     0.046379
-------------------------------------------------------------
Triad:           6248.0     0.058050     0.038412     0.064111
STREAM version $Revision: 5.10 $
-------------------------------------------------------------
Triad:           6669.8     0.057802     0.035983     0.064914
   (= 30325 clock ticks)
-------------------------------------------------------------
Add:             4994.3     0.059471     0.048055     0.064435
precision of your system timer.
Each kernel will be executed 10 times.
Function    Best Rate MB/s  Avg time     Min time     Max time
Solution Validates: avg error less than 1.000000e-13 on all three arrays
Solution Validates: avg error less than 1.000000e-13 on all three arrays
Solution Validates: avg error less than 1.000000e-13 on all three arrays
-------------------------------------------------------------
Solution Validates: avg error less than 1.000000e-13 on all three arrays
-------------------------------------------------------------
-------------------------------------------------------------
Solution Validates: avg error less than 1.000000e-13 on all three arrays
WARNING -- The above is only a rough guideline.
 will be used to compute the reported bandwidth.
Solution Validates: avg error less than 1.000000e-13 on all three arrays
-------------------------------------------------------------
-------------------------------------------------------------
-------------------------------------------------------------
-------------------------------------------------------------
Copy:            4021.6     0.043497     0.039785     0.046383
-------------------------------------------------------------
Function    Best Rate MB/s  Avg time     Min time     Max time
-------------------------------------------------------------
Scale:           4165.8     0.043002     0.038408     0.045881
Solution Validates: avg error less than 1.000000e-13 on all three arrays
-------------------------------------------------------------
-------------------------------------------------------------
Solution Validates: avg error less than 1.000000e-13 on all three arrays
-------------------------------------------------------------
Increase the size of the arrays if this shows that
Array size = 10000000 (elements), Offset = 0 (elements)
Triad:           6377.6     0.057762     0.037632     0.064520
-------------------------------------------------------------
 The *best* time for each kernel (excluding the first iteration)
Copy:            4088.4     0.043653     0.039135     0.046719
-------------------------------------------------------------
-------------------------------------------------------------
-------------------------------------------------------------
-------------------------------------------------------------
-------------------------------------------------------------
For best results, please be sure you know the
-------------------------------------------------------------
-------------------------------------------------------------
STREAM version $Revision: 5.10 $
Solution Validates: avg error less than 1.000000e-13 on all three arrays
Array size = 10000000 (elements), Offset = 0 (elements)
Scale:           4196.6     0.042639     0.038126     0.045641
Solution Validates: avg error less than 1.000000e-13 on all three arrays
Copy:            4029.7     0.043386     0.039705     0.046311
This system uses 8 bytes per array element.
Add:             5131.2     0.058412     0.046773     0.062577
-------------------------------------------------------------
Solution Validates: avg error less than 1.000000e-13 on all three arrays
This system uses 8 bytes per array element.
-------------------------------------------------------------
Solution Validates: avg error less than 1.000000e-13 on all three arrays
you are not getting at least 20 clock ticks per test.
Memory per array = 76.3 MiB (= 0.1 GiB).
-------------------------------------------------------------
Function    Best Rate MB/s  Avg time     Min time     Max time
 will be used to compute the reported bandwidth.
Scale:           4038.2     0.043783     0.039622     0.047537
precision of your system timer.
Your clock granularity/precision appears to be 1 microseconds.
-------------------------------------------------------------
-------------------------------------------------------------
Memory per array = 76.3 MiB (= 0.1 GiB).
Add:             6020.9     0.057797     0.039861     0.063002
-------------------------------------------------------------
Scale:           4148.4     0.042864     0.038569     0.045803
-------------------------------------------------------------
Triad:           6779.3     0.058049     0.035402     0.064301
-------------------------------------------------------------
-------------------------------------------------------------
-------------------------------------------------------------
-------------------------------------------------------------
Total memory required = 228.9 MiB (= 0.2 GiB).
Solution Validates: avg error less than 1.000000e-13 on all three arrays
Copy:            4034.1     0.044055     0.039662     0.047037
-------------------------------------------------------------
Add:             5005.5     0.059586     0.047947     0.064839
-------------------------------------------------------------
Each test below will take on the order of 29229 microseconds.
This system uses 8 bytes per array element.
Total memory required = 228.9 MiB (= 0.2 GiB).
Triad:           6748.4     0.058570     0.035564     0.065074
Add:             5664.6     0.057927     0.042368     0.062663
Array size = 10000000 (elements), Offset = 0 (elements)
-------------------------------------------------------------
Array size = 10000000 (elements), Offset = 0 (elements)
WARNING -- The above is only a rough guideline.
Each kernel will be executed 10 times.
-------------------------------------------------------------
Scale:           4108.9     0.043761     0.038940     0.047635
Your clock granularity/precision appears to be 1 microseconds.
Triad:           6308.5     0.057877     0.038044     0.064582
Function    Best Rate MB/s  Avg time     Min time     Max time
   (= 29229 clock ticks)
-------------------------------------------------------------
Each kernel will be executed 10 times.
-------------------------------------------------------------
Triad:           6331.5     0.058536     0.037906     0.064688
Memory per array = 76.3 MiB (= 0.1 GiB).
Solution Validates: avg error less than 1.000000e-13 on all three arrays
Memory per array = 76.3 MiB (= 0.1 GiB).
For best results, please be sure you know the
 The *best* time for each kernel (excluding the first iteration)
Add:             5494.5     0.059046     0.043680     0.064529
Each test below will take on the order of 31372 microseconds.
-------------------------------------------------------------
Copy:            4091.1     0.043369     0.039109     0.046070
Increase the size of the arrays if this shows that
Array size = 10000000 (elements), Offset = 0 (elements)
 The *best* time for each kernel (excluding the first iteration)
Solution Validates: avg error less than 1.000000e-13 on all three arrays
-------------------------------------------------------------
Total memory required = 228.9 MiB (= 0.2 GiB).
-------------------------------------------------------------
Total memory required = 228.9 MiB (= 0.2 GiB).
precision of your system timer.
 will be used to compute the reported bandwidth.
Triad:           6665.2     0.058237     0.036008     0.065324
   (= 31372 clock ticks)
Solution Validates: avg error less than 1.000000e-13 on all three arrays
Scale:           4051.0     0.043898     0.039496     0.047524
you are not getting at least 20 clock ticks per test.
Memory per array = 76.3 MiB (= 0.1 GiB).
 will be used to compute the reported bandwidth.
-------------------------------------------------------------
Solution Validates: avg error less than 1.000000e-13 on all three arrays
Each kernel will be executed 10 times.
Each kernel will be executed 10 times.
-------------------------------------------------------------
-------------------------------------------------------------
-------------------------------------------------------------
Increase the size of the arrays if this shows that
-------------------------------------------------------------
Add:             5307.4     0.060075     0.045220     0.065735
-------------------------------------------------------------
Total memory required = 228.9 MiB (= 0.2 GiB).
-------------------------------------------------------------
-------------------------------------------------------------
 The *best* time for each kernel (excluding the first iteration)
 The *best* time for each kernel (excluding the first iteration)
Function    Best Rate MB/s  Avg time     Min time     Max time
Your clock granularity/precision appears to be 1 microseconds.
Solution Validates: avg error less than 1.000000e-13 on all three arrays
you are not getting at least 20 clock ticks per test.
Triad:           6792.7     0.057913     0.035332     0.064927
WARNING -- The above is only a rough guideline.
Each kernel will be executed 10 times.
Your clock granularity/precision appears to be 1 microseconds.
 will be used to compute the reported bandwidth.
 will be used to compute the reported bandwidth.
Copy:            4037.1     0.043893     0.039632     0.046578
Each test below will take on the order of 31144 microseconds.
-------------------------------------------------------------
-------------------------------------------------------------
-------------------------------------------------------------
For best results, please be sure you know the
 The *best* time for each kernel (excluding the first iteration)
Each test below will take on the order of 30349 microseconds.
-------------------------------------------------------------
-------------------------------------------------------------
Scale:           4045.9     0.043379     0.039546     0.046700
   (= 31144 clock ticks)
WARNING -- The above is only a rough guideline.
Solution Validates: avg error less than 1.000000e-13 on all three arrays
precision of your system timer.
 will be used to compute the reported bandwidth.
   (= 30349 clock ticks)
Your clock granularity/precision appears to be 1 microseconds.
Your clock granularity/precision appears to be 1 microseconds.
Add:             5050.9     0.059421     0.047516     0.064298
Increase the size of the arrays if this shows that
For best results, please be sure you know the
-------------------------------------------------------------
-------------------------------------------------------------
-------------------------------------------------------------
Increase the size of the arrays if this shows that
Each test below will take on the order of 29644 microseconds.
Each test below will take on the order of 32619 microseconds.
Triad:           6317.4     0.058291     0.037990     0.065226
you are not getting at least 20 clock ticks per test.
precision of your system timer.
Function    Best Rate MB/s  Avg time     Min time     Max time
Your clock granularity/precision appears to be 1 microseconds.
you are not getting at least 20 clock ticks per test.
   (= 29644 clock ticks)
   (= 32619 clock ticks)
-------------------------------------------------------------
-------------------------------------------------------------
-------------------------------------------------------------
Copy:            4055.4     0.043628     0.039454     0.046429
Each test below will take on the order of 30181 microseconds.
-------------------------------------------------------------
Increase the size of the arrays if this shows that
Increase the size of the arrays if this shows that
Solution Validates: avg error less than 1.000000e-13 on all three arrays
WARNING -- The above is only a rough guideline.
Function    Best Rate MB/s  Avg time     Min time     Max time
Scale:           4076.4     0.043052     0.039250     0.046381
   (= 30181 clock ticks)
WARNING -- The above is only a rough guideline.
you are not getting at least 20 clock ticks per test.
you are not getting at least 20 clock ticks per test.
-------------------------------------------------------------
For best results, please be sure you know the
Copy:            4042.2     0.043898     0.039582     0.046782
Add:             4457.6     0.060286     0.053841     0.064141
Increase the size of the arrays if this shows that
For best results, please be sure you know the
-------------------------------------------------------------
-------------------------------------------------------------
precision of your system timer.
Scale:           4039.4     0.043777     0.039610     0.047579
Triad:           6603.0     0.057980     0.036347     0.065312
you are not getting at least 20 clock ticks per test.
precision of your system timer.
WARNING -- The above is only a rough guideline.
WARNING -- The above is only a rough guideline.
-------------------------------------------------------------
Add:             4484.9     0.060664     0.053513     0.064608
-------------------------------------------------------------
-------------------------------------------------------------
-------------------------------------------------------------
For best results, please be sure you know the
For best results, please be sure you know the
Function    Best Rate MB/s  Avg time     Min time     Max time
Triad:           6789.5     0.057777     0.035349     0.064709
Solution Validates: avg error less than 1.000000e-13 on all three arrays
WARNING -- The above is only a rough guideline.
Function    Best Rate MB/s  Avg time     Min time     Max time
precision of your system timer.
precision of your system timer.
Copy:            4001.6     0.044224     0.039984     0.046923
-------------------------------------------------------------
-------------------------------------------------------------
For best results, please be sure you know the
Copy:            3998.0     0.044037     0.040020     0.047156
-------------------------------------------------------------
-------------------------------------------------------------
Scale:           4067.4     0.043637     0.039337     0.047038
Solution Validates: avg error less than 1.000000e-13 on all three arrays
precision of your system timer.
Scale:           4222.3     0.043193     0.037894     0.046796
Function    Best Rate MB/s  Avg time     Min time     Max time
Function    Best Rate MB/s  Avg time     Min time     Max time
Add:             4993.3     0.059829     0.048064     0.065298
-------------------------------------------------------------
-------------------------------------------------------------
Add:             6618.1     0.058139     0.036264     0.064873
Copy:            4058.7     0.043081     0.039421     0.045875
Copy:            4021.0     0.043758     0.039791     0.047332
Triad:           6319.1     0.058751     0.037980     0.065243
Function    Best Rate MB/s  Avg time     Min time     Max time
Triad:           6870.7     0.058988     0.034931     0.065844
Scale:           4087.3     0.043377     0.039146     0.046221
Scale:           4140.3     0.043150     0.038645     0.046957
-------------------------------------------------------------
Copy:            4029.0     0.043691     0.039712     0.046433
-------------------------------------------------------------
Add:             5101.1     0.058712     0.047049     0.063500
Add:             5504.0     0.058629     0.043605     0.063587
Solution Validates: avg error less than 1.000000e-13 on all three arrays
Scale:           4107.1     0.043610     0.038957     0.047362
Solution Validates: avg error less than 1.000000e-13 on all three arrays
Triad:           5752.8     0.058591     0.041719     0.064353
Triad:           6552.7     0.058975     0.036626     0.065912
-------------------------------------------------------------
Add:             4520.3     0.060280     0.053094     0.064846
-------------------------------------------------------------
-------------------------------------------------------------
-------------------------------------------------------------
Triad:           6851.9     0.058192     0.035027     0.065302
Solution Validates: avg error less than 1.000000e-13 on all three arrays
Solution Validates: avg error less than 1.000000e-13 on all three arrays
-------------------------------------------------------------
-------------------------------------------------------------
-------------------------------------------------------------
Solution Validates: avg error less than 1.000000e-13 on all three arrays
-------------------------------------------------------------
-------------------------------------------------------------
STREAM version $Revision: 5.10 $
-------------------------------------------------------------
This system uses 8 bytes per array element.
-------------------------------------------------------------
Array size = 10000000 (elements), Offset = 0 (elements)
Memory per array = 76.3 MiB (= 0.1 GiB).
Total memory required = 228.9 MiB (= 0.2 GiB).
Each kernel will be executed 10 times.
 The *best* time for each kernel (excluding the first iteration)
 will be used to compute the reported bandwidth.
-------------------------------------------------------------
Your clock granularity/precision appears to be 1 microseconds.
Each test below will take on the order of 30236 microseconds.
   (= 30236 clock ticks)
Increase the size of the arrays if this shows that
you are not getting at least 20 clock ticks per test.
-------------------------------------------------------------
WARNING -- The above is only a rough guideline.
For best results, please be sure you know the
precision of your system timer.
-------------------------------------------------------------
Function    Best Rate MB/s  Avg time     Min time     Max time
Copy:            4031.1     0.043758     0.039691     0.046555
Scale:           4149.1     0.043435     0.038563     0.047025
Add:             4449.5     0.060036     0.053939     0.064463
Triad:           6846.2     0.058428     0.035056     0.065626
-------------------------------------------------------------
Solution Validates: avg error less than 1.000000e-13 on all three arrays
-------------------------------------------------------------
START OF JOBSPEC
{"resources": [{"type": "node", "count": 1, "exclusive": true, "with": [{"type": "slot", "count": 56, "with": [{"type": "core", "count": 1}], "label": "task"}]}], "tasks": [{"command": ["singularity", "exec", "/opt/containers/metric-stream_rocky-8.sif", "stream_c.exe"], "slot": "task", "count": {"per_slot": 1}}], "attributes": {"system": {"duration": 0, "cwd": "/home/sochat1_llnl_gov", "shell": {"options": {"rlimit": {"cpu": -1, "fsize": -1, "data": -1, "stack": 8388608, "core": 0, "nofile": 262144, "as": -1, "rss": -1, "nproc": 1803560}, "cpu-affinity": "per-task"}}, "constraints": {"hostlist": ["flux-029"]}}, "user": {"study_id": "stream-1-iter-1-node-29"}}, "version": 1}
START OF EVENTLOG
{"timestamp":1724809813.5236437,"name":"init"}
{"timestamp":1724809813.5243983,"name":"starting"}
{"timestamp":1724809813.5426347,"name":"shell.init","context":{"service":"1356918789-shell-f23k6CJWb","leader-rank":28,"size":1}}
{"timestamp":1724809813.670404,"name":"shell.start","context":{"taskmap":{"version":1,"map":[[0,1,56,1]]}}}
{"timestamp":1724809815.8452795,"name":"shell.task-exit","context":{"localid":26,"rank":26,"state":"Exited","pid":3664,"wait_status":0,"signaled":0,"exitcode":0}}
{"timestamp":1724809816.747623,"name":"complete","context":{"status":0}}
{"timestamp":1724809816.7476399,"name":"done"}

